[ 2016-05-23T10:45:20+08:00 ] 182.114.109.5 /css/css?family=Roboto:500,400
INFO: [ app_init ] --START--
INFO: Run Behavior\BuildLiteBehavior [ RunTime:0.000011s ]
INFO: [ app_init ] --END-- [ RunTime:0.000083s ]
ERR: 无法加载模块:Css

[ 2016-05-23T10:45:32+08:00 ] 182.114.109.5 /css/css?family=Roboto:500,400
INFO: [ app_init ] --START--
INFO: Run Behavior\BuildLiteBehavior [ RunTime:0.000010s ]
INFO: [ app_init ] --END-- [ RunTime:0.000091s ]
ERR: 无法加载模块:Css

[ 2016-05-23T10:54:40+08:00 ] 182.114.109.5 /css/css?family=Roboto:500,400
INFO: [ app_init ] --START--
INFO: Run Behavior\BuildLiteBehavior [ RunTime:0.000010s ]
INFO: [ app_init ] --END-- [ RunTime:0.000084s ]
ERR: 无法加载模块:Css

[ 2016-05-23T13:03:09+08:00 ] 123.55.163.78 /css/css?family=Roboto:500,400
INFO: [ app_init ] --START--
INFO: Run Behavior\BuildLiteBehavior [ RunTime:0.000010s ]
INFO: [ app_init ] --END-- [ RunTime:0.000084s ]
ERR: 无法加载模块:Css

[ 2016-05-23T13:07:40+08:00 ] 123.55.163.78 /css/css?family=Roboto:500,400
INFO: [ app_init ] --START--
INFO: Run Behavior\BuildLiteBehavior [ RunTime:0.000011s ]
INFO: [ app_init ] --END-- [ RunTime:0.000085s ]
ERR: 无法加载模块:Css

[ 2016-05-23T14:10:42+08:00 ] 123.55.163.78 /css/css?family=Roboto:500,400
INFO: [ app_init ] --START--
INFO: Run Behavior\BuildLiteBehavior [ RunTime:0.000010s ]
INFO: [ app_init ] --END-- [ RunTime:0.000086s ]
ERR: 无法加载模块:Css

[ 2016-05-23T14:10:51+08:00 ] 123.55.163.78 /css/css?family=Roboto:500,400
INFO: [ app_init ] --START--
INFO: Run Behavior\BuildLiteBehavior [ RunTime:0.000011s ]
INFO: [ app_init ] --END-- [ RunTime:0.000085s ]
ERR: 无法加载模块:Css

[ 2016-05-23T14:11:53+08:00 ] 123.55.163.78 /css/css?family=Roboto:500,400
INFO: [ app_init ] --START--
INFO: Run Behavior\BuildLiteBehavior [ RunTime:0.000010s ]
INFO: [ app_init ] --END-- [ RunTime:0.000083s ]
ERR: 无法加载模块:Css

[ 2016-05-23T14:12:39+08:00 ] 120.9.10.68 /css/css?family=Roboto:500,400
INFO: [ app_init ] --START--
INFO: Run Behavior\BuildLiteBehavior [ RunTime:0.000011s ]
INFO: [ app_init ] --END-- [ RunTime:0.000085s ]
ERR: 无法加载模块:Css

[ 2016-05-23T16:06:57+08:00 ] 123.55.163.78 /css/css?family=Roboto:500,400
INFO: [ app_init ] --START--
INFO: Run Behavior\BuildLiteBehavior [ RunTime:0.000010s ]
INFO: [ app_init ] --END-- [ RunTime:0.000083s ]
ERR: 无法加载模块:Css

[ 2016-05-23T18:28:55+08:00 ] 117.136.36.112 /css/css?family=Roboto:500,400
INFO: [ app_init ] --START--
INFO: Run Behavior\BuildLiteBehavior [ RunTime:0.000011s ]
INFO: [ app_init ] --END-- [ RunTime:0.000084s ]
ERR: 无法加载模块:Css

[ 2016-05-23T20:47:36+08:00 ] 115.59.247.92 /css/css?family=Roboto:500,400
INFO: [ app_init ] --START--
INFO: Run Behavior\BuildLiteBehavior [ RunTime:0.000010s ]
INFO: [ app_init ] --END-- [ RunTime:0.000084s ]
ERR: 无法加载模块:Css

[ 2016-05-23T23:57:09+08:00 ] 115.48.176.14 /css/css?family=Roboto:500,400
INFO: [ app_init ] --START--
INFO: Run Behavior\BuildLiteBehavior [ RunTime:0.000013s ]
INFO: [ app_init ] --END-- [ RunTime:0.000102s ]
ERR: 无法加载模块:Css

[ 2016-05-23T23:57:18+08:00 ] 114.111.166.63 /css/css?family=Roboto:500,400
INFO: [ app_init ] --START--
INFO: Run Behavior\BuildLiteBehavior [ RunTime:0.000011s ]
INFO: [ app_init ] --END-- [ RunTime:0.000094s ]
ERR: 无法加载模块:Css

