[ 2016-05-13T23:39:54+08:00 ] 111.206.241.75 /cron/job.php?sys=3
INFO: [ app_init ] --START--
INFO: Run Behavior\BuildLiteBehavior [ RunTime:0.000000s ]
INFO: [ app_init ] --END-- [ RunTime:0.000000s ]
ERR: 无法加载模块:Cron

[ 2016-05-13T23:39:56+08:00 ] 125.88.222.250 /cron/job.php?sys=2
INFO: [ app_init ] --START--
INFO: Run Behavior\BuildLiteBehavior [ RunTime:0.000000s ]
INFO: [ app_init ] --END-- [ RunTime:0.000000s ]
ERR: 无法加载模块:Cron

[ 2016-05-13T23:39:58+08:00 ] 120.26.64.126 /new/new.cron.php?cron=1018880803&n=1
INFO: [ app_init ] --START--
INFO: Run Behavior\BuildLiteBehavior [ RunTime:0.000000s ]
INFO: [ app_init ] --END-- [ RunTime:0.000000s ]
ERR: 无法加载模块:New

[ 2016-05-13T23:39:58+08:00 ] 115.28.189.208 /new/new.cron.php?cron=1018880803&n=4
INFO: [ app_init ] --START--
INFO: Run Behavior\BuildLiteBehavior [ RunTime:0.000000s ]
INFO: [ app_init ] --END-- [ RunTime:0.000000s ]
ERR: 无法加载模块:New

[ 2016-05-13T23:40:00+08:00 ] 120.27.40.113 /new/new.cron.php?cron=1018880803&n=3
INFO: [ app_init ] --START--
INFO: Run Behavior\BuildLiteBehavior [ RunTime:0.000000s ]
INFO: [ app_init ] --END-- [ RunTime:0.000000s ]
ERR: 无法加载模块:New

[ 2016-05-13T23:40:03+08:00 ] 123.56.138.37 /new/new.cron.php?cron=1018880803&n=1
INFO: [ app_init ] --START--
INFO: Run Behavior\BuildLiteBehavior [ RunTime:0.000000s ]
INFO: [ app_init ] --END-- [ RunTime:0.000000s ]
ERR: 无法加载模块:New

[ 2016-05-13T23:40:08+08:00 ] 112.126.73.56 /new/new.cron.php?cron=1018880803&n=4
INFO: [ app_init ] --START--
INFO: Run Behavior\BuildLiteBehavior [ RunTime:0.000000s ]
INFO: [ app_init ] --END-- [ RunTime:0.000000s ]
ERR: 无法加载模块:New

[ 2016-05-13T23:40:24+08:00 ] 111.206.241.75 /cron/job.php?sys=3
INFO: [ app_init ] --START--
INFO: Run Behavior\BuildLiteBehavior [ RunTime:0.000000s ]
INFO: [ app_init ] --END-- [ RunTime:0.000000s ]
ERR: 无法加载模块:Cron

[ 2016-05-13T23:40:26+08:00 ] 121.43.107.174 /new/new.cron.php?cron=1018880803&n=3
INFO: [ app_init ] --START--
INFO: Run Behavior\BuildLiteBehavior [ RunTime:0.000000s ]
INFO: [ app_init ] --END-- [ RunTime:0.000000s ]
ERR: 无法加载模块:New

[ 2016-05-13T23:40:31+08:00 ] 125.88.222.250 /cron/job.php?sys=2
INFO: [ app_init ] --START--
INFO: Run Behavior\BuildLiteBehavior [ RunTime:0.000000s ]
INFO: [ app_init ] --END-- [ RunTime:0.000000s ]
ERR: 无法加载模块:Cron

[ 2016-05-13T23:40:31+08:00 ] 112.124.127.64 /new/new.cron.php?cron=1018880803&n=2
INFO: [ app_init ] --START--
INFO: Run Behavior\BuildLiteBehavior [ RunTime:0.000000s ]
INFO: [ app_init ] --END-- [ RunTime:0.000000s ]
ERR: 无法加载模块:New

[ 2016-05-13T23:40:32+08:00 ] 121.43.105.176 /new/new.cron.php?cron=1018880803&n=4
INFO: [ app_init ] --START--
INFO: Run Behavior\BuildLiteBehavior [ RunTime:0.000000s ]
INFO: [ app_init ] --END-- [ RunTime:0.000000s ]
ERR: 无法加载模块:New

[ 2016-05-13T23:40:35+08:00 ] 182.92.1.233 /new/new.cron.php?cron=1018880803&n=3
INFO: [ app_init ] --START--
INFO: Run Behavior\BuildLiteBehavior [ RunTime:0.000000s ]
INFO: [ app_init ] --END-- [ RunTime:0.000000s ]
ERR: 无法加载模块:New

[ 2016-05-13T23:40:44+08:00 ] 115.29.112.222 /new/new.cron.php?cron=1018880803&n=2
INFO: [ app_init ] --START--
INFO: Run Behavior\BuildLiteBehavior [ RunTime:0.000000s ]
INFO: [ app_init ] --END-- [ RunTime:0.000000s ]
ERR: 无法加载模块:New

[ 2016-05-13T23:40:50+08:00 ] 115.28.26.13 /new/new.cron.php?cron=1018880803&n=1
INFO: [ app_init ] --START--
INFO: Run Behavior\BuildLiteBehavior [ RunTime:0.000000s ]
INFO: [ app_init ] --END-- [ RunTime:0.000000s ]
ERR: 无法加载模块:New

[ 2016-05-13T23:40:50+08:00 ] 112.126.74.55 /new/new.cron.php?cron=1018880803&n=2
INFO: [ app_init ] --START--
INFO: Run Behavior\BuildLiteBehavior [ RunTime:0.000000s ]
INFO: [ app_init ] --END-- [ RunTime:0.000000s ]
ERR: 无法加载模块:New

[ 2016-05-13T23:40:58+08:00 ] 120.26.64.126 /new/new.cron.php?cron=1018880803&n=1
INFO: [ app_init ] --START--
INFO: Run Behavior\BuildLiteBehavior [ RunTime:0.000000s ]
INFO: [ app_init ] --END-- [ RunTime:0.000000s ]
ERR: 无法加载模块:New

[ 2016-05-13T23:40:58+08:00 ] 115.28.189.208 /new/new.cron.php?cron=1018880803&n=4
INFO: [ app_init ] --START--
INFO: Run Behavior\BuildLiteBehavior [ RunTime:0.000000s ]
INFO: [ app_init ] --END-- [ RunTime:0.000000s ]
ERR: 无法加载模块:New

[ 2016-05-13T23:41:00+08:00 ] 120.27.40.113 /new/new.cron.php?cron=1018880803&n=3
INFO: [ app_init ] --START--
INFO: Run Behavior\BuildLiteBehavior [ RunTime:0.000000s ]
INFO: [ app_init ] --END-- [ RunTime:0.000000s ]
ERR: 无法加载模块:New

[ 2016-05-13T23:41:03+08:00 ] 123.56.138.37 /new/new.cron.php?cron=1018880803&n=1
INFO: [ app_init ] --START--
INFO: Run Behavior\BuildLiteBehavior [ RunTime:0.000000s ]
INFO: [ app_init ] --END-- [ RunTime:0.000000s ]
ERR: 无法加载模块:New

[ 2016-05-13T23:41:08+08:00 ] 112.126.73.56 /new/new.cron.php?cron=1018880803&n=4
INFO: [ app_init ] --START--
INFO: Run Behavior\BuildLiteBehavior [ RunTime:0.000000s ]
INFO: [ app_init ] --END-- [ RunTime:0.000000s ]
ERR: 无法加载模块:New

[ 2016-05-13T23:41:12+08:00 ] 125.88.223.58 /cron/job.php?sys=4
INFO: [ app_init ] --START--
INFO: Run Behavior\BuildLiteBehavior [ RunTime:0.000000s ]
INFO: [ app_init ] --END-- [ RunTime:0.015620s ]
ERR: 无法加载模块:Cron

[ 2016-05-13T23:41:26+08:00 ] 121.43.107.174 /new/new.cron.php?cron=1018880803&n=3
INFO: [ app_init ] --START--
INFO: Run Behavior\BuildLiteBehavior [ RunTime:0.000000s ]
INFO: [ app_init ] --END-- [ RunTime:0.000000s ]
ERR: 无法加载模块:New

[ 2016-05-13T23:41:31+08:00 ] 112.124.127.64 /new/new.cron.php?cron=1018880803&n=2
INFO: [ app_init ] --START--
INFO: Run Behavior\BuildLiteBehavior [ RunTime:0.000000s ]
INFO: [ app_init ] --END-- [ RunTime:0.000000s ]
ERR: 无法加载模块:New

[ 2016-05-13T23:41:32+08:00 ] 121.43.105.176 /new/new.cron.php?cron=1018880803&n=4
INFO: [ app_init ] --START--
INFO: Run Behavior\BuildLiteBehavior [ RunTime:0.000000s ]
INFO: [ app_init ] --END-- [ RunTime:0.000000s ]
ERR: 无法加载模块:New

[ 2016-05-13T23:41:35+08:00 ] 182.92.1.233 /new/new.cron.php?cron=1018880803&n=3
INFO: [ app_init ] --START--
INFO: Run Behavior\BuildLiteBehavior [ RunTime:0.000000s ]
INFO: [ app_init ] --END-- [ RunTime:0.000000s ]
ERR: 无法加载模块:New

[ 2016-05-13T23:41:42+08:00 ] 125.88.223.58 /cron/job.php?sys=4
INFO: [ app_init ] --START--
INFO: Run Behavior\BuildLiteBehavior [ RunTime:0.000000s ]
INFO: [ app_init ] --END-- [ RunTime:0.000000s ]
ERR: 无法加载模块:Cron

[ 2016-05-13T23:41:44+08:00 ] 115.29.112.222 /new/new.cron.php?cron=1018880803&n=2
INFO: [ app_init ] --START--
INFO: Run Behavior\BuildLiteBehavior [ RunTime:0.000000s ]
INFO: [ app_init ] --END-- [ RunTime:0.000000s ]
ERR: 无法加载模块:New

[ 2016-05-13T23:41:50+08:00 ] 115.28.26.13 /new/new.cron.php?cron=1018880803&n=1
INFO: [ app_init ] --START--
INFO: Run Behavior\BuildLiteBehavior [ RunTime:0.000000s ]
INFO: [ app_init ] --END-- [ RunTime:0.000000s ]
ERR: 无法加载模块:New

[ 2016-05-13T23:41:50+08:00 ] 112.126.74.55 /new/new.cron.php?cron=1018880803&n=2
INFO: [ app_init ] --START--
INFO: Run Behavior\BuildLiteBehavior [ RunTime:0.000000s ]
INFO: [ app_init ] --END-- [ RunTime:0.000000s ]
ERR: 无法加载模块:New

[ 2016-05-13T23:41:58+08:00 ] 120.26.64.126 /new/new.cron.php?cron=1018880803&n=1
INFO: [ app_init ] --START--
INFO: Run Behavior\BuildLiteBehavior [ RunTime:0.000000s ]
INFO: [ app_init ] --END-- [ RunTime:0.000000s ]
ERR: 无法加载模块:New

[ 2016-05-13T23:41:58+08:00 ] 115.28.189.208 /new/new.cron.php?cron=1018880803&n=4
INFO: [ app_init ] --START--
INFO: Run Behavior\BuildLiteBehavior [ RunTime:0.000000s ]
INFO: [ app_init ] --END-- [ RunTime:0.000000s ]
ERR: 无法加载模块:New

[ 2016-05-13T23:42:00+08:00 ] 120.27.40.113 /new/new.cron.php?cron=1018880803&n=3
INFO: [ app_init ] --START--
INFO: Run Behavior\BuildLiteBehavior [ RunTime:0.000000s ]
INFO: [ app_init ] --END-- [ RunTime:0.000000s ]
ERR: 无法加载模块:New

[ 2016-05-13T23:42:03+08:00 ] 123.56.138.37 /new/new.cron.php?cron=1018880803&n=1
INFO: [ app_init ] --START--
INFO: Run Behavior\BuildLiteBehavior [ RunTime:0.000000s ]
INFO: [ app_init ] --END-- [ RunTime:0.000000s ]
ERR: 无法加载模块:New

[ 2016-05-13T23:42:08+08:00 ] 112.126.73.56 /new/new.cron.php?cron=1018880803&n=4
INFO: [ app_init ] --START--
INFO: Run Behavior\BuildLiteBehavior [ RunTime:0.000000s ]
INFO: [ app_init ] --END-- [ RunTime:0.000000s ]
ERR: 无法加载模块:New

[ 2016-05-13T23:42:12+08:00 ] 101.226.162.89 /cron/job.php?sys=2
INFO: [ app_init ] --START--
INFO: Run Behavior\BuildLiteBehavior [ RunTime:0.000000s ]
INFO: [ app_init ] --END-- [ RunTime:0.000000s ]
ERR: 无法加载模块:Cron

[ 2016-05-13T23:42:12+08:00 ] 101.226.162.89 /cron/job.php?sys=3
INFO: [ app_init ] --START--
INFO: Run Behavior\BuildLiteBehavior [ RunTime:0.000000s ]
INFO: [ app_init ] --END-- [ RunTime:0.000000s ]
ERR: 无法加载模块:Cron

[ 2016-05-13T23:42:26+08:00 ] 121.43.107.174 /new/new.cron.php?cron=1018880803&n=3
INFO: [ app_init ] --START--
INFO: Run Behavior\BuildLiteBehavior [ RunTime:0.000000s ]
INFO: [ app_init ] --END-- [ RunTime:0.000000s ]
ERR: 无法加载模块:New

[ 2016-05-13T23:42:31+08:00 ] 112.124.127.64 /new/new.cron.php?cron=1018880803&n=2
INFO: [ app_init ] --START--
INFO: Run Behavior\BuildLiteBehavior [ RunTime:0.000000s ]
INFO: [ app_init ] --END-- [ RunTime:0.000000s ]
ERR: 无法加载模块:New

[ 2016-05-13T23:42:32+08:00 ] 121.43.105.176 /new/new.cron.php?cron=1018880803&n=4
INFO: [ app_init ] --START--
INFO: Run Behavior\BuildLiteBehavior [ RunTime:0.000000s ]
INFO: [ app_init ] --END-- [ RunTime:0.000000s ]
ERR: 无法加载模块:New

[ 2016-05-13T23:42:35+08:00 ] 182.92.1.233 /new/new.cron.php?cron=1018880803&n=3
INFO: [ app_init ] --START--
INFO: Run Behavior\BuildLiteBehavior [ RunTime:0.000000s ]
INFO: [ app_init ] --END-- [ RunTime:0.000000s ]
ERR: 无法加载模块:New

[ 2016-05-13T23:42:39+08:00 ] 101.226.162.90 /cron/job.php?sys=7
INFO: [ app_init ] --START--
INFO: Run Behavior\BuildLiteBehavior [ RunTime:0.000000s ]
INFO: [ app_init ] --END-- [ RunTime:0.000000s ]
ERR: 无法加载模块:Cron

[ 2016-05-13T23:42:39+08:00 ] 101.226.162.90 /cron/job.php?sys=8
INFO: [ app_init ] --START--
INFO: Run Behavior\BuildLiteBehavior [ RunTime:0.000000s ]
INFO: [ app_init ] --END-- [ RunTime:0.000000s ]
ERR: 无法加载模块:Cron

[ 2016-05-13T23:42:39+08:00 ] 101.226.162.90 /cron/newsid.php?
INFO: [ app_init ] --START--
INFO: Run Behavior\BuildLiteBehavior [ RunTime:0.000000s ]
INFO: [ app_init ] --END-- [ RunTime:0.000000s ]
ERR: 无法加载模块:Cron

[ 2016-05-13T23:42:42+08:00 ] 101.226.162.89 /cron/job.php?sys=2
INFO: [ app_init ] --START--
INFO: Run Behavior\BuildLiteBehavior [ RunTime:0.000000s ]
INFO: [ app_init ] --END-- [ RunTime:0.000000s ]
ERR: 无法加载模块:Cron

[ 2016-05-13T23:42:42+08:00 ] 101.226.162.89 /cron/job.php?sys=3
INFO: [ app_init ] --START--
INFO: Run Behavior\BuildLiteBehavior [ RunTime:0.000000s ]
INFO: [ app_init ] --END-- [ RunTime:0.000000s ]
ERR: 无法加载模块:Cron

[ 2016-05-13T23:42:44+08:00 ] 115.29.112.222 /new/new.cron.php?cron=1018880803&n=2
INFO: [ app_init ] --START--
INFO: Run Behavior\BuildLiteBehavior [ RunTime:0.000000s ]
INFO: [ app_init ] --END-- [ RunTime:0.000000s ]
ERR: 无法加载模块:New

[ 2016-05-13T23:42:50+08:00 ] 115.28.26.13 /new/new.cron.php?cron=1018880803&n=1
INFO: [ app_init ] --START--
INFO: Run Behavior\BuildLiteBehavior [ RunTime:0.000000s ]
INFO: [ app_init ] --END-- [ RunTime:0.015620s ]
ERR: 无法加载模块:New

[ 2016-05-13T23:42:50+08:00 ] 112.126.74.55 /new/new.cron.php?cron=1018880803&n=2
INFO: [ app_init ] --START--
INFO: Run Behavior\BuildLiteBehavior [ RunTime:0.000000s ]
INFO: [ app_init ] --END-- [ RunTime:0.000000s ]
ERR: 无法加载模块:New

[ 2016-05-13T23:42:58+08:00 ] 120.26.64.126 /new/new.cron.php?cron=1018880803&n=1
INFO: [ app_init ] --START--
INFO: Run Behavior\BuildLiteBehavior [ RunTime:0.000000s ]
INFO: [ app_init ] --END-- [ RunTime:0.000000s ]
ERR: 无法加载模块:New

[ 2016-05-13T23:42:58+08:00 ] 115.28.189.208 /new/new.cron.php?cron=1018880803&n=4
INFO: [ app_init ] --START--
INFO: Run Behavior\BuildLiteBehavior [ RunTime:0.000000s ]
INFO: [ app_init ] --END-- [ RunTime:0.000000s ]
ERR: 无法加载模块:New

[ 2016-05-13T23:43:00+08:00 ] 120.27.40.113 /new/new.cron.php?cron=1018880803&n=3
INFO: [ app_init ] --START--
INFO: Run Behavior\BuildLiteBehavior [ RunTime:0.000000s ]
INFO: [ app_init ] --END-- [ RunTime:0.000000s ]
ERR: 无法加载模块:New

[ 2016-05-13T23:43:03+08:00 ] 123.56.138.37 /new/new.cron.php?cron=1018880803&n=1
INFO: [ app_init ] --START--
INFO: Run Behavior\BuildLiteBehavior [ RunTime:0.000000s ]
INFO: [ app_init ] --END-- [ RunTime:0.000000s ]
ERR: 无法加载模块:New

[ 2016-05-13T23:43:08+08:00 ] 112.126.73.56 /new/new.cron.php?cron=1018880803&n=4
INFO: [ app_init ] --START--
INFO: Run Behavior\BuildLiteBehavior [ RunTime:0.000000s ]
INFO: [ app_init ] --END-- [ RunTime:0.000000s ]
ERR: 无法加载模块:New

[ 2016-05-13T23:43:10+08:00 ] 101.226.162.90 /cron/job.php?sys=8
INFO: [ app_init ] --START--
INFO: Run Behavior\BuildLiteBehavior [ RunTime:0.000000s ]
INFO: [ app_init ] --END-- [ RunTime:0.000000s ]
ERR: 无法加载模块:Cron

[ 2016-05-13T23:43:10+08:00 ] 101.226.162.90 /cron/job.php?sys=7
INFO: [ app_init ] --START--
INFO: Run Behavior\BuildLiteBehavior [ RunTime:0.000000s ]
INFO: [ app_init ] --END-- [ RunTime:0.015619s ]
ERR: 无法加载模块:Cron

[ 2016-05-13T23:43:10+08:00 ] 101.226.162.90 /cron/newsid.php?
INFO: [ app_init ] --START--
INFO: Run Behavior\BuildLiteBehavior [ RunTime:0.000000s ]
INFO: [ app_init ] --END-- [ RunTime:0.000000s ]
ERR: 无法加载模块:Cron

[ 2016-05-13T23:43:26+08:00 ] 121.43.107.174 /new/new.cron.php?cron=1018880803&n=3
INFO: [ app_init ] --START--
INFO: Run Behavior\BuildLiteBehavior [ RunTime:0.000000s ]
INFO: [ app_init ] --END-- [ RunTime:0.000000s ]
ERR: 无法加载模块:New

[ 2016-05-13T23:43:31+08:00 ] 112.124.127.64 /new/new.cron.php?cron=1018880803&n=2
INFO: [ app_init ] --START--
INFO: Run Behavior\BuildLiteBehavior [ RunTime:0.000000s ]
INFO: [ app_init ] --END-- [ RunTime:0.000000s ]
ERR: 无法加载模块:New

[ 2016-05-13T23:43:32+08:00 ] 121.43.105.176 /new/new.cron.php?cron=1018880803&n=4
INFO: [ app_init ] --START--
INFO: Run Behavior\BuildLiteBehavior [ RunTime:0.000000s ]
INFO: [ app_init ] --END-- [ RunTime:0.000000s ]
ERR: 无法加载模块:New

[ 2016-05-13T23:43:35+08:00 ] 182.92.1.233 /new/new.cron.php?cron=1018880803&n=3
INFO: [ app_init ] --START--
INFO: Run Behavior\BuildLiteBehavior [ RunTime:0.000000s ]
INFO: [ app_init ] --END-- [ RunTime:0.000000s ]
ERR: 无法加载模块:New

[ 2016-05-13T23:43:44+08:00 ] 115.29.112.222 /new/new.cron.php?cron=1018880803&n=2
INFO: [ app_init ] --START--
INFO: Run Behavior\BuildLiteBehavior [ RunTime:0.000000s ]
INFO: [ app_init ] --END-- [ RunTime:0.000000s ]
ERR: 无法加载模块:New

[ 2016-05-13T23:43:50+08:00 ] 115.28.26.13 /new/new.cron.php?cron=1018880803&n=1
INFO: [ app_init ] --START--
INFO: Run Behavior\BuildLiteBehavior [ RunTime:0.000000s ]
INFO: [ app_init ] --END-- [ RunTime:0.000000s ]
ERR: 无法加载模块:New

[ 2016-05-13T23:43:50+08:00 ] 112.126.74.55 /new/new.cron.php?cron=1018880803&n=2
INFO: [ app_init ] --START--
INFO: Run Behavior\BuildLiteBehavior [ RunTime:0.000000s ]
INFO: [ app_init ] --END-- [ RunTime:0.000000s ]
ERR: 无法加载模块:New

[ 2016-05-13T23:43:58+08:00 ] 120.26.64.126 /new/new.cron.php?cron=1018880803&n=1
INFO: [ app_init ] --START--
INFO: Run Behavior\BuildLiteBehavior [ RunTime:0.000000s ]
INFO: [ app_init ] --END-- [ RunTime:0.000000s ]
ERR: 无法加载模块:New

[ 2016-05-13T23:43:58+08:00 ] 115.28.189.208 /new/new.cron.php?cron=1018880803&n=4
INFO: [ app_init ] --START--
INFO: Run Behavior\BuildLiteBehavior [ RunTime:0.000000s ]
INFO: [ app_init ] --END-- [ RunTime:0.000000s ]
ERR: 无法加载模块:New

[ 2016-05-13T23:44:00+08:00 ] 120.27.40.113 /new/new.cron.php?cron=1018880803&n=3
INFO: [ app_init ] --START--
INFO: Run Behavior\BuildLiteBehavior [ RunTime:0.000000s ]
INFO: [ app_init ] --END-- [ RunTime:0.015620s ]
ERR: 无法加载模块:New

[ 2016-05-13T23:44:03+08:00 ] 123.56.138.37 /new/new.cron.php?cron=1018880803&n=1
INFO: [ app_init ] --START--
INFO: Run Behavior\BuildLiteBehavior [ RunTime:0.000000s ]
INFO: [ app_init ] --END-- [ RunTime:0.000000s ]
ERR: 无法加载模块:New

[ 2016-05-13T23:44:08+08:00 ] 112.126.73.56 /new/new.cron.php?cron=1018880803&n=4
INFO: [ app_init ] --START--
INFO: Run Behavior\BuildLiteBehavior [ RunTime:0.000000s ]
INFO: [ app_init ] --END-- [ RunTime:0.000000s ]
ERR: 无法加载模块:New

[ 2016-05-13T23:44:26+08:00 ] 121.43.107.174 /new/new.cron.php?cron=1018880803&n=3
INFO: [ app_init ] --START--
INFO: Run Behavior\BuildLiteBehavior [ RunTime:0.000000s ]
INFO: [ app_init ] --END-- [ RunTime:0.000000s ]
ERR: 无法加载模块:New

[ 2016-05-13T23:44:31+08:00 ] 112.124.127.64 /new/new.cron.php?cron=1018880803&n=2
INFO: [ app_init ] --START--
INFO: Run Behavior\BuildLiteBehavior [ RunTime:0.000000s ]
INFO: [ app_init ] --END-- [ RunTime:0.000000s ]
ERR: 无法加载模块:New

[ 2016-05-13T23:44:32+08:00 ] 121.43.105.176 /new/new.cron.php?cron=1018880803&n=4
INFO: [ app_init ] --START--
INFO: Run Behavior\BuildLiteBehavior [ RunTime:0.000000s ]
INFO: [ app_init ] --END-- [ RunTime:0.015620s ]
ERR: 无法加载模块:New

[ 2016-05-13T23:44:35+08:00 ] 182.92.1.233 /new/new.cron.php?cron=1018880803&n=3
INFO: [ app_init ] --START--
INFO: Run Behavior\BuildLiteBehavior [ RunTime:0.000000s ]
INFO: [ app_init ] --END-- [ RunTime:0.000000s ]
ERR: 无法加载模块:New

[ 2016-05-13T23:44:44+08:00 ] 115.29.112.222 /new/new.cron.php?cron=1018880803&n=2
INFO: [ app_init ] --START--
INFO: Run Behavior\BuildLiteBehavior [ RunTime:0.000000s ]
INFO: [ app_init ] --END-- [ RunTime:0.000000s ]
ERR: 无法加载模块:New

[ 2016-05-13T23:44:50+08:00 ] 115.28.26.13 /new/new.cron.php?cron=1018880803&n=1
INFO: [ app_init ] --START--
INFO: Run Behavior\BuildLiteBehavior [ RunTime:0.000000s ]
INFO: [ app_init ] --END-- [ RunTime:0.000000s ]
ERR: 无法加载模块:New

[ 2016-05-13T23:44:50+08:00 ] 112.126.74.55 /new/new.cron.php?cron=1018880803&n=2
INFO: [ app_init ] --START--
INFO: Run Behavior\BuildLiteBehavior [ RunTime:0.000000s ]
INFO: [ app_init ] --END-- [ RunTime:0.000000s ]
ERR: 无法加载模块:New

[ 2016-05-13T23:44:58+08:00 ] 120.26.64.126 /new/new.cron.php?cron=1018880803&n=1
INFO: [ app_init ] --START--
INFO: Run Behavior\BuildLiteBehavior [ RunTime:0.000000s ]
INFO: [ app_init ] --END-- [ RunTime:0.000000s ]
ERR: 无法加载模块:New

[ 2016-05-13T23:44:58+08:00 ] 115.28.189.208 /new/new.cron.php?cron=1018880803&n=4
INFO: [ app_init ] --START--
INFO: Run Behavior\BuildLiteBehavior [ RunTime:0.000000s ]
INFO: [ app_init ] --END-- [ RunTime:0.000000s ]
ERR: 无法加载模块:New

[ 2016-05-13T23:45:00+08:00 ] 120.27.40.113 /new/new.cron.php?cron=1018880803&n=3
INFO: [ app_init ] --START--
INFO: Run Behavior\BuildLiteBehavior [ RunTime:0.000000s ]
INFO: [ app_init ] --END-- [ RunTime:0.000000s ]
ERR: 无法加载模块:New

[ 2016-05-13T23:45:03+08:00 ] 123.56.138.37 /new/new.cron.php?cron=1018880803&n=1
INFO: [ app_init ] --START--
INFO: Run Behavior\BuildLiteBehavior [ RunTime:0.000000s ]
INFO: [ app_init ] --END-- [ RunTime:0.000000s ]
ERR: 无法加载模块:New

[ 2016-05-13T23:45:08+08:00 ] 112.126.73.56 /new/new.cron.php?cron=1018880803&n=4
INFO: [ app_init ] --START--
INFO: Run Behavior\BuildLiteBehavior [ RunTime:0.000000s ]
INFO: [ app_init ] --END-- [ RunTime:0.000000s ]
ERR: 无法加载模块:New

[ 2016-05-13T23:45:15+08:00 ] 101.226.162.89 /cron/job.php?sys=5
INFO: [ app_init ] --START--
INFO: Run Behavior\BuildLiteBehavior [ RunTime:0.000000s ]
INFO: [ app_init ] --END-- [ RunTime:0.000000s ]
ERR: 无法加载模块:Cron

[ 2016-05-13T23:45:15+08:00 ] 101.226.162.89 /cron/job.php?sys=6
INFO: [ app_init ] --START--
INFO: Run Behavior\BuildLiteBehavior [ RunTime:0.000000s ]
INFO: [ app_init ] --END-- [ RunTime:0.000000s ]
ERR: 无法加载模块:Cron

[ 2016-05-13T23:45:15+08:00 ] 101.226.162.89 /cron/job.php?sys=1
INFO: [ app_init ] --START--
INFO: Run Behavior\BuildLiteBehavior [ RunTime:0.000000s ]
INFO: [ app_init ] --END-- [ RunTime:0.000000s ]
ERR: 无法加载模块:Cron

[ 2016-05-13T23:45:26+08:00 ] 121.43.107.174 /new/new.cron.php?cron=1018880803&n=3
INFO: [ app_init ] --START--
INFO: Run Behavior\BuildLiteBehavior [ RunTime:0.000000s ]
INFO: [ app_init ] --END-- [ RunTime:0.000000s ]
ERR: 无法加载模块:New

[ 2016-05-13T23:45:31+08:00 ] 112.124.127.64 /new/new.cron.php?cron=1018880803&n=2
INFO: [ app_init ] --START--
INFO: Run Behavior\BuildLiteBehavior [ RunTime:0.000000s ]
INFO: [ app_init ] --END-- [ RunTime:0.000000s ]
ERR: 无法加载模块:New

[ 2016-05-13T23:45:32+08:00 ] 121.43.105.176 /new/new.cron.php?cron=1018880803&n=4
INFO: [ app_init ] --START--
INFO: Run Behavior\BuildLiteBehavior [ RunTime:0.000000s ]
INFO: [ app_init ] --END-- [ RunTime:0.000000s ]
ERR: 无法加载模块:New

[ 2016-05-13T23:45:35+08:00 ] 182.92.1.233 /new/new.cron.php?cron=1018880803&n=3
INFO: [ app_init ] --START--
INFO: Run Behavior\BuildLiteBehavior [ RunTime:0.000000s ]
INFO: [ app_init ] --END-- [ RunTime:0.000000s ]
ERR: 无法加载模块:New

[ 2016-05-13T23:45:44+08:00 ] 115.29.112.222 /new/new.cron.php?cron=1018880803&n=2
INFO: [ app_init ] --START--
INFO: Run Behavior\BuildLiteBehavior [ RunTime:0.000000s ]
INFO: [ app_init ] --END-- [ RunTime:0.000000s ]
ERR: 无法加载模块:New

[ 2016-05-13T23:45:44+08:00 ] 111.206.241.76 /cron/job.php?sys=6
INFO: [ app_init ] --START--
INFO: Run Behavior\BuildLiteBehavior [ RunTime:0.000000s ]
INFO: [ app_init ] --END-- [ RunTime:0.000000s ]
ERR: 无法加载模块:Cron

[ 2016-05-13T23:45:44+08:00 ] 111.206.241.76 /cron/job.php?sys=2
INFO: [ app_init ] --START--
INFO: Run Behavior\BuildLiteBehavior [ RunTime:0.000000s ]
INFO: [ app_init ] --END-- [ RunTime:0.000000s ]
ERR: 无法加载模块:Cron

[ 2016-05-13T23:45:44+08:00 ] 111.206.241.76 /cron/job.php?sys=5
INFO: [ app_init ] --START--
INFO: Run Behavior\BuildLiteBehavior [ RunTime:0.000000s ]
INFO: [ app_init ] --END-- [ RunTime:0.000000s ]
ERR: 无法加载模块:Cron

[ 2016-05-13T23:45:46+08:00 ] 101.226.162.89 /cron/job.php?sys=6
INFO: [ app_init ] --START--
INFO: Run Behavior\BuildLiteBehavior [ RunTime:0.000000s ]
INFO: [ app_init ] --END-- [ RunTime:0.000000s ]
ERR: 无法加载模块:Cron

[ 2016-05-13T23:45:46+08:00 ] 101.226.162.89 /cron/job.php?sys=5
INFO: [ app_init ] --START--
INFO: Run Behavior\BuildLiteBehavior [ RunTime:0.000000s ]
INFO: [ app_init ] --END-- [ RunTime:0.000000s ]
ERR: 无法加载模块:Cron

[ 2016-05-13T23:45:46+08:00 ] 101.226.162.89 /cron/job.php?sys=1
INFO: [ app_init ] --START--
INFO: Run Behavior\BuildLiteBehavior [ RunTime:0.000000s ]
INFO: [ app_init ] --END-- [ RunTime:0.000000s ]
ERR: 无法加载模块:Cron

[ 2016-05-13T23:45:50+08:00 ] 115.28.26.13 /new/new.cron.php?cron=1018880803&n=1
INFO: [ app_init ] --START--
INFO: Run Behavior\BuildLiteBehavior [ RunTime:0.000000s ]
INFO: [ app_init ] --END-- [ RunTime:0.000000s ]
ERR: 无法加载模块:New

[ 2016-05-13T23:45:50+08:00 ] 112.126.74.55 /new/new.cron.php?cron=1018880803&n=2
INFO: [ app_init ] --START--
INFO: Run Behavior\BuildLiteBehavior [ RunTime:0.000000s ]
INFO: [ app_init ] --END-- [ RunTime:0.000000s ]
ERR: 无法加载模块:New

[ 2016-05-13T23:45:58+08:00 ] 120.26.64.126 /new/new.cron.php?cron=1018880803&n=1
INFO: [ app_init ] --START--
INFO: Run Behavior\BuildLiteBehavior [ RunTime:0.000000s ]
INFO: [ app_init ] --END-- [ RunTime:0.000000s ]
ERR: 无法加载模块:New

[ 2016-05-13T23:45:58+08:00 ] 115.28.189.208 /new/new.cron.php?cron=1018880803&n=4
INFO: [ app_init ] --START--
INFO: Run Behavior\BuildLiteBehavior [ RunTime:0.000000s ]
INFO: [ app_init ] --END-- [ RunTime:0.000000s ]
ERR: 无法加载模块:New

[ 2016-05-13T23:46:00+08:00 ] 120.27.40.113 /new/new.cron.php?cron=1018880803&n=3
INFO: [ app_init ] --START--
INFO: Run Behavior\BuildLiteBehavior [ RunTime:0.000000s ]
INFO: [ app_init ] --END-- [ RunTime:0.000000s ]
ERR: 无法加载模块:New

[ 2016-05-13T23:46:03+08:00 ] 123.56.138.37 /new/new.cron.php?cron=1018880803&n=1
INFO: [ app_init ] --START--
INFO: Run Behavior\BuildLiteBehavior [ RunTime:0.000000s ]
INFO: [ app_init ] --END-- [ RunTime:0.000000s ]
ERR: 无法加载模块:New

[ 2016-05-13T23:46:08+08:00 ] 112.126.73.56 /new/new.cron.php?cron=1018880803&n=4
INFO: [ app_init ] --START--
INFO: Run Behavior\BuildLiteBehavior [ RunTime:0.000000s ]
INFO: [ app_init ] --END-- [ RunTime:0.000000s ]
ERR: 无法加载模块:New

[ 2016-05-13T23:46:14+08:00 ] 111.206.241.76 /cron/job.php?sys=6
INFO: [ app_init ] --START--
INFO: Run Behavior\BuildLiteBehavior [ RunTime:0.000000s ]
INFO: [ app_init ] --END-- [ RunTime:0.000000s ]
ERR: 无法加载模块:Cron

[ 2016-05-13T23:46:14+08:00 ] 111.206.241.76 /cron/job.php?sys=5
INFO: [ app_init ] --START--
INFO: Run Behavior\BuildLiteBehavior [ RunTime:0.000000s ]
INFO: [ app_init ] --END-- [ RunTime:0.000000s ]
ERR: 无法加载模块:Cron

[ 2016-05-13T23:46:14+08:00 ] 111.206.241.76 /cron/job.php?sys=2
INFO: [ app_init ] --START--
INFO: Run Behavior\BuildLiteBehavior [ RunTime:0.000000s ]
INFO: [ app_init ] --END-- [ RunTime:0.000000s ]
ERR: 无法加载模块:Cron

[ 2016-05-13T23:46:16+08:00 ] 101.226.162.90 /cron/job.php?sys=4
INFO: [ app_init ] --START--
INFO: Run Behavior\BuildLiteBehavior [ RunTime:0.000000s ]
INFO: [ app_init ] --END-- [ RunTime:0.000000s ]
ERR: 无法加载模块:Cron

[ 2016-05-13T23:46:26+08:00 ] 121.43.107.174 /new/new.cron.php?cron=1018880803&n=3
INFO: [ app_init ] --START--
INFO: Run Behavior\BuildLiteBehavior [ RunTime:0.000000s ]
INFO: [ app_init ] --END-- [ RunTime:0.000000s ]
ERR: 无法加载模块:New

[ 2016-05-13T23:46:31+08:00 ] 112.124.127.64 /new/new.cron.php?cron=1018880803&n=2
INFO: [ app_init ] --START--
INFO: Run Behavior\BuildLiteBehavior [ RunTime:0.000000s ]
INFO: [ app_init ] --END-- [ RunTime:0.000000s ]
ERR: 无法加载模块:New

[ 2016-05-13T23:46:32+08:00 ] 121.43.105.176 /new/new.cron.php?cron=1018880803&n=4
INFO: [ app_init ] --START--
INFO: Run Behavior\BuildLiteBehavior [ RunTime:0.000000s ]
INFO: [ app_init ] --END-- [ RunTime:0.000000s ]
ERR: 无法加载模块:New

[ 2016-05-13T23:46:35+08:00 ] 182.92.1.233 /new/new.cron.php?cron=1018880803&n=3
INFO: [ app_init ] --START--
INFO: Run Behavior\BuildLiteBehavior [ RunTime:0.000000s ]
INFO: [ app_init ] --END-- [ RunTime:0.000000s ]
ERR: 无法加载模块:New

[ 2016-05-13T23:46:42+08:00 ] 111.206.241.75 /cron/newsid.php?
INFO: [ app_init ] --START--
INFO: Run Behavior\BuildLiteBehavior [ RunTime:0.000000s ]
INFO: [ app_init ] --END-- [ RunTime:0.015620s ]
ERR: 无法加载模块:Cron

[ 2016-05-13T23:46:42+08:00 ] 111.206.241.75 /cron/job.php?sys=8
INFO: [ app_init ] --START--
INFO: Run Behavior\BuildLiteBehavior [ RunTime:0.000000s ]
INFO: [ app_init ] --END-- [ RunTime:0.000000s ]
ERR: 无法加载模块:Cron

[ 2016-05-13T23:46:42+08:00 ] 111.206.241.75 /cron/job.php?sys=4
INFO: [ app_init ] --START--
INFO: Run Behavior\BuildLiteBehavior [ RunTime:0.000000s ]
INFO: [ app_init ] --END-- [ RunTime:0.000000s ]
ERR: 无法加载模块:Cron

[ 2016-05-13T23:46:43+08:00 ] 183.57.155.49 /cron/job.php?sys=3
INFO: [ app_init ] --START--
INFO: Run Behavior\BuildLiteBehavior [ RunTime:0.000000s ]
INFO: [ app_init ] --END-- [ RunTime:0.000000s ]
ERR: 无法加载模块:Cron

[ 2016-05-13T23:46:44+08:00 ] 115.29.112.222 /new/new.cron.php?cron=1018880803&n=2
INFO: [ app_init ] --START--
INFO: Run Behavior\BuildLiteBehavior [ RunTime:0.000000s ]
INFO: [ app_init ] --END-- [ RunTime:0.000000s ]
ERR: 无法加载模块:New

[ 2016-05-13T23:46:46+08:00 ] 101.226.162.90 /cron/job.php?sys=4
INFO: [ app_init ] --START--
INFO: Run Behavior\BuildLiteBehavior [ RunTime:0.000000s ]
INFO: [ app_init ] --END-- [ RunTime:0.000000s ]
ERR: 无法加载模块:Cron

[ 2016-05-13T23:46:50+08:00 ] 115.28.26.13 /new/new.cron.php?cron=1018880803&n=1
INFO: [ app_init ] --START--
INFO: Run Behavior\BuildLiteBehavior [ RunTime:0.000000s ]
INFO: [ app_init ] --END-- [ RunTime:0.000000s ]
ERR: 无法加载模块:New

[ 2016-05-13T23:46:50+08:00 ] 112.126.74.55 /new/new.cron.php?cron=1018880803&n=2
INFO: [ app_init ] --START--
INFO: Run Behavior\BuildLiteBehavior [ RunTime:0.000000s ]
INFO: [ app_init ] --END-- [ RunTime:0.000000s ]
ERR: 无法加载模块:New

[ 2016-05-13T23:46:58+08:00 ] 120.26.64.126 /new/new.cron.php?cron=1018880803&n=1
INFO: [ app_init ] --START--
INFO: Run Behavior\BuildLiteBehavior [ RunTime:0.000000s ]
INFO: [ app_init ] --END-- [ RunTime:0.000000s ]
ERR: 无法加载模块:New

[ 2016-05-13T23:46:58+08:00 ] 115.28.189.208 /new/new.cron.php?cron=1018880803&n=4
INFO: [ app_init ] --START--
INFO: Run Behavior\BuildLiteBehavior [ RunTime:0.000000s ]
INFO: [ app_init ] --END-- [ RunTime:0.000000s ]
ERR: 无法加载模块:New

[ 2016-05-13T23:47:00+08:00 ] 120.27.40.113 /new/new.cron.php?cron=1018880803&n=3
INFO: [ app_init ] --START--
INFO: Run Behavior\BuildLiteBehavior [ RunTime:0.000000s ]
INFO: [ app_init ] --END-- [ RunTime:0.000000s ]
ERR: 无法加载模块:New

[ 2016-05-13T23:47:03+08:00 ] 123.56.138.37 /new/new.cron.php?cron=1018880803&n=1
INFO: [ app_init ] --START--
INFO: Run Behavior\BuildLiteBehavior [ RunTime:0.000000s ]
INFO: [ app_init ] --END-- [ RunTime:0.000000s ]
ERR: 无法加载模块:New

[ 2016-05-13T23:47:07+08:00 ] 112.126.73.56 /new/new.cron.php?cron=1018880803&n=4
INFO: [ app_init ] --START--
INFO: Run Behavior\BuildLiteBehavior [ RunTime:0.000000s ]
INFO: [ app_init ] --END-- [ RunTime:0.000000s ]
ERR: 无法加载模块:New

[ 2016-05-13T23:47:09+08:00 ] 111.206.241.76 /cron/job.php?sys=1
INFO: [ app_init ] --START--
INFO: Run Behavior\BuildLiteBehavior [ RunTime:0.000000s ]
INFO: [ app_init ] --END-- [ RunTime:0.015620s ]
ERR: 无法加载模块:Cron

[ 2016-05-13T23:47:09+08:00 ] 111.206.241.76 /cron/job.php?sys=7
INFO: [ app_init ] --START--
INFO: Run Behavior\BuildLiteBehavior [ RunTime:0.000000s ]
INFO: [ app_init ] --END-- [ RunTime:0.000000s ]
ERR: 无法加载模块:Cron

[ 2016-05-13T23:47:12+08:00 ] 111.206.241.75 /cron/newsid.php?
INFO: [ app_init ] --START--
INFO: Run Behavior\BuildLiteBehavior [ RunTime:0.000000s ]
INFO: [ app_init ] --END-- [ RunTime:0.015620s ]
ERR: 无法加载模块:Cron

[ 2016-05-13T23:47:12+08:00 ] 111.206.241.75 /cron/job.php?sys=8
INFO: [ app_init ] --START--
INFO: Run Behavior\BuildLiteBehavior [ RunTime:0.000000s ]
INFO: [ app_init ] --END-- [ RunTime:0.000000s ]
ERR: 无法加载模块:Cron

[ 2016-05-13T23:47:12+08:00 ] 111.206.241.75 /cron/job.php?sys=4
INFO: [ app_init ] --START--
INFO: Run Behavior\BuildLiteBehavior [ RunTime:0.000000s ]
INFO: [ app_init ] --END-- [ RunTime:0.000000s ]
ERR: 无法加载模块:Cron

[ 2016-05-13T23:47:13+08:00 ] 183.57.155.49 /cron/job.php?sys=3
INFO: [ app_init ] --START--
INFO: Run Behavior\BuildLiteBehavior [ RunTime:0.000000s ]
INFO: [ app_init ] --END-- [ RunTime:0.015620s ]
ERR: 无法加载模块:Cron

[ 2016-05-13T23:47:26+08:00 ] 121.43.107.174 /new/new.cron.php?cron=1018880803&n=3
INFO: [ app_init ] --START--
INFO: Run Behavior\BuildLiteBehavior [ RunTime:0.000000s ]
INFO: [ app_init ] --END-- [ RunTime:0.000000s ]
ERR: 无法加载模块:New

[ 2016-05-13T23:47:31+08:00 ] 112.124.127.64 /new/new.cron.php?cron=1018880803&n=2
INFO: [ app_init ] --START--
INFO: Run Behavior\BuildLiteBehavior [ RunTime:0.000000s ]
INFO: [ app_init ] --END-- [ RunTime:0.000000s ]
ERR: 无法加载模块:New

[ 2016-05-13T23:47:32+08:00 ] 121.43.105.176 /new/new.cron.php?cron=1018880803&n=4
INFO: [ app_init ] --START--
INFO: Run Behavior\BuildLiteBehavior [ RunTime:0.000000s ]
INFO: [ app_init ] --END-- [ RunTime:0.000000s ]
ERR: 无法加载模块:New

[ 2016-05-13T23:47:35+08:00 ] 182.92.1.233 /new/new.cron.php?cron=1018880803&n=3
INFO: [ app_init ] --START--
INFO: Run Behavior\BuildLiteBehavior [ RunTime:0.000000s ]
INFO: [ app_init ] --END-- [ RunTime:0.015620s ]
ERR: 无法加载模块:New

[ 2016-05-13T23:47:40+08:00 ] 111.206.241.76 /cron/job.php?sys=1
INFO: [ app_init ] --START--
INFO: Run Behavior\BuildLiteBehavior [ RunTime:0.000000s ]
INFO: [ app_init ] --END-- [ RunTime:0.000000s ]
ERR: 无法加载模块:Cron

[ 2016-05-13T23:47:40+08:00 ] 111.206.241.76 /cron/job.php?sys=7
INFO: [ app_init ] --START--
INFO: Run Behavior\BuildLiteBehavior [ RunTime:0.000000s ]
INFO: [ app_init ] --END-- [ RunTime:0.015620s ]
ERR: 无法加载模块:Cron

[ 2016-05-13T23:47:44+08:00 ] 115.29.112.222 /new/new.cron.php?cron=1018880803&n=2
INFO: [ app_init ] --START--
INFO: Run Behavior\BuildLiteBehavior [ RunTime:0.000000s ]
INFO: [ app_init ] --END-- [ RunTime:0.000000s ]
ERR: 无法加载模块:New

[ 2016-05-13T23:47:50+08:00 ] 115.28.26.13 /new/new.cron.php?cron=1018880803&n=1
INFO: [ app_init ] --START--
INFO: Run Behavior\BuildLiteBehavior [ RunTime:0.000000s ]
INFO: [ app_init ] --END-- [ RunTime:0.000000s ]
ERR: 无法加载模块:New

[ 2016-05-13T23:47:50+08:00 ] 112.126.74.55 /new/new.cron.php?cron=1018880803&n=2
INFO: [ app_init ] --START--
INFO: Run Behavior\BuildLiteBehavior [ RunTime:0.000000s ]
INFO: [ app_init ] --END-- [ RunTime:0.000000s ]
ERR: 无法加载模块:New

[ 2016-05-13T23:47:57+08:00 ] 125.88.222.250 /cron/job.php?sys=8
INFO: [ app_init ] --START--
INFO: Run Behavior\BuildLiteBehavior [ RunTime:0.000000s ]
INFO: [ app_init ] --END-- [ RunTime:0.000000s ]
ERR: 无法加载模块:Cron

[ 2016-05-13T23:47:57+08:00 ] 125.88.222.250 /cron/job.php?sys=7
INFO: [ app_init ] --START--
INFO: Run Behavior\BuildLiteBehavior [ RunTime:0.000000s ]
INFO: [ app_init ] --END-- [ RunTime:0.000000s ]
ERR: 无法加载模块:Cron

[ 2016-05-13T23:47:57+08:00 ] 125.88.222.250 /cron/newsid.php?
INFO: [ app_init ] --START--
INFO: Run Behavior\BuildLiteBehavior [ RunTime:0.000000s ]
INFO: [ app_init ] --END-- [ RunTime:0.000000s ]
ERR: 无法加载模块:Cron

[ 2016-05-13T23:47:58+08:00 ] 120.26.64.126 /new/new.cron.php?cron=1018880803&n=1
INFO: [ app_init ] --START--
INFO: Run Behavior\BuildLiteBehavior [ RunTime:0.000000s ]
INFO: [ app_init ] --END-- [ RunTime:0.000000s ]
ERR: 无法加载模块:New

[ 2016-05-13T23:47:58+08:00 ] 115.28.189.208 /new/new.cron.php?cron=1018880803&n=4
INFO: [ app_init ] --START--
INFO: Run Behavior\BuildLiteBehavior [ RunTime:0.000000s ]
INFO: [ app_init ] --END-- [ RunTime:0.000000s ]
ERR: 无法加载模块:New

[ 2016-05-13T23:48:00+08:00 ] 120.27.40.113 /new/new.cron.php?cron=1018880803&n=3
INFO: [ app_init ] --START--
INFO: Run Behavior\BuildLiteBehavior [ RunTime:0.000000s ]
INFO: [ app_init ] --END-- [ RunTime:0.000000s ]
ERR: 无法加载模块:New

[ 2016-05-13T23:48:03+08:00 ] 123.56.138.37 /new/new.cron.php?cron=1018880803&n=1
INFO: [ app_init ] --START--
INFO: Run Behavior\BuildLiteBehavior [ RunTime:0.000000s ]
INFO: [ app_init ] --END-- [ RunTime:0.000000s ]
ERR: 无法加载模块:New

[ 2016-05-13T23:48:08+08:00 ] 112.126.73.56 /new/new.cron.php?cron=1018880803&n=4
INFO: [ app_init ] --START--
INFO: Run Behavior\BuildLiteBehavior [ RunTime:0.000000s ]
INFO: [ app_init ] --END-- [ RunTime:0.000000s ]
ERR: 无法加载模块:New

[ 2016-05-13T23:48:26+08:00 ] 121.43.107.174 /new/new.cron.php?cron=1018880803&n=3
INFO: [ app_init ] --START--
INFO: Run Behavior\BuildLiteBehavior [ RunTime:0.000000s ]
INFO: [ app_init ] --END-- [ RunTime:0.000000s ]
ERR: 无法加载模块:New

[ 2016-05-13T23:48:27+08:00 ] 125.88.222.250 /cron/job.php?sys=8
INFO: [ app_init ] --START--
INFO: Run Behavior\BuildLiteBehavior [ RunTime:0.000000s ]
INFO: [ app_init ] --END-- [ RunTime:0.000000s ]
ERR: 无法加载模块:Cron

[ 2016-05-13T23:48:27+08:00 ] 125.88.222.250 /cron/job.php?sys=7
INFO: [ app_init ] --START--
INFO: Run Behavior\BuildLiteBehavior [ RunTime:0.000000s ]
INFO: [ app_init ] --END-- [ RunTime:0.015620s ]
ERR: 无法加载模块:Cron

[ 2016-05-13T23:48:27+08:00 ] 125.88.222.250 /cron/newsid.php?
INFO: [ app_init ] --START--
INFO: Run Behavior\BuildLiteBehavior [ RunTime:0.000000s ]
INFO: [ app_init ] --END-- [ RunTime:0.000000s ]
ERR: 无法加载模块:Cron

[ 2016-05-13T23:48:30+08:00 ] 112.124.127.64 /new/new.cron.php?cron=1018880803&n=2
INFO: [ app_init ] --START--
INFO: Run Behavior\BuildLiteBehavior [ RunTime:0.000000s ]
INFO: [ app_init ] --END-- [ RunTime:0.015620s ]
ERR: 无法加载模块:New

[ 2016-05-13T23:48:32+08:00 ] 121.43.105.176 /new/new.cron.php?cron=1018880803&n=4
INFO: [ app_init ] --START--
INFO: Run Behavior\BuildLiteBehavior [ RunTime:0.000000s ]
INFO: [ app_init ] --END-- [ RunTime:0.000000s ]
ERR: 无法加载模块:New

[ 2016-05-13T23:48:35+08:00 ] 182.92.1.233 /new/new.cron.php?cron=1018880803&n=3
INFO: [ app_init ] --START--
INFO: Run Behavior\BuildLiteBehavior [ RunTime:0.000000s ]
INFO: [ app_init ] --END-- [ RunTime:0.000000s ]
ERR: 无法加载模块:New

[ 2016-05-13T23:48:44+08:00 ] 115.29.112.222 /new/new.cron.php?cron=1018880803&n=2
INFO: [ app_init ] --START--
INFO: Run Behavior\BuildLiteBehavior [ RunTime:0.000000s ]
INFO: [ app_init ] --END-- [ RunTime:0.015620s ]
ERR: 无法加载模块:New

[ 2016-05-13T23:48:44+08:00 ] 125.88.223.58 /cron/job.php?sys=5
INFO: [ app_init ] --START--
INFO: Run Behavior\BuildLiteBehavior [ RunTime:0.000000s ]
INFO: [ app_init ] --END-- [ RunTime:0.000000s ]
ERR: 无法加载模块:Cron

[ 2016-05-13T23:48:44+08:00 ] 125.88.223.58 /cron/job.php?sys=1
INFO: [ app_init ] --START--
INFO: Run Behavior\BuildLiteBehavior [ RunTime:0.000000s ]
INFO: [ app_init ] --END-- [ RunTime:0.000000s ]
ERR: 无法加载模块:Cron

[ 2016-05-13T23:48:44+08:00 ] 125.88.223.58 /cron/job.php?sys=6
INFO: [ app_init ] --START--
INFO: Run Behavior\BuildLiteBehavior [ RunTime:0.000000s ]
INFO: [ app_init ] --END-- [ RunTime:0.000000s ]
ERR: 无法加载模块:Cron

[ 2016-05-13T23:48:50+08:00 ] 115.28.26.13 /new/new.cron.php?cron=1018880803&n=1
INFO: [ app_init ] --START--
INFO: Run Behavior\BuildLiteBehavior [ RunTime:0.000000s ]
INFO: [ app_init ] --END-- [ RunTime:0.000000s ]
ERR: 无法加载模块:New

[ 2016-05-13T23:48:50+08:00 ] 112.126.74.55 /new/new.cron.php?cron=1018880803&n=2
INFO: [ app_init ] --START--
INFO: Run Behavior\BuildLiteBehavior [ RunTime:0.000000s ]
INFO: [ app_init ] --END-- [ RunTime:0.000000s ]
ERR: 无法加载模块:New

[ 2016-05-13T23:48:58+08:00 ] 120.26.64.126 /new/new.cron.php?cron=1018880803&n=1
INFO: [ app_init ] --START--
INFO: Run Behavior\BuildLiteBehavior [ RunTime:0.000000s ]
INFO: [ app_init ] --END-- [ RunTime:0.000000s ]
ERR: 无法加载模块:New

[ 2016-05-13T23:48:58+08:00 ] 115.28.189.208 /new/new.cron.php?cron=1018880803&n=4
INFO: [ app_init ] --START--
INFO: Run Behavior\BuildLiteBehavior [ RunTime:0.000000s ]
INFO: [ app_init ] --END-- [ RunTime:0.000000s ]
ERR: 无法加载模块:New

[ 2016-05-13T23:49:00+08:00 ] 120.27.40.113 /new/new.cron.php?cron=1018880803&n=3
INFO: [ app_init ] --START--
INFO: Run Behavior\BuildLiteBehavior [ RunTime:0.000000s ]
INFO: [ app_init ] --END-- [ RunTime:0.000000s ]
ERR: 无法加载模块:New

[ 2016-05-13T23:49:03+08:00 ] 123.56.138.37 /new/new.cron.php?cron=1018880803&n=1
INFO: [ app_init ] --START--
INFO: Run Behavior\BuildLiteBehavior [ RunTime:0.000000s ]
INFO: [ app_init ] --END-- [ RunTime:0.015620s ]
ERR: 无法加载模块:New

[ 2016-05-13T23:49:07+08:00 ] 112.126.73.56 /new/new.cron.php?cron=1018880803&n=4
INFO: [ app_init ] --START--
INFO: Run Behavior\BuildLiteBehavior [ RunTime:0.000000s ]
INFO: [ app_init ] --END-- [ RunTime:0.000000s ]
ERR: 无法加载模块:New

[ 2016-05-13T23:49:14+08:00 ] 125.88.223.58 /cron/job.php?sys=1
INFO: [ app_init ] --START--
INFO: Run Behavior\BuildLiteBehavior [ RunTime:0.000000s ]
INFO: [ app_init ] --END-- [ RunTime:0.000000s ]
ERR: 无法加载模块:Cron

[ 2016-05-13T23:49:14+08:00 ] 125.88.223.58 /cron/job.php?sys=5
INFO: [ app_init ] --START--
INFO: Run Behavior\BuildLiteBehavior [ RunTime:0.000000s ]
INFO: [ app_init ] --END-- [ RunTime:0.000000s ]
ERR: 无法加载模块:Cron

[ 2016-05-13T23:49:14+08:00 ] 125.88.223.58 /cron/job.php?sys=6
INFO: [ app_init ] --START--
INFO: Run Behavior\BuildLiteBehavior [ RunTime:0.000000s ]
INFO: [ app_init ] --END-- [ RunTime:0.000000s ]
ERR: 无法加载模块:Cron

[ 2016-05-13T23:49:26+08:00 ] 121.43.107.174 /new/new.cron.php?cron=1018880803&n=3
INFO: [ app_init ] --START--
INFO: Run Behavior\BuildLiteBehavior [ RunTime:0.000000s ]
INFO: [ app_init ] --END-- [ RunTime:0.000000s ]
ERR: 无法加载模块:New

[ 2016-05-13T23:49:30+08:00 ] 112.124.127.64 /new/new.cron.php?cron=1018880803&n=2
INFO: [ app_init ] --START--
INFO: Run Behavior\BuildLiteBehavior [ RunTime:0.000000s ]
INFO: [ app_init ] --END-- [ RunTime:0.000000s ]
ERR: 无法加载模块:New

[ 2016-05-13T23:49:32+08:00 ] 121.43.105.176 /new/new.cron.php?cron=1018880803&n=4
INFO: [ app_init ] --START--
INFO: Run Behavior\BuildLiteBehavior [ RunTime:0.000000s ]
INFO: [ app_init ] --END-- [ RunTime:0.000000s ]
ERR: 无法加载模块:New

[ 2016-05-13T23:49:35+08:00 ] 182.92.1.233 /new/new.cron.php?cron=1018880803&n=3
INFO: [ app_init ] --START--
INFO: Run Behavior\BuildLiteBehavior [ RunTime:0.000000s ]
INFO: [ app_init ] --END-- [ RunTime:0.000000s ]
ERR: 无法加载模块:New

[ 2016-05-13T23:49:43+08:00 ] 115.29.112.222 /new/new.cron.php?cron=1018880803&n=2
INFO: [ app_init ] --START--
INFO: Run Behavior\BuildLiteBehavior [ RunTime:0.000000s ]
INFO: [ app_init ] --END-- [ RunTime:0.000000s ]
ERR: 无法加载模块:New

[ 2016-05-13T23:49:46+08:00 ] 111.206.241.75 /cron/job.php?sys=3
INFO: [ app_init ] --START--
INFO: Run Behavior\BuildLiteBehavior [ RunTime:0.000000s ]
INFO: [ app_init ] --END-- [ RunTime:0.015620s ]
ERR: 无法加载模块:Cron

[ 2016-05-13T23:49:50+08:00 ] 115.28.26.13 /new/new.cron.php?cron=1018880803&n=1
INFO: [ app_init ] --START--
INFO: Run Behavior\BuildLiteBehavior [ RunTime:0.000000s ]
INFO: [ app_init ] --END-- [ RunTime:0.000000s ]
ERR: 无法加载模块:New

[ 2016-05-13T23:49:50+08:00 ] 112.126.74.55 /new/new.cron.php?cron=1018880803&n=2
INFO: [ app_init ] --START--
INFO: Run Behavior\BuildLiteBehavior [ RunTime:0.000000s ]
INFO: [ app_init ] --END-- [ RunTime:0.000000s ]
ERR: 无法加载模块:New

[ 2016-05-13T23:49:58+08:00 ] 120.26.64.126 /new/new.cron.php?cron=1018880803&n=1
INFO: [ app_init ] --START--
INFO: Run Behavior\BuildLiteBehavior [ RunTime:0.000000s ]
INFO: [ app_init ] --END-- [ RunTime:0.000000s ]
ERR: 无法加载模块:New

[ 2016-05-13T23:49:58+08:00 ] 125.88.222.250 /cron/job.php?sys=2
INFO: [ app_init ] --START--
INFO: Run Behavior\BuildLiteBehavior [ RunTime:0.000000s ]
INFO: [ app_init ] --END-- [ RunTime:0.000000s ]
ERR: 无法加载模块:Cron

[ 2016-05-13T23:49:58+08:00 ] 115.28.189.208 /new/new.cron.php?cron=1018880803&n=4
INFO: [ app_init ] --START--
INFO: Run Behavior\BuildLiteBehavior [ RunTime:0.000000s ]
INFO: [ app_init ] --END-- [ RunTime:0.000000s ]
ERR: 无法加载模块:New

[ 2016-05-13T23:50:00+08:00 ] 120.27.40.113 /new/new.cron.php?cron=1018880803&n=3
INFO: [ app_init ] --START--
INFO: Run Behavior\BuildLiteBehavior [ RunTime:0.000000s ]
INFO: [ app_init ] --END-- [ RunTime:0.000000s ]
ERR: 无法加载模块:New

[ 2016-05-13T23:50:03+08:00 ] 123.56.138.37 /new/new.cron.php?cron=1018880803&n=1
INFO: [ app_init ] --START--
INFO: Run Behavior\BuildLiteBehavior [ RunTime:0.000000s ]
INFO: [ app_init ] --END-- [ RunTime:0.000000s ]
ERR: 无法加载模块:New

[ 2016-05-13T23:50:07+08:00 ] 112.126.73.56 /new/new.cron.php?cron=1018880803&n=4
INFO: [ app_init ] --START--
INFO: Run Behavior\BuildLiteBehavior [ RunTime:0.000000s ]
INFO: [ app_init ] --END-- [ RunTime:0.000000s ]
ERR: 无法加载模块:New

[ 2016-05-13T23:50:16+08:00 ] 111.206.241.75 /cron/job.php?sys=3
INFO: [ app_init ] --START--
INFO: Run Behavior\BuildLiteBehavior [ RunTime:0.000000s ]
INFO: [ app_init ] --END-- [ RunTime:0.000000s ]
ERR: 无法加载模块:Cron

[ 2016-05-13T23:50:26+08:00 ] 121.43.107.174 /new/new.cron.php?cron=1018880803&n=3
INFO: [ app_init ] --START--
INFO: Run Behavior\BuildLiteBehavior [ RunTime:0.000000s ]
INFO: [ app_init ] --END-- [ RunTime:0.000000s ]
ERR: 无法加载模块:New

[ 2016-05-13T23:50:29+08:00 ] 125.88.222.250 /cron/job.php?sys=2
INFO: [ app_init ] --START--
INFO: Run Behavior\BuildLiteBehavior [ RunTime:0.000000s ]
INFO: [ app_init ] --END-- [ RunTime:0.000000s ]
ERR: 无法加载模块:Cron

[ 2016-05-13T23:50:30+08:00 ] 112.124.127.64 /new/new.cron.php?cron=1018880803&n=2
INFO: [ app_init ] --START--
INFO: Run Behavior\BuildLiteBehavior [ RunTime:0.000000s ]
INFO: [ app_init ] --END-- [ RunTime:0.000000s ]
ERR: 无法加载模块:New

[ 2016-05-13T23:50:32+08:00 ] 121.43.105.176 /new/new.cron.php?cron=1018880803&n=4
INFO: [ app_init ] --START--
INFO: Run Behavior\BuildLiteBehavior [ RunTime:0.000000s ]
INFO: [ app_init ] --END-- [ RunTime:0.000000s ]
ERR: 无法加载模块:New

[ 2016-05-13T23:50:35+08:00 ] 182.92.1.233 /new/new.cron.php?cron=1018880803&n=3
INFO: [ app_init ] --START--
INFO: Run Behavior\BuildLiteBehavior [ RunTime:0.000000s ]
INFO: [ app_init ] --END-- [ RunTime:0.015620s ]
ERR: 无法加载模块:New

[ 2016-05-13T23:50:43+08:00 ] 115.29.112.222 /new/new.cron.php?cron=1018880803&n=2
INFO: [ app_init ] --START--
INFO: Run Behavior\BuildLiteBehavior [ RunTime:0.000000s ]
INFO: [ app_init ] --END-- [ RunTime:0.000000s ]
ERR: 无法加载模块:New

[ 2016-05-13T23:50:50+08:00 ] 115.28.26.13 /new/new.cron.php?cron=1018880803&n=1
INFO: [ app_init ] --START--
INFO: Run Behavior\BuildLiteBehavior [ RunTime:0.000000s ]
INFO: [ app_init ] --END-- [ RunTime:0.000000s ]
ERR: 无法加载模块:New

[ 2016-05-13T23:50:50+08:00 ] 112.126.74.55 /new/new.cron.php?cron=1018880803&n=2
INFO: [ app_init ] --START--
INFO: Run Behavior\BuildLiteBehavior [ RunTime:0.000000s ]
INFO: [ app_init ] --END-- [ RunTime:0.000000s ]
ERR: 无法加载模块:New

[ 2016-05-13T23:50:58+08:00 ] 120.26.64.126 /new/new.cron.php?cron=1018880803&n=1
INFO: [ app_init ] --START--
INFO: Run Behavior\BuildLiteBehavior [ RunTime:0.000000s ]
INFO: [ app_init ] --END-- [ RunTime:0.000000s ]
ERR: 无法加载模块:New

[ 2016-05-13T23:50:58+08:00 ] 115.28.189.208 /new/new.cron.php?cron=1018880803&n=4
INFO: [ app_init ] --START--
INFO: Run Behavior\BuildLiteBehavior [ RunTime:0.000000s ]
INFO: [ app_init ] --END-- [ RunTime:0.015621s ]
ERR: 无法加载模块:New

[ 2016-05-13T23:51:00+08:00 ] 120.27.40.113 /new/new.cron.php?cron=1018880803&n=3
INFO: [ app_init ] --START--
INFO: Run Behavior\BuildLiteBehavior [ RunTime:0.000000s ]
INFO: [ app_init ] --END-- [ RunTime:0.000000s ]
ERR: 无法加载模块:New

[ 2016-05-13T23:51:03+08:00 ] 123.56.138.37 /new/new.cron.php?cron=1018880803&n=1
INFO: [ app_init ] --START--
INFO: Run Behavior\BuildLiteBehavior [ RunTime:0.000000s ]
INFO: [ app_init ] --END-- [ RunTime:0.000000s ]
ERR: 无法加载模块:New

[ 2016-05-13T23:51:07+08:00 ] 112.126.73.56 /new/new.cron.php?cron=1018880803&n=4
INFO: [ app_init ] --START--
INFO: Run Behavior\BuildLiteBehavior [ RunTime:0.000000s ]
INFO: [ app_init ] --END-- [ RunTime:0.000000s ]
ERR: 无法加载模块:New

[ 2016-05-13T23:51:11+08:00 ] 125.88.223.58 /cron/job.php?sys=4
INFO: [ app_init ] --START--
INFO: Run Behavior\BuildLiteBehavior [ RunTime:0.000000s ]
INFO: [ app_init ] --END-- [ RunTime:0.000000s ]
ERR: 无法加载模块:Cron

[ 2016-05-13T23:51:26+08:00 ] 121.43.107.174 /new/new.cron.php?cron=1018880803&n=3
INFO: [ app_init ] --START--
INFO: Run Behavior\BuildLiteBehavior [ RunTime:0.000000s ]
INFO: [ app_init ] --END-- [ RunTime:0.000000s ]
ERR: 无法加载模块:New

[ 2016-05-13T23:51:30+08:00 ] 112.124.127.64 /new/new.cron.php?cron=1018880803&n=2
INFO: [ app_init ] --START--
INFO: Run Behavior\BuildLiteBehavior [ RunTime:0.000000s ]
INFO: [ app_init ] --END-- [ RunTime:0.000000s ]
ERR: 无法加载模块:New

[ 2016-05-13T23:51:32+08:00 ] 121.43.105.176 /new/new.cron.php?cron=1018880803&n=4
INFO: [ app_init ] --START--
INFO: Run Behavior\BuildLiteBehavior [ RunTime:0.000000s ]
INFO: [ app_init ] --END-- [ RunTime:0.000000s ]
ERR: 无法加载模块:New

[ 2016-05-13T23:51:35+08:00 ] 182.92.1.233 /new/new.cron.php?cron=1018880803&n=3
INFO: [ app_init ] --START--
INFO: Run Behavior\BuildLiteBehavior [ RunTime:0.000000s ]
INFO: [ app_init ] --END-- [ RunTime:0.000000s ]
ERR: 无法加载模块:New

[ 2016-05-13T23:51:41+08:00 ] 125.88.223.58 /cron/job.php?sys=4
INFO: [ app_init ] --START--
INFO: Run Behavior\BuildLiteBehavior [ RunTime:0.000000s ]
INFO: [ app_init ] --END-- [ RunTime:0.000000s ]
ERR: 无法加载模块:Cron

[ 2016-05-13T23:51:43+08:00 ] 115.29.112.222 /new/new.cron.php?cron=1018880803&n=2
INFO: [ app_init ] --START--
INFO: Run Behavior\BuildLiteBehavior [ RunTime:0.000000s ]
INFO: [ app_init ] --END-- [ RunTime:0.000000s ]
ERR: 无法加载模块:New

[ 2016-05-13T23:51:50+08:00 ] 115.28.26.13 /new/new.cron.php?cron=1018880803&n=1
INFO: [ app_init ] --START--
INFO: Run Behavior\BuildLiteBehavior [ RunTime:0.000000s ]
INFO: [ app_init ] --END-- [ RunTime:0.000000s ]
ERR: 无法加载模块:New

[ 2016-05-13T23:51:50+08:00 ] 112.126.74.55 /new/new.cron.php?cron=1018880803&n=2
INFO: [ app_init ] --START--
INFO: Run Behavior\BuildLiteBehavior [ RunTime:0.000000s ]
INFO: [ app_init ] --END-- [ RunTime:0.000000s ]
ERR: 无法加载模块:New

[ 2016-05-13T23:52:00+08:00 ] 120.27.40.113 /new/new.cron.php?cron=1018880803&n=3
INFO: [ app_init ] --START--
INFO: Run Behavior\BuildLiteBehavior [ RunTime:0.000000s ]
INFO: [ app_init ] --END-- [ RunTime:0.000000s ]
ERR: 无法加载模块:New

[ 2016-05-13T23:52:01+08:00 ] 120.26.64.126 /new/new.cron.php?cron=1018880803&n=1
INFO: [ app_init ] --START--
INFO: Run Behavior\BuildLiteBehavior [ RunTime:0.000000s ]
INFO: [ app_init ] --END-- [ RunTime:0.000000s ]
ERR: 无法加载模块:New

[ 2016-05-13T23:52:01+08:00 ] 115.28.189.208 /new/new.cron.php?cron=1018880803&n=4
INFO: [ app_init ] --START--
INFO: Run Behavior\BuildLiteBehavior [ RunTime:0.000000s ]
INFO: [ app_init ] --END-- [ RunTime:0.000000s ]
ERR: 无法加载模块:New

[ 2016-05-13T23:52:03+08:00 ] 123.56.138.37 /new/new.cron.php?cron=1018880803&n=1
INFO: [ app_init ] --START--
INFO: Run Behavior\BuildLiteBehavior [ RunTime:0.000000s ]
INFO: [ app_init ] --END-- [ RunTime:0.000000s ]
ERR: 无法加载模块:New

[ 2016-05-13T23:52:07+08:00 ] 112.126.73.56 /new/new.cron.php?cron=1018880803&n=4
INFO: [ app_init ] --START--
INFO: Run Behavior\BuildLiteBehavior [ RunTime:0.000000s ]
INFO: [ app_init ] --END-- [ RunTime:0.000000s ]
ERR: 无法加载模块:New

[ 2016-05-13T23:52:12+08:00 ] 101.226.162.89 /cron/job.php?sys=3
INFO: [ app_init ] --START--
INFO: Run Behavior\BuildLiteBehavior [ RunTime:0.000000s ]
INFO: [ app_init ] --END-- [ RunTime:0.015620s ]
ERR: 无法加载模块:Cron

[ 2016-05-13T23:52:12+08:00 ] 101.226.162.89 /cron/job.php?sys=2
INFO: [ app_init ] --START--
INFO: Run Behavior\BuildLiteBehavior [ RunTime:0.000000s ]
INFO: [ app_init ] --END-- [ RunTime:0.000000s ]
ERR: 无法加载模块:Cron

[ 2016-05-13T23:52:26+08:00 ] 121.43.107.174 /new/new.cron.php?cron=1018880803&n=3
INFO: [ app_init ] --START--
INFO: Run Behavior\BuildLiteBehavior [ RunTime:0.000000s ]
INFO: [ app_init ] --END-- [ RunTime:0.000000s ]
ERR: 无法加载模块:New

[ 2016-05-13T23:52:30+08:00 ] 112.124.127.64 /new/new.cron.php?cron=1018880803&n=2
INFO: [ app_init ] --START--
INFO: Run Behavior\BuildLiteBehavior [ RunTime:0.000000s ]
INFO: [ app_init ] --END-- [ RunTime:0.000000s ]
ERR: 无法加载模块:New

[ 2016-05-13T23:52:32+08:00 ] 121.43.105.176 /new/new.cron.php?cron=1018880803&n=4
INFO: [ app_init ] --START--
INFO: Run Behavior\BuildLiteBehavior [ RunTime:0.000000s ]
INFO: [ app_init ] --END-- [ RunTime:0.000000s ]
ERR: 无法加载模块:New

[ 2016-05-13T23:52:35+08:00 ] 182.92.1.233 /new/new.cron.php?cron=1018880803&n=3
INFO: [ app_init ] --START--
INFO: Run Behavior\BuildLiteBehavior [ RunTime:0.000000s ]
INFO: [ app_init ] --END-- [ RunTime:0.015620s ]
ERR: 无法加载模块:New

[ 2016-05-13T23:52:39+08:00 ] 101.226.162.90 /cron/job.php?sys=8
INFO: [ app_init ] --START--
INFO: Run Behavior\BuildLiteBehavior [ RunTime:0.000000s ]
INFO: [ app_init ] --END-- [ RunTime:0.015620s ]
ERR: 无法加载模块:Cron

[ 2016-05-13T23:52:39+08:00 ] 101.226.162.90 /cron/newsid.php?
INFO: [ app_init ] --START--
INFO: Run Behavior\BuildLiteBehavior [ RunTime:0.000000s ]
INFO: [ app_init ] --END-- [ RunTime:0.000000s ]
ERR: 无法加载模块:Cron

[ 2016-05-13T23:52:39+08:00 ] 101.226.162.90 /cron/job.php?sys=7
INFO: [ app_init ] --START--
INFO: Run Behavior\BuildLiteBehavior [ RunTime:0.000000s ]
INFO: [ app_init ] --END-- [ RunTime:0.000000s ]
ERR: 无法加载模块:Cron

[ 2016-05-13T23:52:42+08:00 ] 101.226.162.89 /cron/job.php?sys=3
INFO: [ app_init ] --START--
INFO: Run Behavior\BuildLiteBehavior [ RunTime:0.000000s ]
INFO: [ app_init ] --END-- [ RunTime:0.000000s ]
ERR: 无法加载模块:Cron

[ 2016-05-13T23:52:42+08:00 ] 101.226.162.89 /cron/job.php?sys=2
INFO: [ app_init ] --START--
INFO: Run Behavior\BuildLiteBehavior [ RunTime:0.000000s ]
INFO: [ app_init ] --END-- [ RunTime:0.000000s ]
ERR: 无法加载模块:Cron

[ 2016-05-13T23:52:43+08:00 ] 115.29.112.222 /new/new.cron.php?cron=1018880803&n=2
INFO: [ app_init ] --START--
INFO: Run Behavior\BuildLiteBehavior [ RunTime:0.000000s ]
INFO: [ app_init ] --END-- [ RunTime:0.000000s ]
ERR: 无法加载模块:New

[ 2016-05-13T23:52:50+08:00 ] 115.28.26.13 /new/new.cron.php?cron=1018880803&n=1
INFO: [ app_init ] --START--
INFO: Run Behavior\BuildLiteBehavior [ RunTime:0.000000s ]
INFO: [ app_init ] --END-- [ RunTime:0.000000s ]
ERR: 无法加载模块:New

[ 2016-05-13T23:52:50+08:00 ] 112.126.74.55 /new/new.cron.php?cron=1018880803&n=2
INFO: [ app_init ] --START--
INFO: Run Behavior\BuildLiteBehavior [ RunTime:0.000000s ]
INFO: [ app_init ] --END-- [ RunTime:0.000000s ]
ERR: 无法加载模块:New

[ 2016-05-13T23:52:58+08:00 ] 120.26.64.126 /new/new.cron.php?cron=1018880803&n=1
INFO: [ app_init ] --START--
INFO: Run Behavior\BuildLiteBehavior [ RunTime:0.000000s ]
INFO: [ app_init ] --END-- [ RunTime:0.000000s ]
ERR: 无法加载模块:New

[ 2016-05-13T23:52:58+08:00 ] 115.28.189.208 /new/new.cron.php?cron=1018880803&n=4
INFO: [ app_init ] --START--
INFO: Run Behavior\BuildLiteBehavior [ RunTime:0.000000s ]
INFO: [ app_init ] --END-- [ RunTime:0.000000s ]
ERR: 无法加载模块:New

[ 2016-05-13T23:53:00+08:00 ] 120.27.40.113 /new/new.cron.php?cron=1018880803&n=3
INFO: [ app_init ] --START--
INFO: Run Behavior\BuildLiteBehavior [ RunTime:0.000000s ]
INFO: [ app_init ] --END-- [ RunTime:0.015620s ]
ERR: 无法加载模块:New

[ 2016-05-13T23:53:03+08:00 ] 123.56.138.37 /new/new.cron.php?cron=1018880803&n=1
INFO: [ app_init ] --START--
INFO: Run Behavior\BuildLiteBehavior [ RunTime:0.000000s ]
INFO: [ app_init ] --END-- [ RunTime:0.000000s ]
ERR: 无法加载模块:New

[ 2016-05-13T23:53:07+08:00 ] 112.126.73.56 /new/new.cron.php?cron=1018880803&n=4
INFO: [ app_init ] --START--
INFO: Run Behavior\BuildLiteBehavior [ RunTime:0.000000s ]
INFO: [ app_init ] --END-- [ RunTime:0.000000s ]
ERR: 无法加载模块:New

[ 2016-05-13T23:53:10+08:00 ] 101.226.162.90 /cron/newsid.php?
INFO: [ app_init ] --START--
INFO: Run Behavior\BuildLiteBehavior [ RunTime:0.000000s ]
INFO: [ app_init ] --END-- [ RunTime:0.000000s ]
ERR: 无法加载模块:Cron

[ 2016-05-13T23:53:10+08:00 ] 101.226.162.90 /cron/job.php?sys=7
INFO: [ app_init ] --START--
INFO: Run Behavior\BuildLiteBehavior [ RunTime:0.000000s ]
INFO: [ app_init ] --END-- [ RunTime:0.000000s ]
ERR: 无法加载模块:Cron

[ 2016-05-13T23:53:10+08:00 ] 101.226.162.90 /cron/job.php?sys=8
INFO: [ app_init ] --START--
INFO: Run Behavior\BuildLiteBehavior [ RunTime:0.000000s ]
INFO: [ app_init ] --END-- [ RunTime:0.000000s ]
ERR: 无法加载模块:Cron

[ 2016-05-13T23:53:26+08:00 ] 121.43.107.174 /new/new.cron.php?cron=1018880803&n=3
INFO: [ app_init ] --START--
INFO: Run Behavior\BuildLiteBehavior [ RunTime:0.000000s ]
INFO: [ app_init ] --END-- [ RunTime:0.000000s ]
ERR: 无法加载模块:New

[ 2016-05-13T23:53:30+08:00 ] 112.124.127.64 /new/new.cron.php?cron=1018880803&n=2
INFO: [ app_init ] --START--
INFO: Run Behavior\BuildLiteBehavior [ RunTime:0.000000s ]
INFO: [ app_init ] --END-- [ RunTime:0.000000s ]
ERR: 无法加载模块:New

[ 2016-05-13T23:53:32+08:00 ] 121.43.105.176 /new/new.cron.php?cron=1018880803&n=4
INFO: [ app_init ] --START--
INFO: Run Behavior\BuildLiteBehavior [ RunTime:0.000000s ]
INFO: [ app_init ] --END-- [ RunTime:0.015620s ]
ERR: 无法加载模块:New

[ 2016-05-13T23:53:35+08:00 ] 182.92.1.233 /new/new.cron.php?cron=1018880803&n=3
INFO: [ app_init ] --START--
INFO: Run Behavior\BuildLiteBehavior [ RunTime:0.000000s ]
INFO: [ app_init ] --END-- [ RunTime:0.000000s ]
ERR: 无法加载模块:New

[ 2016-05-13T23:53:43+08:00 ] 115.29.112.222 /new/new.cron.php?cron=1018880803&n=2
INFO: [ app_init ] --START--
INFO: Run Behavior\BuildLiteBehavior [ RunTime:0.000000s ]
INFO: [ app_init ] --END-- [ RunTime:0.000000s ]
ERR: 无法加载模块:New

[ 2016-05-13T23:53:50+08:00 ] 115.28.26.13 /new/new.cron.php?cron=1018880803&n=1
INFO: [ app_init ] --START--
INFO: Run Behavior\BuildLiteBehavior [ RunTime:0.000000s ]
INFO: [ app_init ] --END-- [ RunTime:0.000000s ]
ERR: 无法加载模块:New

[ 2016-05-13T23:53:50+08:00 ] 112.126.74.55 /new/new.cron.php?cron=1018880803&n=2
INFO: [ app_init ] --START--
INFO: Run Behavior\BuildLiteBehavior [ RunTime:0.000000s ]
INFO: [ app_init ] --END-- [ RunTime:0.000000s ]
ERR: 无法加载模块:New

[ 2016-05-13T23:53:58+08:00 ] 120.26.64.126 /new/new.cron.php?cron=1018880803&n=1
INFO: [ app_init ] --START--
INFO: Run Behavior\BuildLiteBehavior [ RunTime:0.000000s ]
INFO: [ app_init ] --END-- [ RunTime:0.000000s ]
ERR: 无法加载模块:New

[ 2016-05-13T23:53:58+08:00 ] 115.28.189.208 /new/new.cron.php?cron=1018880803&n=4
INFO: [ app_init ] --START--
INFO: Run Behavior\BuildLiteBehavior [ RunTime:0.000000s ]
INFO: [ app_init ] --END-- [ RunTime:0.000000s ]
ERR: 无法加载模块:New

[ 2016-05-13T23:54:00+08:00 ] 120.27.40.113 /new/new.cron.php?cron=1018880803&n=3
INFO: [ app_init ] --START--
INFO: Run Behavior\BuildLiteBehavior [ RunTime:0.000000s ]
INFO: [ app_init ] --END-- [ RunTime:0.000000s ]
ERR: 无法加载模块:New

[ 2016-05-13T23:54:03+08:00 ] 123.56.138.37 /new/new.cron.php?cron=1018880803&n=1
INFO: [ app_init ] --START--
INFO: Run Behavior\BuildLiteBehavior [ RunTime:0.000000s ]
INFO: [ app_init ] --END-- [ RunTime:0.000000s ]
ERR: 无法加载模块:New

[ 2016-05-13T23:54:07+08:00 ] 112.126.73.56 /new/new.cron.php?cron=1018880803&n=4
INFO: [ app_init ] --START--
INFO: Run Behavior\BuildLiteBehavior [ RunTime:0.000000s ]
INFO: [ app_init ] --END-- [ RunTime:0.000000s ]
ERR: 无法加载模块:New

[ 2016-05-13T23:54:26+08:00 ] 121.43.107.174 /new/new.cron.php?cron=1018880803&n=3
INFO: [ app_init ] --START--
INFO: Run Behavior\BuildLiteBehavior [ RunTime:0.000000s ]
INFO: [ app_init ] --END-- [ RunTime:0.000000s ]
ERR: 无法加载模块:New

[ 2016-05-13T23:54:30+08:00 ] 112.124.127.64 /new/new.cron.php?cron=1018880803&n=2
INFO: [ app_init ] --START--
INFO: Run Behavior\BuildLiteBehavior [ RunTime:0.000000s ]
INFO: [ app_init ] --END-- [ RunTime:0.000000s ]
ERR: 无法加载模块:New

[ 2016-05-13T23:54:32+08:00 ] 121.43.105.176 /new/new.cron.php?cron=1018880803&n=4
INFO: [ app_init ] --START--
INFO: Run Behavior\BuildLiteBehavior [ RunTime:0.000000s ]
INFO: [ app_init ] --END-- [ RunTime:0.000000s ]
ERR: 无法加载模块:New

[ 2016-05-13T23:54:35+08:00 ] 182.92.1.233 /new/new.cron.php?cron=1018880803&n=3
INFO: [ app_init ] --START--
INFO: Run Behavior\BuildLiteBehavior [ RunTime:0.000000s ]
INFO: [ app_init ] --END-- [ RunTime:0.000000s ]
ERR: 无法加载模块:New

[ 2016-05-13T23:54:43+08:00 ] 115.29.112.222 /new/new.cron.php?cron=1018880803&n=2
INFO: [ app_init ] --START--
INFO: Run Behavior\BuildLiteBehavior [ RunTime:0.000000s ]
INFO: [ app_init ] --END-- [ RunTime:0.000000s ]
ERR: 无法加载模块:New

[ 2016-05-13T23:54:50+08:00 ] 115.28.26.13 /new/new.cron.php?cron=1018880803&n=1
INFO: [ app_init ] --START--
INFO: Run Behavior\BuildLiteBehavior [ RunTime:0.000000s ]
INFO: [ app_init ] --END-- [ RunTime:0.000000s ]
ERR: 无法加载模块:New

[ 2016-05-13T23:54:50+08:00 ] 112.126.74.55 /new/new.cron.php?cron=1018880803&n=2
INFO: [ app_init ] --START--
INFO: Run Behavior\BuildLiteBehavior [ RunTime:0.000000s ]
INFO: [ app_init ] --END-- [ RunTime:0.000000s ]
ERR: 无法加载模块:New

[ 2016-05-13T23:54:58+08:00 ] 120.26.64.126 /new/new.cron.php?cron=1018880803&n=1
INFO: [ app_init ] --START--
INFO: Run Behavior\BuildLiteBehavior [ RunTime:0.000000s ]
INFO: [ app_init ] --END-- [ RunTime:0.000000s ]
ERR: 无法加载模块:New

[ 2016-05-13T23:54:58+08:00 ] 115.28.189.208 /new/new.cron.php?cron=1018880803&n=4
INFO: [ app_init ] --START--
INFO: Run Behavior\BuildLiteBehavior [ RunTime:0.000000s ]
INFO: [ app_init ] --END-- [ RunTime:0.000000s ]
ERR: 无法加载模块:New

[ 2016-05-13T23:55:00+08:00 ] 120.27.40.113 /new/new.cron.php?cron=1018880803&n=3
INFO: [ app_init ] --START--
INFO: Run Behavior\BuildLiteBehavior [ RunTime:0.000000s ]
INFO: [ app_init ] --END-- [ RunTime:0.000000s ]
ERR: 无法加载模块:New

[ 2016-05-13T23:55:03+08:00 ] 123.56.138.37 /new/new.cron.php?cron=1018880803&n=1
INFO: [ app_init ] --START--
INFO: Run Behavior\BuildLiteBehavior [ RunTime:0.000000s ]
INFO: [ app_init ] --END-- [ RunTime:0.000000s ]
ERR: 无法加载模块:New

[ 2016-05-13T23:55:07+08:00 ] 112.126.73.56 /new/new.cron.php?cron=1018880803&n=4
INFO: [ app_init ] --START--
INFO: Run Behavior\BuildLiteBehavior [ RunTime:0.000000s ]
INFO: [ app_init ] --END-- [ RunTime:0.000000s ]
ERR: 无法加载模块:New

[ 2016-05-13T23:55:16+08:00 ] 101.226.162.89 /cron/job.php?sys=5
INFO: [ app_init ] --START--
INFO: Run Behavior\BuildLiteBehavior [ RunTime:0.000000s ]
INFO: [ app_init ] --END-- [ RunTime:0.000000s ]
ERR: 无法加载模块:Cron

[ 2016-05-13T23:55:16+08:00 ] 101.226.162.89 /cron/job.php?sys=6
INFO: [ app_init ] --START--
INFO: Run Behavior\BuildLiteBehavior [ RunTime:0.000000s ]
INFO: [ app_init ] --END-- [ RunTime:0.000000s ]
ERR: 无法加载模块:Cron

[ 2016-05-13T23:55:16+08:00 ] 101.226.162.89 /cron/job.php?sys=1
INFO: [ app_init ] --START--
INFO: Run Behavior\BuildLiteBehavior [ RunTime:0.000000s ]
INFO: [ app_init ] --END-- [ RunTime:0.000000s ]
ERR: 无法加载模块:Cron

[ 2016-05-13T23:55:26+08:00 ] 121.43.107.174 /new/new.cron.php?cron=1018880803&n=3
INFO: [ app_init ] --START--
INFO: Run Behavior\BuildLiteBehavior [ RunTime:0.000000s ]
INFO: [ app_init ] --END-- [ RunTime:0.015620s ]
ERR: 无法加载模块:New

[ 2016-05-13T23:55:30+08:00 ] 112.124.127.64 /new/new.cron.php?cron=1018880803&n=2
INFO: [ app_init ] --START--
INFO: Run Behavior\BuildLiteBehavior [ RunTime:0.000000s ]
INFO: [ app_init ] --END-- [ RunTime:0.000000s ]
ERR: 无法加载模块:New

[ 2016-05-13T23:55:32+08:00 ] 121.43.105.176 /new/new.cron.php?cron=1018880803&n=4
INFO: [ app_init ] --START--
INFO: Run Behavior\BuildLiteBehavior [ RunTime:0.000000s ]
INFO: [ app_init ] --END-- [ RunTime:0.000000s ]
ERR: 无法加载模块:New

[ 2016-05-13T23:55:35+08:00 ] 182.92.1.233 /new/new.cron.php?cron=1018880803&n=3
INFO: [ app_init ] --START--
INFO: Run Behavior\BuildLiteBehavior [ RunTime:0.000000s ]
INFO: [ app_init ] --END-- [ RunTime:0.000000s ]
ERR: 无法加载模块:New

[ 2016-05-13T23:55:42+08:00 ] 111.206.241.76 /cron/job.php?sys=5
INFO: [ app_init ] --START--
INFO: Run Behavior\BuildLiteBehavior [ RunTime:0.000000s ]
INFO: [ app_init ] --END-- [ RunTime:0.015621s ]
ERR: 无法加载模块:Cron

[ 2016-05-13T23:55:42+08:00 ] 111.206.241.76 /cron/job.php?sys=2
INFO: [ app_init ] --START--
INFO: Run Behavior\BuildLiteBehavior [ RunTime:0.000000s ]
INFO: [ app_init ] --END-- [ RunTime:0.000000s ]
ERR: 无法加载模块:Cron

[ 2016-05-13T23:55:42+08:00 ] 111.206.241.76 /cron/job.php?sys=6
INFO: [ app_init ] --START--
INFO: Run Behavior\BuildLiteBehavior [ RunTime:0.000000s ]
INFO: [ app_init ] --END-- [ RunTime:0.000000s ]
ERR: 无法加载模块:Cron

[ 2016-05-13T23:55:43+08:00 ] 115.29.112.222 /new/new.cron.php?cron=1018880803&n=2
INFO: [ app_init ] --START--
INFO: Run Behavior\BuildLiteBehavior [ RunTime:0.000000s ]
INFO: [ app_init ] --END-- [ RunTime:0.000000s ]
ERR: 无法加载模块:New

[ 2016-05-13T23:55:47+08:00 ] 101.226.162.89 /cron/job.php?sys=6
INFO: [ app_init ] --START--
INFO: Run Behavior\BuildLiteBehavior [ RunTime:0.000000s ]
INFO: [ app_init ] --END-- [ RunTime:0.000000s ]
ERR: 无法加载模块:Cron

[ 2016-05-13T23:55:47+08:00 ] 101.226.162.89 /cron/job.php?sys=5
INFO: [ app_init ] --START--
INFO: Run Behavior\BuildLiteBehavior [ RunTime:0.000000s ]
INFO: [ app_init ] --END-- [ RunTime:0.000000s ]
ERR: 无法加载模块:Cron

[ 2016-05-13T23:55:47+08:00 ] 101.226.162.89 /cron/job.php?sys=1
INFO: [ app_init ] --START--
INFO: Run Behavior\BuildLiteBehavior [ RunTime:0.000000s ]
INFO: [ app_init ] --END-- [ RunTime:0.000000s ]
ERR: 无法加载模块:Cron

[ 2016-05-13T23:55:50+08:00 ] 115.28.26.13 /new/new.cron.php?cron=1018880803&n=1
INFO: [ app_init ] --START--
INFO: Run Behavior\BuildLiteBehavior [ RunTime:0.000000s ]
INFO: [ app_init ] --END-- [ RunTime:0.000000s ]
ERR: 无法加载模块:New

[ 2016-05-13T23:55:50+08:00 ] 112.126.74.55 /new/new.cron.php?cron=1018880803&n=2
INFO: [ app_init ] --START--
INFO: Run Behavior\BuildLiteBehavior [ RunTime:0.000000s ]
INFO: [ app_init ] --END-- [ RunTime:0.015620s ]
ERR: 无法加载模块:New

[ 2016-05-13T23:55:58+08:00 ] 120.26.64.126 /new/new.cron.php?cron=1018880803&n=1
INFO: [ app_init ] --START--
INFO: Run Behavior\BuildLiteBehavior [ RunTime:0.000000s ]
INFO: [ app_init ] --END-- [ RunTime:0.000000s ]
ERR: 无法加载模块:New

[ 2016-05-13T23:55:58+08:00 ] 115.28.189.208 /new/new.cron.php?cron=1018880803&n=4
INFO: [ app_init ] --START--
INFO: Run Behavior\BuildLiteBehavior [ RunTime:0.000000s ]
INFO: [ app_init ] --END-- [ RunTime:0.015621s ]
ERR: 无法加载模块:New

[ 2016-05-13T23:56:00+08:00 ] 120.27.40.113 /new/new.cron.php?cron=1018880803&n=3
INFO: [ app_init ] --START--
INFO: Run Behavior\BuildLiteBehavior [ RunTime:0.000000s ]
INFO: [ app_init ] --END-- [ RunTime:0.000000s ]
ERR: 无法加载模块:New

[ 2016-05-13T23:56:03+08:00 ] 123.56.138.37 /new/new.cron.php?cron=1018880803&n=1
INFO: [ app_init ] --START--
INFO: Run Behavior\BuildLiteBehavior [ RunTime:0.000000s ]
INFO: [ app_init ] --END-- [ RunTime:0.000000s ]
ERR: 无法加载模块:New

[ 2016-05-13T23:56:07+08:00 ] 112.126.73.56 /new/new.cron.php?cron=1018880803&n=4
INFO: [ app_init ] --START--
INFO: Run Behavior\BuildLiteBehavior [ RunTime:0.000000s ]
INFO: [ app_init ] --END-- [ RunTime:0.000000s ]
ERR: 无法加载模块:New

[ 2016-05-13T23:56:12+08:00 ] 111.206.241.76 /cron/job.php?sys=5
INFO: [ app_init ] --START--
INFO: Run Behavior\BuildLiteBehavior [ RunTime:0.000000s ]
INFO: [ app_init ] --END-- [ RunTime:0.000000s ]
ERR: 无法加载模块:Cron

[ 2016-05-13T23:56:12+08:00 ] 111.206.241.76 /cron/job.php?sys=2
INFO: [ app_init ] --START--
INFO: Run Behavior\BuildLiteBehavior [ RunTime:0.000000s ]
INFO: [ app_init ] --END-- [ RunTime:0.000000s ]
ERR: 无法加载模块:Cron

[ 2016-05-13T23:56:12+08:00 ] 111.206.241.76 /cron/job.php?sys=6
INFO: [ app_init ] --START--
INFO: Run Behavior\BuildLiteBehavior [ RunTime:0.000000s ]
INFO: [ app_init ] --END-- [ RunTime:0.000000s ]
ERR: 无法加载模块:Cron

[ 2016-05-13T23:56:16+08:00 ] 101.226.162.90 /cron/job.php?sys=4
INFO: [ app_init ] --START--
INFO: Run Behavior\BuildLiteBehavior [ RunTime:0.000000s ]
INFO: [ app_init ] --END-- [ RunTime:0.000000s ]
ERR: 无法加载模块:Cron

[ 2016-05-13T23:56:26+08:00 ] 121.43.107.174 /new/new.cron.php?cron=1018880803&n=3
INFO: [ app_init ] --START--
INFO: Run Behavior\BuildLiteBehavior [ RunTime:0.000000s ]
INFO: [ app_init ] --END-- [ RunTime:0.000000s ]
ERR: 无法加载模块:New

[ 2016-05-13T23:56:30+08:00 ] 112.124.127.64 /new/new.cron.php?cron=1018880803&n=2
INFO: [ app_init ] --START--
INFO: Run Behavior\BuildLiteBehavior [ RunTime:0.000000s ]
INFO: [ app_init ] --END-- [ RunTime:0.000000s ]
ERR: 无法加载模块:New

[ 2016-05-13T23:56:32+08:00 ] 121.43.105.176 /new/new.cron.php?cron=1018880803&n=4
INFO: [ app_init ] --START--
INFO: Run Behavior\BuildLiteBehavior [ RunTime:0.000000s ]
INFO: [ app_init ] --END-- [ RunTime:0.000000s ]
ERR: 无法加载模块:New

[ 2016-05-13T23:56:35+08:00 ] 182.92.1.233 /new/new.cron.php?cron=1018880803&n=3
INFO: [ app_init ] --START--
INFO: Run Behavior\BuildLiteBehavior [ RunTime:0.000000s ]
INFO: [ app_init ] --END-- [ RunTime:0.000000s ]
ERR: 无法加载模块:New

[ 2016-05-13T23:56:42+08:00 ] 111.206.241.75 /cron/job.php?sys=4
INFO: [ app_init ] --START--
INFO: Run Behavior\BuildLiteBehavior [ RunTime:0.000000s ]
INFO: [ app_init ] --END-- [ RunTime:0.000000s ]
ERR: 无法加载模块:Cron

[ 2016-05-13T23:56:42+08:00 ] 111.206.241.75 /cron/job.php?sys=8
INFO: [ app_init ] --START--
INFO: Run Behavior\BuildLiteBehavior [ RunTime:0.000000s ]
INFO: [ app_init ] --END-- [ RunTime:0.000000s ]
ERR: 无法加载模块:Cron

[ 2016-05-13T23:56:42+08:00 ] 111.206.241.75 /cron/newsid.php?
INFO: [ app_init ] --START--
INFO: Run Behavior\BuildLiteBehavior [ RunTime:0.000000s ]
INFO: [ app_init ] --END-- [ RunTime:0.000000s ]
ERR: 无法加载模块:Cron

[ 2016-05-13T23:56:43+08:00 ] 183.57.155.49 /cron/job.php?sys=3
INFO: [ app_init ] --START--
INFO: Run Behavior\BuildLiteBehavior [ RunTime:0.000000s ]
INFO: [ app_init ] --END-- [ RunTime:0.000000s ]
ERR: 无法加载模块:Cron

[ 2016-05-13T23:56:43+08:00 ] 115.29.112.222 /new/new.cron.php?cron=1018880803&n=2
INFO: [ app_init ] --START--
INFO: Run Behavior\BuildLiteBehavior [ RunTime:0.000000s ]
INFO: [ app_init ] --END-- [ RunTime:0.000000s ]
ERR: 无法加载模块:New

[ 2016-05-13T23:56:46+08:00 ] 101.226.162.90 /cron/job.php?sys=4
INFO: [ app_init ] --START--
INFO: Run Behavior\BuildLiteBehavior [ RunTime:0.000000s ]
INFO: [ app_init ] --END-- [ RunTime:0.000000s ]
ERR: 无法加载模块:Cron

[ 2016-05-13T23:56:50+08:00 ] 115.28.26.13 /new/new.cron.php?cron=1018880803&n=1
INFO: [ app_init ] --START--
INFO: Run Behavior\BuildLiteBehavior [ RunTime:0.000000s ]
INFO: [ app_init ] --END-- [ RunTime:0.000000s ]
ERR: 无法加载模块:New

[ 2016-05-13T23:56:50+08:00 ] 112.126.74.55 /new/new.cron.php?cron=1018880803&n=2
INFO: [ app_init ] --START--
INFO: Run Behavior\BuildLiteBehavior [ RunTime:0.000000s ]
INFO: [ app_init ] --END-- [ RunTime:0.000000s ]
ERR: 无法加载模块:New

[ 2016-05-13T23:56:58+08:00 ] 120.26.64.126 /new/new.cron.php?cron=1018880803&n=1
INFO: [ app_init ] --START--
INFO: Run Behavior\BuildLiteBehavior [ RunTime:0.000000s ]
INFO: [ app_init ] --END-- [ RunTime:0.015620s ]
ERR: 无法加载模块:New

[ 2016-05-13T23:56:58+08:00 ] 115.28.189.208 /new/new.cron.php?cron=1018880803&n=4
INFO: [ app_init ] --START--
INFO: Run Behavior\BuildLiteBehavior [ RunTime:0.000000s ]
INFO: [ app_init ] --END-- [ RunTime:0.000000s ]
ERR: 无法加载模块:New

[ 2016-05-13T23:57:00+08:00 ] 120.27.40.113 /new/new.cron.php?cron=1018880803&n=3
INFO: [ app_init ] --START--
INFO: Run Behavior\BuildLiteBehavior [ RunTime:0.000000s ]
INFO: [ app_init ] --END-- [ RunTime:0.000000s ]
ERR: 无法加载模块:New

[ 2016-05-13T23:57:03+08:00 ] 123.56.138.37 /new/new.cron.php?cron=1018880803&n=1
INFO: [ app_init ] --START--
INFO: Run Behavior\BuildLiteBehavior [ RunTime:0.000000s ]
INFO: [ app_init ] --END-- [ RunTime:0.000000s ]
ERR: 无法加载模块:New

[ 2016-05-13T23:57:05+08:00 ] 111.206.241.76 /cron/job.php?sys=7
INFO: [ app_init ] --START--
INFO: Run Behavior\BuildLiteBehavior [ RunTime:0.000000s ]
INFO: [ app_init ] --END-- [ RunTime:0.000000s ]
ERR: 无法加载模块:Cron

[ 2016-05-13T23:57:05+08:00 ] 111.206.241.76 /cron/job.php?sys=1
INFO: [ app_init ] --START--
INFO: Run Behavior\BuildLiteBehavior [ RunTime:0.000000s ]
INFO: [ app_init ] --END-- [ RunTime:0.000000s ]
ERR: 无法加载模块:Cron

[ 2016-05-13T23:57:07+08:00 ] 112.126.73.56 /new/new.cron.php?cron=1018880803&n=4
INFO: [ app_init ] --START--
INFO: Run Behavior\BuildLiteBehavior [ RunTime:0.000000s ]
INFO: [ app_init ] --END-- [ RunTime:0.000000s ]
ERR: 无法加载模块:New

[ 2016-05-13T23:57:12+08:00 ] 111.206.241.75 /cron/newsid.php?
INFO: [ app_init ] --START--
INFO: Run Behavior\BuildLiteBehavior [ RunTime:0.000000s ]
INFO: [ app_init ] --END-- [ RunTime:0.000000s ]
ERR: 无法加载模块:Cron

[ 2016-05-13T23:57:12+08:00 ] 111.206.241.75 /cron/job.php?sys=4
INFO: [ app_init ] --START--
INFO: Run Behavior\BuildLiteBehavior [ RunTime:0.000000s ]
INFO: [ app_init ] --END-- [ RunTime:0.000000s ]
ERR: 无法加载模块:Cron

[ 2016-05-13T23:57:12+08:00 ] 111.206.241.75 /cron/job.php?sys=8
INFO: [ app_init ] --START--
INFO: Run Behavior\BuildLiteBehavior [ RunTime:0.000000s ]
INFO: [ app_init ] --END-- [ RunTime:0.000000s ]
ERR: 无法加载模块:Cron

[ 2016-05-13T23:57:13+08:00 ] 183.57.155.49 /cron/job.php?sys=3
INFO: [ app_init ] --START--
INFO: Run Behavior\BuildLiteBehavior [ RunTime:0.000000s ]
INFO: [ app_init ] --END-- [ RunTime:0.000000s ]
ERR: 无法加载模块:Cron

[ 2016-05-13T23:57:25+08:00 ] 121.43.107.174 /new/new.cron.php?cron=1018880803&n=3
INFO: [ app_init ] --START--
INFO: Run Behavior\BuildLiteBehavior [ RunTime:0.000000s ]
INFO: [ app_init ] --END-- [ RunTime:0.000000s ]
ERR: 无法加载模块:New

[ 2016-05-13T23:57:30+08:00 ] 112.124.127.64 /new/new.cron.php?cron=1018880803&n=2
INFO: [ app_init ] --START--
INFO: Run Behavior\BuildLiteBehavior [ RunTime:0.000000s ]
INFO: [ app_init ] --END-- [ RunTime:0.000000s ]
ERR: 无法加载模块:New

[ 2016-05-13T23:57:32+08:00 ] 121.43.105.176 /new/new.cron.php?cron=1018880803&n=4
INFO: [ app_init ] --START--
INFO: Run Behavior\BuildLiteBehavior [ RunTime:0.000000s ]
INFO: [ app_init ] --END-- [ RunTime:0.000000s ]
ERR: 无法加载模块:New

[ 2016-05-13T23:57:35+08:00 ] 182.92.1.233 /new/new.cron.php?cron=1018880803&n=3
INFO: [ app_init ] --START--
INFO: Run Behavior\BuildLiteBehavior [ RunTime:0.000000s ]
INFO: [ app_init ] --END-- [ RunTime:0.000000s ]
ERR: 无法加载模块:New

[ 2016-05-13T23:57:35+08:00 ] 111.206.241.76 /cron/job.php?sys=1
INFO: [ app_init ] --START--
INFO: Run Behavior\BuildLiteBehavior [ RunTime:0.000000s ]
INFO: [ app_init ] --END-- [ RunTime:0.000000s ]
ERR: 无法加载模块:Cron

[ 2016-05-13T23:57:36+08:00 ] 111.206.241.76 /cron/job.php?sys=7
INFO: [ app_init ] --START--
INFO: Run Behavior\BuildLiteBehavior [ RunTime:0.000000s ]
INFO: [ app_init ] --END-- [ RunTime:0.000000s ]
ERR: 无法加载模块:Cron

[ 2016-05-13T23:57:43+08:00 ] 115.29.112.222 /new/new.cron.php?cron=1018880803&n=2
INFO: [ app_init ] --START--
INFO: Run Behavior\BuildLiteBehavior [ RunTime:0.000000s ]
INFO: [ app_init ] --END-- [ RunTime:0.015621s ]
ERR: 无法加载模块:New

[ 2016-05-13T23:57:50+08:00 ] 115.28.26.13 /new/new.cron.php?cron=1018880803&n=1
INFO: [ app_init ] --START--
INFO: Run Behavior\BuildLiteBehavior [ RunTime:0.000000s ]
INFO: [ app_init ] --END-- [ RunTime:0.000000s ]
ERR: 无法加载模块:New

[ 2016-05-13T23:57:50+08:00 ] 112.126.74.55 /new/new.cron.php?cron=1018880803&n=2
INFO: [ app_init ] --START--
INFO: Run Behavior\BuildLiteBehavior [ RunTime:0.000000s ]
INFO: [ app_init ] --END-- [ RunTime:0.000000s ]
ERR: 无法加载模块:New

[ 2016-05-13T23:57:58+08:00 ] 120.26.64.126 /new/new.cron.php?cron=1018880803&n=1
INFO: [ app_init ] --START--
INFO: Run Behavior\BuildLiteBehavior [ RunTime:0.000000s ]
INFO: [ app_init ] --END-- [ RunTime:0.000000s ]
ERR: 无法加载模块:New

[ 2016-05-13T23:57:58+08:00 ] 115.28.189.208 /new/new.cron.php?cron=1018880803&n=4
INFO: [ app_init ] --START--
INFO: Run Behavior\BuildLiteBehavior [ RunTime:0.000000s ]
INFO: [ app_init ] --END-- [ RunTime:0.000000s ]
ERR: 无法加载模块:New

[ 2016-05-13T23:57:59+08:00 ] 125.88.222.250 /cron/job.php?sys=7
INFO: [ app_init ] --START--
INFO: Run Behavior\BuildLiteBehavior [ RunTime:0.000000s ]
INFO: [ app_init ] --END-- [ RunTime:0.000000s ]
ERR: 无法加载模块:Cron

[ 2016-05-13T23:57:59+08:00 ] 125.88.222.250 /cron/job.php?sys=8
INFO: [ app_init ] --START--
INFO: Run Behavior\BuildLiteBehavior [ RunTime:0.000000s ]
INFO: [ app_init ] --END-- [ RunTime:0.000000s ]
ERR: 无法加载模块:Cron

[ 2016-05-13T23:57:59+08:00 ] 125.88.222.250 /cron/newsid.php?
INFO: [ app_init ] --START--
INFO: Run Behavior\BuildLiteBehavior [ RunTime:0.000000s ]
INFO: [ app_init ] --END-- [ RunTime:0.000000s ]
ERR: 无法加载模块:Cron

[ 2016-05-13T23:58:00+08:00 ] 120.27.40.113 /new/new.cron.php?cron=1018880803&n=3
INFO: [ app_init ] --START--
INFO: Run Behavior\BuildLiteBehavior [ RunTime:0.000000s ]
INFO: [ app_init ] --END-- [ RunTime:0.000000s ]
ERR: 无法加载模块:New

[ 2016-05-13T23:58:03+08:00 ] 123.56.138.37 /new/new.cron.php?cron=1018880803&n=1
INFO: [ app_init ] --START--
INFO: Run Behavior\BuildLiteBehavior [ RunTime:0.000000s ]
INFO: [ app_init ] --END-- [ RunTime:0.000000s ]
ERR: 无法加载模块:New

[ 2016-05-13T23:58:07+08:00 ] 112.126.73.56 /new/new.cron.php?cron=1018880803&n=4
INFO: [ app_init ] --START--
INFO: Run Behavior\BuildLiteBehavior [ RunTime:0.000000s ]
INFO: [ app_init ] --END-- [ RunTime:0.000000s ]
ERR: 无法加载模块:New

[ 2016-05-13T23:58:25+08:00 ] 121.43.107.174 /new/new.cron.php?cron=1018880803&n=3
INFO: [ app_init ] --START--
INFO: Run Behavior\BuildLiteBehavior [ RunTime:0.000000s ]
INFO: [ app_init ] --END-- [ RunTime:0.000000s ]
ERR: 无法加载模块:New

[ 2016-05-13T23:58:29+08:00 ] 125.88.222.250 /cron/job.php?sys=8
INFO: [ app_init ] --START--
INFO: Run Behavior\BuildLiteBehavior [ RunTime:0.000000s ]
INFO: [ app_init ] --END-- [ RunTime:0.000000s ]
ERR: 无法加载模块:Cron

[ 2016-05-13T23:58:29+08:00 ] 125.88.222.250 /cron/job.php?sys=7
INFO: [ app_init ] --START--
INFO: Run Behavior\BuildLiteBehavior [ RunTime:0.000000s ]
INFO: [ app_init ] --END-- [ RunTime:0.000000s ]
ERR: 无法加载模块:Cron

[ 2016-05-13T23:58:29+08:00 ] 125.88.222.250 /cron/newsid.php?
INFO: [ app_init ] --START--
INFO: Run Behavior\BuildLiteBehavior [ RunTime:0.000000s ]
INFO: [ app_init ] --END-- [ RunTime:0.000000s ]
ERR: 无法加载模块:Cron

[ 2016-05-13T23:58:30+08:00 ] 112.124.127.64 /new/new.cron.php?cron=1018880803&n=2
INFO: [ app_init ] --START--
INFO: Run Behavior\BuildLiteBehavior [ RunTime:0.000000s ]
INFO: [ app_init ] --END-- [ RunTime:0.000000s ]
ERR: 无法加载模块:New

[ 2016-05-13T23:58:32+08:00 ] 121.43.105.176 /new/new.cron.php?cron=1018880803&n=4
INFO: [ app_init ] --START--
INFO: Run Behavior\BuildLiteBehavior [ RunTime:0.000000s ]
INFO: [ app_init ] --END-- [ RunTime:0.015621s ]
ERR: 无法加载模块:New

[ 2016-05-13T23:58:35+08:00 ] 182.92.1.233 /new/new.cron.php?cron=1018880803&n=3
INFO: [ app_init ] --START--
INFO: Run Behavior\BuildLiteBehavior [ RunTime:0.000000s ]
INFO: [ app_init ] --END-- [ RunTime:0.000000s ]
ERR: 无法加载模块:New

[ 2016-05-13T23:58:43+08:00 ] 115.29.112.222 /new/new.cron.php?cron=1018880803&n=2
INFO: [ app_init ] --START--
INFO: Run Behavior\BuildLiteBehavior [ RunTime:0.000000s ]
INFO: [ app_init ] --END-- [ RunTime:0.000000s ]
ERR: 无法加载模块:New

[ 2016-05-13T23:58:45+08:00 ] 125.88.223.58 /cron/job.php?sys=5
INFO: [ app_init ] --START--
INFO: Run Behavior\BuildLiteBehavior [ RunTime:0.000000s ]
INFO: [ app_init ] --END-- [ RunTime:0.000000s ]
ERR: 无法加载模块:Cron

[ 2016-05-13T23:58:45+08:00 ] 125.88.223.58 /cron/job.php?sys=1
INFO: [ app_init ] --START--
INFO: Run Behavior\BuildLiteBehavior [ RunTime:0.000000s ]
INFO: [ app_init ] --END-- [ RunTime:0.000000s ]
ERR: 无法加载模块:Cron

[ 2016-05-13T23:58:45+08:00 ] 125.88.223.58 /cron/job.php?sys=6
INFO: [ app_init ] --START--
INFO: Run Behavior\BuildLiteBehavior [ RunTime:0.000000s ]
INFO: [ app_init ] --END-- [ RunTime:0.000000s ]
ERR: 无法加载模块:Cron

[ 2016-05-13T23:58:50+08:00 ] 115.28.26.13 /new/new.cron.php?cron=1018880803&n=1
INFO: [ app_init ] --START--
INFO: Run Behavior\BuildLiteBehavior [ RunTime:0.000000s ]
INFO: [ app_init ] --END-- [ RunTime:0.000000s ]
ERR: 无法加载模块:New

[ 2016-05-13T23:58:50+08:00 ] 112.126.74.55 /new/new.cron.php?cron=1018880803&n=2
INFO: [ app_init ] --START--
INFO: Run Behavior\BuildLiteBehavior [ RunTime:0.000000s ]
INFO: [ app_init ] --END-- [ RunTime:0.000000s ]
ERR: 无法加载模块:New

[ 2016-05-13T23:58:58+08:00 ] 120.26.64.126 /new/new.cron.php?cron=1018880803&n=1
INFO: [ app_init ] --START--
INFO: Run Behavior\BuildLiteBehavior [ RunTime:0.000000s ]
INFO: [ app_init ] --END-- [ RunTime:0.000000s ]
ERR: 无法加载模块:New

[ 2016-05-13T23:58:58+08:00 ] 115.28.189.208 /new/new.cron.php?cron=1018880803&n=4
INFO: [ app_init ] --START--
INFO: Run Behavior\BuildLiteBehavior [ RunTime:0.000000s ]
INFO: [ app_init ] --END-- [ RunTime:0.000000s ]
ERR: 无法加载模块:New

[ 2016-05-13T23:59:00+08:00 ] 120.27.40.113 /new/new.cron.php?cron=1018880803&n=3
INFO: [ app_init ] --START--
INFO: Run Behavior\BuildLiteBehavior [ RunTime:0.000000s ]
INFO: [ app_init ] --END-- [ RunTime:0.000000s ]
ERR: 无法加载模块:New

[ 2016-05-13T23:59:03+08:00 ] 123.56.138.37 /new/new.cron.php?cron=1018880803&n=1
INFO: [ app_init ] --START--
INFO: Run Behavior\BuildLiteBehavior [ RunTime:0.000000s ]
INFO: [ app_init ] --END-- [ RunTime:0.000000s ]
ERR: 无法加载模块:New

[ 2016-05-13T23:59:07+08:00 ] 112.126.73.56 /new/new.cron.php?cron=1018880803&n=4
INFO: [ app_init ] --START--
INFO: Run Behavior\BuildLiteBehavior [ RunTime:0.000000s ]
INFO: [ app_init ] --END-- [ RunTime:0.000000s ]
ERR: 无法加载模块:New

[ 2016-05-13T23:59:15+08:00 ] 125.88.223.58 /cron/job.php?sys=5
INFO: [ app_init ] --START--
INFO: Run Behavior\BuildLiteBehavior [ RunTime:0.000000s ]
INFO: [ app_init ] --END-- [ RunTime:0.000000s ]
ERR: 无法加载模块:Cron

[ 2016-05-13T23:59:15+08:00 ] 125.88.223.58 /cron/job.php?sys=6
INFO: [ app_init ] --START--
INFO: Run Behavior\BuildLiteBehavior [ RunTime:0.000000s ]
INFO: [ app_init ] --END-- [ RunTime:0.000000s ]
ERR: 无法加载模块:Cron

[ 2016-05-13T23:59:15+08:00 ] 125.88.223.58 /cron/job.php?sys=1
INFO: [ app_init ] --START--
INFO: Run Behavior\BuildLiteBehavior [ RunTime:0.000000s ]
INFO: [ app_init ] --END-- [ RunTime:0.000000s ]
ERR: 无法加载模块:Cron

[ 2016-05-13T23:59:25+08:00 ] 121.43.107.174 /new/new.cron.php?cron=1018880803&n=3
INFO: [ app_init ] --START--
INFO: Run Behavior\BuildLiteBehavior [ RunTime:0.000000s ]
INFO: [ app_init ] --END-- [ RunTime:0.000000s ]
ERR: 无法加载模块:New

[ 2016-05-13T23:59:30+08:00 ] 112.124.127.64 /new/new.cron.php?cron=1018880803&n=2
INFO: [ app_init ] --START--
INFO: Run Behavior\BuildLiteBehavior [ RunTime:0.000000s ]
INFO: [ app_init ] --END-- [ RunTime:0.000000s ]
ERR: 无法加载模块:New

[ 2016-05-13T23:59:32+08:00 ] 121.43.105.176 /new/new.cron.php?cron=1018880803&n=4
INFO: [ app_init ] --START--
INFO: Run Behavior\BuildLiteBehavior [ RunTime:0.000000s ]
INFO: [ app_init ] --END-- [ RunTime:0.000000s ]
ERR: 无法加载模块:New

[ 2016-05-13T23:59:35+08:00 ] 182.92.1.233 /new/new.cron.php?cron=1018880803&n=3
INFO: [ app_init ] --START--
INFO: Run Behavior\BuildLiteBehavior [ RunTime:0.000000s ]
INFO: [ app_init ] --END-- [ RunTime:0.000000s ]
ERR: 无法加载模块:New

[ 2016-05-13T23:59:43+08:00 ] 115.29.112.222 /new/new.cron.php?cron=1018880803&n=2
INFO: [ app_init ] --START--
INFO: Run Behavior\BuildLiteBehavior [ RunTime:0.000000s ]
INFO: [ app_init ] --END-- [ RunTime:0.000000s ]
ERR: 无法加载模块:New

[ 2016-05-13T23:59:45+08:00 ] 111.206.241.75 /cron/job.php?sys=3
INFO: [ app_init ] --START--
INFO: Run Behavior\BuildLiteBehavior [ RunTime:0.000000s ]
INFO: [ app_init ] --END-- [ RunTime:0.000000s ]
ERR: 无法加载模块:Cron

[ 2016-05-13T23:59:50+08:00 ] 115.28.26.13 /new/new.cron.php?cron=1018880803&n=1
INFO: [ app_init ] --START--
INFO: Run Behavior\BuildLiteBehavior [ RunTime:0.000000s ]
INFO: [ app_init ] --END-- [ RunTime:0.000000s ]
ERR: 无法加载模块:New

[ 2016-05-13T23:59:50+08:00 ] 112.126.74.55 /new/new.cron.php?cron=1018880803&n=2
INFO: [ app_init ] --START--
INFO: Run Behavior\BuildLiteBehavior [ RunTime:0.000000s ]
INFO: [ app_init ] --END-- [ RunTime:0.000000s ]
ERR: 无法加载模块:New

[ 2016-05-13T23:59:56+08:00 ] 125.88.222.250 /cron/job.php?sys=2
INFO: [ app_init ] --START--
INFO: Run Behavior\BuildLiteBehavior [ RunTime:0.000000s ]
INFO: [ app_init ] --END-- [ RunTime:0.000000s ]
ERR: 无法加载模块:Cron

[ 2016-05-13T23:59:58+08:00 ] 120.26.64.126 /new/new.cron.php?cron=1018880803&n=1
INFO: [ app_init ] --START--
INFO: Run Behavior\BuildLiteBehavior [ RunTime:0.000000s ]
INFO: [ app_init ] --END-- [ RunTime:0.000000s ]
ERR: 无法加载模块:New

[ 2016-05-13T23:59:58+08:00 ] 115.28.189.208 /new/new.cron.php?cron=1018880803&n=4
INFO: [ app_init ] --START--
INFO: Run Behavior\BuildLiteBehavior [ RunTime:0.000000s ]
INFO: [ app_init ] --END-- [ RunTime:0.000000s ]
ERR: 无法加载模块:New

