[ 2016-05-19T00:12:34+08:00 ] 115.48.189.247 /css/css?family=Roboto:500,400
INFO: [ app_init ] --START--
INFO: Run Behavior\BuildLiteBehavior [ RunTime:0.000010s ]
INFO: [ app_init ] --END-- [ RunTime:0.000082s ]
ERR: Êó†Ê≥ïÂä†ËΩΩÊ®°Âùó:Css

[ 2016-05-19T00:13:41+08:00 ] 115.48.189.247 /css/css?family=Roboto:500,400
INFO: [ app_init ] --START--
INFO: Run Behavior\BuildLiteBehavior [ RunTime:0.000010s ]
INFO: [ app_init ] --END-- [ RunTime:0.000082s ]
ERR: Êó†Ê≥ïÂä†ËΩΩÊ®°Âùó:Css

[ 2016-05-19T00:18:47+08:00 ] 115.48.189.247 /css/css?family=Roboto:500,400
INFO: [ app_init ] --START--
INFO: Run Behavior\BuildLiteBehavior [ RunTime:0.000015s ]
INFO: [ app_init ] --END-- [ RunTime:0.000112s ]
ERR: Êó†Ê≥ïÂä†ËΩΩÊ®°Âùó:Css

[ 2016-05-19T00:18:52+08:00 ] 115.48.189.247 /css/css?family=Roboto:500,400
INFO: [ app_init ] --START--
INFO: Run Behavior\BuildLiteBehavior [ RunTime:0.000015s ]
INFO: [ app_init ] --END-- [ RunTime:0.000115s ]
ERR: Êó†Ê≥ïÂä†ËΩΩÊ®°Âùó:Css

[ 2016-05-19T00:19:03+08:00 ] 115.48.189.247 /css/css?family=Roboto:500,400
INFO: [ app_init ] --START--
INFO: Run Behavior\BuildLiteBehavior [ RunTime:0.000016s ]
INFO: [ app_init ] --END-- [ RunTime:0.000085s ]
ERR: Êó†Ê≥ïÂä†ËΩΩÊ®°Âùó:Css

[ 2016-05-19T00:19:12+08:00 ] 121.42.0.56 /css/css?family=Roboto:500,400
INFO: [ app_init ] --START--
INFO: Run Behavior\BuildLiteBehavior [ RunTime:0.000010s ]
INFO: [ app_init ] --END-- [ RunTime:0.000081s ]
ERR: Êó†Ê≥ïÂä†ËΩΩÊ®°Âùó:Css

[ 2016-05-19T00:22:04+08:00 ] 117.41.232.88 /css/css?family=Roboto:500,400
INFO: [ app_init ] --START--
INFO: Run Behavior\BuildLiteBehavior [ RunTime:0.000009s ]
INFO: [ app_init ] --END-- [ RunTime:0.000087s ]
ERR: Êó†Ê≥ïÂä†ËΩΩÊ®°Âùó:Css

[ 2016-05-19T00:22:26+08:00 ] 117.41.232.88 /css/css?family=Roboto:500,400
INFO: [ app_init ] --START--
INFO: Run Behavior\BuildLiteBehavior [ RunTime:0.000010s ]
INFO: [ app_init ] --END-- [ RunTime:0.000082s ]
ERR: Êó†Ê≥ïÂä†ËΩΩÊ®°Âùó:Css

[ 2016-05-19T00:33:46+08:00 ] 115.239.228.202 /cgi-bin/common/attr?id=260714&r=0.7826700467108209
INFO: [ app_init ] --START--
INFO: Run Behavior\BuildLiteBehavior [ RunTime:0.000011s ]
INFO: [ app_init ] --END-- [ RunTime:0.000086s ]
ERR: Êó†Ê≥ïÂä†ËΩΩÊ®°Âùó:Cgi-bin

[ 2016-05-19T00:33:58+08:00 ] 115.48.189.247 /css/css?family=Roboto:500,400
INFO: [ app_init ] --START--
INFO: Run Behavior\BuildLiteBehavior [ RunTime:0.000010s ]
INFO: [ app_init ] --END-- [ RunTime:0.000083s ]
ERR: Êó†Ê≥ïÂä†ËΩΩÊ®°Âùó:Css

[ 2016-05-19T00:34:10+08:00 ] 121.42.0.67 /css/css?family=Roboto:500,400
INFO: [ app_init ] --START--
INFO: Run Behavior\BuildLiteBehavior [ RunTime:0.000010s ]
INFO: [ app_init ] --END-- [ RunTime:0.000082s ]
ERR: Êó†Ê≥ïÂä†ËΩΩÊ®°Âùó:Css

[ 2016-05-19T00:34:25+08:00 ] 115.48.189.247 /css/css?family=Roboto:500,400
INFO: [ app_init ] --START--
INFO: Run Behavior\BuildLiteBehavior [ RunTime:0.000010s ]
INFO: [ app_init ] --END-- [ RunTime:0.000077s ]
ERR: Êó†Ê≥ïÂä†ËΩΩÊ®°Âùó:Css

[ 2016-05-19T00:34:28+08:00 ] 115.48.189.247 /css/css?family=Roboto:500,400
INFO: [ app_init ] --START--
INFO: Run Behavior\BuildLiteBehavior [ RunTime:0.000010s ]
INFO: [ app_init ] --END-- [ RunTime:0.000084s ]
ERR: Êó†Ê≥ïÂä†ËΩΩÊ®°Âùó:Css

[ 2016-05-19T00:54:12+08:00 ] 115.239.228.202 /cgi-bin/common/attr?id=260714&r=0.9558443485210400
INFO: [ app_init ] --START--
INFO: Run Behavior\BuildLiteBehavior [ RunTime:0.000013s ]
INFO: [ app_init ] --END-- [ RunTime:0.000103s ]
ERR: Êó†Ê≥ïÂä†ËΩΩÊ®°Âùó:Cgi-bin

[ 2016-05-19T01:44:11+08:00 ] 115.239.228.202 /cgi-bin/common/attr?id=260714&r=0.2560864488274838
INFO: [ app_init ] --START--
INFO: Run Behavior\BuildLiteBehavior [ RunTime:0.000013s ]
INFO: [ app_init ] --END-- [ RunTime:0.000104s ]
ERR: Êó†Ê≥ïÂä†ËΩΩÊ®°Âùó:Cgi-bin

[ 2016-05-19T02:04:36+08:00 ] 115.239.228.202 /cgi-bin/common/attr?id=260714&r=0.1922252031328777
INFO: [ app_init ] --START--
INFO: Run Behavior\BuildLiteBehavior [ RunTime:0.000012s ]
INFO: [ app_init ] --END-- [ RunTime:0.000104s ]
ERR: Êó†Ê≥ïÂä†ËΩΩÊ®°Âùó:Cgi-bin

[ 2016-05-19T02:54:45+08:00 ] 115.239.228.202 /cgi-bin/common/attr?id=260714&r=0.6230942331228399
INFO: [ app_init ] --START--
INFO: Run Behavior\BuildLiteBehavior [ RunTime:0.000012s ]
INFO: [ app_init ] --END-- [ RunTime:0.000103s ]
ERR: Êó†Ê≥ïÂä†ËΩΩÊ®°Âùó:Cgi-bin

[ 2016-05-19T03:15:08+08:00 ] 115.239.228.202 /cgi-bin/common/attr?id=260714&r=0.5035157348871904
INFO: [ app_init ] --START--
INFO: Run Behavior\BuildLiteBehavior [ RunTime:0.000013s ]
INFO: [ app_init ] --END-- [ RunTime:0.000103s ]
ERR: Êó†Ê≥ïÂä†ËΩΩÊ®°Âùó:Cgi-bin

[ 2016-05-19T04:05:10+08:00 ] 115.239.228.202 /cgi-bin/common/attr?id=260714&r=0.1461726076780130
INFO: [ app_init ] --START--
INFO: Run Behavior\BuildLiteBehavior [ RunTime:0.000013s ]
INFO: [ app_init ] --END-- [ RunTime:0.000104s ]
ERR: Êó†Ê≥ïÂä†ËΩΩÊ®°Âùó:Cgi-bin

[ 2016-05-19T04:24:48+08:00 ] 115.239.228.202 /cgi-bin/common/attr?id=260714&r=0.7736493197196456
INFO: [ app_init ] --START--
INFO: Run Behavior\BuildLiteBehavior [ RunTime:0.000013s ]
INFO: [ app_init ] --END-- [ RunTime:0.000104s ]
ERR: Êó†Ê≥ïÂä†ËΩΩÊ®°Âùó:Cgi-bin

[ 2016-05-19T04:51:28+08:00 ] 202.109.143.27 /computer/
INFO: [ app_init ] --START--
INFO: Run Behavior\BuildLiteBehavior [ RunTime:0.000013s ]
INFO: [ app_init ] --END-- [ RunTime:0.000104s ]
ERR: Êó†Ê≥ïÂä†ËΩΩÊ®°Âùó:Computer

[ 2016-05-19T05:15:38+08:00 ] 115.239.228.202 /cgi-bin/common/attr?id=260714&r=0.1500541416649780
INFO: [ app_init ] --START--
INFO: Run Behavior\BuildLiteBehavior [ RunTime:0.000012s ]
INFO: [ app_init ] --END-- [ RunTime:0.000102s ]
ERR: Êó†Ê≥ïÂä†ËΩΩÊ®°Âùó:Cgi-bin

[ 2016-05-19T05:35:58+08:00 ] 115.239.228.202 /cgi-bin/common/attr?id=260714&r=0.9466520790552989
INFO: [ app_init ] --START--
INFO: Run Behavior\BuildLiteBehavior [ RunTime:0.000013s ]
INFO: [ app_init ] --END-- [ RunTime:0.000103s ]
ERR: Êó†Ê≥ïÂä†ËΩΩÊ®°Âùó:Cgi-bin

[ 2016-05-19T05:40:23+08:00 ] 180.97.215.96 /manager/html
INFO: [ app_init ] --START--
INFO: Run Behavior\BuildLiteBehavior [ RunTime:0.000010s ]
INFO: [ app_init ] --END-- [ RunTime:0.000087s ]
ERR: Êó†Ê≥ïÂä†ËΩΩÊ®°Âùó:Manager

[ 2016-05-19T05:47:51+08:00 ] 180.97.215.96 /manager/html
INFO: [ app_init ] --START--
INFO: Run Behavior\BuildLiteBehavior [ RunTime:0.000014s ]
INFO: [ app_init ] --END-- [ RunTime:0.000103s ]
ERR: Êó†Ê≥ïÂä†ËΩΩÊ®°Âùó:Manager

[ 2016-05-19T06:26:02+08:00 ] 115.239.228.202 /cgi-bin/common/attr?id=260714&r=0.5120967516585325
INFO: [ app_init ] --START--
INFO: Run Behavior\BuildLiteBehavior [ RunTime:0.000013s ]
INFO: [ app_init ] --END-- [ RunTime:0.000104s ]
ERR: Êó†Ê≥ïÂä†ËΩΩÊ®°Âùó:Cgi-bin

[ 2016-05-19T06:45:37+08:00 ] 115.239.228.202 /cgi-bin/common/attr?id=260714&r=0.5046356029437386
INFO: [ app_init ] --START--
INFO: Run Behavior\BuildLiteBehavior [ RunTime:0.000013s ]
INFO: [ app_init ] --END-- [ RunTime:0.000103s ]
ERR: Êó†Ê≥ïÂä†ËΩΩÊ®°Âùó:Cgi-bin

[ 2016-05-19T07:36:27+08:00 ] 115.239.228.202 /cgi-bin/common/attr?id=260714&r=0.5124114192915270
INFO: [ app_init ] --START--
INFO: Run Behavior\BuildLiteBehavior [ RunTime:0.000012s ]
INFO: [ app_init ] --END-- [ RunTime:0.000102s ]
ERR: Êó†Ê≥ïÂä†ËΩΩÊ®°Âùó:Cgi-bin

[ 2016-05-19T07:56:00+08:00 ] 115.239.228.202 /cgi-bin/common/attr?id=260714&r=0.8324257447023784
INFO: [ app_init ] --START--
INFO: Run Behavior\BuildLiteBehavior [ RunTime:0.000011s ]
INFO: [ app_init ] --END-- [ RunTime:0.000087s ]
ERR: Êó†Ê≥ïÂä†ËΩΩÊ®°Âùó:Cgi-bin

[ 2016-05-19T08:27:14+08:00 ] 59.56.31.51 /invoker/JMXInvokerServlet
INFO: [ app_init ] --START--
INFO: Run Behavior\BuildLiteBehavior [ RunTime:0.000013s ]
INFO: [ app_init ] --END-- [ RunTime:0.000105s ]
ERR: Êó†Ê≥ïÂä†ËΩΩÊ®°Âùó:Invoker

[ 2016-05-19T08:27:14+08:00 ] 59.56.31.51 /zabbix/
INFO: [ app_init ] --START--
INFO: Run Behavior\BuildLiteBehavior [ RunTime:0.000009s ]
INFO: [ app_init ] --END-- [ RunTime:0.000082s ]
ERR: Êó†Ê≥ïÂä†ËΩΩÊ®°Âùó:Zabbix

[ 2016-05-19T08:27:14+08:00 ] 59.56.31.51 /.svn/entries/
INFO: [ app_init ] --START--
INFO: Run Behavior\BuildLiteBehavior [ RunTime:0.000010s ]
INFO: [ app_init ] --END-- [ RunTime:0.000081s ]
ERR: Êó†Ê≥ïÂä†ËΩΩÊ®°Âùó:.svn

[ 2016-05-19T08:46:55+08:00 ] 115.239.228.202 /cgi-bin/common/attr?id=260714&r=0.9646855830714798
INFO: [ app_init ] --START--
INFO: Run Behavior\BuildLiteBehavior [ RunTime:0.000013s ]
INFO: [ app_init ] --END-- [ RunTime:0.000104s ]
ERR: Êó†Ê≥ïÂä†ËΩΩÊ®°Âùó:Cgi-bin

[ 2016-05-19T09:06:29+08:00 ] 115.239.228.202 /cgi-bin/common/attr?id=260714&r=0.1631405851401835
INFO: [ app_init ] --START--
INFO: Run Behavior\BuildLiteBehavior [ RunTime:0.000012s ]
INFO: [ app_init ] --END-- [ RunTime:0.000104s ]
ERR: Êó†Ê≥ïÂä†ËΩΩÊ®°Âùó:Cgi-bin

[ 2016-05-19T09:57:23+08:00 ] 115.239.228.202 /cgi-bin/common/attr?id=260714&r=0.6651127743984983
INFO: [ app_init ] --START--
INFO: Run Behavior\BuildLiteBehavior [ RunTime:0.000013s ]
INFO: [ app_init ] --END-- [ RunTime:0.000104s ]
ERR: Êó†Ê≥ïÂä†ËΩΩÊ®°Âùó:Cgi-bin

[ 2016-05-19T10:16:42+08:00 ] 115.239.228.202 /cgi-bin/common/attr?id=260714&r=0.6197015109371986
INFO: [ app_init ] --START--
INFO: Run Behavior\BuildLiteBehavior [ RunTime:0.000013s ]
INFO: [ app_init ] --END-- [ RunTime:0.000103s ]
ERR: Êó†Ê≥ïÂä†ËΩΩÊ®°Âùó:Cgi-bin

[ 2016-05-19T11:07:56+08:00 ] 115.239.228.202 /cgi-bin/common/attr?id=260714&r=0.3301536475297072
INFO: [ app_init ] --START--
INFO: Run Behavior\BuildLiteBehavior [ RunTime:0.000012s ]
INFO: [ app_init ] --END-- [ RunTime:0.000098s ]
ERR: Êó†Ê≥ïÂä†ËΩΩÊ®°Âùó:Cgi-bin

[ 2016-05-19T11:28:28+08:00 ] 115.239.228.202 /cgi-bin/common/attr?id=260714&r=0.1835178194040156
INFO: [ app_init ] --START--
INFO: Run Behavior\BuildLiteBehavior [ RunTime:0.000013s ]
INFO: [ app_init ] --END-- [ RunTime:0.000109s ]
ERR: Êó†Ê≥ïÂä†ËΩΩÊ®°Âùó:Cgi-bin

[ 2016-05-19T11:51:21+08:00 ] 182.114.111.211 /css/css?family=Roboto:500,400
INFO: [ app_init ] --START--
INFO: Run Behavior\BuildLiteBehavior [ RunTime:0.000010s ]
INFO: [ app_init ] --END-- [ RunTime:0.000082s ]
ERR: Êó†Ê≥ïÂä†ËΩΩÊ®°Âùó:Css

[ 2016-05-19T11:54:10+08:00 ] 182.114.111.211 /css/css?family=Roboto:500,400
INFO: [ app_init ] --START--
INFO: Run Behavior\BuildLiteBehavior [ RunTime:0.000010s ]
INFO: [ app_init ] --END-- [ RunTime:0.000081s ]
ERR: Êó†Ê≥ïÂä†ËΩΩÊ®°Âùó:Css

[ 2016-05-19T11:54:15+08:00 ] 182.114.111.211 /css/css?family=Roboto:500,400
INFO: [ app_init ] --START--
INFO: Run Behavior\BuildLiteBehavior [ RunTime:0.000010s ]
INFO: [ app_init ] --END-- [ RunTime:0.000078s ]
ERR: Êó†Ê≥ïÂä†ËΩΩÊ®°Âùó:Css

[ 2016-05-19T12:58:12+08:00 ] 182.118.35.24 /robots.txt
INFO: [ app_init ] --START--
INFO: Run Behavior\BuildLiteBehavior [ RunTime:0.000013s ]
INFO: [ app_init ] --END-- [ RunTime:0.000105s ]
ERR: Êó†Ê≥ïÂä†ËΩΩÊ®°Âùó:Robots

[ 2016-05-19T13:46:48+08:00 ] 115.230.124.164 /cgi-bin/common/attr?id=260714&r=0.5446684416758093
INFO: [ app_init ] --START--
INFO: Run Behavior\BuildLiteBehavior [ RunTime:0.000013s ]
INFO: [ app_init ] --END-- [ RunTime:0.000105s ]
ERR: Êó†Ê≥ïÂä†ËΩΩÊ®°Âùó:Cgi-bin

[ 2016-05-19T13:54:25+08:00 ] 111.5.234.49 /css/css?family=Roboto:500,400
INFO: [ app_init ] --START--
INFO: Run Behavior\BuildLiteBehavior [ RunTime:0.000016s ]
INFO: [ app_init ] --END-- [ RunTime:0.000154s ]
ERR: Êó†Ê≥ïÂä†ËΩΩÊ®°Âùó:Css

[ 2016-05-19T13:55:13+08:00 ] 218.65.131.141 /css/css?family=Roboto:500,400
INFO: [ app_init ] --START--
INFO: Run Behavior\BuildLiteBehavior [ RunTime:0.000010s ]
INFO: [ app_init ] --END-- [ RunTime:0.000089s ]
ERR: Êó†Ê≥ïÂä†ËΩΩÊ®°Âùó:Css

[ 2016-05-19T14:19:05+08:00 ] 186.69.223.179 /%70%68%70%70%61%74%68/%70%68%70?%2D%64+%61%6C%6C%6F%77%5F%75%72%6C%5F%69%6E%63%6C%75%64%65%3D%6F%6E+%2D%64+%73%61%66%65%5F%6D%6F%64%65%3D%6F%66%66+%2D%64+%73%75%68%6F%73%69%6E%2E%73%69%6D%75%6C%61%74%69%6F%6E%3D%6F%6E+%2D%64+%64%69%73%61%62%6C%65%5F%66%75%6E%63%74%69%6F%6E%73%3D%22%22+%2D%64+%6F%70%65%6E%5F%62%61%73%65%64%69%72%3D%6E%6F%6E%65+%2D%64+%61%75%74%6F%5F%70%72%65%70%65%6E%64%5F%66%69%6C%65%3D%70%68%70%3A%2F%2F%69%6E%70%75%74+%2D%6E
INFO: [ app_init ] --START--
INFO: Run Behavior\BuildLiteBehavior [ RunTime:0.000013s ]
INFO: [ app_init ] --END-- [ RunTime:0.000104s ]
ERR: Êó†Ê≥ïÂä†ËΩΩÊ®°Âùó:Phppath

[ 2016-05-19T15:09:56+08:00 ] 61.158.148.51 /css/css?family=Roboto:500,400
INFO: [ app_init ] --START--
INFO: Run Behavior\BuildLiteBehavior [ RunTime:0.000010s ]
INFO: [ app_init ] --END-- [ RunTime:0.000086s ]
ERR: Êó†Ê≥ïÂä†ËΩΩÊ®°Âùó:Css

[ 2016-05-19T15:44:26+08:00 ] 211.103.82.173 /css/css?family=Roboto:500,400
INFO: [ app_init ] --START--
INFO: Run Behavior\BuildLiteBehavior [ RunTime:0.000010s ]
INFO: [ app_init ] --END-- [ RunTime:0.000083s ]
ERR: Êó†Ê≥ïÂä†ËΩΩÊ®°Âùó:Css

[ 2016-05-19T15:45:49+08:00 ] 117.136.36.75 /css/css?family=Roboto:500,400
INFO: [ app_init ] --START--
INFO: Run Behavior\BuildLiteBehavior [ RunTime:0.000010s ]
INFO: [ app_init ] --END-- [ RunTime:0.000082s ]
ERR: Êó†Ê≥ïÂä†ËΩΩÊ®°Âùó:Css

[ 2016-05-19T16:09:57+08:00 ] 1.195.248.190 /css/css?family=Roboto:500,400
INFO: [ app_init ] --START--
INFO: Run Behavior\BuildLiteBehavior [ RunTime:0.000010s ]
INFO: [ app_init ] --END-- [ RunTime:0.000084s ]
ERR: Êó†Ê≥ïÂä†ËΩΩÊ®°Âùó:Css

[ 2016-05-19T16:10:00+08:00 ] 101.226.33.240 /css/css?family=Roboto:500,400
INFO: [ app_init ] --START--
INFO: Run Behavior\BuildLiteBehavior [ RunTime:0.000013s ]
INFO: [ app_init ] --END-- [ RunTime:0.000104s ]
ERR: Êó†Ê≥ïÂä†ËΩΩÊ®°Âùó:Css

[ 2016-05-19T16:10:42+08:00 ] 1.195.248.190 /css/css?family=Roboto:500,400
INFO: [ app_init ] --START--
INFO: Run Behavior\BuildLiteBehavior [ RunTime:0.000010s ]
INFO: [ app_init ] --END-- [ RunTime:0.000083s ]
ERR: Êó†Ê≥ïÂä†ËΩΩÊ®°Âùó:Css

[ 2016-05-19T16:13:49+08:00 ] 115.230.124.164 /cgi-bin/common/attr?id=260714&r=0.0476965159894674
INFO: [ app_init ] --START--
INFO: Run Behavior\BuildLiteBehavior [ RunTime:0.000014s ]
INFO: [ app_init ] --END-- [ RunTime:0.000118s ]
ERR: Êó†Ê≥ïÂä†ËΩΩÊ®°Âùó:Cgi-bin

[ 2016-05-19T16:56:26+08:00 ] 1.195.248.190 /ahtml
INFO: [ app_init ] --START--
INFO: Run Behavior\BuildLiteBehavior [ RunTime:0.000011s ]
INFO: [ app_init ] --END-- [ RunTime:0.000097s ]
ERR: Êó†Ê≥ïÂä†ËΩΩÊ®°Âùó:Ahtml

[ 2016-05-19T16:56:26+08:00 ] 1.195.248.190 /a'dhtml
INFO: [ app_init ] --START--
INFO: Run Behavior\BuildLiteBehavior [ RunTime:0.000010s ]
INFO: [ app_init ] --END-- [ RunTime:0.000086s ]
ERR: Êó†Ê≥ïÂä†ËΩΩÊ®°Âùó:A\'dhtml

[ 2016-05-19T16:56:26+08:00 ] 1.195.248.190 /%B0%AE%B5%C4,html
INFO: [ app_init ] --START--
INFO: Run Behavior\BuildLiteBehavior [ RunTime:0.000010s ]
INFO: [ app_init ] --END-- [ RunTime:0.000083s ]
ERR: Êó†Ê≥ïÂä†ËΩΩÊ®°Âùó:∞Æµƒ,html

[ 2016-05-19T16:56:27+08:00 ] 1.195.248.190 /%B0%AE%B5%C4html
INFO: [ app_init ] --START--
INFO: Run Behavior\BuildLiteBehavior [ RunTime:0.000013s ]
INFO: [ app_init ] --END-- [ RunTime:0.000103s ]
ERR: Êó†Ê≥ïÂä†ËΩΩÊ®°Âùó:∞Æµƒhtml

[ 2016-05-19T16:56:27+08:00 ] 1.195.248.190 /%B0%AEhtml
INFO: [ app_init ] --START--
INFO: Run Behavior\BuildLiteBehavior [ RunTime:0.000010s ]
INFO: [ app_init ] --END-- [ RunTime:0.000082s ]
ERR: Êó†Ê≥ïÂä†ËΩΩÊ®°Âùó:∞Æhtml

[ 2016-05-19T16:56:27+08:00 ] 1.195.248.190 /html
INFO: [ app_init ] --START--
INFO: Run Behavior\BuildLiteBehavior [ RunTime:0.000011s ]
INFO: [ app_init ] --END-- [ RunTime:0.000090s ]
ERR: Êó†Ê≥ïÂä†ËΩΩÊ®°Âùó:Html

[ 2016-05-19T16:56:28+08:00 ] 1.195.248.190 /a'dhtml
INFO: [ app_init ] --START--
INFO: Run Behavior\BuildLiteBehavior [ RunTime:0.000011s ]
INFO: [ app_init ] --END-- [ RunTime:0.000086s ]
ERR: Êó†Ê≥ïÂä†ËΩΩÊ®°Âùó:A\'dhtml

[ 2016-05-19T16:56:28+08:00 ] 1.195.248.190 /a'd'mhtml
INFO: [ app_init ] --START--
INFO: Run Behavior\BuildLiteBehavior [ RunTime:0.000010s ]
INFO: [ app_init ] --END-- [ RunTime:0.000082s ]
ERR: Êó†Ê≥ïÂä†ËΩΩÊ®°Âùó:A\'d\'mhtml

[ 2016-05-19T16:56:29+08:00 ] 1.195.248.190 /admihtml
INFO: [ app_init ] --START--
INFO: Run Behavior\BuildLiteBehavior [ RunTime:0.000010s ]
INFO: [ app_init ] --END-- [ RunTime:0.000083s ]
ERR: Êó†Ê≥ïÂä†ËΩΩÊ®°Âùó:Admihtml

[ 2016-05-19T16:56:29+08:00 ] 1.195.248.190 /adminhtml
INFO: [ app_init ] --START--
INFO: Run Behavior\BuildLiteBehavior [ RunTime:0.000011s ]
INFO: [ app_init ] --END-- [ RunTime:0.000083s ]
ERR: Êó†Ê≥ïÂä†ËΩΩÊ®°Âùó:Adminhtml

[ 2016-05-19T16:56:29+08:00 ] 1.195.248.190 /a'd'minthtml
INFO: [ app_init ] --START--
INFO: Run Behavior\BuildLiteBehavior [ RunTime:0.000010s ]
INFO: [ app_init ] --END-- [ RunTime:0.000085s ]
ERR: Êó†Ê≥ïÂä†ËΩΩÊ®°Âùó:A\'d\'minthtml

[ 2016-05-19T16:56:29+08:00 ] 1.195.248.190 /a'd'min'tahtml
INFO: [ app_init ] --START--
INFO: Run Behavior\BuildLiteBehavior [ RunTime:0.000010s ]
INFO: [ app_init ] --END-- [ RunTime:0.000083s ]
ERR: Êó†Ê≥ïÂä†ËΩΩÊ®°Âùó:A\'d\'min\'tahtml

[ 2016-05-19T16:56:29+08:00 ] 1.195.248.190 /a'd'min'ta'thtml
INFO: [ app_init ] --START--
INFO: Run Behavior\BuildLiteBehavior [ RunTime:0.000010s ]
INFO: [ app_init ] --END-- [ RunTime:0.000082s ]
ERR: Êó†Ê≥ïÂä†ËΩΩÊ®°Âùó:A\'d\'min\'ta\'thtml

[ 2016-05-19T16:56:29+08:00 ] 1.195.248.190 /a'd'min'ta'tahtml
INFO: [ app_init ] --START--
INFO: Run Behavior\BuildLiteBehavior [ RunTime:0.000010s ]
INFO: [ app_init ] --END-- [ RunTime:0.000084s ]
ERR: Êó†Ê≥ïÂä†ËΩΩÊ®°Âùó:A\'d\'min\'ta\'tahtml

[ 2016-05-19T16:56:29+08:00 ] 1.195.248.190 /admintatahtml
INFO: [ app_init ] --START--
INFO: Run Behavior\BuildLiteBehavior [ RunTime:0.000010s ]
INFO: [ app_init ] --END-- [ RunTime:0.000083s ]
ERR: Êó†Ê≥ïÂä†ËΩΩÊ®°Âùó:Admintatahtml

[ 2016-05-19T16:56:30+08:00 ] 1.195.248.190 /admintata.html
INFO: [ app_init ] --START--
INFO: Run Behavior\BuildLiteBehavior [ RunTime:0.000011s ]
INFO: [ app_init ] --END-- [ RunTime:0.000098s ]
ERR: Êó†Ê≥ïÂä†ËΩΩÊ®°Âùó:Admintata

[ 2016-05-19T16:56:30+08:00 ] 1.195.248.190 /admintata.phtml
INFO: [ app_init ] --START--
INFO: Run Behavior\BuildLiteBehavior [ RunTime:0.000010s ]
INFO: [ app_init ] --END-- [ RunTime:0.000088s ]
ERR: Êó†Ê≥ïÂä†ËΩΩÊ®°Âùó:Admintata

[ 2016-05-19T16:56:31+08:00 ] 1.195.248.190 /admintata.p'hhtml
INFO: [ app_init ] --START--
INFO: Run Behavior\BuildLiteBehavior [ RunTime:0.000010s ]
INFO: [ app_init ] --END-- [ RunTime:0.000081s ]
ERR: Êó†Ê≥ïÂä†ËΩΩÊ®°Âùó:Admintata.p\'hhtml

[ 2016-05-19T16:56:31+08:00 ] 1.195.248.190 /admintata.p'h'phtml
INFO: [ app_init ] --START--
INFO: Run Behavior\BuildLiteBehavior [ RunTime:0.000009s ]
INFO: [ app_init ] --END-- [ RunTime:0.000082s ]
ERR: Êó†Ê≥ïÂä†ËΩΩÊ®°Âùó:Admintata.p\'h\'phtml

[ 2016-05-19T17:05:07+08:00 ] 1.195.248.190 /sl
INFO: [ app_init ] --START--
INFO: Run Behavior\BuildLiteBehavior [ RunTime:0.000011s ]
INFO: [ app_init ] --END-- [ RunTime:0.000087s ]
ERR: Êó†Ê≥ïÂä†ËΩΩÊ®°Âùó:Sl

[ 2016-05-19T17:05:07+08:00 ] 1.195.248.190 /snl
INFO: [ app_init ] --START--
INFO: Run Behavior\BuildLiteBehavior [ RunTime:0.000010s ]
INFO: [ app_init ] --END-- [ RunTime:0.000082s ]
ERR: Êó†Ê≥ïÂä†ËΩΩÊ®°Âùó:Snl

[ 2016-05-19T17:05:07+08:00 ] 1.195.248.190 /snal
INFO: [ app_init ] --START--
INFO: Run Behavior\BuildLiteBehavior [ RunTime:0.000010s ]
INFO: [ app_init ] --END-- [ RunTime:0.000082s ]
ERR: Êó†Ê≥ïÂä†ËΩΩÊ®°Âùó:Snal

[ 2016-05-19T17:05:08+08:00 ] 1.195.248.190 /snadl
INFO: [ app_init ] --START--
INFO: Run Behavior\BuildLiteBehavior [ RunTime:0.000011s ]
INFO: [ app_init ] --END-- [ RunTime:0.000090s ]
ERR: Êó†Ê≥ïÂä†ËΩΩÊ®°Âùó:Snadl

[ 2016-05-19T17:05:08+08:00 ] 1.195.248.190 /snadml
INFO: [ app_init ] --START--
INFO: Run Behavior\BuildLiteBehavior [ RunTime:0.000010s ]
INFO: [ app_init ] --END-- [ RunTime:0.000081s ]
ERR: Êó†Ê≥ïÂä†ËΩΩÊ®°Âùó:Snadml

[ 2016-05-19T17:05:08+08:00 ] 1.195.248.190 /snadmil
INFO: [ app_init ] --START--
INFO: Run Behavior\BuildLiteBehavior [ RunTime:0.000010s ]
INFO: [ app_init ] --END-- [ RunTime:0.000089s ]
ERR: Êó†Ê≥ïÂä†ËΩΩÊ®°Âùó:Snadmil

[ 2016-05-19T17:05:10+08:00 ] 1.195.248.190 /snadminl
INFO: [ app_init ] --START--
INFO: Run Behavior\BuildLiteBehavior [ RunTime:0.000010s ]
INFO: [ app_init ] --END-- [ RunTime:0.000083s ]
ERR: Êó†Ê≥ïÂä†ËΩΩÊ®°Âùó:Snadminl

[ 2016-05-19T17:05:56+08:00 ] 1.195.248.190 /a
INFO: [ app_init ] --START--
INFO: Run Behavior\BuildLiteBehavior [ RunTime:0.000011s ]
INFO: [ app_init ] --END-- [ RunTime:0.000086s ]
ERR: Êó†Ê≥ïÂä†ËΩΩÊ®°Âùó:A

[ 2016-05-19T17:05:57+08:00 ] 1.195.248.190 /ad
INFO: [ app_init ] --START--
INFO: Run Behavior\BuildLiteBehavior [ RunTime:0.000010s ]
INFO: [ app_init ] --END-- [ RunTime:0.000142s ]
ERR: Êó†Ê≥ïÂä†ËΩΩÊ®°Âùó:Ad

[ 2016-05-19T17:05:57+08:00 ] 1.195.248.190 /adm
INFO: [ app_init ] --START--
INFO: Run Behavior\BuildLiteBehavior [ RunTime:0.000009s ]
INFO: [ app_init ] --END-- [ RunTime:0.000082s ]
ERR: Êó†Ê≥ïÂä†ËΩΩÊ®°Âùó:Adm

[ 2016-05-19T17:05:57+08:00 ] 1.195.248.190 /admi
INFO: [ app_init ] --START--
INFO: Run Behavior\BuildLiteBehavior [ RunTime:0.000010s ]
INFO: [ app_init ] --END-- [ RunTime:0.000081s ]
ERR: Êó†Ê≥ïÂä†ËΩΩÊ®°Âùó:Admi

[ 2016-05-19T17:05:57+08:00 ] 1.195.248.190 /admin
INFO: [ app_init ] --START--
INFO: Run Behavior\BuildLiteBehavior [ RunTime:0.000011s ]
INFO: [ app_init ] --END-- [ RunTime:0.000088s ]
ERR: Êó†Ê≥ïÂä†ËΩΩÊ®°Âùó:Admin

[ 2016-05-19T17:05:57+08:00 ] 1.195.248.190 /admin.
INFO: [ app_init ] --START--
INFO: Run Behavior\BuildLiteBehavior [ RunTime:0.000010s ]
INFO: [ app_init ] --END-- [ RunTime:0.000082s ]
ERR: Êó†Ê≥ïÂä†ËΩΩÊ®°Âùó:Admin

[ 2016-05-19T17:05:57+08:00 ] 1.195.248.190 /admin.p
INFO: [ app_init ] --START--
INFO: Run Behavior\BuildLiteBehavior [ RunTime:0.000011s ]
INFO: [ app_init ] --END-- [ RunTime:0.000086s ]
ERR: Êó†Ê≥ïÂä†ËΩΩÊ®°Âùó:Admin

[ 2016-05-19T17:05:57+08:00 ] 1.195.248.190 /admin.pp
INFO: [ app_init ] --START--
INFO: Run Behavior\BuildLiteBehavior [ RunTime:0.000010s ]
INFO: [ app_init ] --END-- [ RunTime:0.000082s ]
ERR: Êó†Ê≥ïÂä†ËΩΩÊ®°Âùó:Admin

[ 2016-05-19T17:05:59+08:00 ] 1.195.248.190 /admin.ph
INFO: [ app_init ] --START--
INFO: Run Behavior\BuildLiteBehavior [ RunTime:0.000010s ]
INFO: [ app_init ] --END-- [ RunTime:0.000082s ]
ERR: Êó†Ê≥ïÂä†ËΩΩÊ®°Âùó:Admin

[ 2016-05-19T18:40:47+08:00 ] 115.230.124.164 /cgi-bin/common/attr?id=260714&r=0.2769044587532329
INFO: [ app_init ] --START--
INFO: Run Behavior\BuildLiteBehavior [ RunTime:0.000013s ]
INFO: [ app_init ] --END-- [ RunTime:0.000105s ]
ERR: Êó†Ê≥ïÂä†ËΩΩÊ®°Âùó:Cgi-bin

[ 2016-05-19T18:51:07+08:00 ] 1.195.246.175 /%22https://ss0.baidu.com/73x1bjeh1BF3odCf/it/u=1039000564,3294198518&fm=96&s=AAB34087CC5A6DDE0D8DBAB003007015/%22
INFO: [ app_init ] --START--
INFO: Run Behavior\BuildLiteBehavior [ RunTime:0.000010s ]
INFO: [ app_init ] --END-- [ RunTime:0.000092s ]
ERR: Êó†Ê≥ïÂä†ËΩΩÊ®°Âùó:\"https:

[ 2016-05-19T19:00:48+08:00 ] 1.195.246.175 /%22https://ss0.baidu.com/73x1bjeh1BF3odCf/it/u=1039000564,3294198518&fm=96&s=AAB34087CC5A6DDE0D8DBAB003007015/%22
INFO: [ app_init ] --START--
INFO: Run Behavior\BuildLiteBehavior [ RunTime:0.000011s ]
INFO: [ app_init ] --END-- [ RunTime:0.000089s ]
ERR: Êó†Ê≥ïÂä†ËΩΩÊ®°Âùó:\"https:

[ 2016-05-19T20:42:39+08:00 ] 211.95.58.7 /%22/Public/kindeditor/upload/image/20160519/20160519204050_83307.jpeg/%22
INFO: [ app_init ] --START--
INFO: Run Behavior\BuildLiteBehavior [ RunTime:0.000011s ]
INFO: [ app_init ] --END-- [ RunTime:0.000096s ]
ERR: Êó†Ê≥ïÂä†ËΩΩÊ®°Âùó:\"

[ 2016-05-19T20:44:14+08:00 ] 211.95.58.7 /%22/Public/kindeditor/upload/image/20160519/20160519204050_83307.jpeg/%22
INFO: [ app_init ] --START--
INFO: Run Behavior\BuildLiteBehavior [ RunTime:0.000012s ]
INFO: [ app_init ] --END-- [ RunTime:0.000107s ]
ERR: Êó†Ê≥ïÂä†ËΩΩÊ®°Âùó:\"

[ 2016-05-19T20:45:14+08:00 ] 211.95.58.7 /%22//%22/Public/kindeditor/upload/image/20160519/20160519204050_83307.jpeg//%22/%22
INFO: [ app_init ] --START--
INFO: Run Behavior\BuildLiteBehavior [ RunTime:0.000010s ]
INFO: [ app_init ] --END-- [ RunTime:0.000086s ]
ERR: Êó†Ê≥ïÂä†ËΩΩÊ®°Âùó:\"

[ 2016-05-19T20:45:18+08:00 ] 211.95.58.7 /%22//%22////%22/Public/kindeditor/upload/image/20160519/20160519204050_83307.jpeg////%22//%22/%22
INFO: [ app_init ] --START--
INFO: Run Behavior\BuildLiteBehavior [ RunTime:0.000012s ]
INFO: [ app_init ] --END-- [ RunTime:0.000090s ]
ERR: Êó†Ê≥ïÂä†ËΩΩÊ®°Âùó:\"

[ 2016-05-19T20:45:47+08:00 ] 59.56.31.51 /invoker/JMXInvokerServlet
INFO: [ app_init ] --START--
INFO: Run Behavior\BuildLiteBehavior [ RunTime:0.000013s ]
INFO: [ app_init ] --END-- [ RunTime:0.000105s ]
ERR: Êó†Ê≥ïÂä†ËΩΩÊ®°Âùó:Invoker

[ 2016-05-19T20:45:47+08:00 ] 59.56.31.51 /zabbix/
INFO: [ app_init ] --START--
INFO: Run Behavior\BuildLiteBehavior [ RunTime:0.000010s ]
INFO: [ app_init ] --END-- [ RunTime:0.000082s ]
ERR: Êó†Ê≥ïÂä†ËΩΩÊ®°Âùó:Zabbix

[ 2016-05-19T20:45:47+08:00 ] 59.56.31.51 /.svn/entries/
INFO: [ app_init ] --START--
INFO: Run Behavior\BuildLiteBehavior [ RunTime:0.000010s ]
INFO: [ app_init ] --END-- [ RunTime:0.000081s ]
ERR: Êó†Ê≥ïÂä†ËΩΩÊ®°Âùó:.svn

[ 2016-05-19T20:45:48+08:00 ] 211.95.58.7 /%22//%22////%22/Public/kindeditor/upload/image/20160519/20160519204050_83307.jpeg////%22//%22/%22
INFO: [ app_init ] --START--
INFO: Run Behavior\BuildLiteBehavior [ RunTime:0.000011s ]
INFO: [ app_init ] --END-- [ RunTime:0.000087s ]
ERR: Êó†Ê≥ïÂä†ËΩΩÊ®°Âùó:\"

[ 2016-05-19T20:46:29+08:00 ] 211.95.58.7 /%22/Public/kindeditor/upload/image/20160519/20160519204627_58422.jpeg/%22
INFO: [ app_init ] --START--
INFO: Run Behavior\BuildLiteBehavior [ RunTime:0.000010s ]
INFO: [ app_init ] --END-- [ RunTime:0.000092s ]
ERR: Êó†Ê≥ïÂä†ËΩΩÊ®°Âùó:\"

[ 2016-05-19T20:49:04+08:00 ] 211.95.58.7 /%22//%22////%22/Public/kindeditor/upload/image/20160519/20160519204050_83307.jpeg////%22//%22/%22
INFO: [ app_init ] --START--
INFO: Run Behavior\BuildLiteBehavior [ RunTime:0.000013s ]
INFO: [ app_init ] --END-- [ RunTime:0.000105s ]
ERR: Êó†Ê≥ïÂä†ËΩΩÊ®°Âùó:\"

[ 2016-05-19T20:49:27+08:00 ] 211.95.58.7 /%22//%22////%22/Public/kindeditor/upload/image/20160519/20160519204050_83307.jpeg////%22//%22/%22
INFO: [ app_init ] --START--
INFO: Run Behavior\BuildLiteBehavior [ RunTime:0.000011s ]
INFO: [ app_init ] --END-- [ RunTime:0.000094s ]
ERR: Êó†Ê≥ïÂä†ËΩΩÊ®°Âùó:\"

[ 2016-05-19T20:52:15+08:00 ] 116.247.112.151 /%22//%22////%22/Public/kindeditor/upload/image/20160519/20160519204050_83307.jpeg////%22//%22/%22
INFO: [ app_init ] --START--
INFO: Run Behavior\BuildLiteBehavior [ RunTime:0.000017s ]
INFO: [ app_init ] --END-- [ RunTime:0.000158s ]
ERR: Êó†Ê≥ïÂä†ËΩΩÊ®°Âùó:"

[ 2016-05-19T20:52:16+08:00 ] 116.247.112.151 /%22//%22////%22/Public/kindeditor/upload/image/20160519/20160519204050_83307.jpeg////%22//%22/%22
INFO: [ app_init ] --START--
INFO: Run Behavior\BuildLiteBehavior [ RunTime:0.000016s ]
INFO: [ app_init ] --END-- [ RunTime:0.000150s ]
ERR: Êó†Ê≥ïÂä†ËΩΩÊ®°Âùó:"

[ 2016-05-19T20:52:23+08:00 ] 116.247.112.151 /%22//%22////%22/Public/kindeditor/upload/image/20160519/20160519204050_83307.jpeg////%22//%22/%22
INFO: [ app_init ] --START--
INFO: Run Behavior\BuildLiteBehavior [ RunTime:0.000011s ]
INFO: [ app_init ] --END-- [ RunTime:0.000087s ]
ERR: Êó†Ê≥ïÂä†ËΩΩÊ®°Âùó:"

[ 2016-05-19T21:09:04+08:00 ] 115.230.124.164 /cgi-bin/common/attr?id=260714&r=0.0090936954002299
INFO: [ app_init ] --START--
INFO: Run Behavior\BuildLiteBehavior [ RunTime:0.000013s ]
INFO: [ app_init ] --END-- [ RunTime:0.000106s ]
ERR: Êó†Ê≥ïÂä†ËΩΩÊ®°Âùó:Cgi-bin

[ 2016-05-19T21:29:32+08:00 ] 115.48.179.53 /css/css?family=Roboto:500,400
INFO: [ app_init ] --START--
INFO: Run Behavior\BuildLiteBehavior [ RunTime:0.000010s ]
INFO: [ app_init ] --END-- [ RunTime:0.000080s ]
ERR: Êó†Ê≥ïÂä†ËΩΩÊ®°Âùó:Css

[ 2016-05-19T22:15:25+08:00 ] 61.135.169.42 /-22/Public/kindeditor/upload/image/20160519/20160519204627_58422.jpeg/-22
INFO: [ app_init ] --START--
INFO: Run Behavior\BuildLiteBehavior [ RunTime:0.000012s ]
INFO: [ app_init ] --END-- [ RunTime:0.000098s ]
ERR: Êó†Ê≥ïÂä†ËΩΩÊ®°Âùó:-22

[ 2016-05-19T23:38:52+08:00 ] 78.186.120.24 /index.html?1271646149
INFO: [ app_init ] --START--
INFO: Run Behavior\BuildLiteBehavior [ RunTime:0.000011s ]
INFO: [ app_init ] --END-- [ RunTime:0.000081s ]
ERR: Êó†Ê≥ïÂä†ËΩΩÊ®°Âùó:Index

[ 2016-05-19T23:38:52+08:00 ] 189.91.25.147 /index.html?821516189
INFO: [ app_init ] --START--
INFO: Run Behavior\BuildLiteBehavior [ RunTime:0.000010s ]
INFO: [ app_init ] --END-- [ RunTime:0.000076s ]
ERR: Êó†Ê≥ïÂä†ËΩΩÊ®°Âùó:Index

[ 2016-05-19T23:38:52+08:00 ] 187.66.17.246 /index.html?-982868229
INFO: [ app_init ] --START--
INFO: Run Behavior\BuildLiteBehavior [ RunTime:0.000011s ]
INFO: [ app_init ] --END-- [ RunTime:0.000084s ]
ERR: Êó†Ê≥ïÂä†ËΩΩÊ®°Âùó:Index

[ 2016-05-19T23:38:52+08:00 ] 81.174.138.2 /index.html?1958616033
INFO: [ app_init ] --START--
INFO: Run Behavior\BuildLiteBehavior [ RunTime:0.000010s ]
INFO: [ app_init ] --END-- [ RunTime:0.000076s ]
ERR: Êó†Ê≥ïÂä†ËΩΩÊ®°Âùó:Index

[ 2016-05-19T23:38:52+08:00 ] 5.198.124.245 /index.html?729784901
INFO: [ app_init ] --START--
INFO: Run Behavior\BuildLiteBehavior [ RunTime:0.000010s ]
INFO: [ app_init ] --END-- [ RunTime:0.000074s ]
ERR: Êó†Ê≥ïÂä†ËΩΩÊ®°Âùó:Index

[ 2016-05-19T23:38:52+08:00 ] 82.78.35.3 /index.html?-127736046
INFO: [ app_init ] --START--
INFO: Run Behavior\BuildLiteBehavior [ RunTime:0.000010s ]
INFO: [ app_init ] --END-- [ RunTime:0.000077s ]
ERR: Êó†Ê≥ïÂä†ËΩΩÊ®°Âùó:Index

[ 2016-05-19T23:38:52+08:00 ] 82.78.35.3 /index.html?898562276
INFO: [ app_init ] --START--
INFO: Run Behavior\BuildLiteBehavior [ RunTime:0.000009s ]
INFO: [ app_init ] --END-- [ RunTime:0.000082s ]
ERR: Êó†Ê≥ïÂä†ËΩΩÊ®°Âùó:Index

[ 2016-05-19T23:38:52+08:00 ] 78.25.89.165 /index.html?-1224536223
INFO: [ app_init ] --START--
INFO: Run Behavior\BuildLiteBehavior [ RunTime:0.000009s ]
INFO: [ app_init ] --END-- [ RunTime:0.000080s ]
ERR: Êó†Ê≥ïÂä†ËΩΩÊ®°Âùó:Index

[ 2016-05-19T23:38:52+08:00 ] 89.136.79.194 /index.html?1975106629
INFO: [ app_init ] --START--
INFO: Run Behavior\BuildLiteBehavior [ RunTime:0.000010s ]
INFO: [ app_init ] --END-- [ RunTime:0.000075s ]
ERR: Êó†Ê≥ïÂä†ËΩΩÊ®°Âùó:Index

[ 2016-05-19T23:38:52+08:00 ] 89.136.79.194 /index.html?1975069065
INFO: [ app_init ] --START--
INFO: Run Behavior\BuildLiteBehavior [ RunTime:0.000010s ]
INFO: [ app_init ] --END-- [ RunTime:0.000075s ]
ERR: Êó†Ê≥ïÂä†ËΩΩÊ®°Âùó:Index

[ 2016-05-19T23:38:52+08:00 ] 89.136.79.194 /index.html?1059822753
INFO: [ app_init ] --START--
INFO: Run Behavior\BuildLiteBehavior [ RunTime:0.000009s ]
INFO: [ app_init ] --END-- [ RunTime:0.000075s ]
ERR: Êó†Ê≥ïÂä†ËΩΩÊ®°Âùó:Index

[ 2016-05-19T23:38:52+08:00 ] 189.126.41.161 /index.html?727662535
INFO: [ app_init ] --START--
INFO: Run Behavior\BuildLiteBehavior [ RunTime:0.000011s ]
INFO: [ app_init ] --END-- [ RunTime:0.000080s ]
ERR: Êó†Ê≥ïÂä†ËΩΩÊ®°Âùó:Index

[ 2016-05-19T23:38:54+08:00 ] 82.78.35.3 /index.html?1064574599
INFO: [ app_init ] --START--
INFO: Run Behavior\BuildLiteBehavior [ RunTime:0.000009s ]
INFO: [ app_init ] --END-- [ RunTime:0.000074s ]
ERR: Êó†Ê≥ïÂä†ËΩΩÊ®°Âùó:Index

[ 2016-05-19T23:38:55+08:00 ] 89.136.79.194 /index.html?1975125411
INFO: [ app_init ] --START--
INFO: Run Behavior\BuildLiteBehavior [ RunTime:0.000010s ]
INFO: [ app_init ] --END-- [ RunTime:0.000076s ]
ERR: Êó†Ê≥ïÂä†ËΩΩÊ®°Âùó:Index

[ 2016-05-19T23:38:57+08:00 ] 82.78.35.3 /index.html?239673131
INFO: [ app_init ] --START--
INFO: Run Behavior\BuildLiteBehavior [ RunTime:0.000010s ]
INFO: [ app_init ] --END-- [ RunTime:0.000075s ]
ERR: Êó†Ê≥ïÂä†ËΩΩÊ®°Âùó:Index

[ 2016-05-19T23:38:57+08:00 ] 82.78.35.3 /index.html?1282908131
INFO: [ app_init ] --START--
INFO: Run Behavior\BuildLiteBehavior [ RunTime:0.000009s ]
INFO: [ app_init ] --END-- [ RunTime:0.000074s ]
ERR: Êó†Ê≥ïÂä†ËΩΩÊ®°Âùó:Index

[ 2016-05-19T23:38:57+08:00 ] 82.78.35.3 /index.html?898599840
INFO: [ app_init ] --START--
INFO: Run Behavior\BuildLiteBehavior [ RunTime:0.000009s ]
INFO: [ app_init ] --END-- [ RunTime:0.000074s ]
ERR: Êó†Ê≥ïÂä†ËΩΩÊ®°Âùó:Index

[ 2016-05-19T23:38:57+08:00 ] 82.78.35.3 /index.html?607126796
INFO: [ app_init ] --START--
INFO: Run Behavior\BuildLiteBehavior [ RunTime:0.000010s ]
INFO: [ app_init ] --END-- [ RunTime:0.000086s ]
ERR: Êó†Ê≥ïÂä†ËΩΩÊ®°Âùó:Index

[ 2016-05-19T23:38:57+08:00 ] 5.2.147.213 /index.html?614996454
INFO: [ app_init ] --START--
INFO: Run Behavior\BuildLiteBehavior [ RunTime:0.000010s ]
INFO: [ app_init ] --END-- [ RunTime:0.000077s ]
ERR: Êó†Ê≥ïÂä†ËΩΩÊ®°Âùó:Index

[ 2016-05-19T23:38:57+08:00 ] 189.78.147.236 /index.html?69080533
INFO: [ app_init ] --START--
INFO: Run Behavior\BuildLiteBehavior [ RunTime:0.000010s ]
INFO: [ app_init ] --END-- [ RunTime:0.000077s ]
ERR: Êó†Ê≥ïÂä†ËΩΩÊ®°Âùó:Index

[ 2016-05-19T23:39:01+08:00 ] 5.2.208.101 /index.html?1907228481
INFO: [ app_init ] --START--
INFO: Run Behavior\BuildLiteBehavior [ RunTime:0.000015s ]
INFO: [ app_init ] --END-- [ RunTime:0.000116s ]
ERR: Êó†Ê≥ïÂä†ËΩΩÊ®°Âùó:Index

[ 2016-05-19T23:39:01+08:00 ] 5.2.208.101 /index.html?1283002041
INFO: [ app_init ] --START--
INFO: Run Behavior\BuildLiteBehavior [ RunTime:0.000013s ]
INFO: [ app_init ] --END-- [ RunTime:0.000107s ]
ERR: Êó†Ê≥ïÂä†ËΩΩÊ®°Âùó:Index

[ 2016-05-19T23:39:01+08:00 ] 82.78.35.3 /index.html?1903378171
INFO: [ app_init ] --START--
INFO: Run Behavior\BuildLiteBehavior [ RunTime:0.000009s ]
INFO: [ app_init ] --END-- [ RunTime:0.000077s ]
ERR: Êó†Ê≥ïÂä†ËΩΩÊ®°Âùó:Index

[ 2016-05-19T23:39:02+08:00 ] 5.2.147.213 /index.html?1263712927
INFO: [ app_init ] --START--
INFO: Run Behavior\BuildLiteBehavior [ RunTime:0.000014s ]
INFO: [ app_init ] --END-- [ RunTime:0.000102s ]
ERR: Êó†Ê≥ïÂä†ËΩΩÊ®°Âùó:Index

[ 2016-05-19T23:39:02+08:00 ] 84.1.145.131 /index.html?665144394
INFO: [ app_init ] --START--
INFO: Run Behavior\BuildLiteBehavior [ RunTime:0.000019s ]
INFO: [ app_init ] --END-- [ RunTime:0.000132s ]
ERR: Êó†Ê≥ïÂä†ËΩΩÊ®°Âùó:Index

[ 2016-05-19T23:39:02+08:00 ] 84.1.145.131 /index.html?1941392939
INFO: [ app_init ] --START--
INFO: Run Behavior\BuildLiteBehavior [ RunTime:0.000014s ]
INFO: [ app_init ] --END-- [ RunTime:0.000115s ]
ERR: Êó†Ê≥ïÂä†ËΩΩÊ®°Âùó:Index

[ 2016-05-19T23:39:02+08:00 ] 5.2.147.213 /index.html?246660035
INFO: [ app_init ] --START--
INFO: Run Behavior\BuildLiteBehavior [ RunTime:0.000015s ]
INFO: [ app_init ] --END-- [ RunTime:0.000118s ]
ERR: Êó†Ê≥ïÂä†ËΩΩÊ®°Âùó:Index

[ 2016-05-19T23:39:02+08:00 ] 82.78.35.3 /index.html?-127416752
INFO: [ app_init ] --START--
INFO: Run Behavior\BuildLiteBehavior [ RunTime:0.000015s ]
INFO: [ app_init ] --END-- [ RunTime:0.000120s ]
ERR: Êó†Ê≥ïÂä†ËΩΩÊ®°Âùó:Index

[ 2016-05-19T23:39:02+08:00 ] 5.2.208.101 /index.html?1070115289
INFO: [ app_init ] --START--
INFO: Run Behavior\BuildLiteBehavior [ RunTime:0.000015s ]
INFO: [ app_init ] --END-- [ RunTime:0.000118s ]
ERR: Êó†Ê≥ïÂä†ËΩΩÊ®°Âùó:Index

[ 2016-05-19T23:39:02+08:00 ] 187.5.18.125 /index.html?682665384
INFO: [ app_init ] --START--
INFO: Run Behavior\BuildLiteBehavior [ RunTime:0.000011s ]
INFO: [ app_init ] --END-- [ RunTime:0.000082s ]
ERR: Êó†Ê≥ïÂä†ËΩΩÊ®°Âùó:Index

[ 2016-05-19T23:39:02+08:00 ] 84.1.145.131 /index.html?1359839203
INFO: [ app_init ] --START--
INFO: Run Behavior\BuildLiteBehavior [ RunTime:0.000016s ]
INFO: [ app_init ] --END-- [ RunTime:0.000124s ]
ERR: Êó†Ê≥ïÂä†ËΩΩÊ®°Âùó:Index

[ 2016-05-19T23:39:02+08:00 ] 36.71.11.206 /index.html?1108167621
INFO: [ app_init ] --START--
INFO: Run Behavior\BuildLiteBehavior [ RunTime:0.000017s ]
INFO: [ app_init ] --END-- [ RunTime:0.000181s ]
ERR: Êó†Ê≥ïÂä†ËΩΩÊ®°Âùó:Index

[ 2016-05-19T23:39:02+08:00 ] 190.15.80.46 /index.html?268883449
INFO: [ app_init ] --START--
INFO: Run Behavior\BuildLiteBehavior [ RunTime:0.000017s ]
INFO: [ app_init ] --END-- [ RunTime:0.000127s ]
ERR: Êó†Ê≥ïÂä†ËΩΩÊ®°Âùó:Index

[ 2016-05-19T23:39:02+08:00 ] 187.76.198.43 /index.html?469959234
INFO: [ app_init ] --START--
INFO: Run Behavior\BuildLiteBehavior [ RunTime:0.000010s ]
INFO: [ app_init ] --END-- [ RunTime:0.000086s ]
ERR: Êó†Ê≥ïÂä†ËΩΩÊ®°Âùó:Index

[ 2016-05-19T23:39:02+08:00 ] 187.76.198.43 /index.html?1064856328
INFO: [ app_init ] --START--
INFO: Run Behavior\BuildLiteBehavior [ RunTime:0.000016s ]
INFO: [ app_init ] --END-- [ RunTime:0.000126s ]
ERR: Êó†Ê≥ïÂä†ËΩΩÊ®°Âùó:Index

[ 2016-05-19T23:39:02+08:00 ] 85.109.64.138 /index.html?348819641
INFO: [ app_init ] --START--
INFO: Run Behavior\BuildLiteBehavior [ RunTime:0.000010s ]
INFO: [ app_init ] --END-- [ RunTime:0.000082s ]
ERR: Êó†Ê≥ïÂä†ËΩΩÊ®°Âùó:Index

[ 2016-05-19T23:39:02+08:00 ] 85.159.52.239 /index.html?2035509541
INFO: [ app_init ] --START--
INFO: Run Behavior\BuildLiteBehavior [ RunTime:0.000023s ]
INFO: [ app_init ] --END-- [ RunTime:0.000275s ]
ERR: Êó†Ê≥ïÂä†ËΩΩÊ®°Âùó:Index

