[ 2016-05-23T23:57:03+08:00 ] 117.80.194.15 /Home/Index/home_ddxx_pcz/id/63/
INFO: [ app_init ] --START--
INFO: Run Behavior\BuildLiteBehavior [ RunTime:0.000013s ]
INFO: [ app_init ] --END-- [ RunTime:0.000102s ]
INFO: [ app_begin ] --START--
INFO: Run Behavior\ReadHtmlCacheBehavior [ RunTime:0.000054s ]
INFO: [ app_begin ] --END-- [ RunTime:0.000101s ]
SQL: SHOW COLUMNS FROM `ot_system` [ RunTime:0.0015s ]
SQL: SELECT * FROM `ot_system` WHERE `SYS_ID` = 1 LIMIT 1   [ RunTime:0.0009s ]
SQL: SHOW COLUMNS FROM `ot_user` [ RunTime:0.0018s ]
SQL: SELECT * FROM `ot_user` WHERE `UE_account` = '2341' LIMIT 1   [ RunTime:0.0009s ]
SQL: SELECT `UE_account` FROM `ot_user` WHERE `UE_accName` IN ('2341')  [ RunTime:0.0005s ]
SQL: SHOW COLUMNS FROM `ot_ppdd` [ RunTime:0.0008s ]
SQL: SELECT sum(jb) as jb FROM `ot_ppdd` WHERE `p_user` = '2341' AND `zt` = 2 LIMIT 1   [ RunTime:0.0003s ]
SQL: SELECT `UE_account` FROM `ot_user` WHERE `UE_accName` = '2341'  [ RunTime:0.0003s ]
NOTIC: [8] Undefined variable: levelname /usr/local/nginx/html/www/User/Home/Common/function.php 第 915 行.
SQL: UPDATE `ot_user` SET `levelname`='普通会员' WHERE `UE_account` = '2341' [ RunTime:0.0003s ]
SQL: SELECT * FROM `ot_user` WHERE `UE_ID` = 174 LIMIT 1   [ RunTime:0.0009s ]
INFO: [ view_parse ] --START--
INFO: [ template_filter ] --START--
INFO: Run Behavior\ContentReplaceBehavior [ RunTime:0.000080s ]
INFO: [ template_filter ] --END-- [ RunTime:0.000127s ]
INFO: Run Behavior\ParseTemplateBehavior [ RunTime:0.005435s ]
INFO: [ view_parse ] --END-- [ RunTime:0.005482s ]
INFO: [ view_filter ] --START--
INFO: Run Behavior\WriteHtmlCacheBehavior [ RunTime:0.000052s ]
INFO: [ view_filter ] --END-- [ RunTime:0.000092s ]
INFO: [ app_end ] --START--
INFO: Run Behavior\ShowPageTraceBehavior [ RunTime:0.000070s ]
INFO: [ app_end ] --END-- [ RunTime:0.000133s ]

[ 2016-05-23T23:57:04+08:00 ] 114.111.166.63 /Home/Index/reg.html
INFO: [ app_init ] --START--
INFO: Run Behavior\BuildLiteBehavior [ RunTime:0.000011s ]
INFO: [ app_init ] --END-- [ RunTime:0.000096s ]
INFO: [ app_begin ] --START--
INFO: Run Behavior\ReadHtmlCacheBehavior [ RunTime:0.000058s ]
INFO: [ app_begin ] --END-- [ RunTime:0.000110s ]
SQL: SHOW COLUMNS FROM `ot_system` [ RunTime:0.0014s ]
SQL: SELECT * FROM `ot_system` WHERE `SYS_ID` = 1 LIMIT 1   [ RunTime:0.0009s ]
SQL: SHOW COLUMNS FROM `ot_user` [ RunTime:0.0017s ]
SQL: SELECT * FROM `ot_user` WHERE `UE_account` = '83546' LIMIT 1   [ RunTime:0.0010s ]
SQL: SELECT `UE_account` FROM `ot_user` WHERE `UE_accName` IN ('83546')  [ RunTime:0.0004s ]
SQL: SELECT `UE_account` FROM `ot_user` WHERE `UE_accName` IN ('2341')  [ RunTime:0.0003s ]
SQL: SHOW COLUMNS FROM `ot_ppdd` [ RunTime:0.0009s ]
SQL: SELECT sum(jb) as jb FROM `ot_ppdd` WHERE `p_user` = '83546' AND `zt` = 2 LIMIT 1   [ RunTime:0.0003s ]
SQL: SELECT `UE_account` FROM `ot_user` WHERE `UE_accName` = '83546'  [ RunTime:0.0004s ]
SQL: SELECT `p_user`,sum(jb) as jb FROM `ot_ppdd` WHERE `p_user` IN ('2341') AND `zt` = 2 GROUP BY p_user  [ RunTime:0.0003s ]
SQL: SELECT `p_user`,sum(jb) as jb FROM `ot_ppdd` WHERE `p_user` IN ('2341') AND `zt` = 2 GROUP BY p_user  [ RunTime:0.0005s ]
NOTIC: [8] Undefined variable: levelname /usr/local/nginx/html/www/User/Home/Common/function.php 第 915 行.
SQL: UPDATE `ot_user` SET `levelname`='普通会员' WHERE `UE_account` = '83546' [ RunTime:0.0004s ]
SQL: SELECT * FROM `ot_user` WHERE `UE_ID` = 173 LIMIT 1   [ RunTime:0.0010s ]
SQL: SELECT COUNT(*) AS tp_count FROM `ot_user` WHERE `zcr` = '83546' LIMIT 1   [ RunTime:0.0005s ]
NOTIC: [2] Missing argument 2 for Think\Crypt::decrypt(), called in /usr/local/nginx/html/www/User/Home/Common/function.php on line 600 and defined /usr/local/nginx/html/www/ThinkPHP/Library/Think/Crypt.class.php 第 91 行.
NOTIC: [8] Undefined variable: key /usr/local/nginx/html/www/ThinkPHP/Library/Think/Crypt.class.php 第 101 行.
NOTIC: [2] Missing argument 2 for Think\Crypt::encrypt(), called in /usr/local/nginx/html/www/User/Home/Common/function.php on line 794 and defined /usr/local/nginx/html/www/ThinkPHP/Library/Think/Crypt.class.php 第 63 行.
NOTIC: [8] Undefined variable: key /usr/local/nginx/html/www/ThinkPHP/Library/Think/Crypt.class.php 第 73 行.
SQL: SELECT * FROM `ot_user` WHERE `zcr` = '83546' ORDER BY UE_ID DESC LIMIT 0,20   [ RunTime:0.0008s ]
SQL: SHOW COLUMNS FROM `ot_pin` [ RunTime:0.0010s ]
SQL: SELECT * FROM `ot_pin` WHERE `user` = '83546' AND `zt` = '0' LIMIT 1   [ RunTime:0.0006s ]
INFO: [ view_parse ] --START--
INFO: [ template_filter ] --START--
INFO: Run Behavior\ContentReplaceBehavior [ RunTime:0.000152s ]
INFO: [ template_filter ] --END-- [ RunTime:0.000203s ]
INFO: Run Behavior\ParseTemplateBehavior [ RunTime:0.009117s ]
INFO: [ view_parse ] --END-- [ RunTime:0.009177s ]
INFO: [ view_filter ] --START--
INFO: Run Behavior\WriteHtmlCacheBehavior [ RunTime:0.000053s ]
INFO: [ view_filter ] --END-- [ RunTime:0.000095s ]
INFO: [ app_end ] --START--
INFO: Run Behavior\ShowPageTraceBehavior [ RunTime:0.000079s ]
INFO: [ app_end ] --END-- [ RunTime:0.000139s ]

[ 2016-05-23T23:57:07+08:00 ] 115.48.176.14 /Home/Reg/logout.html
INFO: [ app_init ] --START--
INFO: Run Behavior\BuildLiteBehavior [ RunTime:0.000013s ]
INFO: [ app_init ] --END-- [ RunTime:0.000111s ]
INFO: [ app_begin ] --START--
INFO: Run Behavior\ReadHtmlCacheBehavior [ RunTime:0.000059s ]
INFO: [ app_begin ] --END-- [ RunTime:0.000106s ]

[ 2016-05-23T23:57:07+08:00 ] 115.48.176.14 /Home/Login/index.html
INFO: [ app_init ] --START--
INFO: Run Behavior\BuildLiteBehavior [ RunTime:0.000010s ]
INFO: [ app_init ] --END-- [ RunTime:0.000086s ]
INFO: [ app_begin ] --START--
INFO: Run Behavior\ReadHtmlCacheBehavior [ RunTime:0.000050s ]
INFO: [ app_begin ] --END-- [ RunTime:0.000096s ]
INFO: [ view_parse ] --START--
INFO: [ template_filter ] --START--
INFO: Run Behavior\ContentReplaceBehavior [ RunTime:0.000058s ]
INFO: [ template_filter ] --END-- [ RunTime:0.000107s ]
INFO: Run Behavior\ParseTemplateBehavior [ RunTime:0.003314s ]
INFO: [ view_parse ] --END-- [ RunTime:0.003364s ]
INFO: [ view_filter ] --START--
INFO: Run Behavior\WriteHtmlCacheBehavior [ RunTime:0.000051s ]
INFO: [ view_filter ] --END-- [ RunTime:0.000092s ]
INFO: [ app_end ] --START--
INFO: Run Behavior\ShowPageTraceBehavior [ RunTime:0.000067s ]
INFO: [ app_end ] --END-- [ RunTime:0.000128s ]

[ 2016-05-23T23:57:08+08:00 ] 117.80.194.15 /Home/Index/home_ddxx_pcz_cl/
INFO: [ app_init ] --START--
INFO: Run Behavior\BuildLiteBehavior [ RunTime:0.000010s ]
INFO: [ app_init ] --END-- [ RunTime:0.000085s ]
INFO: [ app_begin ] --START--
INFO: Run Behavior\ReadHtmlCacheBehavior [ RunTime:0.000051s ]
INFO: [ app_begin ] --END-- [ RunTime:0.000099s ]
SQL: SHOW COLUMNS FROM `ot_system` [ RunTime:0.0015s ]
SQL: SELECT * FROM `ot_system` WHERE `SYS_ID` = 1 LIMIT 1   [ RunTime:0.0007s ]
SQL: SHOW COLUMNS FROM `ot_user` [ RunTime:0.0017s ]
SQL: SELECT * FROM `ot_user` WHERE `UE_account` = '2341' LIMIT 1   [ RunTime:0.0010s ]
SQL: SELECT `UE_account` FROM `ot_user` WHERE `UE_accName` IN ('2341')  [ RunTime:0.0004s ]
SQL: SHOW COLUMNS FROM `ot_ppdd` [ RunTime:0.0009s ]
SQL: SELECT sum(jb) as jb FROM `ot_ppdd` WHERE `p_user` = '2341' AND `zt` = 2 LIMIT 1   [ RunTime:0.0004s ]
SQL: SELECT `UE_account` FROM `ot_user` WHERE `UE_accName` = '2341'  [ RunTime:0.0005s ]
NOTIC: [8] Undefined variable: levelname /usr/local/nginx/html/www/User/Home/Common/function.php 第 915 行.
SQL: UPDATE `ot_user` SET `levelname`='普通会员' WHERE `UE_account` = '2341' [ RunTime:0.0005s ]
SQL: SELECT * FROM `ot_user` WHERE `UE_ID` = 174 LIMIT 1   [ RunTime:0.0011s ]
SQL: SELECT * FROM `ot_ppdd` WHERE `id` = 63 AND `zt` = 0 LIMIT 1   [ RunTime:0.0006s ]

[ 2016-05-23T23:57:09+08:00 ] 115.48.176.14 /Home/Reg/forgot.html
INFO: [ app_init ] --START--
INFO: Run Behavior\BuildLiteBehavior [ RunTime:0.000010s ]
INFO: [ app_init ] --END-- [ RunTime:0.000089s ]
INFO: [ app_begin ] --START--
INFO: Run Behavior\ReadHtmlCacheBehavior [ RunTime:0.000059s ]
INFO: [ app_begin ] --END-- [ RunTime:0.000105s ]
INFO: [ view_parse ] --START--
INFO: [ template_filter ] --START--
INFO: Run Behavior\ContentReplaceBehavior [ RunTime:0.000057s ]
INFO: [ template_filter ] --END-- [ RunTime:0.000107s ]
INFO: Run Behavior\ParseTemplateBehavior [ RunTime:0.004569s ]
INFO: [ view_parse ] --END-- [ RunTime:0.004617s ]
INFO: [ view_filter ] --START--
INFO: Run Behavior\WriteHtmlCacheBehavior [ RunTime:0.000059s ]
INFO: [ view_filter ] --END-- [ RunTime:0.000100s ]
INFO: [ app_end ] --START--
INFO: Run Behavior\ShowPageTraceBehavior [ RunTime:0.000063s ]
INFO: [ app_end ] --END-- [ RunTime:0.000122s ]

[ 2016-05-23T23:57:09+08:00 ] 115.48.176.14 /Home/Login/verify.html
INFO: [ app_init ] --START--
INFO: Run Behavior\BuildLiteBehavior [ RunTime:0.000010s ]
INFO: [ app_init ] --END-- [ RunTime:0.000082s ]
INFO: [ app_begin ] --START--
INFO: Run Behavior\ReadHtmlCacheBehavior [ RunTime:0.000053s ]
INFO: [ app_begin ] --END-- [ RunTime:0.000100s ]
INFO: [ app_end ] --START--
INFO: Run Behavior\ShowPageTraceBehavior [ RunTime:0.000059s ]
INFO: [ app_end ] --END-- [ RunTime:0.000109s ]

[ 2016-05-23T23:57:12+08:00 ] 114.111.166.63 /
INFO: [ app_init ] --START--
INFO: Run Behavior\BuildLiteBehavior [ RunTime:0.000014s ]
INFO: [ app_init ] --END-- [ RunTime:0.000105s ]
INFO: [ app_begin ] --START--
INFO: Run Behavior\ReadHtmlCacheBehavior [ RunTime:0.000055s ]
INFO: [ app_begin ] --END-- [ RunTime:0.000101s ]
SQL: SHOW COLUMNS FROM `ot_system` [ RunTime:0.0017s ]
SQL: SELECT * FROM `ot_system` WHERE `SYS_ID` = 1 LIMIT 1   [ RunTime:0.0008s ]
SQL: SHOW COLUMNS FROM `ot_user` [ RunTime:0.0018s ]
SQL: SELECT * FROM `ot_user` WHERE `UE_account` = '83546' LIMIT 1   [ RunTime:0.0009s ]
SQL: SELECT `UE_account` FROM `ot_user` WHERE `UE_accName` IN ('83546')  [ RunTime:0.0004s ]
SQL: SELECT `UE_account` FROM `ot_user` WHERE `UE_accName` IN ('2341')  [ RunTime:0.0003s ]
SQL: SHOW COLUMNS FROM `ot_ppdd` [ RunTime:0.0009s ]
SQL: SELECT sum(jb) as jb FROM `ot_ppdd` WHERE `p_user` = '83546' AND `zt` = 2 LIMIT 1   [ RunTime:0.0006s ]
SQL: SELECT `UE_account` FROM `ot_user` WHERE `UE_accName` = '83546'  [ RunTime:0.0005s ]
SQL: SELECT `p_user`,sum(jb) as jb FROM `ot_ppdd` WHERE `p_user` IN ('2341') AND `zt` = 2 GROUP BY p_user  [ RunTime:0.0006s ]
SQL: SELECT `p_user`,sum(jb) as jb FROM `ot_ppdd` WHERE `p_user` IN ('2341') AND `zt` = 2 GROUP BY p_user  [ RunTime:0.0006s ]
NOTIC: [8] Undefined variable: levelname /usr/local/nginx/html/www/User/Home/Common/function.php 第 915 行.
SQL: UPDATE `ot_user` SET `levelname`='普通会员' WHERE `UE_account` = '83546' [ RunTime:0.0005s ]
SQL: SELECT * FROM `ot_user` WHERE `UE_ID` = 173 LIMIT 1   [ RunTime:0.0011s ]

[ 2016-05-23T23:57:13+08:00 ] 114.111.166.63 /Home/Index/home.html
INFO: [ app_init ] --START--
INFO: Run Behavior\BuildLiteBehavior [ RunTime:0.000011s ]
INFO: [ app_init ] --END-- [ RunTime:0.000085s ]
INFO: [ app_begin ] --START--
INFO: Run Behavior\ReadHtmlCacheBehavior [ RunTime:0.000053s ]
INFO: [ app_begin ] --END-- [ RunTime:0.000100s ]
SQL: SHOW COLUMNS FROM `ot_system` [ RunTime:0.0015s ]
SQL: SELECT * FROM `ot_system` WHERE `SYS_ID` = 1 LIMIT 1   [ RunTime:0.0008s ]
SQL: SHOW COLUMNS FROM `ot_user` [ RunTime:0.0018s ]
SQL: SELECT * FROM `ot_user` WHERE `UE_account` = '83546' LIMIT 1   [ RunTime:0.0010s ]
SQL: SELECT `UE_account` FROM `ot_user` WHERE `UE_accName` IN ('83546')  [ RunTime:0.0005s ]
SQL: SELECT `UE_account` FROM `ot_user` WHERE `UE_accName` IN ('2341')  [ RunTime:0.0003s ]
SQL: SHOW COLUMNS FROM `ot_ppdd` [ RunTime:0.0009s ]
SQL: SELECT sum(jb) as jb FROM `ot_ppdd` WHERE `p_user` = '83546' AND `zt` = 2 LIMIT 1   [ RunTime:0.0003s ]
SQL: SELECT `UE_account` FROM `ot_user` WHERE `UE_accName` = '83546'  [ RunTime:0.0003s ]
SQL: SELECT `p_user`,sum(jb) as jb FROM `ot_ppdd` WHERE `p_user` IN ('2341') AND `zt` = 2 GROUP BY p_user  [ RunTime:0.0003s ]
SQL: SELECT `p_user`,sum(jb) as jb FROM `ot_ppdd` WHERE `p_user` IN ('2341') AND `zt` = 2 GROUP BY p_user  [ RunTime:0.0003s ]
NOTIC: [8] Undefined variable: levelname /usr/local/nginx/html/www/User/Home/Common/function.php 第 915 行.
SQL: UPDATE `ot_user` SET `levelname`='普通会员' WHERE `UE_account` = '83546' [ RunTime:0.0003s ]
SQL: SELECT * FROM `ot_user` WHERE `UE_ID` = 173 LIMIT 1   [ RunTime:0.0009s ]
SQL: SHOW COLUMNS FROM `ot_tgbz` [ RunTime:0.0010s ]
SQL: SELECT COUNT(*) AS tp_count FROM `ot_tgbz` WHERE `user` = '83546' LIMIT 1   [ RunTime:0.0004s ]
SQL: SELECT * FROM `ot_tgbz` WHERE `user` = '83546' ORDER BY id DESC LIMIT 0,100   [ RunTime:0.0004s ]
NOTIC: [8] Undefined variable: p_value /usr/local/nginx/html/www/User/Home/Controller/IndexController.class.php 第 65 行.
NOTIC: [8] Undefined variable: jjdktime /usr/local/nginx/html/www/User/Home/Controller/IndexController.class.php 第 66 行.
NOTIC: [8] Undefined variable: p_value /usr/local/nginx/html/www/User/Home/Controller/IndexController.class.php 第 65 行.
NOTIC: [8] Undefined variable: jjdktime /usr/local/nginx/html/www/User/Home/Controller/IndexController.class.php 第 66 行.
NOTIC: [8] Undefined variable: p_value /usr/local/nginx/html/www/User/Home/Controller/IndexController.class.php 第 65 行.
NOTIC: [8] Undefined variable: jjdktime /usr/local/nginx/html/www/User/Home/Controller/IndexController.class.php 第 66 行.
NOTIC: [8] Undefined variable: p_value /usr/local/nginx/html/www/User/Home/Controller/IndexController.class.php 第 65 行.
NOTIC: [8] Undefined variable: jjdktime /usr/local/nginx/html/www/User/Home/Controller/IndexController.class.php 第 66 行.
SQL: SHOW COLUMNS FROM `ot_jsbz` [ RunTime:0.0010s ]
SQL: SELECT COUNT(*) AS tp_count FROM `ot_jsbz` WHERE `user` = '83546' LIMIT 1   [ RunTime:0.0004s ]
SQL: SELECT * FROM `ot_jsbz` WHERE `user` = '83546' ORDER BY id DESC LIMIT 0,100   [ RunTime:0.0004s ]
SQL: SELECT * FROM `ot_jsbz` WHERE `user` = '83546' LIMIT 1   [ RunTime:0.0003s ]
SQL: SELECT COUNT(*) AS tp_count FROM `ot_ppdd` WHERE `p_user` = '83546' LIMIT 1   [ RunTime:0.0003s ]
SQL: SELECT * FROM `ot_ppdd` WHERE `p_user` = '83546' ORDER BY id DESC LIMIT 0,100   [ RunTime:0.0404s ]
SQL: SELECT COUNT(*) AS tp_count FROM `ot_ppdd` WHERE `g_user` = '83546' LIMIT 1   [ RunTime:0.0005s ]
SQL: SELECT * FROM `ot_ppdd` WHERE `g_user` = '83546' ORDER BY id DESC LIMIT 0,100   [ RunTime:0.0007s ]
INFO: [ view_parse ] --START--
INFO: [ template_filter ] --START--
INFO: Run Behavior\ContentReplaceBehavior [ RunTime:0.000284s ]
INFO: [ template_filter ] --END-- [ RunTime:0.000340s ]
INFO: Run Behavior\ParseTemplateBehavior [ RunTime:0.036058s ]
INFO: [ view_parse ] --END-- [ RunTime:0.036109s ]
INFO: [ view_filter ] --START--
INFO: Run Behavior\WriteHtmlCacheBehavior [ RunTime:0.000054s ]
INFO: [ view_filter ] --END-- [ RunTime:0.000097s ]
INFO: [ app_end ] --START--
INFO: Run Behavior\ShowPageTraceBehavior [ RunTime:0.000076s ]
INFO: [ app_end ] --END-- [ RunTime:0.000145s ]

[ 2016-05-23T23:57:15+08:00 ] 114.111.166.63 /Home/Reg/logout.html
INFO: [ app_init ] --START--
INFO: Run Behavior\BuildLiteBehavior [ RunTime:0.000013s ]
INFO: [ app_init ] --END-- [ RunTime:0.000100s ]
INFO: [ app_begin ] --START--
INFO: Run Behavior\ReadHtmlCacheBehavior [ RunTime:0.000053s ]
INFO: [ app_begin ] --END-- [ RunTime:0.000100s ]

[ 2016-05-23T23:57:15+08:00 ] 114.111.166.63 /Home/Login/index.html
INFO: [ app_init ] --START--
INFO: Run Behavior\BuildLiteBehavior [ RunTime:0.000010s ]
INFO: [ app_init ] --END-- [ RunTime:0.000085s ]
INFO: [ app_begin ] --START--
INFO: Run Behavior\ReadHtmlCacheBehavior [ RunTime:0.000056s ]
INFO: [ app_begin ] --END-- [ RunTime:0.000102s ]
INFO: [ view_parse ] --START--
INFO: [ template_filter ] --START--
INFO: Run Behavior\ContentReplaceBehavior [ RunTime:0.000059s ]
INFO: [ template_filter ] --END-- [ RunTime:0.000107s ]
INFO: Run Behavior\ParseTemplateBehavior [ RunTime:0.003280s ]
INFO: [ view_parse ] --END-- [ RunTime:0.003328s ]
INFO: [ view_filter ] --START--
INFO: Run Behavior\WriteHtmlCacheBehavior [ RunTime:0.000052s ]
INFO: [ view_filter ] --END-- [ RunTime:0.000092s ]
INFO: [ app_end ] --START--
INFO: Run Behavior\ShowPageTraceBehavior [ RunTime:0.000062s ]
INFO: [ app_end ] --END-- [ RunTime:0.000133s ]

[ 2016-05-23T23:57:18+08:00 ] 114.111.166.63 /Home/Reg/forgot.html
INFO: [ app_init ] --START--
INFO: Run Behavior\BuildLiteBehavior [ RunTime:0.000014s ]
INFO: [ app_init ] --END-- [ RunTime:0.000101s ]
INFO: [ app_begin ] --START--
INFO: Run Behavior\ReadHtmlCacheBehavior [ RunTime:0.000054s ]
INFO: [ app_begin ] --END-- [ RunTime:0.000101s ]
INFO: [ view_parse ] --START--
INFO: [ template_filter ] --START--
INFO: Run Behavior\ContentReplaceBehavior [ RunTime:0.000060s ]
INFO: [ template_filter ] --END-- [ RunTime:0.000109s ]
INFO: Run Behavior\ParseTemplateBehavior [ RunTime:0.004718s ]
INFO: [ view_parse ] --END-- [ RunTime:0.004765s ]
INFO: [ view_filter ] --START--
INFO: Run Behavior\WriteHtmlCacheBehavior [ RunTime:0.000054s ]
INFO: [ view_filter ] --END-- [ RunTime:0.000101s ]
INFO: [ app_end ] --START--
INFO: Run Behavior\ShowPageTraceBehavior [ RunTime:0.000064s ]
INFO: [ app_end ] --END-- [ RunTime:0.000126s ]

[ 2016-05-23T23:57:18+08:00 ] 114.111.166.63 /Home/Login/verify.html
INFO: [ app_init ] --START--
INFO: Run Behavior\BuildLiteBehavior [ RunTime:0.000016s ]
INFO: [ app_init ] --END-- [ RunTime:0.000089s ]
INFO: [ app_begin ] --START--
INFO: Run Behavior\ReadHtmlCacheBehavior [ RunTime:0.000053s ]
INFO: [ app_begin ] --END-- [ RunTime:0.000100s ]
INFO: [ app_end ] --START--
INFO: Run Behavior\ShowPageTraceBehavior [ RunTime:0.000058s ]
INFO: [ app_end ] --END-- [ RunTime:0.000108s ]

[ 2016-05-23T23:57:26+08:00 ] 115.48.176.14 /Home/Reg/forgotcl.html
INFO: [ app_init ] --START--
INFO: Run Behavior\BuildLiteBehavior [ RunTime:0.000014s ]
INFO: [ app_init ] --END-- [ RunTime:0.000166s ]
INFO: [ app_begin ] --START--
INFO: Run Behavior\ReadHtmlCacheBehavior [ RunTime:0.000063s ]
INFO: [ app_begin ] --END-- [ RunTime:0.000111s ]
SQL: SHOW COLUMNS FROM `ot_user` [ RunTime:0.0022s ]
SQL: SELECT * FROM `ot_user` WHERE `UE_account` = '' LIMIT 1   [ RunTime:0.0010s ]
INFO: [ view_parse ] --START--
INFO: [ template_filter ] --START--
INFO: Run Behavior\ContentReplaceBehavior [ RunTime:0.000033s ]
INFO: [ template_filter ] --END-- [ RunTime:0.000079s ]
INFO: Run Behavior\ParseTemplateBehavior [ RunTime:0.001865s ]
INFO: [ view_parse ] --END-- [ RunTime:0.001915s ]
INFO: [ view_filter ] --START--
INFO: Run Behavior\WriteHtmlCacheBehavior [ RunTime:0.000052s ]
INFO: [ view_filter ] --END-- [ RunTime:0.000093s ]

[ 2016-05-23T23:57:45+08:00 ] 114.111.166.63 /Home/Index/home.html?aj=1&type=check_login&uid=82662186
INFO: [ app_init ] --START--
INFO: Run Behavior\BuildLiteBehavior [ RunTime:0.000014s ]
INFO: [ app_init ] --END-- [ RunTime:0.000106s ]
INFO: [ app_begin ] --START--
INFO: Run Behavior\ReadHtmlCacheBehavior [ RunTime:0.000056s ]
INFO: [ app_begin ] --END-- [ RunTime:0.000100s ]
SQL: SHOW COLUMNS FROM `ot_system` [ RunTime:0.0016s ]
SQL: SELECT * FROM `ot_system` WHERE `SYS_ID` = 1 LIMIT 1   [ RunTime:0.0009s ]
NOTIC: [8] Undefined index: uname /usr/local/nginx/html/www/User/Home/Controller/CommonController.class.php 第 53 行.

[ 2016-05-23T23:57:46+08:00 ] 114.111.166.63 /Home/Login/index.html
INFO: [ app_init ] --START--
INFO: Run Behavior\BuildLiteBehavior [ RunTime:0.000010s ]
INFO: [ app_init ] --END-- [ RunTime:0.000085s ]
INFO: [ app_begin ] --START--
INFO: Run Behavior\ReadHtmlCacheBehavior [ RunTime:0.000052s ]
INFO: [ app_begin ] --END-- [ RunTime:0.000094s ]
INFO: [ view_parse ] --START--
INFO: [ template_filter ] --START--
INFO: Run Behavior\ContentReplaceBehavior [ RunTime:0.000059s ]
INFO: [ template_filter ] --END-- [ RunTime:0.000103s ]
INFO: Run Behavior\ParseTemplateBehavior [ RunTime:0.003305s ]
INFO: [ view_parse ] --END-- [ RunTime:0.003350s ]
INFO: [ view_filter ] --START--
INFO: Run Behavior\WriteHtmlCacheBehavior [ RunTime:0.000053s ]
INFO: [ view_filter ] --END-- [ RunTime:0.000089s ]
INFO: [ app_end ] --START--
INFO: Run Behavior\ShowPageTraceBehavior [ RunTime:0.000060s ]
INFO: [ app_end ] --END-- [ RunTime:0.000116s ]

[ 2016-05-23T23:58:11+08:00 ] 117.80.194.15 /Home/Index/home_ddxx_pcz/id/63/
INFO: [ app_init ] --START--
INFO: Run Behavior\BuildLiteBehavior [ RunTime:0.000013s ]
INFO: [ app_init ] --END-- [ RunTime:0.000100s ]
INFO: [ app_begin ] --START--
INFO: Run Behavior\ReadHtmlCacheBehavior [ RunTime:0.000054s ]
INFO: [ app_begin ] --END-- [ RunTime:0.000100s ]
SQL: SHOW COLUMNS FROM `ot_system` [ RunTime:0.0018s ]
SQL: SELECT * FROM `ot_system` WHERE `SYS_ID` = 1 LIMIT 1   [ RunTime:0.0012s ]
SQL: SHOW COLUMNS FROM `ot_user` [ RunTime:0.0017s ]
SQL: SELECT * FROM `ot_user` WHERE `UE_account` = '2341' LIMIT 1   [ RunTime:0.0011s ]
SQL: SELECT `UE_account` FROM `ot_user` WHERE `UE_accName` IN ('2341')  [ RunTime:0.0004s ]
SQL: SHOW COLUMNS FROM `ot_ppdd` [ RunTime:0.0011s ]
SQL: SELECT sum(jb) as jb FROM `ot_ppdd` WHERE `p_user` = '2341' AND `zt` = 2 LIMIT 1   [ RunTime:0.0004s ]
SQL: SELECT `UE_account` FROM `ot_user` WHERE `UE_accName` = '2341'  [ RunTime:0.0005s ]
NOTIC: [8] Undefined variable: levelname /usr/local/nginx/html/www/User/Home/Common/function.php 第 915 行.
SQL: UPDATE `ot_user` SET `levelname`='普通会员' WHERE `UE_account` = '2341' [ RunTime:0.0004s ]
SQL: SELECT * FROM `ot_user` WHERE `UE_ID` = 174 LIMIT 1   [ RunTime:0.0009s ]
INFO: [ view_parse ] --START--
INFO: [ template_filter ] --START--
INFO: Run Behavior\ContentReplaceBehavior [ RunTime:0.000087s ]
INFO: [ template_filter ] --END-- [ RunTime:0.000139s ]
INFO: Run Behavior\ParseTemplateBehavior [ RunTime:0.005551s ]
INFO: [ view_parse ] --END-- [ RunTime:0.005600s ]
INFO: [ view_filter ] --START--
INFO: Run Behavior\WriteHtmlCacheBehavior [ RunTime:0.000052s ]
INFO: [ view_filter ] --END-- [ RunTime:0.000093s ]
INFO: [ app_end ] --START--
INFO: Run Behavior\ShowPageTraceBehavior [ RunTime:0.000070s ]
INFO: [ app_end ] --END-- [ RunTime:0.000134s ]

[ 2016-05-23T23:58:18+08:00 ] 117.80.194.15 /Home/Index/home.html
INFO: [ app_init ] --START--
INFO: Run Behavior\BuildLiteBehavior [ RunTime:0.000011s ]
INFO: [ app_init ] --END-- [ RunTime:0.000089s ]
INFO: [ app_begin ] --START--
INFO: Run Behavior\ReadHtmlCacheBehavior [ RunTime:0.000053s ]
INFO: [ app_begin ] --END-- [ RunTime:0.000100s ]
SQL: SHOW COLUMNS FROM `ot_system` [ RunTime:0.0016s ]
SQL: SELECT * FROM `ot_system` WHERE `SYS_ID` = 1 LIMIT 1   [ RunTime:0.0010s ]
SQL: SHOW COLUMNS FROM `ot_user` [ RunTime:0.0018s ]
SQL: SELECT * FROM `ot_user` WHERE `UE_account` = '2341' LIMIT 1   [ RunTime:0.0010s ]
SQL: SELECT `UE_account` FROM `ot_user` WHERE `UE_accName` IN ('2341')  [ RunTime:0.0005s ]
SQL: SHOW COLUMNS FROM `ot_ppdd` [ RunTime:0.0009s ]
SQL: SELECT sum(jb) as jb FROM `ot_ppdd` WHERE `p_user` = '2341' AND `zt` = 2 LIMIT 1   [ RunTime:0.0004s ]
SQL: SELECT `UE_account` FROM `ot_user` WHERE `UE_accName` = '2341'  [ RunTime:0.0004s ]
NOTIC: [8] Undefined variable: levelname /usr/local/nginx/html/www/User/Home/Common/function.php 第 915 行.
SQL: UPDATE `ot_user` SET `levelname`='普通会员' WHERE `UE_account` = '2341' [ RunTime:0.0004s ]
SQL: SELECT * FROM `ot_user` WHERE `UE_ID` = 174 LIMIT 1   [ RunTime:0.0011s ]
SQL: SHOW COLUMNS FROM `ot_tgbz` [ RunTime:0.0012s ]
SQL: SELECT COUNT(*) AS tp_count FROM `ot_tgbz` WHERE `user` = '2341' LIMIT 1   [ RunTime:0.0004s ]
SQL: SELECT * FROM `ot_tgbz` WHERE `user` = '2341' ORDER BY id DESC LIMIT 0,100   [ RunTime:0.0006s ]
NOTIC: [8] Undefined variable: p_value /usr/local/nginx/html/www/User/Home/Controller/IndexController.class.php 第 65 行.
NOTIC: [8] Undefined variable: jjdktime /usr/local/nginx/html/www/User/Home/Controller/IndexController.class.php 第 66 行.
NOTIC: [8] Undefined variable: p_value /usr/local/nginx/html/www/User/Home/Controller/IndexController.class.php 第 65 行.
NOTIC: [8] Undefined variable: jjdktime /usr/local/nginx/html/www/User/Home/Controller/IndexController.class.php 第 66 行.
SQL: SHOW COLUMNS FROM `ot_jsbz` [ RunTime:0.0011s ]
SQL: SELECT COUNT(*) AS tp_count FROM `ot_jsbz` WHERE `user` = '2341' LIMIT 1   [ RunTime:0.0004s ]
SQL: SELECT * FROM `ot_jsbz` WHERE `user` = '2341' ORDER BY id DESC LIMIT 0,100   [ RunTime:0.0005s ]
SQL: SELECT * FROM `ot_jsbz` WHERE `user` = '2341' LIMIT 1   [ RunTime:0.0004s ]
SQL: SELECT COUNT(*) AS tp_count FROM `ot_ppdd` WHERE `p_user` = '2341' LIMIT 1   [ RunTime:0.0004s ]
SQL: SELECT * FROM `ot_ppdd` WHERE `p_user` = '2341' ORDER BY id DESC LIMIT 0,100   [ RunTime:0.0006s ]
SQL: SELECT COUNT(*) AS tp_count FROM `ot_ppdd` WHERE `g_user` = '2341' LIMIT 1   [ RunTime:0.0005s ]
SQL: SELECT * FROM `ot_ppdd` WHERE `g_user` = '2341' ORDER BY id DESC LIMIT 0,100   [ RunTime:0.0005s ]
INFO: [ view_parse ] --START--
INFO: [ template_filter ] --START--
INFO: Run Behavior\ContentReplaceBehavior [ RunTime:0.000245s ]
INFO: [ template_filter ] --END-- [ RunTime:0.000297s ]
INFO: Run Behavior\ParseTemplateBehavior [ RunTime:0.035345s ]
INFO: [ view_parse ] --END-- [ RunTime:0.035397s ]
INFO: [ view_filter ] --START--
INFO: Run Behavior\WriteHtmlCacheBehavior [ RunTime:0.000053s ]
INFO: [ view_filter ] --END-- [ RunTime:0.000096s ]
INFO: [ app_end ] --START--
INFO: Run Behavior\ShowPageTraceBehavior [ RunTime:0.000067s ]
INFO: [ app_end ] --END-- [ RunTime:0.000130s ]

[ 2016-05-23T23:58:19+08:00 ] 115.48.176.14 /Home/Index/home.html?aj=1&type=check_login&uid=82662186
INFO: [ app_init ] --START--
INFO: Run Behavior\BuildLiteBehavior [ RunTime:0.000013s ]
INFO: [ app_init ] --END-- [ RunTime:0.000103s ]
INFO: [ app_begin ] --START--
INFO: Run Behavior\ReadHtmlCacheBehavior [ RunTime:0.000055s ]
INFO: [ app_begin ] --END-- [ RunTime:0.000098s ]
SQL: SHOW COLUMNS FROM `ot_system` [ RunTime:0.0015s ]
SQL: SELECT * FROM `ot_system` WHERE `SYS_ID` = 1 LIMIT 1   [ RunTime:0.0008s ]
NOTIC: [8] Undefined index: uname /usr/local/nginx/html/www/User/Home/Controller/CommonController.class.php 第 53 行.

[ 2016-05-23T23:58:19+08:00 ] 115.48.176.14 /Home/Login/index.html
INFO: [ app_init ] --START--
INFO: Run Behavior\BuildLiteBehavior [ RunTime:0.000011s ]
INFO: [ app_init ] --END-- [ RunTime:0.000082s ]
INFO: [ app_begin ] --START--
INFO: Run Behavior\ReadHtmlCacheBehavior [ RunTime:0.000051s ]
INFO: [ app_begin ] --END-- [ RunTime:0.000093s ]
INFO: [ view_parse ] --START--
INFO: [ template_filter ] --START--
INFO: Run Behavior\ContentReplaceBehavior [ RunTime:0.000058s ]
INFO: [ template_filter ] --END-- [ RunTime:0.000101s ]
INFO: Run Behavior\ParseTemplateBehavior [ RunTime:0.003320s ]
INFO: [ view_parse ] --END-- [ RunTime:0.003364s ]
INFO: [ view_filter ] --START--
INFO: Run Behavior\WriteHtmlCacheBehavior [ RunTime:0.000052s ]
INFO: [ view_filter ] --END-- [ RunTime:0.000088s ]
INFO: [ app_end ] --START--
INFO: Run Behavior\ShowPageTraceBehavior [ RunTime:0.000060s ]
INFO: [ app_end ] --END-- [ RunTime:0.000115s ]

[ 2016-05-23T23:58:38+08:00 ] 115.48.176.14 /Home/Index/home.html?aj=1&type=check_login&uid=82662186
INFO: [ app_init ] --START--
INFO: Run Behavior\BuildLiteBehavior [ RunTime:0.000013s ]
INFO: [ app_init ] --END-- [ RunTime:0.000111s ]
INFO: [ app_begin ] --START--
INFO: Run Behavior\ReadHtmlCacheBehavior [ RunTime:0.000064s ]
INFO: [ app_begin ] --END-- [ RunTime:0.000107s ]
SQL: SHOW COLUMNS FROM `ot_system` [ RunTime:0.0015s ]
SQL: SELECT * FROM `ot_system` WHERE `SYS_ID` = 1 LIMIT 1   [ RunTime:0.0010s ]
NOTIC: [8] Undefined index: uname /usr/local/nginx/html/www/User/Home/Controller/CommonController.class.php 第 53 行.

[ 2016-05-23T23:58:38+08:00 ] 115.48.176.14 /Home/Login/index.html
INFO: [ app_init ] --START--
INFO: Run Behavior\BuildLiteBehavior [ RunTime:0.000010s ]
INFO: [ app_init ] --END-- [ RunTime:0.000083s ]
INFO: [ app_begin ] --START--
INFO: Run Behavior\ReadHtmlCacheBehavior [ RunTime:0.000054s ]
INFO: [ app_begin ] --END-- [ RunTime:0.000097s ]
INFO: [ view_parse ] --START--
INFO: [ template_filter ] --START--
INFO: Run Behavior\ContentReplaceBehavior [ RunTime:0.000057s ]
INFO: [ template_filter ] --END-- [ RunTime:0.000102s ]
INFO: Run Behavior\ParseTemplateBehavior [ RunTime:0.003255s ]
INFO: [ view_parse ] --END-- [ RunTime:0.003299s ]
INFO: [ view_filter ] --START--
INFO: Run Behavior\WriteHtmlCacheBehavior [ RunTime:0.000052s ]
INFO: [ view_filter ] --END-- [ RunTime:0.000088s ]
INFO: [ app_end ] --START--
INFO: Run Behavior\ShowPageTraceBehavior [ RunTime:0.000058s ]
INFO: [ app_end ] --END-- [ RunTime:0.000120s ]

[ 2016-05-23T23:58:51+08:00 ] 114.111.166.63 /Home/Index/home.html?aj=1&type=check_login&uid=82662186
INFO: [ app_init ] --START--
INFO: Run Behavior\BuildLiteBehavior [ RunTime:0.000013s ]
INFO: [ app_init ] --END-- [ RunTime:0.000104s ]
INFO: [ app_begin ] --START--
INFO: Run Behavior\ReadHtmlCacheBehavior [ RunTime:0.000056s ]
INFO: [ app_begin ] --END-- [ RunTime:0.000099s ]
SQL: SHOW COLUMNS FROM `ot_system` [ RunTime:0.0016s ]
SQL: SELECT * FROM `ot_system` WHERE `SYS_ID` = 1 LIMIT 1   [ RunTime:0.0008s ]
NOTIC: [8] Undefined index: uname /usr/local/nginx/html/www/User/Home/Controller/CommonController.class.php 第 53 行.

[ 2016-05-23T23:58:52+08:00 ] 114.111.166.63 /Home/Login/index.html
INFO: [ app_init ] --START--
INFO: Run Behavior\BuildLiteBehavior [ RunTime:0.000016s ]
INFO: [ app_init ] --END-- [ RunTime:0.000090s ]
INFO: [ app_begin ] --START--
INFO: Run Behavior\ReadHtmlCacheBehavior [ RunTime:0.000049s ]
INFO: [ app_begin ] --END-- [ RunTime:0.000092s ]
INFO: [ view_parse ] --START--
INFO: [ template_filter ] --START--
INFO: Run Behavior\ContentReplaceBehavior [ RunTime:0.000058s ]
INFO: [ template_filter ] --END-- [ RunTime:0.000102s ]
INFO: Run Behavior\ParseTemplateBehavior [ RunTime:0.003288s ]
INFO: [ view_parse ] --END-- [ RunTime:0.003333s ]
INFO: [ view_filter ] --START--
INFO: Run Behavior\WriteHtmlCacheBehavior [ RunTime:0.000052s ]
INFO: [ view_filter ] --END-- [ RunTime:0.000089s ]
INFO: [ app_end ] --START--
INFO: Run Behavior\ShowPageTraceBehavior [ RunTime:0.000058s ]
INFO: [ app_end ] --END-- [ RunTime:0.000114s ]

