[ 2016-05-27T02:01:51+08:00 ] 114.216.87.161 /admin.php/Home/Common/getTree
INFO: [ app_begin ] --START--
INFO: Run Behavior\ReadHtmlCacheBehavior [ RunTime:0.000049s ]
INFO: [ app_begin ] --END-- [ RunTime:0.000129s ]
INFO: [ app_end ] --START--
INFO: Run Behavior\ShowPageTraceBehavior [ RunTime:0.000045s ]
INFO: [ app_end ] --END-- [ RunTime:0.000088s ]

[ 2016-05-27T10:30:00+08:00 ] 114.216.87.161 /admin.php/Home/Common/getTree
INFO: [ app_begin ] --START--
INFO: Run Behavior\ReadHtmlCacheBehavior [ RunTime:0.000060s ]
INFO: [ app_begin ] --END-- [ RunTime:0.000134s ]
INFO: [ app_end ] --START--
INFO: Run Behavior\ShowPageTraceBehavior [ RunTime:0.000047s ]
INFO: [ app_end ] --END-- [ RunTime:0.000090s ]

[ 2016-05-27T10:31:35+08:00 ] 114.216.87.161 /admin.php/Home/Common/getTree
INFO: [ app_begin ] --START--
INFO: Run Behavior\ReadHtmlCacheBehavior [ RunTime:0.000051s ]
INFO: [ app_begin ] --END-- [ RunTime:0.000125s ]
INFO: [ app_end ] --START--
INFO: Run Behavior\ShowPageTraceBehavior [ RunTime:0.000046s ]
INFO: [ app_end ] --END-- [ RunTime:0.000089s ]

[ 2016-05-27T12:12:47+08:00 ] 115.48.187.171 /admin.php/Home/Common/getTree
INFO: [ app_begin ] --START--
INFO: Run Behavior\ReadHtmlCacheBehavior [ RunTime:0.000053s ]
INFO: [ app_begin ] --END-- [ RunTime:0.000130s ]
INFO: [ app_end ] --START--
INFO: Run Behavior\ShowPageTraceBehavior [ RunTime:0.000047s ]
INFO: [ app_end ] --END-- [ RunTime:0.000091s ]

[ 2016-05-27T12:21:58+08:00 ] 115.48.187.171 /admin.php/Home/Common/getTree
INFO: [ app_begin ] --START--
INFO: Run Behavior\ReadHtmlCacheBehavior [ RunTime:0.000051s ]
INFO: [ app_begin ] --END-- [ RunTime:0.000123s ]
SQL: SHOW COLUMNS FROM `ot_user` [ RunTime:0.0019s ]
SQL: SELECT * FROM `ot_user` WHERE `UE_account` = 'admin@qq.com' LIMIT 1   [ RunTime:0.0009s ]
SQL: SELECT `UE_account` FROM `ot_user` WHERE `UE_accName` = 'admin@qq.com'  [ RunTime:0.0007s ]
SQL: SELECT * FROM `ot_user` WHERE `UE_account` = 'yh188' LIMIT 1   [ RunTime:0.0009s ]
SQL: SELECT `UE_account` FROM `ot_user` WHERE `UE_accName` = 'yh188'  [ RunTime:0.0006s ]
SQL: SELECT * FROM `ot_user` WHERE `UE_account` = 'swb188' LIMIT 1   [ RunTime:0.0009s ]
SQL: SELECT `UE_account` FROM `ot_user` WHERE `UE_accName` = 'swb188'  [ RunTime:0.0006s ]
SQL: SELECT * FROM `ot_user` WHERE `UE_account` = 'ry888' LIMIT 1   [ RunTime:0.0009s ]
SQL: SELECT `UE_account` FROM `ot_user` WHERE `UE_accName` = 'ry888'  [ RunTime:0.0006s ]
SQL: SELECT * FROM `ot_user` WHERE `UE_account` = 'hxl888' LIMIT 1   [ RunTime:0.0011s ]
SQL: SELECT `UE_account` FROM `ot_user` WHERE `UE_accName` = 'hxl888'  [ RunTime:0.0008s ]
SQL: SELECT * FROM `ot_user` WHERE `UE_account` = 'sc8181' LIMIT 1   [ RunTime:0.0014s ]
SQL: SELECT `UE_account` FROM `ot_user` WHERE `UE_accName` = 'sc8181'  [ RunTime:0.0009s ]
SQL: SELECT * FROM `ot_user` WHERE `UE_account` = 'mly1717' LIMIT 1   [ RunTime:0.0010s ]
SQL: SELECT `UE_account` FROM `ot_user` WHERE `UE_accName` = 'mly1717'  [ RunTime:0.0007s ]
SQL: SELECT * FROM `ot_user` WHERE `UE_account` = '13803981344' LIMIT 1   [ RunTime:0.0011s ]
SQL: SELECT `UE_account` FROM `ot_user` WHERE `UE_accName` = '13803981344'  [ RunTime:0.0006s ]
SQL: SELECT * FROM `ot_user` WHERE `UE_account` = 'ajp4259' LIMIT 1   [ RunTime:0.0009s ]
SQL: SELECT `UE_account` FROM `ot_user` WHERE `UE_accName` = 'ajp4259'  [ RunTime:0.0007s ]
SQL: SELECT * FROM `ot_user` WHERE `UE_account` = 'zfj2989' LIMIT 1   [ RunTime:0.0010s ]
SQL: SELECT `UE_account` FROM `ot_user` WHERE `UE_accName` = 'zfj2989'  [ RunTime:0.0006s ]
SQL: SELECT * FROM `ot_user` WHERE `UE_account` = 'xyl2786' LIMIT 1   [ RunTime:0.0010s ]
SQL: SELECT `UE_account` FROM `ot_user` WHERE `UE_accName` = 'xyl2786'  [ RunTime:0.0006s ]
SQL: SELECT * FROM `ot_user` WHERE `UE_account` = '13109139393' LIMIT 1   [ RunTime:0.0009s ]
SQL: SELECT `UE_account` FROM `ot_user` WHERE `UE_accName` = '13109139393'  [ RunTime:0.0006s ]
SQL: SELECT * FROM `ot_user` WHERE `UE_account` = '宋6311' LIMIT 1   [ RunTime:0.0010s ]
SQL: SELECT `UE_account` FROM `ot_user` WHERE `UE_accName` = '宋6311'  [ RunTime:0.0006s ]
SQL: SELECT * FROM `ot_user` WHERE `UE_account` = '18639897997' LIMIT 1   [ RunTime:0.0009s ]
SQL: SELECT `UE_account` FROM `ot_user` WHERE `UE_accName` = '18639897997'  [ RunTime:0.0006s ]
SQL: SELECT * FROM `ot_user` WHERE `UE_account` = 'gwd6912' LIMIT 1   [ RunTime:0.0009s ]
SQL: SELECT `UE_account` FROM `ot_user` WHERE `UE_accName` = 'gwd6912'  [ RunTime:0.0006s ]
SQL: SELECT * FROM `ot_user` WHERE `UE_account` = 'gsh3687' LIMIT 1   [ RunTime:0.0008s ]
SQL: SELECT `UE_account` FROM `ot_user` WHERE `UE_accName` = 'gsh3687'  [ RunTime:0.0006s ]
SQL: SELECT * FROM `ot_user` WHERE `UE_account` = 'hj8697' LIMIT 1   [ RunTime:0.0008s ]
SQL: SELECT `UE_account` FROM `ot_user` WHERE `UE_accName` = 'hj8697'  [ RunTime:0.0006s ]
SQL: SELECT * FROM `ot_user` WHERE `UE_account` = 'hyl0788' LIMIT 1   [ RunTime:0.0008s ]
SQL: SELECT `UE_account` FROM `ot_user` WHERE `UE_accName` = 'hyl0788'  [ RunTime:0.0006s ]
SQL: SELECT * FROM `ot_user` WHERE `UE_account` = 'zdy5588' LIMIT 1   [ RunTime:0.0009s ]
SQL: SELECT `UE_account` FROM `ot_user` WHERE `UE_accName` = 'zdy5588'  [ RunTime:0.0005s ]
SQL: SELECT * FROM `ot_user` WHERE `UE_account` = 'zl8112' LIMIT 1   [ RunTime:0.0008s ]
SQL: SELECT `UE_account` FROM `ot_user` WHERE `UE_accName` = 'zl8112'  [ RunTime:0.0005s ]
SQL: SELECT * FROM `ot_user` WHERE `UE_account` = 'wcx1727' LIMIT 1   [ RunTime:0.0008s ]
SQL: SELECT `UE_account` FROM `ot_user` WHERE `UE_accName` = 'wcx1727'  [ RunTime:0.0005s ]
SQL: SELECT * FROM `ot_user` WHERE `UE_account` = 'myz7209' LIMIT 1   [ RunTime:0.0009s ]
SQL: SELECT `UE_account` FROM `ot_user` WHERE `UE_accName` = 'myz7209'  [ RunTime:0.0005s ]
SQL: SELECT * FROM `ot_user` WHERE `UE_account` = 'lsp4058' LIMIT 1   [ RunTime:0.0008s ]
SQL: SELECT `UE_account` FROM `ot_user` WHERE `UE_accName` = 'lsp4058'  [ RunTime:0.0005s ]
SQL: SELECT * FROM `ot_user` WHERE `UE_account` = 'zhq5553' LIMIT 1   [ RunTime:0.0008s ]
SQL: SELECT `UE_account` FROM `ot_user` WHERE `UE_accName` = 'zhq5553'  [ RunTime:0.0005s ]
SQL: SELECT * FROM `ot_user` WHERE `UE_account` = 'lxg0737' LIMIT 1   [ RunTime:0.0009s ]
SQL: SELECT `UE_account` FROM `ot_user` WHERE `UE_accName` = 'lxg0737'  [ RunTime:0.0005s ]
SQL: SELECT * FROM `ot_user` WHERE `UE_account` = 'sys0561' LIMIT 1   [ RunTime:0.0008s ]
SQL: SELECT `UE_account` FROM `ot_user` WHERE `UE_accName` = 'sys0561'  [ RunTime:0.0005s ]
SQL: SELECT * FROM `ot_user` WHERE `UE_account` = 'qhj3961' LIMIT 1   [ RunTime:0.0009s ]
SQL: SELECT `UE_account` FROM `ot_user` WHERE `UE_accName` = 'qhj3961'  [ RunTime:0.0005s ]
SQL: SELECT * FROM `ot_user` WHERE `UE_account` = 'zsl8295' LIMIT 1   [ RunTime:0.0008s ]
SQL: SELECT `UE_account` FROM `ot_user` WHERE `UE_accName` = 'zsl8295'  [ RunTime:0.0005s ]
SQL: SELECT * FROM `ot_user` WHERE `UE_account` = 'crs9901' LIMIT 1   [ RunTime:0.0008s ]
SQL: SELECT `UE_account` FROM `ot_user` WHERE `UE_accName` = 'crs9901'  [ RunTime:0.0005s ]
SQL: SELECT * FROM `ot_user` WHERE `UE_account` = 'crs6912' LIMIT 1   [ RunTime:0.0009s ]
SQL: SELECT `UE_account` FROM `ot_user` WHERE `UE_accName` = 'crs6912'  [ RunTime:0.0005s ]
SQL: SELECT * FROM `ot_user` WHERE `UE_account` = '13525234560' LIMIT 1   [ RunTime:0.0009s ]
SQL: SELECT `UE_account` FROM `ot_user` WHERE `UE_accName` = '13525234560'  [ RunTime:0.0005s ]
SQL: SELECT * FROM `ot_user` WHERE `UE_account` = 'lyx777777' LIMIT 1   [ RunTime:0.0009s ]
SQL: SELECT `UE_account` FROM `ot_user` WHERE `UE_accName` = 'lyx777777'  [ RunTime:0.0005s ]
SQL: SELECT * FROM `ot_user` WHERE `UE_account` = 'ylf888' LIMIT 1   [ RunTime:0.0009s ]
SQL: SELECT `UE_account` FROM `ot_user` WHERE `UE_accName` = 'ylf888'  [ RunTime:0.0005s ]
SQL: SELECT * FROM `ot_user` WHERE `UE_account` = 'hxl0190' LIMIT 1   [ RunTime:0.0009s ]
SQL: SELECT `UE_account` FROM `ot_user` WHERE `UE_accName` = 'hxl0190'  [ RunTime:0.0005s ]
SQL: SELECT * FROM `ot_user` WHERE `UE_account` = 'hxl1876' LIMIT 1   [ RunTime:0.0009s ]
SQL: SELECT `UE_account` FROM `ot_user` WHERE `UE_accName` = 'hxl1876'  [ RunTime:0.0005s ]
SQL: SELECT * FROM `ot_user` WHERE `UE_account` = 'ylf9606' LIMIT 1   [ RunTime:0.0008s ]
SQL: SELECT `UE_account` FROM `ot_user` WHERE `UE_accName` = 'ylf9606'  [ RunTime:0.0005s ]
SQL: SELECT * FROM `ot_user` WHERE `UE_account` = 'wl888' LIMIT 1   [ RunTime:0.0008s ]
SQL: SELECT `UE_account` FROM `ot_user` WHERE `UE_accName` = 'wl888'  [ RunTime:0.0005s ]
SQL: SELECT * FROM `ot_user` WHERE `UE_account` = 'lxf888' LIMIT 1   [ RunTime:0.0009s ]
SQL: SELECT `UE_account` FROM `ot_user` WHERE `UE_accName` = 'lxf888'  [ RunTime:0.0005s ]
SQL: SELECT * FROM `ot_user` WHERE `UE_account` = 'vip908886' LIMIT 1   [ RunTime:0.0008s ]
SQL: SELECT `UE_account` FROM `ot_user` WHERE `UE_accName` = 'vip908886'  [ RunTime:0.0005s ]
SQL: SELECT * FROM `ot_user` WHERE `UE_account` = 'lx8888' LIMIT 1   [ RunTime:0.0008s ]
SQL: SELECT `UE_account` FROM `ot_user` WHERE `UE_accName` = 'lx8888'  [ RunTime:0.0005s ]
SQL: SELECT * FROM `ot_user` WHERE `UE_account` = 'sjh888' LIMIT 1   [ RunTime:0.0008s ]
SQL: SELECT `UE_account` FROM `ot_user` WHERE `UE_accName` = 'sjh888'  [ RunTime:0.0005s ]
SQL: SELECT * FROM `ot_user` WHERE `UE_account` = 'zy888' LIMIT 1   [ RunTime:0.0008s ]
SQL: SELECT `UE_account` FROM `ot_user` WHERE `UE_accName` = 'zy888'  [ RunTime:0.0005s ]
SQL: SELECT * FROM `ot_user` WHERE `UE_account` = 'zcr888' LIMIT 1   [ RunTime:0.0009s ]
SQL: SELECT `UE_account` FROM `ot_user` WHERE `UE_accName` = 'zcr888'  [ RunTime:0.0005s ]
SQL: SELECT * FROM `ot_user` WHERE `UE_account` = 'zh888' LIMIT 1   [ RunTime:0.0009s ]
SQL: SELECT `UE_account` FROM `ot_user` WHERE `UE_accName` = 'zh888'  [ RunTime:0.0005s ]
SQL: SELECT * FROM `ot_user` WHERE `UE_account` = 'zs888' LIMIT 1   [ RunTime:0.0008s ]
SQL: SELECT `UE_account` FROM `ot_user` WHERE `UE_accName` = 'zs888'  [ RunTime:0.0005s ]
SQL: SELECT * FROM `ot_user` WHERE `UE_account` = '15039874573' LIMIT 1   [ RunTime:0.0009s ]
SQL: SELECT `UE_account` FROM `ot_user` WHERE `UE_accName` = '15039874573'  [ RunTime:0.0005s ]
SQL: SELECT * FROM `ot_user` WHERE `UE_account` = '13939849995' LIMIT 1   [ RunTime:0.0009s ]
SQL: SELECT `UE_account` FROM `ot_user` WHERE `UE_accName` = '13939849995'  [ RunTime:0.0005s ]
SQL: SELECT * FROM `ot_user` WHERE `UE_account` = '18039985673' LIMIT 1   [ RunTime:0.0008s ]
SQL: SELECT `UE_account` FROM `ot_user` WHERE `UE_accName` = '18039985673'  [ RunTime:0.0005s ]
SQL: SELECT * FROM `ot_user` WHERE `UE_account` = 'rsy888' LIMIT 1   [ RunTime:0.0008s ]
SQL: SELECT `UE_account` FROM `ot_user` WHERE `UE_accName` = 'rsy888'  [ RunTime:0.0005s ]
SQL: SELECT * FROM `ot_user` WHERE `UE_account` = 'lhcp888' LIMIT 1   [ RunTime:0.0009s ]
SQL: SELECT `UE_account` FROM `ot_user` WHERE `UE_accName` = 'lhcp888'  [ RunTime:0.0005s ]
SQL: SELECT * FROM `ot_user` WHERE `UE_account` = '考拉' LIMIT 1   [ RunTime:0.0008s ]
SQL: SELECT `UE_account` FROM `ot_user` WHERE `UE_accName` = '考拉'  [ RunTime:0.0005s ]
SQL: SELECT * FROM `ot_user` WHERE `UE_account` = 'kxb888' LIMIT 1   [ RunTime:0.0009s ]
SQL: SELECT `UE_account` FROM `ot_user` WHERE `UE_accName` = 'kxb888'  [ RunTime:0.0005s ]
SQL: SELECT * FROM `ot_user` WHERE `UE_account` = 'zcx666' LIMIT 1   [ RunTime:0.0008s ]
SQL: SELECT `UE_account` FROM `ot_user` WHERE `UE_accName` = 'zcx666'  [ RunTime:0.0005s ]
SQL: SELECT * FROM `ot_user` WHERE `UE_account` = 'ydm1992' LIMIT 1   [ RunTime:0.0008s ]
SQL: SELECT `UE_account` FROM `ot_user` WHERE `UE_accName` = 'ydm1992'  [ RunTime:0.0005s ]
SQL: SELECT * FROM `ot_user` WHERE `UE_account` = 'wang' LIMIT 1   [ RunTime:0.0009s ]
SQL: SELECT `UE_account` FROM `ot_user` WHERE `UE_accName` = 'wang'  [ RunTime:0.0005s ]
SQL: SELECT * FROM `ot_user` WHERE `UE_account` = 'lhf888' LIMIT 1   [ RunTime:0.0009s ]
SQL: SELECT `UE_account` FROM `ot_user` WHERE `UE_accName` = 'lhf888'  [ RunTime:0.0005s ]
SQL: SELECT * FROM `ot_user` WHERE `UE_account` = 'wlf888' LIMIT 1   [ RunTime:0.0009s ]
SQL: SELECT `UE_account` FROM `ot_user` WHERE `UE_accName` = 'wlf888'  [ RunTime:0.0005s ]
SQL: SELECT * FROM `ot_user` WHERE `UE_account` = 'sk888' LIMIT 1   [ RunTime:0.0008s ]
SQL: SELECT `UE_account` FROM `ot_user` WHERE `UE_accName` = 'sk888'  [ RunTime:0.0005s ]
SQL: SELECT * FROM `ot_user` WHERE `UE_account` = 'jk4366' LIMIT 1   [ RunTime:0.0009s ]
SQL: SELECT `UE_account` FROM `ot_user` WHERE `UE_accName` = 'jk4366'  [ RunTime:0.0005s ]
SQL: SELECT * FROM `ot_user` WHERE `UE_account` = 'jk1530' LIMIT 1   [ RunTime:0.0009s ]
SQL: SELECT `UE_account` FROM `ot_user` WHERE `UE_accName` = 'jk1530'  [ RunTime:0.0005s ]
SQL: SELECT * FROM `ot_user` WHERE `UE_account` = 'jk1538' LIMIT 1   [ RunTime:0.0008s ]
SQL: SELECT `UE_account` FROM `ot_user` WHERE `UE_accName` = 'jk1538'  [ RunTime:0.0005s ]
SQL: SELECT * FROM `ot_user` WHERE `UE_account` = 'xiaoyao' LIMIT 1   [ RunTime:0.0008s ]
SQL: SELECT `UE_account` FROM `ot_user` WHERE `UE_accName` = 'xiaoyao'  [ RunTime:0.0005s ]
SQL: SELECT * FROM `ot_user` WHERE `UE_account` = 'xiaoyao1' LIMIT 1   [ RunTime:0.0009s ]
SQL: SELECT `UE_account` FROM `ot_user` WHERE `UE_accName` = 'xiaoyao1'  [ RunTime:0.0005s ]
SQL: SELECT * FROM `ot_user` WHERE `UE_account` = '18833991373' LIMIT 1   [ RunTime:0.0008s ]
SQL: SELECT `UE_account` FROM `ot_user` WHERE `UE_accName` = '18833991373'  [ RunTime:0.0005s ]
SQL: SELECT * FROM `ot_user` WHERE `UE_account` = '18839866667' LIMIT 1   [ RunTime:0.0008s ]
SQL: SELECT `UE_account` FROM `ot_user` WHERE `UE_accName` = '18839866667'  [ RunTime:0.0005s ]
SQL: SELECT * FROM `ot_user` WHERE `UE_account` = 'zzc188' LIMIT 1   [ RunTime:0.0008s ]
SQL: SELECT `UE_account` FROM `ot_user` WHERE `UE_accName` = 'zzc188'  [ RunTime:0.0005s ]
SQL: SELECT * FROM `ot_user` WHERE `UE_account` = '18112659230' LIMIT 1   [ RunTime:0.0009s ]
SQL: SELECT `UE_account` FROM `ot_user` WHERE `UE_accName` = '18112659230'  [ RunTime:0.0005s ]
SQL: SELECT * FROM `ot_user` WHERE `UE_account` = '15950380588' LIMIT 1   [ RunTime:0.0009s ]
SQL: SELECT `UE_account` FROM `ot_user` WHERE `UE_accName` = '15950380588'  [ RunTime:0.0005s ]
SQL: SELECT * FROM `ot_user` WHERE `UE_account` = 'qxf369' LIMIT 1   [ RunTime:0.0009s ]
SQL: SELECT `UE_account` FROM `ot_user` WHERE `UE_accName` = 'qxf369'  [ RunTime:0.0005s ]
SQL: SELECT * FROM `ot_user` WHERE `UE_account` = '18927028813' LIMIT 1   [ RunTime:0.0008s ]
SQL: SELECT `UE_account` FROM `ot_user` WHERE `UE_accName` = '18927028813'  [ RunTime:0.0005s ]
SQL: SELECT * FROM `ot_user` WHERE `UE_account` = 'sjf8866' LIMIT 1   [ RunTime:0.0009s ]
SQL: SELECT `UE_account` FROM `ot_user` WHERE `UE_accName` = 'sjf8866'  [ RunTime:0.0005s ]
SQL: SELECT * FROM `ot_user` WHERE `UE_account` = '18962696764' LIMIT 1   [ RunTime:0.0008s ]
SQL: SELECT `UE_account` FROM `ot_user` WHERE `UE_accName` = '18962696764'  [ RunTime:0.0005s ]
INFO: [ app_end ] --START--
INFO: Run Behavior\ShowPageTraceBehavior [ RunTime:0.000056s ]
INFO: [ app_end ] --END-- [ RunTime:0.000099s ]

[ 2016-05-27T12:22:00+08:00 ] 115.48.187.171 /admin.php/Home/Common/getTree
INFO: [ app_begin ] --START--
INFO: Run Behavior\ReadHtmlCacheBehavior [ RunTime:0.000054s ]
INFO: [ app_begin ] --END-- [ RunTime:0.000128s ]
INFO: [ app_end ] --START--
INFO: Run Behavior\ShowPageTraceBehavior [ RunTime:0.000045s ]
INFO: [ app_end ] --END-- [ RunTime:0.000087s ]

[ 2016-05-27T12:22:02+08:00 ] 115.48.187.171 /admin.php/Home/Shop/
ERR: 非法操作:index.php

[ 2016-05-27T12:22:30+08:00 ] 115.48.187.171 /admin.php/Home/Common/getTree
INFO: [ app_begin ] --START--
INFO: Run Behavior\ReadHtmlCacheBehavior [ RunTime:0.000049s ]
INFO: [ app_begin ] --END-- [ RunTime:0.000125s ]
SQL: SHOW COLUMNS FROM `ot_user` [ RunTime:0.0019s ]
SQL: SELECT * FROM `ot_user` WHERE `UE_account` = 'admin@qq.com' LIMIT 1   [ RunTime:0.0010s ]
SQL: SELECT `UE_account` FROM `ot_user` WHERE `UE_accName` = 'admin@qq.com'  [ RunTime:0.0006s ]
SQL: SELECT * FROM `ot_user` WHERE `UE_account` = 'yh188' LIMIT 1   [ RunTime:0.0009s ]
SQL: SELECT `UE_account` FROM `ot_user` WHERE `UE_accName` = 'yh188'  [ RunTime:0.0005s ]
SQL: SELECT * FROM `ot_user` WHERE `UE_account` = 'swb188' LIMIT 1   [ RunTime:0.0009s ]
SQL: SELECT `UE_account` FROM `ot_user` WHERE `UE_accName` = 'swb188'  [ RunTime:0.0006s ]
SQL: SELECT * FROM `ot_user` WHERE `UE_account` = 'ry888' LIMIT 1   [ RunTime:0.0013s ]
SQL: SELECT `UE_account` FROM `ot_user` WHERE `UE_accName` = 'ry888'  [ RunTime:0.0007s ]
SQL: SELECT * FROM `ot_user` WHERE `UE_account` = 'hxl888' LIMIT 1   [ RunTime:0.0013s ]
SQL: SELECT `UE_account` FROM `ot_user` WHERE `UE_accName` = 'hxl888'  [ RunTime:0.0007s ]
SQL: SELECT * FROM `ot_user` WHERE `UE_account` = 'sc8181' LIMIT 1   [ RunTime:0.0010s ]
SQL: SELECT `UE_account` FROM `ot_user` WHERE `UE_accName` = 'sc8181'  [ RunTime:0.0006s ]
SQL: SELECT * FROM `ot_user` WHERE `UE_account` = 'mly1717' LIMIT 1   [ RunTime:0.0010s ]
SQL: SELECT `UE_account` FROM `ot_user` WHERE `UE_accName` = 'mly1717'  [ RunTime:0.0007s ]
SQL: SELECT * FROM `ot_user` WHERE `UE_account` = '13803981344' LIMIT 1   [ RunTime:0.0009s ]
SQL: SELECT `UE_account` FROM `ot_user` WHERE `UE_accName` = '13803981344'  [ RunTime:0.0006s ]
SQL: SELECT * FROM `ot_user` WHERE `UE_account` = 'ajp4259' LIMIT 1   [ RunTime:0.0008s ]
SQL: SELECT `UE_account` FROM `ot_user` WHERE `UE_accName` = 'ajp4259'  [ RunTime:0.0006s ]
SQL: SELECT * FROM `ot_user` WHERE `UE_account` = 'zfj2989' LIMIT 1   [ RunTime:0.0010s ]
SQL: SELECT `UE_account` FROM `ot_user` WHERE `UE_accName` = 'zfj2989'  [ RunTime:0.0006s ]
SQL: SELECT * FROM `ot_user` WHERE `UE_account` = 'xyl2786' LIMIT 1   [ RunTime:0.0010s ]
SQL: SELECT `UE_account` FROM `ot_user` WHERE `UE_accName` = 'xyl2786'  [ RunTime:0.0006s ]
SQL: SELECT * FROM `ot_user` WHERE `UE_account` = '13109139393' LIMIT 1   [ RunTime:0.0009s ]
SQL: SELECT `UE_account` FROM `ot_user` WHERE `UE_accName` = '13109139393'  [ RunTime:0.0006s ]
SQL: SELECT * FROM `ot_user` WHERE `UE_account` = '宋6311' LIMIT 1   [ RunTime:0.0010s ]
SQL: SELECT `UE_account` FROM `ot_user` WHERE `UE_accName` = '宋6311'  [ RunTime:0.0006s ]
SQL: SELECT * FROM `ot_user` WHERE `UE_account` = '18639897997' LIMIT 1   [ RunTime:0.0008s ]
SQL: SELECT `UE_account` FROM `ot_user` WHERE `UE_accName` = '18639897997'  [ RunTime:0.0006s ]
SQL: SELECT * FROM `ot_user` WHERE `UE_account` = 'gwd6912' LIMIT 1   [ RunTime:0.0009s ]
SQL: SELECT `UE_account` FROM `ot_user` WHERE `UE_accName` = 'gwd6912'  [ RunTime:0.0006s ]
SQL: SELECT * FROM `ot_user` WHERE `UE_account` = 'gsh3687' LIMIT 1   [ RunTime:0.0008s ]
SQL: SELECT `UE_account` FROM `ot_user` WHERE `UE_accName` = 'gsh3687'  [ RunTime:0.0006s ]
SQL: SELECT * FROM `ot_user` WHERE `UE_account` = 'hj8697' LIMIT 1   [ RunTime:0.0007s ]
SQL: SELECT `UE_account` FROM `ot_user` WHERE `UE_accName` = 'hj8697'  [ RunTime:0.0005s ]
SQL: SELECT * FROM `ot_user` WHERE `UE_account` = 'hyl0788' LIMIT 1   [ RunTime:0.0008s ]
SQL: SELECT `UE_account` FROM `ot_user` WHERE `UE_accName` = 'hyl0788'  [ RunTime:0.0005s ]
SQL: SELECT * FROM `ot_user` WHERE `UE_account` = 'zdy5588' LIMIT 1   [ RunTime:0.0008s ]
SQL: SELECT `UE_account` FROM `ot_user` WHERE `UE_accName` = 'zdy5588'  [ RunTime:0.0005s ]
SQL: SELECT * FROM `ot_user` WHERE `UE_account` = 'zl8112' LIMIT 1   [ RunTime:0.0008s ]
SQL: SELECT `UE_account` FROM `ot_user` WHERE `UE_accName` = 'zl8112'  [ RunTime:0.0005s ]
SQL: SELECT * FROM `ot_user` WHERE `UE_account` = 'wcx1727' LIMIT 1   [ RunTime:0.0009s ]
SQL: SELECT `UE_account` FROM `ot_user` WHERE `UE_accName` = 'wcx1727'  [ RunTime:0.0005s ]
SQL: SELECT * FROM `ot_user` WHERE `UE_account` = 'myz7209' LIMIT 1   [ RunTime:0.0009s ]
SQL: SELECT `UE_account` FROM `ot_user` WHERE `UE_accName` = 'myz7209'  [ RunTime:0.0005s ]
SQL: SELECT * FROM `ot_user` WHERE `UE_account` = 'lsp4058' LIMIT 1   [ RunTime:0.0009s ]
SQL: SELECT `UE_account` FROM `ot_user` WHERE `UE_accName` = 'lsp4058'  [ RunTime:0.0005s ]
SQL: SELECT * FROM `ot_user` WHERE `UE_account` = 'zhq5553' LIMIT 1   [ RunTime:0.0009s ]
SQL: SELECT `UE_account` FROM `ot_user` WHERE `UE_accName` = 'zhq5553'  [ RunTime:0.0005s ]
SQL: SELECT * FROM `ot_user` WHERE `UE_account` = 'lxg0737' LIMIT 1   [ RunTime:0.0009s ]
SQL: SELECT `UE_account` FROM `ot_user` WHERE `UE_accName` = 'lxg0737'  [ RunTime:0.0005s ]
SQL: SELECT * FROM `ot_user` WHERE `UE_account` = 'sys0561' LIMIT 1   [ RunTime:0.0010s ]
SQL: SELECT `UE_account` FROM `ot_user` WHERE `UE_accName` = 'sys0561'  [ RunTime:0.0005s ]
SQL: SELECT * FROM `ot_user` WHERE `UE_account` = 'qhj3961' LIMIT 1   [ RunTime:0.0009s ]
SQL: SELECT `UE_account` FROM `ot_user` WHERE `UE_accName` = 'qhj3961'  [ RunTime:0.0005s ]
SQL: SELECT * FROM `ot_user` WHERE `UE_account` = 'zsl8295' LIMIT 1   [ RunTime:0.0008s ]
SQL: SELECT `UE_account` FROM `ot_user` WHERE `UE_accName` = 'zsl8295'  [ RunTime:0.0005s ]
SQL: SELECT * FROM `ot_user` WHERE `UE_account` = 'crs9901' LIMIT 1   [ RunTime:0.0009s ]
SQL: SELECT `UE_account` FROM `ot_user` WHERE `UE_accName` = 'crs9901'  [ RunTime:0.0005s ]
SQL: SELECT * FROM `ot_user` WHERE `UE_account` = 'crs6912' LIMIT 1   [ RunTime:0.0008s ]
SQL: SELECT `UE_account` FROM `ot_user` WHERE `UE_accName` = 'crs6912'  [ RunTime:0.0005s ]
SQL: SELECT * FROM `ot_user` WHERE `UE_account` = '13525234560' LIMIT 1   [ RunTime:0.0009s ]
SQL: SELECT `UE_account` FROM `ot_user` WHERE `UE_accName` = '13525234560'  [ RunTime:0.0005s ]
SQL: SELECT * FROM `ot_user` WHERE `UE_account` = 'lyx777777' LIMIT 1   [ RunTime:0.0009s ]
SQL: SELECT `UE_account` FROM `ot_user` WHERE `UE_accName` = 'lyx777777'  [ RunTime:0.0005s ]
SQL: SELECT * FROM `ot_user` WHERE `UE_account` = 'ylf888' LIMIT 1   [ RunTime:0.0009s ]
SQL: SELECT `UE_account` FROM `ot_user` WHERE `UE_accName` = 'ylf888'  [ RunTime:0.0005s ]
SQL: SELECT * FROM `ot_user` WHERE `UE_account` = 'hxl0190' LIMIT 1   [ RunTime:0.0009s ]
SQL: SELECT `UE_account` FROM `ot_user` WHERE `UE_accName` = 'hxl0190'  [ RunTime:0.0005s ]
SQL: SELECT * FROM `ot_user` WHERE `UE_account` = 'hxl1876' LIMIT 1   [ RunTime:0.0009s ]
SQL: SELECT `UE_account` FROM `ot_user` WHERE `UE_accName` = 'hxl1876'  [ RunTime:0.0005s ]
SQL: SELECT * FROM `ot_user` WHERE `UE_account` = 'ylf9606' LIMIT 1   [ RunTime:0.0008s ]
SQL: SELECT `UE_account` FROM `ot_user` WHERE `UE_accName` = 'ylf9606'  [ RunTime:0.0005s ]
SQL: SELECT * FROM `ot_user` WHERE `UE_account` = 'wl888' LIMIT 1   [ RunTime:0.0009s ]
SQL: SELECT `UE_account` FROM `ot_user` WHERE `UE_accName` = 'wl888'  [ RunTime:0.0005s ]
SQL: SELECT * FROM `ot_user` WHERE `UE_account` = 'lxf888' LIMIT 1   [ RunTime:0.0009s ]
SQL: SELECT `UE_account` FROM `ot_user` WHERE `UE_accName` = 'lxf888'  [ RunTime:0.0005s ]
SQL: SELECT * FROM `ot_user` WHERE `UE_account` = 'vip908886' LIMIT 1   [ RunTime:0.0008s ]
SQL: SELECT `UE_account` FROM `ot_user` WHERE `UE_accName` = 'vip908886'  [ RunTime:0.0005s ]
SQL: SELECT * FROM `ot_user` WHERE `UE_account` = 'lx8888' LIMIT 1   [ RunTime:0.0008s ]
SQL: SELECT `UE_account` FROM `ot_user` WHERE `UE_accName` = 'lx8888'  [ RunTime:0.0005s ]
SQL: SELECT * FROM `ot_user` WHERE `UE_account` = 'sjh888' LIMIT 1   [ RunTime:0.0009s ]
SQL: SELECT `UE_account` FROM `ot_user` WHERE `UE_accName` = 'sjh888'  [ RunTime:0.0005s ]
SQL: SELECT * FROM `ot_user` WHERE `UE_account` = 'zy888' LIMIT 1   [ RunTime:0.0009s ]
SQL: SELECT `UE_account` FROM `ot_user` WHERE `UE_accName` = 'zy888'  [ RunTime:0.0005s ]
SQL: SELECT * FROM `ot_user` WHERE `UE_account` = 'zcr888' LIMIT 1   [ RunTime:0.0009s ]
SQL: SELECT `UE_account` FROM `ot_user` WHERE `UE_accName` = 'zcr888'  [ RunTime:0.0005s ]
SQL: SELECT * FROM `ot_user` WHERE `UE_account` = 'zh888' LIMIT 1   [ RunTime:0.0008s ]
SQL: SELECT `UE_account` FROM `ot_user` WHERE `UE_accName` = 'zh888'  [ RunTime:0.0005s ]
SQL: SELECT * FROM `ot_user` WHERE `UE_account` = 'zs888' LIMIT 1   [ RunTime:0.0008s ]
SQL: SELECT `UE_account` FROM `ot_user` WHERE `UE_accName` = 'zs888'  [ RunTime:0.0005s ]
SQL: SELECT * FROM `ot_user` WHERE `UE_account` = '15039874573' LIMIT 1   [ RunTime:0.0008s ]
SQL: SELECT `UE_account` FROM `ot_user` WHERE `UE_accName` = '15039874573'  [ RunTime:0.0005s ]
SQL: SELECT * FROM `ot_user` WHERE `UE_account` = '13939849995' LIMIT 1   [ RunTime:0.0009s ]
SQL: SELECT `UE_account` FROM `ot_user` WHERE `UE_accName` = '13939849995'  [ RunTime:0.0005s ]
SQL: SELECT * FROM `ot_user` WHERE `UE_account` = '18039985673' LIMIT 1   [ RunTime:0.0009s ]
SQL: SELECT `UE_account` FROM `ot_user` WHERE `UE_accName` = '18039985673'  [ RunTime:0.0005s ]
SQL: SELECT * FROM `ot_user` WHERE `UE_account` = 'rsy888' LIMIT 1   [ RunTime:0.0008s ]
SQL: SELECT `UE_account` FROM `ot_user` WHERE `UE_accName` = 'rsy888'  [ RunTime:0.0005s ]
SQL: SELECT * FROM `ot_user` WHERE `UE_account` = 'lhcp888' LIMIT 1   [ RunTime:0.0009s ]
SQL: SELECT `UE_account` FROM `ot_user` WHERE `UE_accName` = 'lhcp888'  [ RunTime:0.0005s ]
SQL: SELECT * FROM `ot_user` WHERE `UE_account` = '考拉' LIMIT 1   [ RunTime:0.0008s ]
SQL: SELECT `UE_account` FROM `ot_user` WHERE `UE_accName` = '考拉'  [ RunTime:0.0005s ]
SQL: SELECT * FROM `ot_user` WHERE `UE_account` = 'kxb888' LIMIT 1   [ RunTime:0.0009s ]
SQL: SELECT `UE_account` FROM `ot_user` WHERE `UE_accName` = 'kxb888'  [ RunTime:0.0005s ]
SQL: SELECT * FROM `ot_user` WHERE `UE_account` = 'zcx666' LIMIT 1   [ RunTime:0.0008s ]
SQL: SELECT `UE_account` FROM `ot_user` WHERE `UE_accName` = 'zcx666'  [ RunTime:0.0005s ]
SQL: SELECT * FROM `ot_user` WHERE `UE_account` = 'ydm1992' LIMIT 1   [ RunTime:0.0009s ]
SQL: SELECT `UE_account` FROM `ot_user` WHERE `UE_accName` = 'ydm1992'  [ RunTime:0.0006s ]
SQL: SELECT * FROM `ot_user` WHERE `UE_account` = 'wang' LIMIT 1   [ RunTime:0.0008s ]
SQL: SELECT `UE_account` FROM `ot_user` WHERE `UE_accName` = 'wang'  [ RunTime:0.0005s ]
SQL: SELECT * FROM `ot_user` WHERE `UE_account` = 'lhf888' LIMIT 1   [ RunTime:0.0009s ]
SQL: SELECT `UE_account` FROM `ot_user` WHERE `UE_accName` = 'lhf888'  [ RunTime:0.0005s ]
SQL: SELECT * FROM `ot_user` WHERE `UE_account` = 'wlf888' LIMIT 1   [ RunTime:0.0009s ]
SQL: SELECT `UE_account` FROM `ot_user` WHERE `UE_accName` = 'wlf888'  [ RunTime:0.0005s ]
SQL: SELECT * FROM `ot_user` WHERE `UE_account` = 'sk888' LIMIT 1   [ RunTime:0.0009s ]
SQL: SELECT `UE_account` FROM `ot_user` WHERE `UE_accName` = 'sk888'  [ RunTime:0.0005s ]
SQL: SELECT * FROM `ot_user` WHERE `UE_account` = 'jk4366' LIMIT 1   [ RunTime:0.0008s ]
SQL: SELECT `UE_account` FROM `ot_user` WHERE `UE_accName` = 'jk4366'  [ RunTime:0.0005s ]
SQL: SELECT * FROM `ot_user` WHERE `UE_account` = 'jk1530' LIMIT 1   [ RunTime:0.0008s ]
SQL: SELECT `UE_account` FROM `ot_user` WHERE `UE_accName` = 'jk1530'  [ RunTime:0.0005s ]
SQL: SELECT * FROM `ot_user` WHERE `UE_account` = 'jk1538' LIMIT 1   [ RunTime:0.0008s ]
SQL: SELECT `UE_account` FROM `ot_user` WHERE `UE_accName` = 'jk1538'  [ RunTime:0.0005s ]
SQL: SELECT * FROM `ot_user` WHERE `UE_account` = 'xiaoyao' LIMIT 1   [ RunTime:0.0009s ]
SQL: SELECT `UE_account` FROM `ot_user` WHERE `UE_accName` = 'xiaoyao'  [ RunTime:0.0006s ]
SQL: SELECT * FROM `ot_user` WHERE `UE_account` = 'xiaoyao1' LIMIT 1   [ RunTime:0.0008s ]
SQL: SELECT `UE_account` FROM `ot_user` WHERE `UE_accName` = 'xiaoyao1'  [ RunTime:0.0005s ]
SQL: SELECT * FROM `ot_user` WHERE `UE_account` = '18833991373' LIMIT 1   [ RunTime:0.0008s ]
SQL: SELECT `UE_account` FROM `ot_user` WHERE `UE_accName` = '18833991373'  [ RunTime:0.0005s ]
SQL: SELECT * FROM `ot_user` WHERE `UE_account` = '18839866667' LIMIT 1   [ RunTime:0.0009s ]
SQL: SELECT `UE_account` FROM `ot_user` WHERE `UE_accName` = '18839866667'  [ RunTime:0.0005s ]
SQL: SELECT * FROM `ot_user` WHERE `UE_account` = 'zzc188' LIMIT 1   [ RunTime:0.0008s ]
SQL: SELECT `UE_account` FROM `ot_user` WHERE `UE_accName` = 'zzc188'  [ RunTime:0.0005s ]
SQL: SELECT * FROM `ot_user` WHERE `UE_account` = '18112659230' LIMIT 1   [ RunTime:0.0008s ]
SQL: SELECT `UE_account` FROM `ot_user` WHERE `UE_accName` = '18112659230'  [ RunTime:0.0005s ]
SQL: SELECT * FROM `ot_user` WHERE `UE_account` = '15950380588' LIMIT 1   [ RunTime:0.0008s ]
SQL: SELECT `UE_account` FROM `ot_user` WHERE `UE_accName` = '15950380588'  [ RunTime:0.0005s ]
SQL: SELECT * FROM `ot_user` WHERE `UE_account` = 'qxf369' LIMIT 1   [ RunTime:0.0008s ]
SQL: SELECT `UE_account` FROM `ot_user` WHERE `UE_accName` = 'qxf369'  [ RunTime:0.0005s ]
SQL: SELECT * FROM `ot_user` WHERE `UE_account` = '18927028813' LIMIT 1   [ RunTime:0.0009s ]
SQL: SELECT `UE_account` FROM `ot_user` WHERE `UE_accName` = '18927028813'  [ RunTime:0.0005s ]
SQL: SELECT * FROM `ot_user` WHERE `UE_account` = 'sjf8866' LIMIT 1   [ RunTime:0.0008s ]
SQL: SELECT `UE_account` FROM `ot_user` WHERE `UE_accName` = 'sjf8866'  [ RunTime:0.0005s ]
SQL: SELECT * FROM `ot_user` WHERE `UE_account` = '18962696764' LIMIT 1   [ RunTime:0.0008s ]
SQL: SELECT `UE_account` FROM `ot_user` WHERE `UE_accName` = '18962696764'  [ RunTime:0.0005s ]
INFO: [ app_end ] --START--
INFO: Run Behavior\ShowPageTraceBehavior [ RunTime:0.000062s ]
INFO: [ app_end ] --END-- [ RunTime:0.000106s ]

[ 2016-05-27T23:09:36+08:00 ] 115.48.183.235 /admin.php/Home/Common/getTree
INFO: [ app_begin ] --START--
INFO: Run Behavior\ReadHtmlCacheBehavior [ RunTime:0.000050s ]
INFO: [ app_begin ] --END-- [ RunTime:0.000124s ]
INFO: [ app_end ] --START--
INFO: Run Behavior\ShowPageTraceBehavior [ RunTime:0.000047s ]
INFO: [ app_end ] --END-- [ RunTime:0.000088s ]

[ 2016-05-27T23:15:12+08:00 ] 115.48.183.235 /admin.php/Home/Common/getTree
INFO: [ app_begin ] --START--
INFO: Run Behavior\ReadHtmlCacheBehavior [ RunTime:0.000048s ]
INFO: [ app_begin ] --END-- [ RunTime:0.000121s ]
INFO: [ app_end ] --START--
INFO: Run Behavior\ShowPageTraceBehavior [ RunTime:0.000046s ]
INFO: [ app_end ] --END-- [ RunTime:0.000088s ]

[ 2016-05-27T23:15:13+08:00 ] 115.48.183.235 /admin.php/Home/Common/getTree
INFO: [ app_begin ] --START--
INFO: Run Behavior\ReadHtmlCacheBehavior [ RunTime:0.000050s ]
INFO: [ app_begin ] --END-- [ RunTime:0.000120s ]
INFO: [ app_end ] --START--
INFO: Run Behavior\ShowPageTraceBehavior [ RunTime:0.000046s ]
INFO: [ app_end ] --END-- [ RunTime:0.000088s ]

[ 2016-05-27T23:15:13+08:00 ] 115.48.183.235 /admin.php/Home/Common/getTree
INFO: [ app_begin ] --START--
INFO: Run Behavior\ReadHtmlCacheBehavior [ RunTime:0.000049s ]
INFO: [ app_begin ] --END-- [ RunTime:0.000119s ]
INFO: [ app_end ] --START--
INFO: Run Behavior\ShowPageTraceBehavior [ RunTime:0.000045s ]
INFO: [ app_end ] --END-- [ RunTime:0.000088s ]

[ 2016-05-27T23:19:45+08:00 ] 115.48.183.235 /admin.php/Home/Common/getTree
INFO: [ app_begin ] --START--
INFO: Run Behavior\ReadHtmlCacheBehavior [ RunTime:0.000051s ]
INFO: [ app_begin ] --END-- [ RunTime:0.000124s ]
INFO: [ app_end ] --START--
INFO: Run Behavior\ShowPageTraceBehavior [ RunTime:0.000047s ]
INFO: [ app_end ] --END-- [ RunTime:0.000090s ]

