[ 2016-05-19T00:22:31+08:00 ] 45.32.9.249 /admin.php
ERR: 非法操作:index

[ 2016-05-19T00:36:27+08:00 ] 115.48.189.247 /admin.php/Home/Common/getTree
INFO: [ app_begin ] --START--
INFO: Run Behavior\ReadHtmlCacheBehavior [ RunTime:0.000049s ]
INFO: [ app_begin ] --END-- [ RunTime:0.000131s ]
INFO: [ app_end ] --START--
INFO: Run Behavior\ShowPageTraceBehavior [ RunTime:0.000046s ]
INFO: [ app_end ] --END-- [ RunTime:0.000088s ]

[ 2016-05-19T00:36:48+08:00 ] 115.48.189.247 /admin.php/Home/Common/getTree
INFO: [ app_begin ] --START--
INFO: Run Behavior\ReadHtmlCacheBehavior [ RunTime:0.000042s ]
INFO: [ app_begin ] --END-- [ RunTime:0.000122s ]
INFO: [ app_end ] --START--
INFO: Run Behavior\ShowPageTraceBehavior [ RunTime:0.000040s ]
INFO: [ app_end ] --END-- [ RunTime:0.000082s ]

[ 2016-05-19T00:36:50+08:00 ] 115.48.189.247 /admin.php/Home/Common/getTree
INFO: [ app_begin ] --START--
INFO: Run Behavior\ReadHtmlCacheBehavior [ RunTime:0.000039s ]
INFO: [ app_begin ] --END-- [ RunTime:0.000106s ]
SQL: SHOW COLUMNS FROM `ot_user` [ RunTime:0.0019s ]
SQL: SELECT * FROM `ot_user` WHERE `UE_account` = 'admin@qq.com' LIMIT 1   [ RunTime:0.0012s ]
SQL: SELECT `UE_account` FROM `ot_user` WHERE `UE_accName` = 'admin@qq.com'  [ RunTime:0.0006s ]
NOTIC: [8] Undefined index: user_jb /usr/local/nginx/html/www/snadmin/Home/Controller/CommonController.class.php 第 223 行.
SQL: SELECT * FROM `ot_user` WHERE `UE_account` = '001' LIMIT 1   [ RunTime:0.0011s ]
SQL: SELECT `UE_account` FROM `ot_user` WHERE `UE_accName` = '001'  [ RunTime:0.0004s ]
SQL: SELECT * FROM `ot_user` WHERE `UE_account` = '002' LIMIT 1   [ RunTime:0.0008s ]
SQL: SELECT `UE_account` FROM `ot_user` WHERE `UE_accName` = '002'  [ RunTime:0.0005s ]
SQL: SELECT * FROM `ot_user` WHERE `UE_account` = '003' LIMIT 1   [ RunTime:0.0010s ]
SQL: SELECT `UE_account` FROM `ot_user` WHERE `UE_accName` = '003'  [ RunTime:0.0006s ]
SQL: SELECT * FROM `ot_user` WHERE `UE_account` = '004' LIMIT 1   [ RunTime:0.0013s ]
SQL: SELECT `UE_account` FROM `ot_user` WHERE `UE_accName` = '004'  [ RunTime:0.0005s ]
SQL: SELECT * FROM `ot_user` WHERE `UE_account` = '005' LIMIT 1   [ RunTime:0.0012s ]
SQL: SELECT `UE_account` FROM `ot_user` WHERE `UE_accName` = '005'  [ RunTime:0.0007s ]
SQL: SELECT * FROM `ot_user` WHERE `UE_account` = '006' LIMIT 1   [ RunTime:0.0011s ]
SQL: SELECT `UE_account` FROM `ot_user` WHERE `UE_accName` = '006'  [ RunTime:0.0005s ]
SQL: SELECT * FROM `ot_user` WHERE `UE_account` = '007' LIMIT 1   [ RunTime:0.0009s ]
SQL: SELECT `UE_account` FROM `ot_user` WHERE `UE_accName` = '007'  [ RunTime:0.0004s ]
SQL: SELECT * FROM `ot_user` WHERE `UE_account` = '008' LIMIT 1   [ RunTime:0.0009s ]
SQL: SELECT `UE_account` FROM `ot_user` WHERE `UE_accName` = '008'  [ RunTime:0.0004s ]
SQL: SELECT * FROM `ot_user` WHERE `UE_account` = '009' LIMIT 1   [ RunTime:0.0008s ]
SQL: SELECT `UE_account` FROM `ot_user` WHERE `UE_accName` = '009'  [ RunTime:0.0004s ]
SQL: SELECT * FROM `ot_user` WHERE `UE_account` = '010' LIMIT 1   [ RunTime:0.0008s ]
SQL: SELECT `UE_account` FROM `ot_user` WHERE `UE_accName` = '010'  [ RunTime:0.0004s ]
SQL: SELECT * FROM `ot_user` WHERE `UE_account` = '011' LIMIT 1   [ RunTime:0.0008s ]
SQL: SELECT `UE_account` FROM `ot_user` WHERE `UE_accName` = '011'  [ RunTime:0.0004s ]
SQL: SELECT * FROM `ot_user` WHERE `UE_account` = '012' LIMIT 1   [ RunTime:0.0008s ]
SQL: SELECT `UE_account` FROM `ot_user` WHERE `UE_accName` = '012'  [ RunTime:0.0004s ]
SQL: SELECT * FROM `ot_user` WHERE `UE_account` = '013' LIMIT 1   [ RunTime:0.0009s ]
SQL: SELECT `UE_account` FROM `ot_user` WHERE `UE_accName` = '013'  [ RunTime:0.0004s ]
INFO: [ app_end ] --START--
INFO: Run Behavior\ShowPageTraceBehavior [ RunTime:0.000045s ]
INFO: [ app_end ] --END-- [ RunTime:0.000090s ]

[ 2016-05-19T00:40:33+08:00 ] 117.136.36.97 /admin.php/Home/Common/getTree
INFO: [ app_begin ] --START--
INFO: Run Behavior\ReadHtmlCacheBehavior [ RunTime:0.000047s ]
INFO: [ app_begin ] --END-- [ RunTime:0.000121s ]
SQL: SHOW COLUMNS FROM `ot_user` [ RunTime:0.0019s ]
SQL: SELECT * FROM `ot_user` WHERE `UE_account` = 'admin@qq.com' LIMIT 1   [ RunTime:0.0012s ]
SQL: SELECT `UE_account` FROM `ot_user` WHERE `UE_accName` = 'admin@qq.com'  [ RunTime:0.0005s ]
NOTIC: [8] Undefined index: user_jb /usr/local/nginx/html/www/snadmin/Home/Controller/CommonController.class.php 第 223 行.
SQL: SELECT * FROM `ot_user` WHERE `UE_account` = '001' LIMIT 1   [ RunTime:0.0010s ]
SQL: SELECT `UE_account` FROM `ot_user` WHERE `UE_accName` = '001'  [ RunTime:0.0004s ]
SQL: SELECT * FROM `ot_user` WHERE `UE_account` = '002' LIMIT 1   [ RunTime:0.0009s ]
SQL: SELECT `UE_account` FROM `ot_user` WHERE `UE_accName` = '002'  [ RunTime:0.0006s ]
SQL: SELECT * FROM `ot_user` WHERE `UE_account` = '003' LIMIT 1   [ RunTime:0.0013s ]
SQL: SELECT `UE_account` FROM `ot_user` WHERE `UE_accName` = '003'  [ RunTime:0.0007s ]
SQL: SELECT * FROM `ot_user` WHERE `UE_account` = '004' LIMIT 1   [ RunTime:0.0010s ]
SQL: SELECT `UE_account` FROM `ot_user` WHERE `UE_accName` = '004'  [ RunTime:0.0006s ]
SQL: SELECT * FROM `ot_user` WHERE `UE_account` = '005' LIMIT 1   [ RunTime:0.0009s ]
SQL: SELECT `UE_account` FROM `ot_user` WHERE `UE_accName` = '005'  [ RunTime:0.0005s ]
SQL: SELECT * FROM `ot_user` WHERE `UE_account` = '006' LIMIT 1   [ RunTime:0.0009s ]
SQL: SELECT `UE_account` FROM `ot_user` WHERE `UE_accName` = '006'  [ RunTime:0.0006s ]
SQL: SELECT * FROM `ot_user` WHERE `UE_account` = '007' LIMIT 1   [ RunTime:0.0009s ]
SQL: SELECT `UE_account` FROM `ot_user` WHERE `UE_accName` = '007'  [ RunTime:0.0004s ]
SQL: SELECT * FROM `ot_user` WHERE `UE_account` = '008' LIMIT 1   [ RunTime:0.0008s ]
SQL: SELECT `UE_account` FROM `ot_user` WHERE `UE_accName` = '008'  [ RunTime:0.0004s ]
SQL: SELECT * FROM `ot_user` WHERE `UE_account` = '009' LIMIT 1   [ RunTime:0.0008s ]
SQL: SELECT `UE_account` FROM `ot_user` WHERE `UE_accName` = '009'  [ RunTime:0.0004s ]
SQL: SELECT * FROM `ot_user` WHERE `UE_account` = '010' LIMIT 1   [ RunTime:0.0008s ]
SQL: SELECT `UE_account` FROM `ot_user` WHERE `UE_accName` = '010'  [ RunTime:0.0004s ]
SQL: SELECT * FROM `ot_user` WHERE `UE_account` = '011' LIMIT 1   [ RunTime:0.0008s ]
SQL: SELECT `UE_account` FROM `ot_user` WHERE `UE_accName` = '011'  [ RunTime:0.0004s ]
SQL: SELECT * FROM `ot_user` WHERE `UE_account` = '012' LIMIT 1   [ RunTime:0.0008s ]
SQL: SELECT `UE_account` FROM `ot_user` WHERE `UE_accName` = '012'  [ RunTime:0.0004s ]
SQL: SELECT * FROM `ot_user` WHERE `UE_account` = '013' LIMIT 1   [ RunTime:0.0008s ]
SQL: SELECT `UE_account` FROM `ot_user` WHERE `UE_accName` = '013'  [ RunTime:0.0004s ]
INFO: [ app_end ] --START--
INFO: Run Behavior\ShowPageTraceBehavior [ RunTime:0.000054s ]
INFO: [ app_end ] --END-- [ RunTime:0.000095s ]

[ 2016-05-19T12:02:03+08:00 ] 182.114.111.211 /admin.php/Home/Common/getTree
INFO: [ app_begin ] --START--
INFO: Run Behavior\ReadHtmlCacheBehavior [ RunTime:0.000042s ]
INFO: [ app_begin ] --END-- [ RunTime:0.000123s ]
INFO: [ app_end ] --START--
INFO: Run Behavior\ShowPageTraceBehavior [ RunTime:0.000041s ]
INFO: [ app_end ] --END-- [ RunTime:0.000083s ]

[ 2016-05-19T12:02:04+08:00 ] 182.114.111.211 /admin.php/Home/Common/getTree
INFO: [ app_begin ] --START--
INFO: Run Behavior\ReadHtmlCacheBehavior [ RunTime:0.000041s ]
INFO: [ app_begin ] --END-- [ RunTime:0.000118s ]
INFO: [ app_end ] --START--
INFO: Run Behavior\ShowPageTraceBehavior [ RunTime:0.000040s ]
INFO: [ app_end ] --END-- [ RunTime:0.000082s ]

[ 2016-05-19T17:03:08+08:00 ] 180.106.70.107 /admin.php/Home/Common/getTree
INFO: [ app_begin ] --START--
INFO: Run Behavior\ReadHtmlCacheBehavior [ RunTime:0.000049s ]
INFO: [ app_begin ] --END-- [ RunTime:0.000128s ]
SQL: SHOW COLUMNS FROM `ot_user` [ RunTime:0.0019s ]
SQL: SELECT * FROM `ot_user` WHERE `UE_account` = 'admin@qq.com' LIMIT 1   [ RunTime:0.0011s ]
SQL: SELECT `UE_account` FROM `ot_user` WHERE `UE_accName` = 'admin@qq.com'  [ RunTime:0.0005s ]
NOTIC: [8] Undefined index: user_jb /usr/local/nginx/html/www/snadmin/Home/Controller/CommonController.class.php 第 223 行.
SQL: SELECT * FROM `ot_user` WHERE `UE_account` = '001' LIMIT 1   [ RunTime:0.0011s ]
SQL: SELECT `UE_account` FROM `ot_user` WHERE `UE_accName` = '001'  [ RunTime:0.0004s ]
SQL: SELECT * FROM `ot_user` WHERE `UE_account` = '002' LIMIT 1   [ RunTime:0.0008s ]
SQL: SELECT `UE_account` FROM `ot_user` WHERE `UE_accName` = '002'  [ RunTime:0.0005s ]
SQL: SELECT * FROM `ot_user` WHERE `UE_account` = '003' LIMIT 1   [ RunTime:0.0013s ]
SQL: SELECT `UE_account` FROM `ot_user` WHERE `UE_accName` = '003'  [ RunTime:0.0006s ]
SQL: SELECT * FROM `ot_user` WHERE `UE_account` = '004' LIMIT 1   [ RunTime:0.0012s ]
SQL: SELECT `UE_account` FROM `ot_user` WHERE `UE_accName` = '004'  [ RunTime:0.0005s ]
SQL: SELECT * FROM `ot_user` WHERE `UE_account` = '005' LIMIT 1   [ RunTime:0.0013s ]
SQL: SELECT `UE_account` FROM `ot_user` WHERE `UE_accName` = '005'  [ RunTime:0.0004s ]
SQL: SELECT * FROM `ot_user` WHERE `UE_account` = '006' LIMIT 1   [ RunTime:0.0012s ]
SQL: SELECT `UE_account` FROM `ot_user` WHERE `UE_accName` = '006'  [ RunTime:0.0004s ]
SQL: SELECT * FROM `ot_user` WHERE `UE_account` = '007' LIMIT 1   [ RunTime:0.0009s ]
SQL: SELECT `UE_account` FROM `ot_user` WHERE `UE_accName` = '007'  [ RunTime:0.0004s ]
SQL: SELECT * FROM `ot_user` WHERE `UE_account` = '008' LIMIT 1   [ RunTime:0.0009s ]
SQL: SELECT `UE_account` FROM `ot_user` WHERE `UE_accName` = '008'  [ RunTime:0.0004s ]
SQL: SELECT * FROM `ot_user` WHERE `UE_account` = '009' LIMIT 1   [ RunTime:0.0008s ]
SQL: SELECT `UE_account` FROM `ot_user` WHERE `UE_accName` = '009'  [ RunTime:0.0004s ]
SQL: SELECT * FROM `ot_user` WHERE `UE_account` = '010' LIMIT 1   [ RunTime:0.0009s ]
SQL: SELECT `UE_account` FROM `ot_user` WHERE `UE_accName` = '010'  [ RunTime:0.0004s ]
SQL: SELECT * FROM `ot_user` WHERE `UE_account` = '011' LIMIT 1   [ RunTime:0.0008s ]
SQL: SELECT `UE_account` FROM `ot_user` WHERE `UE_accName` = '011'  [ RunTime:0.0005s ]
SQL: SELECT * FROM `ot_user` WHERE `UE_account` = '012' LIMIT 1   [ RunTime:0.0008s ]
SQL: SELECT `UE_account` FROM `ot_user` WHERE `UE_accName` = '012'  [ RunTime:0.0005s ]
SQL: SELECT * FROM `ot_user` WHERE `UE_account` = '013' LIMIT 1   [ RunTime:0.0008s ]
SQL: SELECT `UE_account` FROM `ot_user` WHERE `UE_accName` = '013'  [ RunTime:0.0005s ]
INFO: [ app_end ] --START--
INFO: Run Behavior\ShowPageTraceBehavior [ RunTime:0.000055s ]
INFO: [ app_end ] --END-- [ RunTime:0.000101s ]

[ 2016-05-19T17:03:10+08:00 ] 180.106.70.107 /admin.php/Home/Common/getTree
INFO: [ app_begin ] --START--
INFO: Run Behavior\ReadHtmlCacheBehavior [ RunTime:0.000046s ]
INFO: [ app_begin ] --END-- [ RunTime:0.000118s ]
SQL: SHOW COLUMNS FROM `ot_user` [ RunTime:0.0019s ]
SQL: SELECT * FROM `ot_user` WHERE `UE_account` = 'admin@qq.com' LIMIT 1   [ RunTime:0.0014s ]
SQL: SELECT `UE_account` FROM `ot_user` WHERE `UE_accName` = 'admin@qq.com'  [ RunTime:0.0006s ]
SQL: SELECT * FROM `ot_user` WHERE `UE_account` = '001' LIMIT 1   [ RunTime:0.0009s ]
SQL: SELECT `UE_account` FROM `ot_user` WHERE `UE_accName` = '001'  [ RunTime:0.0004s ]
SQL: SELECT * FROM `ot_user` WHERE `UE_account` = '002' LIMIT 1   [ RunTime:0.0009s ]
SQL: SELECT `UE_account` FROM `ot_user` WHERE `UE_accName` = '002'  [ RunTime:0.0008s ]
SQL: SELECT * FROM `ot_user` WHERE `UE_account` = '003' LIMIT 1   [ RunTime:0.0011s ]
SQL: SELECT `UE_account` FROM `ot_user` WHERE `UE_accName` = '003'  [ RunTime:0.0006s ]
SQL: SELECT * FROM `ot_user` WHERE `UE_account` = '004' LIMIT 1   [ RunTime:0.0011s ]
SQL: SELECT `UE_account` FROM `ot_user` WHERE `UE_accName` = '004'  [ RunTime:0.0006s ]
SQL: SELECT * FROM `ot_user` WHERE `UE_account` = '005' LIMIT 1   [ RunTime:0.0010s ]
SQL: SELECT `UE_account` FROM `ot_user` WHERE `UE_accName` = '005'  [ RunTime:0.0006s ]
SQL: SELECT * FROM `ot_user` WHERE `UE_account` = '006' LIMIT 1   [ RunTime:0.0010s ]
SQL: SELECT `UE_account` FROM `ot_user` WHERE `UE_accName` = '006'  [ RunTime:0.0006s ]
SQL: SELECT * FROM `ot_user` WHERE `UE_account` = '007' LIMIT 1   [ RunTime:0.0012s ]
SQL: SELECT `UE_account` FROM `ot_user` WHERE `UE_accName` = '007'  [ RunTime:0.0006s ]
SQL: SELECT * FROM `ot_user` WHERE `UE_account` = '008' LIMIT 1   [ RunTime:0.0009s ]
SQL: SELECT `UE_account` FROM `ot_user` WHERE `UE_accName` = '008'  [ RunTime:0.0005s ]
SQL: SELECT * FROM `ot_user` WHERE `UE_account` = '009' LIMIT 1   [ RunTime:0.0009s ]
SQL: SELECT `UE_account` FROM `ot_user` WHERE `UE_accName` = '009'  [ RunTime:0.0004s ]
SQL: SELECT * FROM `ot_user` WHERE `UE_account` = '010' LIMIT 1   [ RunTime:0.0008s ]
SQL: SELECT `UE_account` FROM `ot_user` WHERE `UE_accName` = '010'  [ RunTime:0.0004s ]
SQL: SELECT * FROM `ot_user` WHERE `UE_account` = '011' LIMIT 1   [ RunTime:0.0008s ]
SQL: SELECT `UE_account` FROM `ot_user` WHERE `UE_accName` = '011'  [ RunTime:0.0004s ]
SQL: SELECT * FROM `ot_user` WHERE `UE_account` = '012' LIMIT 1   [ RunTime:0.0008s ]
SQL: SELECT `UE_account` FROM `ot_user` WHERE `UE_accName` = '012'  [ RunTime:0.0004s ]
SQL: SELECT * FROM `ot_user` WHERE `UE_account` = '013' LIMIT 1   [ RunTime:0.0008s ]
SQL: SELECT `UE_account` FROM `ot_user` WHERE `UE_accName` = '013'  [ RunTime:0.0004s ]
INFO: [ app_end ] --START--
INFO: Run Behavior\ShowPageTraceBehavior [ RunTime:0.000061s ]
INFO: [ app_end ] --END-- [ RunTime:0.000106s ]

[ 2016-05-19T17:03:30+08:00 ] 180.106.70.107 /admin.php/Home/Common/getTree
INFO: [ app_begin ] --START--
INFO: Run Behavior\ReadHtmlCacheBehavior [ RunTime:0.000048s ]
INFO: [ app_begin ] --END-- [ RunTime:0.000124s ]
INFO: [ app_end ] --START--
INFO: Run Behavior\ShowPageTraceBehavior [ RunTime:0.000046s ]
INFO: [ app_end ] --END-- [ RunTime:0.000088s ]

[ 2016-05-19T17:14:13+08:00 ] 180.106.70.107 /admin.php/Home/Common/getTree
INFO: [ app_begin ] --START--
INFO: Run Behavior\ReadHtmlCacheBehavior [ RunTime:0.000048s ]
INFO: [ app_begin ] --END-- [ RunTime:0.000120s ]
SQL: SHOW COLUMNS FROM `ot_user` [ RunTime:0.0019s ]
SQL: SELECT * FROM `ot_user` WHERE `UE_account` = 'admin@qq.com' LIMIT 1   [ RunTime:0.0014s ]
SQL: SELECT `UE_account` FROM `ot_user` WHERE `UE_accName` = 'admin@qq.com'  [ RunTime:0.0004s ]
SQL: SELECT * FROM `ot_user` WHERE `UE_account` = '001' LIMIT 1   [ RunTime:0.0011s ]
SQL: SELECT `UE_account` FROM `ot_user` WHERE `UE_accName` = '001'  [ RunTime:0.0005s ]
SQL: SELECT * FROM `ot_user` WHERE `UE_account` = '002' LIMIT 1   [ RunTime:0.0009s ]
SQL: SELECT `UE_account` FROM `ot_user` WHERE `UE_accName` = '002'  [ RunTime:0.0006s ]
SQL: SELECT * FROM `ot_user` WHERE `UE_account` = '003' LIMIT 1   [ RunTime:0.0011s ]
SQL: SELECT `UE_account` FROM `ot_user` WHERE `UE_accName` = '003'  [ RunTime:0.0006s ]
SQL: SELECT * FROM `ot_user` WHERE `UE_account` = '004' LIMIT 1   [ RunTime:0.0011s ]
SQL: SELECT `UE_account` FROM `ot_user` WHERE `UE_accName` = '004'  [ RunTime:0.0006s ]
SQL: SELECT * FROM `ot_user` WHERE `UE_account` = '005' LIMIT 1   [ RunTime:0.0014s ]
SQL: SELECT `UE_account` FROM `ot_user` WHERE `UE_accName` = '005'  [ RunTime:0.0006s ]
SQL: SELECT * FROM `ot_user` WHERE `UE_account` = '006' LIMIT 1   [ RunTime:0.0011s ]
SQL: SELECT `UE_account` FROM `ot_user` WHERE `UE_accName` = '006'  [ RunTime:0.0006s ]
SQL: SELECT * FROM `ot_user` WHERE `UE_account` = '007' LIMIT 1   [ RunTime:0.0012s ]
SQL: SELECT `UE_account` FROM `ot_user` WHERE `UE_accName` = '007'  [ RunTime:0.0005s ]
SQL: SELECT * FROM `ot_user` WHERE `UE_account` = '008' LIMIT 1   [ RunTime:0.0009s ]
SQL: SELECT `UE_account` FROM `ot_user` WHERE `UE_accName` = '008'  [ RunTime:0.0004s ]
SQL: SELECT * FROM `ot_user` WHERE `UE_account` = '009' LIMIT 1   [ RunTime:0.0008s ]
SQL: SELECT `UE_account` FROM `ot_user` WHERE `UE_accName` = '009'  [ RunTime:0.0004s ]
SQL: SELECT * FROM `ot_user` WHERE `UE_account` = '010' LIMIT 1   [ RunTime:0.0008s ]
SQL: SELECT `UE_account` FROM `ot_user` WHERE `UE_accName` = '010'  [ RunTime:0.0004s ]
SQL: SELECT * FROM `ot_user` WHERE `UE_account` = '011' LIMIT 1   [ RunTime:0.0008s ]
SQL: SELECT `UE_account` FROM `ot_user` WHERE `UE_accName` = '011'  [ RunTime:0.0004s ]
SQL: SELECT * FROM `ot_user` WHERE `UE_account` = '012' LIMIT 1   [ RunTime:0.0008s ]
SQL: SELECT `UE_account` FROM `ot_user` WHERE `UE_accName` = '012'  [ RunTime:0.0004s ]
SQL: SELECT * FROM `ot_user` WHERE `UE_account` = '013' LIMIT 1   [ RunTime:0.0008s ]
SQL: SELECT `UE_account` FROM `ot_user` WHERE `UE_accName` = '013'  [ RunTime:0.0004s ]
INFO: [ app_end ] --START--
INFO: Run Behavior\ShowPageTraceBehavior [ RunTime:0.000056s ]
INFO: [ app_end ] --END-- [ RunTime:0.000098s ]

[ 2016-05-19T17:22:31+08:00 ] 180.106.70.107 /admin.php/Home/Common/getTree
INFO: [ app_begin ] --START--
INFO: Run Behavior\ReadHtmlCacheBehavior [ RunTime:0.000050s ]
INFO: [ app_begin ] --END-- [ RunTime:0.000124s ]
INFO: [ app_end ] --START--
INFO: Run Behavior\ShowPageTraceBehavior [ RunTime:0.000048s ]
INFO: [ app_end ] --END-- [ RunTime:0.000090s ]

[ 2016-05-19T17:22:52+08:00 ] 1.195.246.175 /admin.php/Home/Common/getTree
INFO: [ app_begin ] --START--
INFO: Run Behavior\ReadHtmlCacheBehavior [ RunTime:0.000048s ]
INFO: [ app_begin ] --END-- [ RunTime:0.000120s ]
INFO: [ app_end ] --START--
INFO: Run Behavior\ShowPageTraceBehavior [ RunTime:0.000047s ]
INFO: [ app_end ] --END-- [ RunTime:0.000090s ]

[ 2016-05-19T17:23:22+08:00 ] 1.195.246.175 /admin.php/Home/Common/getTree
INFO: [ app_begin ] --START--
INFO: Run Behavior\ReadHtmlCacheBehavior [ RunTime:0.000047s ]
INFO: [ app_begin ] --END-- [ RunTime:0.000121s ]
INFO: [ app_end ] --START--
INFO: Run Behavior\ShowPageTraceBehavior [ RunTime:0.000057s ]
INFO: [ app_end ] --END-- [ RunTime:0.000100s ]

[ 2016-05-19T17:27:20+08:00 ] 1.195.246.175 /admin.php/Home/Common/getTree
INFO: [ app_begin ] --START--
INFO: Run Behavior\ReadHtmlCacheBehavior [ RunTime:0.000050s ]
INFO: [ app_begin ] --END-- [ RunTime:0.000121s ]
INFO: [ app_end ] --START--
INFO: Run Behavior\ShowPageTraceBehavior [ RunTime:0.000048s ]
INFO: [ app_end ] --END-- [ RunTime:0.000090s ]

[ 2016-05-19T17:27:30+08:00 ] 1.195.246.175 /admin.php/Home/Common/getTree
INFO: [ app_begin ] --START--
INFO: Run Behavior\ReadHtmlCacheBehavior [ RunTime:0.000047s ]
INFO: [ app_begin ] --END-- [ RunTime:0.000117s ]
INFO: [ app_end ] --START--
INFO: Run Behavior\ShowPageTraceBehavior [ RunTime:0.000047s ]
INFO: [ app_end ] --END-- [ RunTime:0.000088s ]

[ 2016-05-19T17:55:24+08:00 ] 1.195.246.175 /admin.php/Home/Common/getTree
INFO: [ app_begin ] --START--
INFO: Run Behavior\ReadHtmlCacheBehavior [ RunTime:0.000049s ]
INFO: [ app_begin ] --END-- [ RunTime:0.000125s ]
SQL: SHOW COLUMNS FROM `ot_user` [ RunTime:0.0022s ]
SQL: SELECT * FROM `ot_user` WHERE `UE_account` = 'admin@qq.com' LIMIT 1   [ RunTime:0.0012s ]
SQL: SELECT `UE_account` FROM `ot_user` WHERE `UE_accName` = 'admin@qq.com'  [ RunTime:0.0006s ]
SQL: SELECT * FROM `ot_user` WHERE `UE_account` = '001' LIMIT 1   [ RunTime:0.0009s ]
SQL: SELECT `UE_account` FROM `ot_user` WHERE `UE_accName` = '001'  [ RunTime:0.0004s ]
SQL: SELECT * FROM `ot_user` WHERE `UE_account` = '002' LIMIT 1   [ RunTime:0.0008s ]
SQL: SELECT `UE_account` FROM `ot_user` WHERE `UE_accName` = '002'  [ RunTime:0.0006s ]
SQL: SELECT * FROM `ot_user` WHERE `UE_account` = '003' LIMIT 1   [ RunTime:0.0013s ]
SQL: SELECT `UE_account` FROM `ot_user` WHERE `UE_accName` = '003'  [ RunTime:0.0007s ]
SQL: SELECT * FROM `ot_user` WHERE `UE_account` = '004' LIMIT 1   [ RunTime:0.0011s ]
SQL: SELECT `UE_account` FROM `ot_user` WHERE `UE_accName` = '004'  [ RunTime:0.0005s ]
SQL: SELECT * FROM `ot_user` WHERE `UE_account` = '005' LIMIT 1   [ RunTime:0.0009s ]
SQL: SELECT `UE_account` FROM `ot_user` WHERE `UE_accName` = '005'  [ RunTime:0.0006s ]
SQL: SELECT * FROM `ot_user` WHERE `UE_account` = '006' LIMIT 1   [ RunTime:0.0009s ]
SQL: SELECT `UE_account` FROM `ot_user` WHERE `UE_accName` = '006'  [ RunTime:0.0005s ]
SQL: SELECT * FROM `ot_user` WHERE `UE_account` = '007' LIMIT 1   [ RunTime:0.0008s ]
SQL: SELECT `UE_account` FROM `ot_user` WHERE `UE_accName` = '007'  [ RunTime:0.0004s ]
SQL: SELECT * FROM `ot_user` WHERE `UE_account` = '008' LIMIT 1   [ RunTime:0.0008s ]
SQL: SELECT `UE_account` FROM `ot_user` WHERE `UE_accName` = '008'  [ RunTime:0.0004s ]
SQL: SELECT * FROM `ot_user` WHERE `UE_account` = '009' LIMIT 1   [ RunTime:0.0008s ]
SQL: SELECT `UE_account` FROM `ot_user` WHERE `UE_accName` = '009'  [ RunTime:0.0004s ]
SQL: SELECT * FROM `ot_user` WHERE `UE_account` = '010' LIMIT 1   [ RunTime:0.0007s ]
SQL: SELECT `UE_account` FROM `ot_user` WHERE `UE_accName` = '010'  [ RunTime:0.0004s ]
SQL: SELECT * FROM `ot_user` WHERE `UE_account` = '011' LIMIT 1   [ RunTime:0.0009s ]
SQL: SELECT `UE_account` FROM `ot_user` WHERE `UE_accName` = '011'  [ RunTime:0.0004s ]
SQL: SELECT * FROM `ot_user` WHERE `UE_account` = '012' LIMIT 1   [ RunTime:0.0007s ]
SQL: SELECT `UE_account` FROM `ot_user` WHERE `UE_accName` = '012'  [ RunTime:0.0003s ]
SQL: SELECT * FROM `ot_user` WHERE `UE_account` = '013' LIMIT 1   [ RunTime:0.0010s ]
SQL: SELECT `UE_account` FROM `ot_user` WHERE `UE_accName` = '013'  [ RunTime:0.0004s ]
SQL: SELECT * FROM `ot_user` WHERE `UE_account` = '00014' LIMIT 1   [ RunTime:0.0008s ]
SQL: SELECT `UE_account` FROM `ot_user` WHERE `UE_accName` = '00014'  [ RunTime:0.0006s ]
SQL: SELECT * FROM `ot_user` WHERE `UE_account` = '015' LIMIT 1   [ RunTime:0.0009s ]
SQL: SELECT `UE_account` FROM `ot_user` WHERE `UE_accName` = '015'  [ RunTime:0.0004s ]
INFO: [ app_end ] --START--
INFO: Run Behavior\ShowPageTraceBehavior [ RunTime:0.000055s ]
INFO: [ app_end ] --END-- [ RunTime:0.000098s ]

[ 2016-05-19T17:55:39+08:00 ] 1.195.246.175 /admin.php/Home/Shop/
ERR: 非法操作:index.php

[ 2016-05-19T18:00:48+08:00 ] 1.195.246.175 /admin.php/Home/Shop/
ERR: 非法操作:index.php

[ 2016-05-19T18:01:38+08:00 ] 1.195.246.175 /admin.php/Home/Shop/
ERR: 非法操作:index.php

[ 2016-05-19T18:01:58+08:00 ] 1.195.246.175 /admin.php/Home/Shop/
ERR: 非法操作:index.php

[ 2016-05-19T18:02:09+08:00 ] 1.195.246.175 /admin.php/Home/Shop/
ERR: 非法操作:index.php

[ 2016-05-19T18:02:22+08:00 ] 1.195.246.175 /admin.php/Home/Shop/
ERR: 非法操作:index.php

[ 2016-05-19T18:02:22+08:00 ] 1.195.246.175 /admin.php/Home/Common/getTree
INFO: [ app_begin ] --START--
INFO: Run Behavior\ReadHtmlCacheBehavior [ RunTime:0.000051s ]
INFO: [ app_begin ] --END-- [ RunTime:0.000130s ]
INFO: [ app_end ] --START--
INFO: Run Behavior\ShowPageTraceBehavior [ RunTime:0.000048s ]
INFO: [ app_end ] --END-- [ RunTime:0.000091s ]

[ 2016-05-19T18:02:25+08:00 ] 1.195.246.175 /admin.php/Home/Common/getTree
INFO: [ app_begin ] --START--
INFO: Run Behavior\ReadHtmlCacheBehavior [ RunTime:0.000049s ]
INFO: [ app_begin ] --END-- [ RunTime:0.000125s ]
INFO: [ app_end ] --START--
INFO: Run Behavior\ShowPageTraceBehavior [ RunTime:0.000047s ]
INFO: [ app_end ] --END-- [ RunTime:0.000090s ]

[ 2016-05-19T18:02:29+08:00 ] 1.195.246.175 /admin.php/Home/Shop/
ERR: 非法操作:index.php

[ 2016-05-19T18:02:48+08:00 ] 1.195.246.175 /admin.php/Home/Shop/
ERR: 非法操作:index.php

[ 2016-05-19T18:03:05+08:00 ] 1.195.246.175 /admin.php/Home/Shop/
ERR: 非法操作:index.php

[ 2016-05-19T18:03:26+08:00 ] 1.195.246.175 /admin.php/Home/Shop/
ERR: 非法操作:index.php

[ 2016-05-19T18:03:43+08:00 ] 1.195.246.175 /admin.php/Home/Shop/
ERR: 非法操作:index.php

[ 2016-05-19T18:04:01+08:00 ] 1.195.246.175 /admin.php/Home/Shop/
ERR: 非法操作:index.php

[ 2016-05-19T18:04:27+08:00 ] 1.195.246.175 /admin.php/Home/Shop/
ERR: 非法操作:index.php

[ 2016-05-19T18:04:48+08:00 ] 1.195.246.175 /admin.php/Home/Shop/
ERR: 非法操作:index.php

[ 2016-05-19T18:05:05+08:00 ] 1.195.246.175 /admin.php/Home/Shop/
ERR: 非法操作:index.php

[ 2016-05-19T18:05:20+08:00 ] 1.195.246.175 /admin.php/Home/Shop/
ERR: 非法操作:index.php

[ 2016-05-19T18:05:35+08:00 ] 1.195.246.175 /admin.php/Home/Shop/
ERR: 非法操作:index.php

[ 2016-05-19T18:05:40+08:00 ] 1.195.246.175 /admin.php/Home/Common/getTree
INFO: [ app_begin ] --START--
INFO: Run Behavior\ReadHtmlCacheBehavior [ RunTime:0.000048s ]
INFO: [ app_begin ] --END-- [ RunTime:0.000130s ]
INFO: [ app_end ] --START--
INFO: Run Behavior\ShowPageTraceBehavior [ RunTime:0.000048s ]
INFO: [ app_end ] --END-- [ RunTime:0.000090s ]

[ 2016-05-19T18:05:42+08:00 ] 1.195.246.175 /admin.php/Home/Shop/
ERR: 非法操作:index.php

[ 2016-05-19T18:05:50+08:00 ] 1.195.246.175 /admin.php/Home/Shop/
ERR: 非法操作:index.php

[ 2016-05-19T18:06:35+08:00 ] 1.195.246.175 /admin.php/Home/Shop/
ERR: 非法操作:index.php

[ 2016-05-19T18:07:24+08:00 ] 1.195.246.175 /admin.php/Home/Shop/
ERR: 非法操作:index.php

[ 2016-05-19T18:07:37+08:00 ] 1.195.246.175 /admin.php/Home/Shop/
ERR: 非法操作:index.php

[ 2016-05-19T18:07:50+08:00 ] 1.195.246.175 /admin.php/Home/Shop/
ERR: 非法操作:index.php

[ 2016-05-19T18:08:36+08:00 ] 1.195.246.175 /admin.php/Home/Shop/
ERR: 非法操作:index.php

[ 2016-05-19T18:09:22+08:00 ] 1.195.246.175 /admin.php/Home/Shop/
ERR: 非法操作:index.php

[ 2016-05-19T18:26:29+08:00 ] 1.195.246.175 /admin.php/Home/Shop/
ERR: 非法操作:index.php

[ 2016-05-19T18:34:08+08:00 ] 1.195.246.175 /admin.php/Home/Shop/
ERR: 非法操作:index.php

[ 2016-05-19T18:40:09+08:00 ] 1.195.246.175 /admin.php/Home/Shop/
ERR: 非法操作:index.php

[ 2016-05-19T21:23:34+08:00 ] 211.95.58.7 /admin.php/Home/Common/getTree
INFO: [ app_begin ] --START--
INFO: Run Behavior\ReadHtmlCacheBehavior [ RunTime:0.000049s ]
INFO: [ app_begin ] --END-- [ RunTime:0.000123s ]
INFO: [ app_end ] --START--
INFO: Run Behavior\ShowPageTraceBehavior [ RunTime:0.000046s ]
INFO: [ app_end ] --END-- [ RunTime:0.000089s ]

[ 2016-05-19T21:46:48+08:00 ] 211.95.58.7 /admin.php/Home/Common/getTree
INFO: [ app_begin ] --START--
INFO: Run Behavior\ReadHtmlCacheBehavior [ RunTime:0.000043s ]
INFO: [ app_begin ] --END-- [ RunTime:0.000126s ]
SQL: SHOW COLUMNS FROM `ot_user` [ RunTime:0.0020s ]
SQL: SELECT * FROM `ot_user` WHERE `UE_account` = 'admin@qq.com' LIMIT 1   [ RunTime:0.0012s ]
SQL: SELECT `UE_account` FROM `ot_user` WHERE `UE_accName` = 'admin@qq.com'  [ RunTime:0.0004s ]
INFO: [ app_end ] --START--
INFO: Run Behavior\ShowPageTraceBehavior [ RunTime:0.000046s ]
INFO: [ app_end ] --END-- [ RunTime:0.000086s ]

[ 2016-05-19T21:46:50+08:00 ] 211.95.58.7 /admin.php/Home/Common/getTree
INFO: [ app_begin ] --START--
INFO: Run Behavior\ReadHtmlCacheBehavior [ RunTime:0.000042s ]
INFO: [ app_begin ] --END-- [ RunTime:0.000121s ]
SQL: SHOW COLUMNS FROM `ot_user` [ RunTime:0.0020s ]
SQL: SELECT * FROM `ot_user` WHERE `UE_account` = 'admin@qq.com' LIMIT 1   [ RunTime:0.0011s ]
SQL: SELECT `UE_account` FROM `ot_user` WHERE `UE_accName` = 'admin@qq.com'  [ RunTime:0.0005s ]
INFO: [ app_end ] --START--
INFO: Run Behavior\ShowPageTraceBehavior [ RunTime:0.000044s ]
INFO: [ app_end ] --END-- [ RunTime:0.000083s ]

[ 2016-05-19T21:46:57+08:00 ] 211.95.58.7 /admin.php/Home/Shop/
ERR: 非法操作:index.php

[ 2016-05-19T21:46:58+08:00 ] 211.95.58.7 /admin.php/Home/Common/getTree
INFO: [ app_begin ] --START--
INFO: Run Behavior\ReadHtmlCacheBehavior [ RunTime:0.000057s ]
INFO: [ app_begin ] --END-- [ RunTime:0.000130s ]
INFO: [ app_end ] --START--
INFO: Run Behavior\ShowPageTraceBehavior [ RunTime:0.000046s ]
INFO: [ app_end ] --END-- [ RunTime:0.000088s ]

[ 2016-05-19T21:47:05+08:00 ] 211.95.58.7 /admin.php/Home/Common/getTree
INFO: [ app_begin ] --START--
INFO: Run Behavior\ReadHtmlCacheBehavior [ RunTime:0.000042s ]
INFO: [ app_begin ] --END-- [ RunTime:0.000121s ]
INFO: [ app_end ] --START--
INFO: Run Behavior\ShowPageTraceBehavior [ RunTime:0.000041s ]
INFO: [ app_end ] --END-- [ RunTime:0.000084s ]

[ 2016-05-19T21:50:20+08:00 ] 115.48.179.53 /admin.php/Home/Common/getTree
INFO: [ app_begin ] --START--
INFO: Run Behavior\ReadHtmlCacheBehavior [ RunTime:0.000050s ]
INFO: [ app_begin ] --END-- [ RunTime:0.000126s ]
INFO: [ app_end ] --START--
INFO: Run Behavior\ShowPageTraceBehavior [ RunTime:0.000048s ]
INFO: [ app_end ] --END-- [ RunTime:0.000091s ]

[ 2016-05-19T21:50:59+08:00 ] 115.48.179.53 /admin.php/Home/Common/getTree
INFO: [ app_begin ] --START--
INFO: Run Behavior\ReadHtmlCacheBehavior [ RunTime:0.000050s ]
INFO: [ app_begin ] --END-- [ RunTime:0.000127s ]
INFO: [ app_end ] --START--
INFO: Run Behavior\ShowPageTraceBehavior [ RunTime:0.000052s ]
INFO: [ app_end ] --END-- [ RunTime:0.000095s ]

[ 2016-05-19T21:53:40+08:00 ] 115.48.179.53 /admin.php/Home/Common/getTree
INFO: [ app_begin ] --START--
INFO: Run Behavior\ReadHtmlCacheBehavior [ RunTime:0.000044s ]
INFO: [ app_begin ] --END-- [ RunTime:0.000126s ]
INFO: [ app_end ] --START--
INFO: Run Behavior\ShowPageTraceBehavior [ RunTime:0.000041s ]
INFO: [ app_end ] --END-- [ RunTime:0.000083s ]

[ 2016-05-19T21:53:41+08:00 ] 115.48.179.53 /admin.php/Home/Common/getTree
INFO: [ app_begin ] --START--
INFO: Run Behavior\ReadHtmlCacheBehavior [ RunTime:0.000042s ]
INFO: [ app_begin ] --END-- [ RunTime:0.000120s ]
INFO: [ app_end ] --START--
INFO: Run Behavior\ShowPageTraceBehavior [ RunTime:0.000041s ]
INFO: [ app_end ] --END-- [ RunTime:0.000083s ]

[ 2016-05-19T21:53:41+08:00 ] 115.48.179.53 /admin.php/Home/Common/getTree
INFO: [ app_begin ] --START--
INFO: Run Behavior\ReadHtmlCacheBehavior [ RunTime:0.000042s ]
INFO: [ app_begin ] --END-- [ RunTime:0.000123s ]
INFO: [ app_end ] --START--
INFO: Run Behavior\ShowPageTraceBehavior [ RunTime:0.000042s ]
INFO: [ app_end ] --END-- [ RunTime:0.000090s ]

[ 2016-05-19T21:53:42+08:00 ] 115.48.179.53 /admin.php/Home/Common/getTree
INFO: [ app_begin ] --START--
INFO: Run Behavior\ReadHtmlCacheBehavior [ RunTime:0.000042s ]
INFO: [ app_begin ] --END-- [ RunTime:0.000109s ]
INFO: [ app_end ] --START--
INFO: Run Behavior\ShowPageTraceBehavior [ RunTime:0.000042s ]
INFO: [ app_end ] --END-- [ RunTime:0.000083s ]

[ 2016-05-19T21:54:11+08:00 ] 115.48.179.53 /admin.php/Home/Common/getTree
INFO: [ app_begin ] --START--
INFO: Run Behavior\ReadHtmlCacheBehavior [ RunTime:0.000049s ]
INFO: [ app_begin ] --END-- [ RunTime:0.000126s ]
INFO: [ app_end ] --START--
INFO: Run Behavior\ShowPageTraceBehavior [ RunTime:0.000046s ]
INFO: [ app_end ] --END-- [ RunTime:0.000089s ]

[ 2016-05-19T21:54:39+08:00 ] 115.48.179.53 /admin.php/Home/Common/getTree
INFO: [ app_begin ] --START--
INFO: Run Behavior\ReadHtmlCacheBehavior [ RunTime:0.000050s ]
INFO: [ app_begin ] --END-- [ RunTime:0.000129s ]
INFO: [ app_end ] --START--
INFO: Run Behavior\ShowPageTraceBehavior [ RunTime:0.000048s ]
INFO: [ app_end ] --END-- [ RunTime:0.000091s ]

[ 2016-05-19T21:57:15+08:00 ] 115.48.179.53 /admin.php/Home/Common/getTree
INFO: [ app_begin ] --START--
INFO: Run Behavior\ReadHtmlCacheBehavior [ RunTime:0.000048s ]
INFO: [ app_begin ] --END-- [ RunTime:0.000128s ]
INFO: [ app_end ] --START--
INFO: Run Behavior\ShowPageTraceBehavior [ RunTime:0.000046s ]
INFO: [ app_end ] --END-- [ RunTime:0.000089s ]

[ 2016-05-19T22:03:27+08:00 ] 115.48.179.53 /admin.php/Home/Common/getTree
INFO: [ app_begin ] --START--
INFO: Run Behavior\ReadHtmlCacheBehavior [ RunTime:0.000049s ]
INFO: [ app_begin ] --END-- [ RunTime:0.000127s ]
INFO: [ app_end ] --START--
INFO: Run Behavior\ShowPageTraceBehavior [ RunTime:0.000046s ]
INFO: [ app_end ] --END-- [ RunTime:0.000089s ]

[ 2016-05-19T22:04:21+08:00 ] 115.48.179.53 /admin.php/Home/Common/getTree
INFO: [ app_begin ] --START--
INFO: Run Behavior\ReadHtmlCacheBehavior [ RunTime:0.000049s ]
INFO: [ app_begin ] --END-- [ RunTime:0.000126s ]
INFO: [ app_end ] --START--
INFO: Run Behavior\ShowPageTraceBehavior [ RunTime:0.000047s ]
INFO: [ app_end ] --END-- [ RunTime:0.000089s ]

[ 2016-05-19T22:09:04+08:00 ] 115.48.179.53 /admin.php/Home/Common/getTree
INFO: [ app_begin ] --START--
INFO: Run Behavior\ReadHtmlCacheBehavior [ RunTime:0.000107s ]
INFO: [ app_begin ] --END-- [ RunTime:0.000182s ]
INFO: [ app_end ] --START--
INFO: Run Behavior\ShowPageTraceBehavior [ RunTime:0.000046s ]
INFO: [ app_end ] --END-- [ RunTime:0.000088s ]

[ 2016-05-19T22:09:36+08:00 ] 115.48.179.53 /admin.php/Home/Common/getTree
INFO: [ app_begin ] --START--
INFO: Run Behavior\ReadHtmlCacheBehavior [ RunTime:0.000048s ]
INFO: [ app_begin ] --END-- [ RunTime:0.000123s ]
INFO: [ app_end ] --START--
INFO: Run Behavior\ShowPageTraceBehavior [ RunTime:0.000049s ]
INFO: [ app_end ] --END-- [ RunTime:0.000092s ]

[ 2016-05-19T22:53:21+08:00 ] 115.48.179.53 /admin.php/Home/Common/getTree
INFO: [ app_begin ] --START--
INFO: Run Behavior\ReadHtmlCacheBehavior [ RunTime:0.000041s ]
INFO: [ app_begin ] --END-- [ RunTime:0.000108s ]
INFO: [ app_end ] --START--
INFO: Run Behavior\ShowPageTraceBehavior [ RunTime:0.000042s ]
INFO: [ app_end ] --END-- [ RunTime:0.000092s ]

[ 2016-05-19T22:54:16+08:00 ] 115.48.179.53 /admin.php/Home/Common/getTree
INFO: [ app_begin ] --START--
INFO: Run Behavior\ReadHtmlCacheBehavior [ RunTime:0.000048s ]
INFO: [ app_begin ] --END-- [ RunTime:0.000128s ]
INFO: [ app_end ] --START--
INFO: Run Behavior\ShowPageTraceBehavior [ RunTime:0.000046s ]
INFO: [ app_end ] --END-- [ RunTime:0.000088s ]

[ 2016-05-19T22:54:36+08:00 ] 115.48.179.53 /admin.php/Home/Common/getTree
INFO: [ app_begin ] --START--
INFO: Run Behavior\ReadHtmlCacheBehavior [ RunTime:0.000048s ]
INFO: [ app_begin ] --END-- [ RunTime:0.000122s ]
INFO: [ app_end ] --START--
INFO: Run Behavior\ShowPageTraceBehavior [ RunTime:0.000046s ]
INFO: [ app_end ] --END-- [ RunTime:0.000089s ]

[ 2016-05-19T22:55:29+08:00 ] 115.48.179.53 /admin.php/Home/Common/getTree
INFO: [ app_begin ] --START--
INFO: Run Behavior\ReadHtmlCacheBehavior [ RunTime:0.000050s ]
INFO: [ app_begin ] --END-- [ RunTime:0.000123s ]
INFO: [ app_end ] --START--
INFO: Run Behavior\ShowPageTraceBehavior [ RunTime:0.000049s ]
INFO: [ app_end ] --END-- [ RunTime:0.000093s ]

[ 2016-05-19T23:21:34+08:00 ] 115.48.179.53 /admin.php/Home/Common/getTree
INFO: [ app_begin ] --START--
INFO: Run Behavior\ReadHtmlCacheBehavior [ RunTime:0.000049s ]
INFO: [ app_begin ] --END-- [ RunTime:0.000124s ]
INFO: [ app_end ] --START--
INFO: Run Behavior\ShowPageTraceBehavior [ RunTime:0.000049s ]
INFO: [ app_end ] --END-- [ RunTime:0.000094s ]

[ 2016-05-19T23:21:54+08:00 ] 115.48.179.53 /admin.php/Home/Common/getTree
INFO: [ app_begin ] --START--
INFO: Run Behavior\ReadHtmlCacheBehavior [ RunTime:0.000050s ]
INFO: [ app_begin ] --END-- [ RunTime:0.000128s ]
INFO: [ app_end ] --START--
INFO: Run Behavior\ShowPageTraceBehavior [ RunTime:0.000046s ]
INFO: [ app_end ] --END-- [ RunTime:0.000088s ]

