[ 2016-05-05T12:01:13+08:00 ] 127.0.0.1 /admin.php/Home/Shop/
ERR: 非法操作:index

[ 2016-05-05T14:05:16+08:00 ] 182.114.14.219 /admin.php/Home/Common/getTree
INFO: [ app_begin ] --START--
INFO: Run Behavior\ReadHtmlCacheBehavior [ RunTime:0.000000s ]
INFO: [ app_begin ] --END-- [ RunTime:0.000000s ]
INFO: [ app_end ] --START--
INFO: Run Behavior\ShowPageTraceBehavior [ RunTime:0.000000s ]
INFO: [ app_end ] --END-- [ RunTime:0.000000s ]

[ 2016-05-05T14:08:26+08:00 ] 182.114.14.219 /admin.php/Home/Common/getTree
INFO: [ app_begin ] --START--
INFO: Run Behavior\ReadHtmlCacheBehavior [ RunTime:0.000000s ]
INFO: [ app_begin ] --END-- [ RunTime:0.000000s ]
SQL: SHOW COLUMNS FROM `ot_user` [ RunTime:0.0000s ]
SQL: SELECT * FROM `ot_user` WHERE `UE_account` = 'admin@qq.com' LIMIT 1   [ RunTime:0.0000s ]
SQL: SELECT `UE_account` FROM `ot_user` WHERE `UE_accName` = 'admin@qq.com'  [ RunTime:0.0000s ]
SQL: SELECT * FROM `ot_user` WHERE `UE_account` = '111' LIMIT 1   [ RunTime:0.0000s ]
SQL: SELECT `UE_account` FROM `ot_user` WHERE `UE_accName` = '111'  [ RunTime:0.0000s ]
SQL: SELECT * FROM `ot_user` WHERE `UE_account` = '222' LIMIT 1   [ RunTime:0.0000s ]
SQL: SELECT `UE_account` FROM `ot_user` WHERE `UE_accName` = '222'  [ RunTime:0.0000s ]
SQL: SELECT * FROM `ot_user` WHERE `UE_account` = '333' LIMIT 1   [ RunTime:0.0000s ]
SQL: SELECT `UE_account` FROM `ot_user` WHERE `UE_accName` = '333'  [ RunTime:0.0000s ]
SQL: SELECT * FROM `ot_user` WHERE `UE_account` = '4444' LIMIT 1   [ RunTime:0.0000s ]
SQL: SELECT `UE_account` FROM `ot_user` WHERE `UE_accName` = '4444'  [ RunTime:0.0000s ]
SQL: SELECT * FROM `ot_user` WHERE `UE_account` = 'q111' LIMIT 1   [ RunTime:0.0000s ]
SQL: SELECT `UE_account` FROM `ot_user` WHERE `UE_accName` = 'q111'  [ RunTime:0.0000s ]
SQL: SELECT * FROM `ot_user` WHERE `UE_account` = 'q2222' LIMIT 1   [ RunTime:0.0000s ]
SQL: SELECT `UE_account` FROM `ot_user` WHERE `UE_accName` = 'q2222'  [ RunTime:0.0000s ]
SQL: SELECT * FROM `ot_user` WHERE `UE_account` = 'q33333' LIMIT 1   [ RunTime:0.0000s ]
SQL: SELECT `UE_account` FROM `ot_user` WHERE `UE_accName` = 'q33333'  [ RunTime:0.0000s ]
SQL: SELECT * FROM `ot_user` WHERE `UE_account` = 'q1122' LIMIT 1   [ RunTime:0.0000s ]
SQL: SELECT `UE_account` FROM `ot_user` WHERE `UE_accName` = 'q1122'  [ RunTime:0.0000s ]
SQL: SELECT * FROM `ot_user` WHERE `UE_account` = 'q2211' LIMIT 1   [ RunTime:0.0000s ]
SQL: SELECT `UE_account` FROM `ot_user` WHERE `UE_accName` = 'q2211'  [ RunTime:0.0000s ]
SQL: SELECT * FROM `ot_user` WHERE `UE_account` = 'w1122' LIMIT 1   [ RunTime:0.0000s ]
SQL: SELECT `UE_account` FROM `ot_user` WHERE `UE_accName` = 'w1122'  [ RunTime:0.0000s ]
SQL: SELECT * FROM `ot_user` WHERE `UE_account` = 'q3333312' LIMIT 1   [ RunTime:0.0000s ]
SQL: SELECT `UE_account` FROM `ot_user` WHERE `UE_accName` = 'q3333312'  [ RunTime:0.0000s ]
SQL: SELECT * FROM `ot_user` WHERE `UE_account` = 'w33333' LIMIT 1   [ RunTime:0.0000s ]
SQL: SELECT `UE_account` FROM `ot_user` WHERE `UE_accName` = 'w33333'  [ RunTime:0.0000s ]
SQL: SELECT * FROM `ot_user` WHERE `UE_account` = 'r4444' LIMIT 1   [ RunTime:0.0000s ]
SQL: SELECT `UE_account` FROM `ot_user` WHERE `UE_accName` = 'r4444'  [ RunTime:0.0156s ]
SQL: SELECT * FROM `ot_user` WHERE `UE_account` = 'z1111' LIMIT 1   [ RunTime:0.0000s ]
SQL: SELECT `UE_account` FROM `ot_user` WHERE `UE_accName` = 'z1111'  [ RunTime:0.0000s ]
SQL: SELECT * FROM `ot_user` WHERE `UE_account` = 'p0000' LIMIT 1   [ RunTime:0.0000s ]
SQL: SELECT `UE_account` FROM `ot_user` WHERE `UE_accName` = 'p0000'  [ RunTime:0.0000s ]
SQL: SELECT * FROM `ot_user` WHERE `UE_account` = 'p999' LIMIT 1   [ RunTime:0.0000s ]
SQL: SELECT `UE_account` FROM `ot_user` WHERE `UE_accName` = 'p999'  [ RunTime:0.0000s ]
SQL: SELECT * FROM `ot_user` WHERE `UE_account` = 'o0000' LIMIT 1   [ RunTime:0.0000s ]
SQL: SELECT `UE_account` FROM `ot_user` WHERE `UE_accName` = 'o0000'  [ RunTime:0.0000s ]
SQL: SELECT * FROM `ot_user` WHERE `UE_account` = 'p888' LIMIT 1   [ RunTime:0.0000s ]
SQL: SELECT `UE_account` FROM `ot_user` WHERE `UE_accName` = 'p888'  [ RunTime:0.0000s ]
SQL: SELECT * FROM `ot_user` WHERE `UE_account` = '789' LIMIT 1   [ RunTime:0.0156s ]
SQL: SELECT `UE_account` FROM `ot_user` WHERE `UE_accName` = '789'  [ RunTime:0.0000s ]
INFO: [ app_end ] --START--
INFO: Run Behavior\ShowPageTraceBehavior [ RunTime:0.000000s ]
INFO: [ app_end ] --END-- [ RunTime:0.000000s ]

[ 2016-05-05T14:16:52+08:00 ] 182.114.14.219 /admin.php/Home/Common/getTree
INFO: [ app_begin ] --START--
INFO: Run Behavior\ReadHtmlCacheBehavior [ RunTime:0.000000s ]
INFO: [ app_begin ] --END-- [ RunTime:0.000000s ]
INFO: [ app_end ] --START--
INFO: Run Behavior\ShowPageTraceBehavior [ RunTime:0.000000s ]
INFO: [ app_end ] --END-- [ RunTime:0.000000s ]

[ 2016-05-05T14:16:56+08:00 ] 182.114.14.219 /admin.php/Home/Common/getTree
INFO: [ app_begin ] --START--
INFO: Run Behavior\ReadHtmlCacheBehavior [ RunTime:0.000000s ]
INFO: [ app_begin ] --END-- [ RunTime:0.000000s ]
INFO: [ app_end ] --START--
INFO: Run Behavior\ShowPageTraceBehavior [ RunTime:0.000000s ]
INFO: [ app_end ] --END-- [ RunTime:0.000000s ]

[ 2016-05-05T14:17:14+08:00 ] 182.114.14.219 /admin.php/Home/Common/getTree
INFO: [ app_begin ] --START--
INFO: Run Behavior\ReadHtmlCacheBehavior [ RunTime:0.015625s ]
INFO: [ app_begin ] --END-- [ RunTime:0.015625s ]
INFO: [ app_end ] --START--
INFO: Run Behavior\ShowPageTraceBehavior [ RunTime:0.000000s ]
INFO: [ app_end ] --END-- [ RunTime:0.000000s ]

[ 2016-05-05T14:17:16+08:00 ] 182.114.14.219 /admin.php/Home/Common/getTree
INFO: [ app_begin ] --START--
INFO: Run Behavior\ReadHtmlCacheBehavior [ RunTime:0.000000s ]
INFO: [ app_begin ] --END-- [ RunTime:0.015625s ]
INFO: [ app_end ] --START--
INFO: Run Behavior\ShowPageTraceBehavior [ RunTime:0.000000s ]
INFO: [ app_end ] --END-- [ RunTime:0.000000s ]

[ 2016-05-05T14:19:33+08:00 ] 182.114.14.219 /admin.php/Home/Common/getTree
INFO: [ app_begin ] --START--
INFO: Run Behavior\ReadHtmlCacheBehavior [ RunTime:0.000000s ]
INFO: [ app_begin ] --END-- [ RunTime:0.000000s ]
INFO: [ app_end ] --START--
INFO: Run Behavior\ShowPageTraceBehavior [ RunTime:0.000000s ]
INFO: [ app_end ] --END-- [ RunTime:0.000000s ]

[ 2016-05-05T14:21:55+08:00 ] 182.114.14.219 /admin.php/Home/Common/getTree
INFO: [ app_begin ] --START--
INFO: Run Behavior\ReadHtmlCacheBehavior [ RunTime:0.000000s ]
INFO: [ app_begin ] --END-- [ RunTime:0.000000s ]
INFO: [ app_end ] --START--
INFO: Run Behavior\ShowPageTraceBehavior [ RunTime:0.000000s ]
INFO: [ app_end ] --END-- [ RunTime:0.000000s ]

[ 2016-05-05T14:21:56+08:00 ] 182.114.14.219 /admin.php/Home/Common/getTree
INFO: [ app_begin ] --START--
INFO: Run Behavior\ReadHtmlCacheBehavior [ RunTime:0.000000s ]
INFO: [ app_begin ] --END-- [ RunTime:0.015625s ]
INFO: [ app_end ] --START--
INFO: Run Behavior\ShowPageTraceBehavior [ RunTime:0.000000s ]
INFO: [ app_end ] --END-- [ RunTime:0.000000s ]

[ 2016-05-05T14:21:59+08:00 ] 182.114.14.219 /admin.php/Home/Common/getTree
INFO: [ app_begin ] --START--
INFO: Run Behavior\ReadHtmlCacheBehavior [ RunTime:0.000000s ]
INFO: [ app_begin ] --END-- [ RunTime:0.000000s ]
INFO: [ app_end ] --START--
INFO: Run Behavior\ShowPageTraceBehavior [ RunTime:0.000000s ]
INFO: [ app_end ] --END-- [ RunTime:0.000000s ]

[ 2016-05-05T14:22:20+08:00 ] 182.114.14.219 /admin.php/Home/Common/getTree
INFO: [ app_begin ] --START--
INFO: Run Behavior\ReadHtmlCacheBehavior [ RunTime:0.000000s ]
INFO: [ app_begin ] --END-- [ RunTime:0.000000s ]
INFO: [ app_end ] --START--
INFO: Run Behavior\ShowPageTraceBehavior [ RunTime:0.000000s ]
INFO: [ app_end ] --END-- [ RunTime:0.000000s ]

[ 2016-05-05T14:28:04+08:00 ] 182.114.14.219 /admin.php/Home/Common/getTree
INFO: [ app_begin ] --START--
INFO: Run Behavior\ReadHtmlCacheBehavior [ RunTime:0.000000s ]
INFO: [ app_begin ] --END-- [ RunTime:0.000000s ]
INFO: [ app_end ] --START--
INFO: Run Behavior\ShowPageTraceBehavior [ RunTime:0.000000s ]
INFO: [ app_end ] --END-- [ RunTime:0.000000s ]

[ 2016-05-05T14:28:07+08:00 ] 182.114.14.219 /admin.php/Home/Common/getTree
INFO: [ app_begin ] --START--
INFO: Run Behavior\ReadHtmlCacheBehavior [ RunTime:0.000000s ]
INFO: [ app_begin ] --END-- [ RunTime:0.000000s ]
INFO: [ app_end ] --START--
INFO: Run Behavior\ShowPageTraceBehavior [ RunTime:0.015625s ]
INFO: [ app_end ] --END-- [ RunTime:0.015625s ]

[ 2016-05-05T14:28:08+08:00 ] 182.114.14.219 /admin.php/Home/Common/getTree
INFO: [ app_begin ] --START--
INFO: Run Behavior\ReadHtmlCacheBehavior [ RunTime:0.000000s ]
INFO: [ app_begin ] --END-- [ RunTime:0.000000s ]
INFO: [ app_end ] --START--
INFO: Run Behavior\ShowPageTraceBehavior [ RunTime:0.000000s ]
INFO: [ app_end ] --END-- [ RunTime:0.000000s ]

[ 2016-05-05T14:28:09+08:00 ] 182.114.14.219 /admin.php/Home/Common/getTree
INFO: [ app_begin ] --START--
INFO: Run Behavior\ReadHtmlCacheBehavior [ RunTime:0.000000s ]
INFO: [ app_begin ] --END-- [ RunTime:0.000000s ]
INFO: [ app_end ] --START--
INFO: Run Behavior\ShowPageTraceBehavior [ RunTime:0.000000s ]
INFO: [ app_end ] --END-- [ RunTime:0.000000s ]

[ 2016-05-05T14:28:12+08:00 ] 182.114.14.219 /admin.php/Home/Common/getTree
INFO: [ app_begin ] --START--
INFO: Run Behavior\ReadHtmlCacheBehavior [ RunTime:0.000000s ]
INFO: [ app_begin ] --END-- [ RunTime:0.000000s ]
INFO: [ app_end ] --START--
INFO: Run Behavior\ShowPageTraceBehavior [ RunTime:0.000000s ]
INFO: [ app_end ] --END-- [ RunTime:0.000000s ]

[ 2016-05-05T14:34:50+08:00 ] 182.114.14.219 /admin.php/Home/Common/getTree
INFO: [ app_begin ] --START--
INFO: Run Behavior\ReadHtmlCacheBehavior [ RunTime:0.000000s ]
INFO: [ app_begin ] --END-- [ RunTime:0.000000s ]
INFO: [ app_end ] --START--
INFO: Run Behavior\ShowPageTraceBehavior [ RunTime:0.000000s ]
INFO: [ app_end ] --END-- [ RunTime:0.000000s ]

[ 2016-05-05T14:35:46+08:00 ] 182.114.14.219 /admin.php/Home/Common/getTree
INFO: [ app_begin ] --START--
INFO: Run Behavior\ReadHtmlCacheBehavior [ RunTime:0.000000s ]
INFO: [ app_begin ] --END-- [ RunTime:0.000000s ]
SQL: SHOW COLUMNS FROM `ot_user` [ RunTime:0.0000s ]
SQL: SELECT * FROM `ot_user` WHERE `UE_account` = 'admin@qq.com' LIMIT 1   [ RunTime:0.0000s ]
SQL: SELECT `UE_account` FROM `ot_user` WHERE `UE_accName` = 'admin@qq.com'  [ RunTime:0.0000s ]
SQL: SELECT * FROM `ot_user` WHERE `UE_account` = '111' LIMIT 1   [ RunTime:0.0000s ]
SQL: SELECT `UE_account` FROM `ot_user` WHERE `UE_accName` = '111'  [ RunTime:0.0000s ]
SQL: SELECT * FROM `ot_user` WHERE `UE_account` = '222' LIMIT 1   [ RunTime:0.0000s ]
SQL: SELECT `UE_account` FROM `ot_user` WHERE `UE_accName` = '222'  [ RunTime:0.0156s ]
SQL: SELECT * FROM `ot_user` WHERE `UE_account` = '333' LIMIT 1   [ RunTime:0.0000s ]
SQL: SELECT `UE_account` FROM `ot_user` WHERE `UE_accName` = '333'  [ RunTime:0.0000s ]
SQL: SELECT * FROM `ot_user` WHERE `UE_account` = '4444' LIMIT 1   [ RunTime:0.0000s ]
SQL: SELECT `UE_account` FROM `ot_user` WHERE `UE_accName` = '4444'  [ RunTime:0.0000s ]
SQL: SELECT * FROM `ot_user` WHERE `UE_account` = 'q111' LIMIT 1   [ RunTime:0.0000s ]
SQL: SELECT `UE_account` FROM `ot_user` WHERE `UE_accName` = 'q111'  [ RunTime:0.0000s ]
SQL: SELECT * FROM `ot_user` WHERE `UE_account` = 'q2222' LIMIT 1   [ RunTime:0.0000s ]
SQL: SELECT `UE_account` FROM `ot_user` WHERE `UE_accName` = 'q2222'  [ RunTime:0.0000s ]
SQL: SELECT * FROM `ot_user` WHERE `UE_account` = 'q33333' LIMIT 1   [ RunTime:0.0156s ]
SQL: SELECT `UE_account` FROM `ot_user` WHERE `UE_accName` = 'q33333'  [ RunTime:0.0000s ]
SQL: SELECT * FROM `ot_user` WHERE `UE_account` = 'q1122' LIMIT 1   [ RunTime:0.0000s ]
SQL: SELECT `UE_account` FROM `ot_user` WHERE `UE_accName` = 'q1122'  [ RunTime:0.0000s ]
SQL: SELECT * FROM `ot_user` WHERE `UE_account` = 'q2211' LIMIT 1   [ RunTime:0.0000s ]
SQL: SELECT `UE_account` FROM `ot_user` WHERE `UE_accName` = 'q2211'  [ RunTime:0.0156s ]
SQL: SELECT * FROM `ot_user` WHERE `UE_account` = 'w1122' LIMIT 1   [ RunTime:0.0000s ]
SQL: SELECT `UE_account` FROM `ot_user` WHERE `UE_accName` = 'w1122'  [ RunTime:0.0000s ]
SQL: SELECT * FROM `ot_user` WHERE `UE_account` = 'q3333312' LIMIT 1   [ RunTime:0.0000s ]
SQL: SELECT `UE_account` FROM `ot_user` WHERE `UE_accName` = 'q3333312'  [ RunTime:0.0000s ]
SQL: SELECT * FROM `ot_user` WHERE `UE_account` = 'w33333' LIMIT 1   [ RunTime:0.0000s ]
SQL: SELECT `UE_account` FROM `ot_user` WHERE `UE_accName` = 'w33333'  [ RunTime:0.0000s ]
SQL: SELECT * FROM `ot_user` WHERE `UE_account` = 'r4444' LIMIT 1   [ RunTime:0.0000s ]
SQL: SELECT `UE_account` FROM `ot_user` WHERE `UE_accName` = 'r4444'  [ RunTime:0.0000s ]
SQL: SELECT * FROM `ot_user` WHERE `UE_account` = 'z1111' LIMIT 1   [ RunTime:0.0000s ]
SQL: SELECT `UE_account` FROM `ot_user` WHERE `UE_accName` = 'z1111'  [ RunTime:0.0000s ]
SQL: SELECT * FROM `ot_user` WHERE `UE_account` = 'p0000' LIMIT 1   [ RunTime:0.0000s ]
SQL: SELECT `UE_account` FROM `ot_user` WHERE `UE_accName` = 'p0000'  [ RunTime:0.0000s ]
SQL: SELECT * FROM `ot_user` WHERE `UE_account` = 'p999' LIMIT 1   [ RunTime:0.0000s ]
SQL: SELECT `UE_account` FROM `ot_user` WHERE `UE_accName` = 'p999'  [ RunTime:0.0000s ]
SQL: SELECT * FROM `ot_user` WHERE `UE_account` = 'o0000' LIMIT 1   [ RunTime:0.0000s ]
SQL: SELECT `UE_account` FROM `ot_user` WHERE `UE_accName` = 'o0000'  [ RunTime:0.0000s ]
SQL: SELECT * FROM `ot_user` WHERE `UE_account` = 'p888' LIMIT 1   [ RunTime:0.0000s ]
SQL: SELECT `UE_account` FROM `ot_user` WHERE `UE_accName` = 'p888'  [ RunTime:0.0156s ]
SQL: SELECT * FROM `ot_user` WHERE `UE_account` = '789' LIMIT 1   [ RunTime:0.0000s ]
SQL: SELECT `UE_account` FROM `ot_user` WHERE `UE_accName` = '789'  [ RunTime:0.0000s ]
INFO: [ app_end ] --START--
INFO: Run Behavior\ShowPageTraceBehavior [ RunTime:0.000000s ]
INFO: [ app_end ] --END-- [ RunTime:0.000000s ]

[ 2016-05-05T14:41:21+08:00 ] 182.114.14.219 /admin.php/Home/Common/getTree
INFO: [ app_begin ] --START--
INFO: Run Behavior\ReadHtmlCacheBehavior [ RunTime:0.000000s ]
INFO: [ app_begin ] --END-- [ RunTime:0.000000s ]
INFO: [ app_end ] --START--
INFO: Run Behavior\ShowPageTraceBehavior [ RunTime:0.015625s ]
INFO: [ app_end ] --END-- [ RunTime:0.015625s ]

