[ 2016-05-11T00:02:14+08:00 ] 115.48.183.123 /admin.php/Home/Common/getTree
INFO: [ app_begin ] --START--
INFO: Run Behavior\ReadHtmlCacheBehavior [ RunTime:0.000000s ]
INFO: [ app_begin ] --END-- [ RunTime:0.000000s ]
INFO: [ app_end ] --START--
INFO: Run Behavior\ShowPageTraceBehavior [ RunTime:0.015625s ]
INFO: [ app_end ] --END-- [ RunTime:0.015625s ]

[ 2016-05-11T00:02:37+08:00 ] 140.207.81.75 /admin.php/Home/Common/getTree
INFO: [ app_begin ] --START--
INFO: Run Behavior\ReadHtmlCacheBehavior [ RunTime:0.000000s ]
INFO: [ app_begin ] --END-- [ RunTime:0.015625s ]
INFO: [ app_end ] --START--
INFO: Run Behavior\ShowPageTraceBehavior [ RunTime:0.000000s ]
INFO: [ app_end ] --END-- [ RunTime:0.000000s ]

[ 2016-05-11T00:24:09+08:00 ] 140.207.81.75 /admin.php/Home/Common/getTree
INFO: [ app_begin ] --START--
INFO: Run Behavior\ReadHtmlCacheBehavior [ RunTime:0.000000s ]
INFO: [ app_begin ] --END-- [ RunTime:0.000000s ]
INFO: [ app_end ] --START--
INFO: Run Behavior\ShowPageTraceBehavior [ RunTime:0.000000s ]
INFO: [ app_end ] --END-- [ RunTime:0.015625s ]

[ 2016-05-11T11:13:53+08:00 ] 1.195.242.7 /admin.php/Home/Common/getTree
INFO: [ app_begin ] --START--
INFO: Run Behavior\ReadHtmlCacheBehavior [ RunTime:0.000000s ]
INFO: [ app_begin ] --END-- [ RunTime:0.000000s ]
INFO: [ app_end ] --START--
INFO: Run Behavior\ShowPageTraceBehavior [ RunTime:0.000000s ]
INFO: [ app_end ] --END-- [ RunTime:0.000000s ]

[ 2016-05-11T11:17:12+08:00 ] 1.195.242.7 /admin.php/Home/Common/getTree
INFO: [ app_begin ] --START--
INFO: Run Behavior\ReadHtmlCacheBehavior [ RunTime:0.000000s ]
INFO: [ app_begin ] --END-- [ RunTime:0.000000s ]
INFO: [ app_end ] --START--
INFO: Run Behavior\ShowPageTraceBehavior [ RunTime:0.000000s ]
INFO: [ app_end ] --END-- [ RunTime:0.000000s ]

[ 2016-05-11T11:37:08+08:00 ] 1.195.242.7 /admin.php/Home/Common/getTree
INFO: [ app_begin ] --START--
INFO: Run Behavior\ReadHtmlCacheBehavior [ RunTime:0.000000s ]
INFO: [ app_begin ] --END-- [ RunTime:0.000000s ]
INFO: [ app_end ] --START--
INFO: Run Behavior\ShowPageTraceBehavior [ RunTime:0.000000s ]
INFO: [ app_end ] --END-- [ RunTime:0.000000s ]

[ 2016-05-11T11:46:30+08:00 ] 1.195.242.7 /admin.php/Home/Common/getTree
INFO: [ app_begin ] --START--
INFO: Run Behavior\ReadHtmlCacheBehavior [ RunTime:0.000000s ]
INFO: [ app_begin ] --END-- [ RunTime:0.000000s ]
INFO: [ app_end ] --START--
INFO: Run Behavior\ShowPageTraceBehavior [ RunTime:0.000000s ]
INFO: [ app_end ] --END-- [ RunTime:0.000000s ]

[ 2016-05-11T11:53:26+08:00 ] 1.195.242.7 /admin.php/Home/Common/getTree
INFO: [ app_begin ] --START--
INFO: Run Behavior\ReadHtmlCacheBehavior [ RunTime:0.015625s ]
INFO: [ app_begin ] --END-- [ RunTime:0.015625s ]
INFO: [ app_end ] --START--
INFO: Run Behavior\ShowPageTraceBehavior [ RunTime:0.000000s ]
INFO: [ app_end ] --END-- [ RunTime:0.000000s ]

[ 2016-05-11T12:19:21+08:00 ] 1.195.242.7 /admin.php/Home/Common/getTree
INFO: [ app_begin ] --START--
INFO: Run Behavior\ReadHtmlCacheBehavior [ RunTime:0.000000s ]
INFO: [ app_begin ] --END-- [ RunTime:0.000000s ]
INFO: [ app_end ] --START--
INFO: Run Behavior\ShowPageTraceBehavior [ RunTime:0.000000s ]
INFO: [ app_end ] --END-- [ RunTime:0.000000s ]

[ 2016-05-11T12:29:59+08:00 ] 1.195.242.7 /admin.php/Home/Common/getTree
INFO: [ app_begin ] --START--
INFO: Run Behavior\ReadHtmlCacheBehavior [ RunTime:0.000000s ]
INFO: [ app_begin ] --END-- [ RunTime:0.000000s ]
INFO: [ app_end ] --START--
INFO: Run Behavior\ShowPageTraceBehavior [ RunTime:0.000000s ]
INFO: [ app_end ] --END-- [ RunTime:0.000000s ]

[ 2016-05-11T12:30:40+08:00 ] 1.195.242.7 /admin.php/Home/Common/getTree
INFO: [ app_begin ] --START--
INFO: Run Behavior\ReadHtmlCacheBehavior [ RunTime:0.000000s ]
INFO: [ app_begin ] --END-- [ RunTime:0.000000s ]
INFO: [ app_end ] --START--
INFO: Run Behavior\ShowPageTraceBehavior [ RunTime:0.000000s ]
INFO: [ app_end ] --END-- [ RunTime:0.000000s ]

[ 2016-05-11T12:38:14+08:00 ] 116.231.119.195 /admin.php/Home/Common/getTree
INFO: [ app_begin ] --START--
INFO: Run Behavior\ReadHtmlCacheBehavior [ RunTime:0.000000s ]
INFO: [ app_begin ] --END-- [ RunTime:0.000000s ]
SQL: SHOW COLUMNS FROM `ot_user` [ RunTime:0.0000s ]
SQL: SELECT * FROM `ot_user` WHERE `UE_account` = 'admin@qq.com' LIMIT 1   [ RunTime:0.0000s ]
SQL: SELECT `UE_account` FROM `ot_user` WHERE `UE_accName` = 'admin@qq.com'  [ RunTime:0.0000s ]
SQL: SELECT * FROM `ot_user` WHERE `UE_account` = '222' LIMIT 1   [ RunTime:0.0000s ]
SQL: SELECT `UE_account` FROM `ot_user` WHERE `UE_accName` = '222'  [ RunTime:0.0000s ]
SQL: SELECT * FROM `ot_user` WHERE `UE_account` = '111' LIMIT 1   [ RunTime:0.0000s ]
SQL: SELECT `UE_account` FROM `ot_user` WHERE `UE_accName` = '111'  [ RunTime:0.0000s ]
SQL: SELECT * FROM `ot_user` WHERE `UE_account` = '3331' LIMIT 1   [ RunTime:0.0000s ]
SQL: SELECT `UE_account` FROM `ot_user` WHERE `UE_accName` = '3331'  [ RunTime:0.0000s ]
SQL: SELECT * FROM `ot_user` WHERE `UE_account` = '1212' LIMIT 1   [ RunTime:0.0000s ]
SQL: SELECT `UE_account` FROM `ot_user` WHERE `UE_accName` = '1212'  [ RunTime:0.0000s ]
SQL: SELECT * FROM `ot_user` WHERE `UE_account` = '4444' LIMIT 1   [ RunTime:0.0000s ]
SQL: SELECT `UE_account` FROM `ot_user` WHERE `UE_accName` = '4444'  [ RunTime:0.0156s ]
SQL: SELECT * FROM `ot_user` WHERE `UE_account` = '44444' LIMIT 1   [ RunTime:0.0000s ]
SQL: SELECT `UE_account` FROM `ot_user` WHERE `UE_accName` = '44444'  [ RunTime:0.0000s ]
SQL: SELECT * FROM `ot_user` WHERE `UE_account` = '55555' LIMIT 1   [ RunTime:0.0000s ]
SQL: SELECT `UE_account` FROM `ot_user` WHERE `UE_accName` = '55555'  [ RunTime:0.0000s ]
SQL: SELECT * FROM `ot_user` WHERE `UE_account` = '12127' LIMIT 1   [ RunTime:0.0000s ]
SQL: SELECT `UE_account` FROM `ot_user` WHERE `UE_accName` = '12127'  [ RunTime:0.0000s ]
SQL: SELECT * FROM `ot_user` WHERE `UE_account` = '5432' LIMIT 1   [ RunTime:0.0000s ]
SQL: SELECT `UE_account` FROM `ot_user` WHERE `UE_accName` = '5432'  [ RunTime:0.0000s ]
SQL: SELECT * FROM `ot_user` WHERE `UE_account` = '112233' LIMIT 1   [ RunTime:0.0000s ]
SQL: SELECT `UE_account` FROM `ot_user` WHERE `UE_accName` = '112233'  [ RunTime:0.0000s ]
SQL: SELECT * FROM `ot_user` WHERE `UE_account` = '221133' LIMIT 1   [ RunTime:0.0000s ]
SQL: SELECT `UE_account` FROM `ot_user` WHERE `UE_accName` = '221133'  [ RunTime:0.0156s ]
SQL: SELECT * FROM `ot_user` WHERE `UE_account` = '4563' LIMIT 1   [ RunTime:0.0000s ]
SQL: SELECT `UE_account` FROM `ot_user` WHERE `UE_accName` = '4563'  [ RunTime:0.0000s ]
SQL: SELECT * FROM `ot_user` WHERE `UE_account` = '4563233' LIMIT 1   [ RunTime:0.0000s ]
SQL: SELECT `UE_account` FROM `ot_user` WHERE `UE_accName` = '4563233'  [ RunTime:0.0000s ]
INFO: [ app_end ] --START--
INFO: Run Behavior\ShowPageTraceBehavior [ RunTime:0.000000s ]
INFO: [ app_end ] --END-- [ RunTime:0.000000s ]

[ 2016-05-11T12:38:39+08:00 ] 116.231.119.195 /admin.php/Home/Common/getTree
INFO: [ app_begin ] --START--
INFO: Run Behavior\ReadHtmlCacheBehavior [ RunTime:0.000000s ]
INFO: [ app_begin ] --END-- [ RunTime:0.000000s ]
SQL: SHOW COLUMNS FROM `ot_user` [ RunTime:0.0156s ]
SQL: SELECT * FROM `ot_user` WHERE `UE_account` = 'admin@qq.com' LIMIT 1   [ RunTime:0.0000s ]
SQL: SELECT `UE_account` FROM `ot_user` WHERE `UE_accName` = 'admin@qq.com'  [ RunTime:0.0000s ]
SQL: SELECT * FROM `ot_user` WHERE `UE_account` = '222' LIMIT 1   [ RunTime:0.0156s ]
SQL: SELECT `UE_account` FROM `ot_user` WHERE `UE_accName` = '222'  [ RunTime:0.0000s ]
SQL: SELECT * FROM `ot_user` WHERE `UE_account` = '111' LIMIT 1   [ RunTime:0.0000s ]
SQL: SELECT `UE_account` FROM `ot_user` WHERE `UE_accName` = '111'  [ RunTime:0.0156s ]
SQL: SELECT * FROM `ot_user` WHERE `UE_account` = '3331' LIMIT 1   [ RunTime:0.0000s ]
SQL: SELECT `UE_account` FROM `ot_user` WHERE `UE_accName` = '3331'  [ RunTime:0.0000s ]
SQL: SELECT * FROM `ot_user` WHERE `UE_account` = '1212' LIMIT 1   [ RunTime:0.0000s ]
SQL: SELECT `UE_account` FROM `ot_user` WHERE `UE_accName` = '1212'  [ RunTime:0.0000s ]
SQL: SELECT * FROM `ot_user` WHERE `UE_account` = '4444' LIMIT 1   [ RunTime:0.0000s ]
SQL: SELECT `UE_account` FROM `ot_user` WHERE `UE_accName` = '4444'  [ RunTime:0.0000s ]
SQL: SELECT * FROM `ot_user` WHERE `UE_account` = '44444' LIMIT 1   [ RunTime:0.0000s ]
SQL: SELECT `UE_account` FROM `ot_user` WHERE `UE_accName` = '44444'  [ RunTime:0.0000s ]
SQL: SELECT * FROM `ot_user` WHERE `UE_account` = '55555' LIMIT 1   [ RunTime:0.0000s ]
SQL: SELECT `UE_account` FROM `ot_user` WHERE `UE_accName` = '55555'  [ RunTime:0.0000s ]
SQL: SELECT * FROM `ot_user` WHERE `UE_account` = '12127' LIMIT 1   [ RunTime:0.0000s ]
SQL: SELECT `UE_account` FROM `ot_user` WHERE `UE_accName` = '12127'  [ RunTime:0.0000s ]
SQL: SELECT * FROM `ot_user` WHERE `UE_account` = '5432' LIMIT 1   [ RunTime:0.0000s ]
SQL: SELECT `UE_account` FROM `ot_user` WHERE `UE_accName` = '5432'  [ RunTime:0.0000s ]
SQL: SELECT * FROM `ot_user` WHERE `UE_account` = '112233' LIMIT 1   [ RunTime:0.0000s ]
SQL: SELECT `UE_account` FROM `ot_user` WHERE `UE_accName` = '112233'  [ RunTime:0.0000s ]
SQL: SELECT * FROM `ot_user` WHERE `UE_account` = '221133' LIMIT 1   [ RunTime:0.0000s ]
SQL: SELECT `UE_account` FROM `ot_user` WHERE `UE_accName` = '221133'  [ RunTime:0.0000s ]
SQL: SELECT * FROM `ot_user` WHERE `UE_account` = '4563' LIMIT 1   [ RunTime:0.0000s ]
SQL: SELECT `UE_account` FROM `ot_user` WHERE `UE_accName` = '4563'  [ RunTime:0.0000s ]
SQL: SELECT * FROM `ot_user` WHERE `UE_account` = '4563233' LIMIT 1   [ RunTime:0.0156s ]
SQL: SELECT `UE_account` FROM `ot_user` WHERE `UE_accName` = '4563233'  [ RunTime:0.0000s ]
INFO: [ app_end ] --START--
INFO: Run Behavior\ShowPageTraceBehavior [ RunTime:0.000000s ]
INFO: [ app_end ] --END-- [ RunTime:0.000000s ]

[ 2016-05-11T12:38:48+08:00 ] 116.231.119.195 /admin.php/Home/Common/getTree
INFO: [ app_begin ] --START--
INFO: Run Behavior\ReadHtmlCacheBehavior [ RunTime:0.000000s ]
INFO: [ app_begin ] --END-- [ RunTime:0.000000s ]
INFO: [ app_end ] --START--
INFO: Run Behavior\ShowPageTraceBehavior [ RunTime:0.000000s ]
INFO: [ app_end ] --END-- [ RunTime:0.000000s ]

[ 2016-05-11T12:40:07+08:00 ] 116.231.119.195 /admin.php/Home/Common/getTree
INFO: [ app_begin ] --START--
INFO: Run Behavior\ReadHtmlCacheBehavior [ RunTime:0.000000s ]
INFO: [ app_begin ] --END-- [ RunTime:0.000000s ]
INFO: [ app_end ] --START--
INFO: Run Behavior\ShowPageTraceBehavior [ RunTime:0.000000s ]
INFO: [ app_end ] --END-- [ RunTime:0.000000s ]

[ 2016-05-11T12:40:08+08:00 ] 116.231.119.195 /admin.php/Home/Common/getTree
INFO: [ app_begin ] --START--
INFO: Run Behavior\ReadHtmlCacheBehavior [ RunTime:0.015625s ]
INFO: [ app_begin ] --END-- [ RunTime:0.015625s ]
INFO: [ app_end ] --START--
INFO: Run Behavior\ShowPageTraceBehavior [ RunTime:0.000000s ]
INFO: [ app_end ] --END-- [ RunTime:0.000000s ]

[ 2016-05-11T12:40:15+08:00 ] 1.195.242.7 /admin.php/Home/Index/js/pie.htc
ERR: 非法操作:js

[ 2016-05-11T12:42:37+08:00 ] 1.195.242.7 /admin.php/Home/Common/getTree
INFO: [ app_begin ] --START--
INFO: Run Behavior\ReadHtmlCacheBehavior [ RunTime:0.000000s ]
INFO: [ app_begin ] --END-- [ RunTime:0.000000s ]
INFO: [ app_end ] --START--
INFO: Run Behavior\ShowPageTraceBehavior [ RunTime:0.000000s ]
INFO: [ app_end ] --END-- [ RunTime:0.000000s ]

[ 2016-05-11T12:45:14+08:00 ] 1.195.242.7 /admin.php/Home/Index/js/pie.htc
ERR: 非法操作:js

[ 2016-05-11T12:47:53+08:00 ] 1.195.242.7 /admin.php/Home/Common/getTree
INFO: [ app_begin ] --START--
INFO: Run Behavior\ReadHtmlCacheBehavior [ RunTime:0.015625s ]
INFO: [ app_begin ] --END-- [ RunTime:0.015625s ]
INFO: [ app_end ] --START--
INFO: Run Behavior\ShowPageTraceBehavior [ RunTime:0.000000s ]
INFO: [ app_end ] --END-- [ RunTime:0.000000s ]

[ 2016-05-11T12:48:10+08:00 ] 1.195.242.7 /admin.php/Home/Common/getTree
INFO: [ app_begin ] --START--
INFO: Run Behavior\ReadHtmlCacheBehavior [ RunTime:0.000000s ]
INFO: [ app_begin ] --END-- [ RunTime:0.000000s ]
INFO: [ app_end ] --START--
INFO: Run Behavior\ShowPageTraceBehavior [ RunTime:0.000000s ]
INFO: [ app_end ] --END-- [ RunTime:0.015625s ]

[ 2016-05-11T12:51:28+08:00 ] 1.195.242.7 /admin.php/Home/Common/getTree
INFO: [ app_begin ] --START--
INFO: Run Behavior\ReadHtmlCacheBehavior [ RunTime:0.000000s ]
INFO: [ app_begin ] --END-- [ RunTime:0.000000s ]
INFO: [ app_end ] --START--
INFO: Run Behavior\ShowPageTraceBehavior [ RunTime:0.000000s ]
INFO: [ app_end ] --END-- [ RunTime:0.000000s ]

[ 2016-05-11T12:51:39+08:00 ] 1.195.242.7 /admin.php/Home/Common/getTree
INFO: [ app_begin ] --START--
INFO: Run Behavior\ReadHtmlCacheBehavior [ RunTime:0.000000s ]
INFO: [ app_begin ] --END-- [ RunTime:0.000000s ]
INFO: [ app_end ] --START--
INFO: Run Behavior\ShowPageTraceBehavior [ RunTime:0.000000s ]
INFO: [ app_end ] --END-- [ RunTime:0.000000s ]

[ 2016-05-11T12:55:08+08:00 ] 1.195.242.7 /admin.php/Home/Common/getTree
INFO: [ app_begin ] --START--
INFO: Run Behavior\ReadHtmlCacheBehavior [ RunTime:0.000000s ]
INFO: [ app_begin ] --END-- [ RunTime:0.000000s ]
INFO: [ app_end ] --START--
INFO: Run Behavior\ShowPageTraceBehavior [ RunTime:0.000000s ]
INFO: [ app_end ] --END-- [ RunTime:0.000000s ]

[ 2016-05-11T12:56:46+08:00 ] 1.195.242.7 /admin.php/Home/Common/getTree
INFO: [ app_begin ] --START--
INFO: Run Behavior\ReadHtmlCacheBehavior [ RunTime:0.000000s ]
INFO: [ app_begin ] --END-- [ RunTime:0.000000s ]
INFO: [ app_end ] --START--
INFO: Run Behavior\ShowPageTraceBehavior [ RunTime:0.000000s ]
INFO: [ app_end ] --END-- [ RunTime:0.000000s ]

[ 2016-05-11T12:57:16+08:00 ] 1.195.242.7 /admin.php/Home/Common/getTree
INFO: [ app_begin ] --START--
INFO: Run Behavior\ReadHtmlCacheBehavior [ RunTime:0.000000s ]
INFO: [ app_begin ] --END-- [ RunTime:0.000000s ]
INFO: [ app_end ] --START--
INFO: Run Behavior\ShowPageTraceBehavior [ RunTime:0.000000s ]
INFO: [ app_end ] --END-- [ RunTime:0.000000s ]

[ 2016-05-11T12:57:40+08:00 ] 1.195.242.7 /admin.php/Home/Common/getTree
INFO: [ app_begin ] --START--
INFO: Run Behavior\ReadHtmlCacheBehavior [ RunTime:0.015625s ]
INFO: [ app_begin ] --END-- [ RunTime:0.015625s ]
INFO: [ app_end ] --START--
INFO: Run Behavior\ShowPageTraceBehavior [ RunTime:0.000000s ]
INFO: [ app_end ] --END-- [ RunTime:0.000000s ]

[ 2016-05-11T12:59:02+08:00 ] 1.195.242.7 /admin.php/Home/Common/getTree
INFO: [ app_begin ] --START--
INFO: Run Behavior\ReadHtmlCacheBehavior [ RunTime:0.000000s ]
INFO: [ app_begin ] --END-- [ RunTime:0.000000s ]
INFO: [ app_end ] --START--
INFO: Run Behavior\ShowPageTraceBehavior [ RunTime:0.000000s ]
INFO: [ app_end ] --END-- [ RunTime:0.000000s ]

[ 2016-05-11T13:52:15+08:00 ] 1.195.242.7 /admin.php/Home/Common/getTree
INFO: [ app_begin ] --START--
INFO: Run Behavior\ReadHtmlCacheBehavior [ RunTime:0.000000s ]
INFO: [ app_begin ] --END-- [ RunTime:0.000000s ]
INFO: [ app_end ] --START--
INFO: Run Behavior\ShowPageTraceBehavior [ RunTime:0.000000s ]
INFO: [ app_end ] --END-- [ RunTime:0.000000s ]

[ 2016-05-11T13:53:14+08:00 ] 1.195.242.7 /admin.php/Home/Common/getTree
INFO: [ app_begin ] --START--
INFO: Run Behavior\ReadHtmlCacheBehavior [ RunTime:0.000000s ]
INFO: [ app_begin ] --END-- [ RunTime:0.000000s ]
INFO: [ app_end ] --START--
INFO: Run Behavior\ShowPageTraceBehavior [ RunTime:0.000000s ]
INFO: [ app_end ] --END-- [ RunTime:0.000000s ]

[ 2016-05-11T13:53:31+08:00 ] 1.195.242.7 /admin.php/Home/Common/getTree
INFO: [ app_begin ] --START--
INFO: Run Behavior\ReadHtmlCacheBehavior [ RunTime:0.000000s ]
INFO: [ app_begin ] --END-- [ RunTime:0.000000s ]
INFO: [ app_end ] --START--
INFO: Run Behavior\ShowPageTraceBehavior [ RunTime:0.000000s ]
INFO: [ app_end ] --END-- [ RunTime:0.000000s ]

[ 2016-05-11T14:03:56+08:00 ] 1.195.242.7 /admin.php/Home/Common/getTree
INFO: [ app_begin ] --START--
INFO: Run Behavior\ReadHtmlCacheBehavior [ RunTime:0.000000s ]
INFO: [ app_begin ] --END-- [ RunTime:0.000000s ]
INFO: [ app_end ] --START--
INFO: Run Behavior\ShowPageTraceBehavior [ RunTime:0.015625s ]
INFO: [ app_end ] --END-- [ RunTime:0.015625s ]

[ 2016-05-11T14:22:01+08:00 ] 1.195.242.7 /admin.php/Home/Common/getTree
INFO: [ app_begin ] --START--
INFO: Run Behavior\ReadHtmlCacheBehavior [ RunTime:0.000000s ]
INFO: [ app_begin ] --END-- [ RunTime:0.000000s ]
INFO: [ app_end ] --START--
INFO: Run Behavior\ShowPageTraceBehavior [ RunTime:0.000000s ]
INFO: [ app_end ] --END-- [ RunTime:0.000000s ]

[ 2016-05-11T14:29:29+08:00 ] 1.195.242.7 /admin.php/Home/Common/getTree
INFO: [ app_begin ] --START--
INFO: Run Behavior\ReadHtmlCacheBehavior [ RunTime:0.000000s ]
INFO: [ app_begin ] --END-- [ RunTime:0.000000s ]
INFO: [ app_end ] --START--
INFO: Run Behavior\ShowPageTraceBehavior [ RunTime:0.000000s ]
INFO: [ app_end ] --END-- [ RunTime:0.000000s ]

[ 2016-05-11T14:39:43+08:00 ] 1.195.242.7 /admin.php/Home/Common/getTree
INFO: [ app_begin ] --START--
INFO: Run Behavior\ReadHtmlCacheBehavior [ RunTime:0.000000s ]
INFO: [ app_begin ] --END-- [ RunTime:0.000000s ]
SQL: SHOW COLUMNS FROM `ot_user` [ RunTime:0.0156s ]
SQL: SELECT * FROM `ot_user` WHERE `UE_account` = 'admin@qq.com' LIMIT 1   [ RunTime:0.0000s ]
SQL: SELECT `UE_account` FROM `ot_user` WHERE `UE_accName` = 'admin@qq.com'  [ RunTime:0.0000s ]
SQL: SELECT * FROM `ot_user` WHERE `UE_account` = '222' LIMIT 1   [ RunTime:0.0000s ]
SQL: SELECT `UE_account` FROM `ot_user` WHERE `UE_accName` = '222'  [ RunTime:0.0000s ]
SQL: SELECT * FROM `ot_user` WHERE `UE_account` = '111' LIMIT 1   [ RunTime:0.0000s ]
SQL: SELECT `UE_account` FROM `ot_user` WHERE `UE_accName` = '111'  [ RunTime:0.0000s ]
SQL: SELECT * FROM `ot_user` WHERE `UE_account` = '3331' LIMIT 1   [ RunTime:0.0000s ]
SQL: SELECT `UE_account` FROM `ot_user` WHERE `UE_accName` = '3331'  [ RunTime:0.0000s ]
SQL: SELECT * FROM `ot_user` WHERE `UE_account` = '1212' LIMIT 1   [ RunTime:0.0000s ]
SQL: SELECT `UE_account` FROM `ot_user` WHERE `UE_accName` = '1212'  [ RunTime:0.0000s ]
SQL: SELECT * FROM `ot_user` WHERE `UE_account` = '4444' LIMIT 1   [ RunTime:0.0156s ]
SQL: SELECT `UE_account` FROM `ot_user` WHERE `UE_accName` = '4444'  [ RunTime:0.0000s ]
SQL: SELECT * FROM `ot_user` WHERE `UE_account` = '44444' LIMIT 1   [ RunTime:0.0000s ]
SQL: SELECT `UE_account` FROM `ot_user` WHERE `UE_accName` = '44444'  [ RunTime:0.0000s ]
SQL: SELECT * FROM `ot_user` WHERE `UE_account` = '55555' LIMIT 1   [ RunTime:0.0000s ]
SQL: SELECT `UE_account` FROM `ot_user` WHERE `UE_accName` = '55555'  [ RunTime:0.0000s ]
SQL: SELECT * FROM `ot_user` WHERE `UE_account` = '12127' LIMIT 1   [ RunTime:0.0000s ]
SQL: SELECT `UE_account` FROM `ot_user` WHERE `UE_accName` = '12127'  [ RunTime:0.0000s ]
SQL: SELECT * FROM `ot_user` WHERE `UE_account` = '5432' LIMIT 1   [ RunTime:0.0000s ]
SQL: SELECT `UE_account` FROM `ot_user` WHERE `UE_accName` = '5432'  [ RunTime:0.0000s ]
SQL: SELECT * FROM `ot_user` WHERE `UE_account` = '112233' LIMIT 1   [ RunTime:0.0000s ]
SQL: SELECT `UE_account` FROM `ot_user` WHERE `UE_accName` = '112233'  [ RunTime:0.0000s ]
SQL: SELECT * FROM `ot_user` WHERE `UE_account` = '221133' LIMIT 1   [ RunTime:0.0156s ]
SQL: SELECT `UE_account` FROM `ot_user` WHERE `UE_accName` = '221133'  [ RunTime:0.0000s ]
SQL: SELECT * FROM `ot_user` WHERE `UE_account` = '4563' LIMIT 1   [ RunTime:0.0000s ]
SQL: SELECT `UE_account` FROM `ot_user` WHERE `UE_accName` = '4563'  [ RunTime:0.0000s ]
SQL: SELECT * FROM `ot_user` WHERE `UE_account` = '4563233' LIMIT 1   [ RunTime:0.0000s ]
SQL: SELECT `UE_account` FROM `ot_user` WHERE `UE_accName` = '4563233'  [ RunTime:0.0000s ]
SQL: SELECT * FROM `ot_user` WHERE `UE_account` = '66666' LIMIT 1   [ RunTime:0.0156s ]
SQL: SELECT `UE_account` FROM `ot_user` WHERE `UE_accName` = '66666'  [ RunTime:0.0000s ]
SQL: SELECT * FROM `ot_user` WHERE `UE_account` = '11111' LIMIT 1   [ RunTime:0.0000s ]
SQL: SELECT `UE_account` FROM `ot_user` WHERE `UE_accName` = '11111'  [ RunTime:0.0000s ]
SQL: SELECT * FROM `ot_user` WHERE `UE_account` = '112211' LIMIT 1   [ RunTime:0.0000s ]
SQL: SELECT `UE_account` FROM `ot_user` WHERE `UE_accName` = '112211'  [ RunTime:0.0000s ]
SQL: SELECT * FROM `ot_user` WHERE `UE_account` = '223344' LIMIT 1   [ RunTime:0.0156s ]
SQL: SELECT `UE_account` FROM `ot_user` WHERE `UE_accName` = '223344'  [ RunTime:0.0000s ]
SQL: SELECT * FROM `ot_user` WHERE `UE_account` = '667755' LIMIT 1   [ RunTime:0.0000s ]
SQL: SELECT `UE_account` FROM `ot_user` WHERE `UE_accName` = '667755'  [ RunTime:0.0000s ]
SQL: SELECT * FROM `ot_user` WHERE `UE_account` = '1111111' LIMIT 1   [ RunTime:0.0000s ]
SQL: SELECT `UE_account` FROM `ot_user` WHERE `UE_accName` = '1111111'  [ RunTime:0.0000s ]
SQL: SELECT * FROM `ot_user` WHERE `UE_account` = '6666666' LIMIT 1   [ RunTime:0.0000s ]
SQL: SELECT `UE_account` FROM `ot_user` WHERE `UE_accName` = '6666666'  [ RunTime:0.0000s ]
SQL: SELECT * FROM `ot_user` WHERE `UE_account` = '7777777' LIMIT 1   [ RunTime:0.0000s ]
SQL: SELECT `UE_account` FROM `ot_user` WHERE `UE_accName` = '7777777'  [ RunTime:0.0000s ]
INFO: [ app_end ] --START--
INFO: Run Behavior\ShowPageTraceBehavior [ RunTime:0.000000s ]
INFO: [ app_end ] --END-- [ RunTime:0.000000s ]

[ 2016-05-11T15:00:53+08:00 ] 1.195.242.7 /admin.php/Home/Common/getTree
INFO: [ app_begin ] --START--
INFO: Run Behavior\ReadHtmlCacheBehavior [ RunTime:0.000000s ]
INFO: [ app_begin ] --END-- [ RunTime:0.000000s ]
INFO: [ app_end ] --START--
INFO: Run Behavior\ShowPageTraceBehavior [ RunTime:0.000000s ]
INFO: [ app_end ] --END-- [ RunTime:0.000000s ]

[ 2016-05-11T15:17:09+08:00 ] 116.231.119.195 /admin.php/Home/Common/getTree
INFO: [ app_begin ] --START--
INFO: Run Behavior\ReadHtmlCacheBehavior [ RunTime:0.000000s ]
INFO: [ app_begin ] --END-- [ RunTime:0.000000s ]
SQL: SHOW COLUMNS FROM `ot_user` [ RunTime:0.0000s ]
SQL: SELECT * FROM `ot_user` WHERE `UE_account` = '4444' LIMIT 1   [ RunTime:0.0000s ]
SQL: SELECT `UE_account` FROM `ot_user` WHERE `UE_accName` = '4444'  [ RunTime:0.0000s ]
INFO: [ app_end ] --START--
INFO: Run Behavior\ShowPageTraceBehavior [ RunTime:0.000000s ]
INFO: [ app_end ] --END-- [ RunTime:0.000000s ]

[ 2016-05-11T16:47:28+08:00 ] 1.195.242.7 /admin.php/Home/Common/getTree
INFO: [ app_begin ] --START--
INFO: Run Behavior\ReadHtmlCacheBehavior [ RunTime:0.000000s ]
INFO: [ app_begin ] --END-- [ RunTime:0.000000s ]
INFO: [ app_end ] --START--
INFO: Run Behavior\ShowPageTraceBehavior [ RunTime:0.015625s ]
INFO: [ app_end ] --END-- [ RunTime:0.015625s ]

[ 2016-05-11T16:52:36+08:00 ] 1.195.242.7 /admin.php/Home/Common/getTree
INFO: [ app_begin ] --START--
INFO: Run Behavior\ReadHtmlCacheBehavior [ RunTime:0.015625s ]
INFO: [ app_begin ] --END-- [ RunTime:0.015625s ]
INFO: [ app_end ] --START--
INFO: Run Behavior\ShowPageTraceBehavior [ RunTime:0.000000s ]
INFO: [ app_end ] --END-- [ RunTime:0.000000s ]

[ 2016-05-11T17:19:42+08:00 ] 1.195.242.7 /admin.php/Home/Common/getTree
INFO: [ app_begin ] --START--
INFO: Run Behavior\ReadHtmlCacheBehavior [ RunTime:0.000000s ]
INFO: [ app_begin ] --END-- [ RunTime:0.000000s ]
INFO: [ app_end ] --START--
INFO: Run Behavior\ShowPageTraceBehavior [ RunTime:0.000000s ]
INFO: [ app_end ] --END-- [ RunTime:0.000000s ]

[ 2016-05-11T17:37:23+08:00 ] 1.195.242.7 /admin.php/Home/Common/getTree
INFO: [ app_begin ] --START--
INFO: Run Behavior\ReadHtmlCacheBehavior [ RunTime:0.015625s ]
INFO: [ app_begin ] --END-- [ RunTime:0.015625s ]
INFO: [ app_end ] --START--
INFO: Run Behavior\ShowPageTraceBehavior [ RunTime:0.000000s ]
INFO: [ app_end ] --END-- [ RunTime:0.000000s ]

[ 2016-05-11T17:45:59+08:00 ] 1.195.242.7 /admin.php/Home/Common/getTree
INFO: [ app_begin ] --START--
INFO: Run Behavior\ReadHtmlCacheBehavior [ RunTime:0.015625s ]
INFO: [ app_begin ] --END-- [ RunTime:0.015625s ]
INFO: [ app_end ] --START--
INFO: Run Behavior\ShowPageTraceBehavior [ RunTime:0.015625s ]
INFO: [ app_end ] --END-- [ RunTime:0.015625s ]

[ 2016-05-11T17:47:27+08:00 ] 1.195.242.7 /admin.php/Home/Common/getTree
INFO: [ app_begin ] --START--
INFO: Run Behavior\ReadHtmlCacheBehavior [ RunTime:0.000000s ]
INFO: [ app_begin ] --END-- [ RunTime:0.000000s ]
INFO: [ app_end ] --START--
INFO: Run Behavior\ShowPageTraceBehavior [ RunTime:0.000000s ]
INFO: [ app_end ] --END-- [ RunTime:0.000000s ]

[ 2016-05-11T17:55:24+08:00 ] 1.195.242.7 /admin.php/Home/Common/getTree
INFO: [ app_begin ] --START--
INFO: Run Behavior\ReadHtmlCacheBehavior [ RunTime:0.000000s ]
INFO: [ app_begin ] --END-- [ RunTime:0.000000s ]
INFO: [ app_end ] --START--
INFO: Run Behavior\ShowPageTraceBehavior [ RunTime:0.000000s ]
INFO: [ app_end ] --END-- [ RunTime:0.000000s ]

[ 2016-05-11T17:59:38+08:00 ] 116.231.119.195 /admin.php/Home/Common/getTree
INFO: [ app_begin ] --START--
INFO: Run Behavior\ReadHtmlCacheBehavior [ RunTime:0.000000s ]
INFO: [ app_begin ] --END-- [ RunTime:0.000000s ]
INFO: [ app_end ] --START--
INFO: Run Behavior\ShowPageTraceBehavior [ RunTime:0.000000s ]
INFO: [ app_end ] --END-- [ RunTime:0.000000s ]

[ 2016-05-11T18:08:40+08:00 ] 1.195.242.7 /admin.php/Home/Common/getTree
INFO: [ app_begin ] --START--
INFO: Run Behavior\ReadHtmlCacheBehavior [ RunTime:0.000000s ]
INFO: [ app_begin ] --END-- [ RunTime:0.000000s ]
INFO: [ app_end ] --START--
INFO: Run Behavior\ShowPageTraceBehavior [ RunTime:0.000000s ]
INFO: [ app_end ] --END-- [ RunTime:0.000000s ]

[ 2016-05-11T18:27:08+08:00 ] 1.195.242.7 /admin.php/Home/Common/getTree
INFO: [ app_begin ] --START--
INFO: Run Behavior\ReadHtmlCacheBehavior [ RunTime:0.000000s ]
INFO: [ app_begin ] --END-- [ RunTime:0.015625s ]
INFO: [ app_end ] --START--
INFO: Run Behavior\ShowPageTraceBehavior [ RunTime:0.000000s ]
INFO: [ app_end ] --END-- [ RunTime:0.000000s ]

[ 2016-05-11T22:24:54+08:00 ] 140.207.81.68 /admin.php/Home/Shop/
ERR: 非法操作:index

[ 2016-05-11T22:24:56+08:00 ] 140.207.81.68 /admin.php/Home/Common/getTree
INFO: [ app_begin ] --START--
INFO: Run Behavior\ReadHtmlCacheBehavior [ RunTime:0.000000s ]
INFO: [ app_begin ] --END-- [ RunTime:0.000000s ]
INFO: [ app_end ] --START--
INFO: Run Behavior\ShowPageTraceBehavior [ RunTime:0.000000s ]
INFO: [ app_end ] --END-- [ RunTime:0.000000s ]

[ 2016-05-11T22:25:03+08:00 ] 140.207.81.68 /admin.php/Home/Common/getTree
INFO: [ app_begin ] --START--
INFO: Run Behavior\ReadHtmlCacheBehavior [ RunTime:0.000000s ]
INFO: [ app_begin ] --END-- [ RunTime:0.015625s ]
SQL: SHOW COLUMNS FROM `ot_user` [ RunTime:0.0000s ]
SQL: SELECT * FROM `ot_user` WHERE `UE_account` = 'admin@qq.com' LIMIT 1   [ RunTime:0.0000s ]
SQL: SELECT `UE_account` FROM `ot_user` WHERE `UE_accName` = 'admin@qq.com'  [ RunTime:0.0000s ]
NOTIC: [8] Undefined index: user_jb D:\phpStudy\WWW\snadmin\Home\Controller\CommonController.class.php 第 223 行.
SQL: SELECT * FROM `ot_user` WHERE `UE_account` = '111' LIMIT 1   [ RunTime:0.0000s ]
SQL: SELECT `UE_account` FROM `ot_user` WHERE `UE_accName` = '111'  [ RunTime:0.0000s ]
SQL: SELECT * FROM `ot_user` WHERE `UE_account` = '222' LIMIT 1   [ RunTime:0.0000s ]
SQL: SELECT `UE_account` FROM `ot_user` WHERE `UE_accName` = '222'  [ RunTime:0.0156s ]
SQL: SELECT * FROM `ot_user` WHERE `UE_account` = '333' LIMIT 1   [ RunTime:0.0000s ]
SQL: SELECT `UE_account` FROM `ot_user` WHERE `UE_accName` = '333'  [ RunTime:0.0000s ]
SQL: SELECT * FROM `ot_user` WHERE `UE_account` = '4444' LIMIT 1   [ RunTime:0.0000s ]
SQL: SELECT `UE_account` FROM `ot_user` WHERE `UE_accName` = '4444'  [ RunTime:0.0000s ]
SQL: SELECT * FROM `ot_user` WHERE `UE_account` = '44445' LIMIT 1   [ RunTime:0.0000s ]
SQL: SELECT `UE_account` FROM `ot_user` WHERE `UE_accName` = '44445'  [ RunTime:0.0000s ]
SQL: SELECT * FROM `ot_user` WHERE `UE_account` = '001' LIMIT 1   [ RunTime:0.0000s ]
SQL: SELECT `UE_account` FROM `ot_user` WHERE `UE_accName` = '001'  [ RunTime:0.0000s ]
SQL: SELECT * FROM `ot_user` WHERE `UE_account` = '55555' LIMIT 1   [ RunTime:0.0000s ]
SQL: SELECT `UE_account` FROM `ot_user` WHERE `UE_accName` = '55555'  [ RunTime:0.0000s ]
SQL: SELECT * FROM `ot_user` WHERE `UE_account` = '6666' LIMIT 1   [ RunTime:0.0000s ]
SQL: SELECT `UE_account` FROM `ot_user` WHERE `UE_accName` = '6666'  [ RunTime:0.0000s ]
SQL: SELECT * FROM `ot_user` WHERE `UE_account` = '54321' LIMIT 1   [ RunTime:0.0156s ]
SQL: SELECT `UE_account` FROM `ot_user` WHERE `UE_accName` = '54321'  [ RunTime:0.0000s ]
SQL: SELECT * FROM `ot_user` WHERE `UE_account` = '1234' LIMIT 1   [ RunTime:0.0000s ]
SQL: SELECT `UE_account` FROM `ot_user` WHERE `UE_accName` = '1234'  [ RunTime:0.0000s ]
SQL: SELECT * FROM `ot_user` WHERE `UE_account` = '12321' LIMIT 1   [ RunTime:0.0000s ]
SQL: SELECT `UE_account` FROM `ot_user` WHERE `UE_accName` = '12321'  [ RunTime:0.0000s ]
SQL: SELECT * FROM `ot_user` WHERE `UE_account` = '12212112' LIMIT 1   [ RunTime:0.0000s ]
SQL: SELECT `UE_account` FROM `ot_user` WHERE `UE_accName` = '12212112'  [ RunTime:0.0000s ]
SQL: SELECT * FROM `ot_user` WHERE `UE_account` = '4456' LIMIT 1   [ RunTime:0.0156s ]
SQL: SELECT `UE_account` FROM `ot_user` WHERE `UE_accName` = '4456'  [ RunTime:0.0000s ]
INFO: [ app_end ] --START--
INFO: Run Behavior\ShowPageTraceBehavior [ RunTime:0.000000s ]
INFO: [ app_end ] --END-- [ RunTime:0.000000s ]

[ 2016-05-11T22:25:06+08:00 ] 140.207.81.68 /admin.php/Home/Common/getTree
INFO: [ app_begin ] --START--
INFO: Run Behavior\ReadHtmlCacheBehavior [ RunTime:0.000000s ]
INFO: [ app_begin ] --END-- [ RunTime:0.000000s ]
SQL: SHOW COLUMNS FROM `ot_user` [ RunTime:0.0000s ]
SQL: SELECT * FROM `ot_user` WHERE `UE_account` = 'admin@qq.com' LIMIT 1   [ RunTime:0.0000s ]
SQL: SELECT `UE_account` FROM `ot_user` WHERE `UE_accName` = 'admin@qq.com'  [ RunTime:0.0000s ]
SQL: SELECT * FROM `ot_user` WHERE `UE_account` = '111' LIMIT 1   [ RunTime:0.0156s ]
SQL: SELECT `UE_account` FROM `ot_user` WHERE `UE_accName` = '111'  [ RunTime:0.0000s ]
SQL: SELECT * FROM `ot_user` WHERE `UE_account` = '222' LIMIT 1   [ RunTime:0.0000s ]
SQL: SELECT `UE_account` FROM `ot_user` WHERE `UE_accName` = '222'  [ RunTime:0.0156s ]
SQL: SELECT * FROM `ot_user` WHERE `UE_account` = '333' LIMIT 1   [ RunTime:0.0000s ]
SQL: SELECT `UE_account` FROM `ot_user` WHERE `UE_accName` = '333'  [ RunTime:0.0000s ]
SQL: SELECT * FROM `ot_user` WHERE `UE_account` = '4444' LIMIT 1   [ RunTime:0.0156s ]
SQL: SELECT `UE_account` FROM `ot_user` WHERE `UE_accName` = '4444'  [ RunTime:0.0000s ]
SQL: SELECT * FROM `ot_user` WHERE `UE_account` = '44445' LIMIT 1   [ RunTime:0.0000s ]
SQL: SELECT `UE_account` FROM `ot_user` WHERE `UE_accName` = '44445'  [ RunTime:0.0000s ]
SQL: SELECT * FROM `ot_user` WHERE `UE_account` = '001' LIMIT 1   [ RunTime:0.0000s ]
SQL: SELECT `UE_account` FROM `ot_user` WHERE `UE_accName` = '001'  [ RunTime:0.0000s ]
SQL: SELECT * FROM `ot_user` WHERE `UE_account` = '55555' LIMIT 1   [ RunTime:0.0156s ]
SQL: SELECT `UE_account` FROM `ot_user` WHERE `UE_accName` = '55555'  [ RunTime:0.0000s ]
SQL: SELECT * FROM `ot_user` WHERE `UE_account` = '6666' LIMIT 1   [ RunTime:0.0000s ]
SQL: SELECT `UE_account` FROM `ot_user` WHERE `UE_accName` = '6666'  [ RunTime:0.0000s ]
SQL: SELECT * FROM `ot_user` WHERE `UE_account` = '54321' LIMIT 1   [ RunTime:0.0000s ]
SQL: SELECT `UE_account` FROM `ot_user` WHERE `UE_accName` = '54321'  [ RunTime:0.0000s ]
SQL: SELECT * FROM `ot_user` WHERE `UE_account` = '1234' LIMIT 1   [ RunTime:0.0000s ]
SQL: SELECT `UE_account` FROM `ot_user` WHERE `UE_accName` = '1234'  [ RunTime:0.0000s ]
SQL: SELECT * FROM `ot_user` WHERE `UE_account` = '12321' LIMIT 1   [ RunTime:0.0000s ]
SQL: SELECT `UE_account` FROM `ot_user` WHERE `UE_accName` = '12321'  [ RunTime:0.0000s ]
SQL: SELECT * FROM `ot_user` WHERE `UE_account` = '12212112' LIMIT 1   [ RunTime:0.0000s ]
SQL: SELECT `UE_account` FROM `ot_user` WHERE `UE_accName` = '12212112'  [ RunTime:0.0000s ]
SQL: SELECT * FROM `ot_user` WHERE `UE_account` = '4456' LIMIT 1   [ RunTime:0.0156s ]
SQL: SELECT `UE_account` FROM `ot_user` WHERE `UE_accName` = '4456'  [ RunTime:0.0000s ]
INFO: [ app_end ] --START--
INFO: Run Behavior\ShowPageTraceBehavior [ RunTime:0.000000s ]
INFO: [ app_end ] --END-- [ RunTime:0.000000s ]

[ 2016-05-11T22:28:05+08:00 ] 140.207.81.68 /admin.php/Home/Common/getTree
INFO: [ app_begin ] --START--
INFO: Run Behavior\ReadHtmlCacheBehavior [ RunTime:0.000000s ]
INFO: [ app_begin ] --END-- [ RunTime:0.000000s ]
SQL: SHOW COLUMNS FROM `ot_user` [ RunTime:0.0156s ]
SQL: SELECT * FROM `ot_user` WHERE `UE_account` = 'admin@qq.com' LIMIT 1   [ RunTime:0.0000s ]
SQL: SELECT `UE_account` FROM `ot_user` WHERE `UE_accName` = 'admin@qq.com'  [ RunTime:0.0000s ]
SQL: SELECT * FROM `ot_user` WHERE `UE_account` = '111' LIMIT 1   [ RunTime:0.0000s ]
SQL: SELECT `UE_account` FROM `ot_user` WHERE `UE_accName` = '111'  [ RunTime:0.0000s ]
SQL: SELECT * FROM `ot_user` WHERE `UE_account` = '222' LIMIT 1   [ RunTime:0.0000s ]
SQL: SELECT `UE_account` FROM `ot_user` WHERE `UE_accName` = '222'  [ RunTime:0.0000s ]
SQL: SELECT * FROM `ot_user` WHERE `UE_account` = '333' LIMIT 1   [ RunTime:0.0000s ]
SQL: SELECT `UE_account` FROM `ot_user` WHERE `UE_accName` = '333'  [ RunTime:0.0000s ]
SQL: SELECT * FROM `ot_user` WHERE `UE_account` = '4444' LIMIT 1   [ RunTime:0.0000s ]
SQL: SELECT `UE_account` FROM `ot_user` WHERE `UE_accName` = '4444'  [ RunTime:0.0000s ]
SQL: SELECT * FROM `ot_user` WHERE `UE_account` = '44445' LIMIT 1   [ RunTime:0.0000s ]
SQL: SELECT `UE_account` FROM `ot_user` WHERE `UE_accName` = '44445'  [ RunTime:0.0000s ]
SQL: SELECT * FROM `ot_user` WHERE `UE_account` = '001' LIMIT 1   [ RunTime:0.0156s ]
SQL: SELECT `UE_account` FROM `ot_user` WHERE `UE_accName` = '001'  [ RunTime:0.0000s ]
SQL: SELECT * FROM `ot_user` WHERE `UE_account` = '55555' LIMIT 1   [ RunTime:0.0000s ]
SQL: SELECT `UE_account` FROM `ot_user` WHERE `UE_accName` = '55555'  [ RunTime:0.0000s ]
SQL: SELECT * FROM `ot_user` WHERE `UE_account` = '6666' LIMIT 1   [ RunTime:0.0000s ]
SQL: SELECT `UE_account` FROM `ot_user` WHERE `UE_accName` = '6666'  [ RunTime:0.0000s ]
SQL: SELECT * FROM `ot_user` WHERE `UE_account` = '54321' LIMIT 1   [ RunTime:0.0000s ]
SQL: SELECT `UE_account` FROM `ot_user` WHERE `UE_accName` = '54321'  [ RunTime:0.0000s ]
SQL: SELECT * FROM `ot_user` WHERE `UE_account` = '1234' LIMIT 1   [ RunTime:0.0000s ]
SQL: SELECT `UE_account` FROM `ot_user` WHERE `UE_accName` = '1234'  [ RunTime:0.0000s ]
SQL: SELECT * FROM `ot_user` WHERE `UE_account` = '12321' LIMIT 1   [ RunTime:0.0000s ]
SQL: SELECT `UE_account` FROM `ot_user` WHERE `UE_accName` = '12321'  [ RunTime:0.0000s ]
SQL: SELECT * FROM `ot_user` WHERE `UE_account` = '12212112' LIMIT 1   [ RunTime:0.0000s ]
SQL: SELECT `UE_account` FROM `ot_user` WHERE `UE_accName` = '12212112'  [ RunTime:0.0000s ]
SQL: SELECT * FROM `ot_user` WHERE `UE_account` = '4456' LIMIT 1   [ RunTime:0.0000s ]
SQL: SELECT `UE_account` FROM `ot_user` WHERE `UE_accName` = '4456'  [ RunTime:0.0000s ]
INFO: [ app_end ] --START--
INFO: Run Behavior\ShowPageTraceBehavior [ RunTime:0.000000s ]
INFO: [ app_end ] --END-- [ RunTime:0.000000s ]

[ 2016-05-11T22:28:28+08:00 ] 140.207.81.68 /admin.php/Home/Common/getTree
INFO: [ app_begin ] --START--
INFO: Run Behavior\ReadHtmlCacheBehavior [ RunTime:0.000000s ]
INFO: [ app_begin ] --END-- [ RunTime:0.000000s ]
SQL: SHOW COLUMNS FROM `ot_user` [ RunTime:0.0000s ]
SQL: SELECT * FROM `ot_user` WHERE `UE_account` = 'admin@qq.com' LIMIT 1   [ RunTime:0.0000s ]
SQL: SELECT `UE_account` FROM `ot_user` WHERE `UE_accName` = 'admin@qq.com'  [ RunTime:0.0000s ]
SQL: SELECT * FROM `ot_user` WHERE `UE_account` = '111' LIMIT 1   [ RunTime:0.0000s ]
SQL: SELECT `UE_account` FROM `ot_user` WHERE `UE_accName` = '111'  [ RunTime:0.0000s ]
SQL: SELECT * FROM `ot_user` WHERE `UE_account` = '222' LIMIT 1   [ RunTime:0.0000s ]
SQL: SELECT `UE_account` FROM `ot_user` WHERE `UE_accName` = '222'  [ RunTime:0.0000s ]
SQL: SELECT * FROM `ot_user` WHERE `UE_account` = '333' LIMIT 1   [ RunTime:0.0000s ]
SQL: SELECT `UE_account` FROM `ot_user` WHERE `UE_accName` = '333'  [ RunTime:0.0000s ]
SQL: SELECT * FROM `ot_user` WHERE `UE_account` = '4444' LIMIT 1   [ RunTime:0.0000s ]
SQL: SELECT `UE_account` FROM `ot_user` WHERE `UE_accName` = '4444'  [ RunTime:0.0000s ]
SQL: SELECT * FROM `ot_user` WHERE `UE_account` = '44445' LIMIT 1   [ RunTime:0.0000s ]
SQL: SELECT `UE_account` FROM `ot_user` WHERE `UE_accName` = '44445'  [ RunTime:0.0156s ]
SQL: SELECT * FROM `ot_user` WHERE `UE_account` = '001' LIMIT 1   [ RunTime:0.0000s ]
SQL: SELECT `UE_account` FROM `ot_user` WHERE `UE_accName` = '001'  [ RunTime:0.0000s ]
SQL: SELECT * FROM `ot_user` WHERE `UE_account` = '55555' LIMIT 1   [ RunTime:0.0000s ]
SQL: SELECT `UE_account` FROM `ot_user` WHERE `UE_accName` = '55555'  [ RunTime:0.0000s ]
SQL: SELECT * FROM `ot_user` WHERE `UE_account` = '6666' LIMIT 1   [ RunTime:0.0000s ]
SQL: SELECT `UE_account` FROM `ot_user` WHERE `UE_accName` = '6666'  [ RunTime:0.0000s ]
SQL: SELECT * FROM `ot_user` WHERE `UE_account` = '54321' LIMIT 1   [ RunTime:0.0000s ]
SQL: SELECT `UE_account` FROM `ot_user` WHERE `UE_accName` = '54321'  [ RunTime:0.0156s ]
SQL: SELECT * FROM `ot_user` WHERE `UE_account` = '1234' LIMIT 1   [ RunTime:0.0000s ]
SQL: SELECT `UE_account` FROM `ot_user` WHERE `UE_accName` = '1234'  [ RunTime:0.0000s ]
SQL: SELECT * FROM `ot_user` WHERE `UE_account` = '12321' LIMIT 1   [ RunTime:0.0000s ]
SQL: SELECT `UE_account` FROM `ot_user` WHERE `UE_accName` = '12321'  [ RunTime:0.0000s ]
SQL: SELECT * FROM `ot_user` WHERE `UE_account` = '12212112' LIMIT 1   [ RunTime:0.0000s ]
SQL: SELECT `UE_account` FROM `ot_user` WHERE `UE_accName` = '12212112'  [ RunTime:0.0000s ]
SQL: SELECT * FROM `ot_user` WHERE `UE_account` = '4456' LIMIT 1   [ RunTime:0.0000s ]
SQL: SELECT `UE_account` FROM `ot_user` WHERE `UE_accName` = '4456'  [ RunTime:0.0000s ]
INFO: [ app_end ] --START--
INFO: Run Behavior\ShowPageTraceBehavior [ RunTime:0.000000s ]
INFO: [ app_end ] --END-- [ RunTime:0.000000s ]

