[ 2016-03-03T20:50:02+08:00 ] ::1 /admin.php/Home/Common/getTree
INFO: [ app_begin ] --START--
INFO: Run Behavior\ReadHtmlCacheBehavior [ RunTime:0.002000s ]
INFO: [ app_begin ] --END-- [ RunTime:0.004000s ]
INFO: [ app_end ] --START--
INFO: Run Behavior\ShowPageTraceBehavior [ RunTime:0.002000s ]
INFO: [ app_end ] --END-- [ RunTime:0.002000s ]

[ 2016-03-03T23:33:36+08:00 ] ::1 /admin.php/Home/Common/getTree
INFO: [ app_begin ] --START--
INFO: Run Behavior\ReadHtmlCacheBehavior [ RunTime:0.000000s ]
INFO: [ app_begin ] --END-- [ RunTime:0.001000s ]
INFO: [ app_end ] --START--
INFO: Run Behavior\ShowPageTraceBehavior [ RunTime:0.000000s ]
INFO: [ app_end ] --END-- [ RunTime:0.000000s ]

[ 2016-03-03T23:34:28+08:00 ] ::1 /admin.php/Home/Common/getTree
INFO: [ app_begin ] --START--
INFO: Run Behavior\ReadHtmlCacheBehavior [ RunTime:0.000000s ]
INFO: [ app_begin ] --END-- [ RunTime:0.001000s ]
INFO: [ app_end ] --START--
INFO: Run Behavior\ShowPageTraceBehavior [ RunTime:0.001000s ]
INFO: [ app_end ] --END-- [ RunTime:0.001000s ]

[ 2016-03-03T04:57:00+08:00 ] 113.241.86.58 /admin.php
ERR: 非法操作:index

[ 2016-03-03T04:57:06+08:00 ] 113.241.86.58 /admin.php
ERR: 非法操作:index

[ 2016-03-03T04:57:11+08:00 ] 113.241.86.58 /admin.php
ERR: 非法操作:index

[ 2016-03-03T04:57:36+08:00 ] 113.241.86.58 /admin.php
ERR: 非法操作:index

[ 2016-03-03T04:57:39+08:00 ] 113.241.86.58 /admin.php
ERR: 非法操作:index

[ 2016-03-03T04:58:12+08:00 ] 113.241.86.58 /admin.php
ERR: 非法操作:index

[ 2016-03-03T05:00:28+08:00 ] 113.241.86.58 /admin.php/Home/Common/getTree
INFO: [ app_begin ] --START--
INFO: Run Behavior\ReadHtmlCacheBehavior [ RunTime:0.001436s ]
INFO: [ app_begin ] --END-- [ RunTime:0.002384s ]
INFO: [ app_end ] --START--
INFO: Run Behavior\ShowPageTraceBehavior [ RunTime:0.001108s ]
INFO: [ app_end ] --END-- [ RunTime:0.001233s ]

[ 2016-03-03T05:00:48+08:00 ] 113.241.86.58 /admin.php/Home/Common/getTree
INFO: [ app_begin ] --START--
INFO: Run Behavior\ReadHtmlCacheBehavior [ RunTime:0.001025s ]
INFO: [ app_begin ] --END-- [ RunTime:0.007807s ]
INFO: [ app_end ] --START--
INFO: Run Behavior\ShowPageTraceBehavior [ RunTime:0.009172s ]
INFO: [ app_end ] --END-- [ RunTime:0.009309s ]

[ 2016-03-03T05:01:05+08:00 ] 113.241.86.58 /admin.php/Home/Common/getTree
INFO: [ app_begin ] --START--
INFO: Run Behavior\ReadHtmlCacheBehavior [ RunTime:0.001074s ]
INFO: [ app_begin ] --END-- [ RunTime:0.001883s ]
INFO: [ app_end ] --START--
INFO: Run Behavior\ShowPageTraceBehavior [ RunTime:0.001127s ]
INFO: [ app_end ] --END-- [ RunTime:0.001260s ]

[ 2016-03-03T05:02:26+08:00 ] 113.241.86.58 /admin.php
ERR: 非法操作:index

[ 2016-03-03T05:02:28+08:00 ] 113.241.86.58 /admin.php
ERR: 非法操作:index

[ 2016-03-03T05:02:29+08:00 ] 113.241.86.58 /admin.php
ERR: 非法操作:index

[ 2016-03-03T05:02:49+08:00 ] 113.241.86.58 /admin.php
ERR: 非法操作:index

[ 2016-03-03T05:02:51+08:00 ] 113.241.86.58 /admin.php
ERR: 非法操作:index

[ 2016-03-03T05:02:52+08:00 ] 113.241.86.58 /admin.php
ERR: 非法操作:index

[ 2016-03-03T05:02:54+08:00 ] 113.241.86.58 /admin.php
ERR: 非法操作:index

[ 2016-03-03T05:02:58+08:00 ] 113.241.86.58 /admin.php/Home/Common/getTree
INFO: [ app_begin ] --START--
INFO: Run Behavior\ReadHtmlCacheBehavior [ RunTime:0.001270s ]
INFO: [ app_begin ] --END-- [ RunTime:0.002725s ]
INFO: [ app_end ] --START--
INFO: Run Behavior\ShowPageTraceBehavior [ RunTime:0.001938s ]
INFO: [ app_end ] --END-- [ RunTime:0.002072s ]

[ 2016-03-03T09:58:12+08:00 ] 113.241.86.58 /admin.php/Home/Common/getTree
INFO: [ app_begin ] --START--
INFO: Run Behavior\ReadHtmlCacheBehavior [ RunTime:0.003821s ]
INFO: [ app_begin ] --END-- [ RunTime:0.004414s ]
INFO: [ app_end ] --START--
INFO: Run Behavior\ShowPageTraceBehavior [ RunTime:0.000692s ]
INFO: [ app_end ] --END-- [ RunTime:0.000788s ]

[ 2016-03-03T09:58:15+08:00 ] 113.241.86.58 /admin.php/Home/Common/getTree
INFO: [ app_begin ] --START--
INFO: Run Behavior\ReadHtmlCacheBehavior [ RunTime:0.000690s ]
INFO: [ app_begin ] --END-- [ RunTime:0.001112s ]
INFO: [ app_end ] --START--
INFO: Run Behavior\ShowPageTraceBehavior [ RunTime:0.000969s ]
INFO: [ app_end ] --END-- [ RunTime:0.001093s ]

[ 2016-03-03T09:58:15+08:00 ] 113.241.86.58 /admin.php/Home/Common/getTree
INFO: [ app_begin ] --START--
INFO: Run Behavior\ReadHtmlCacheBehavior [ RunTime:0.001327s ]
INFO: [ app_begin ] --END-- [ RunTime:0.002040s ]
INFO: [ app_end ] --START--
INFO: Run Behavior\ShowPageTraceBehavior [ RunTime:0.001150s ]
INFO: [ app_end ] --END-- [ RunTime:0.009067s ]

[ 2016-03-03T09:58:18+08:00 ] 113.241.86.58 /admin.php
ERR: 非法操作:index

[ 2016-03-03T11:54:55+08:00 ] 175.43.242.34 /admin.php/Home/Common/getTree
INFO: [ app_begin ] --START--
INFO: Run Behavior\ReadHtmlCacheBehavior [ RunTime:0.001012s ]
INFO: [ app_begin ] --END-- [ RunTime:0.006029s ]
INFO: [ app_end ] --START--
INFO: Run Behavior\ShowPageTraceBehavior [ RunTime:0.002415s ]
INFO: [ app_end ] --END-- [ RunTime:0.002609s ]

[ 2016-03-03T12:00:21+08:00 ] 175.43.242.34 /admin.php/Home/Common/getTree
INFO: [ app_begin ] --START--
INFO: Run Behavior\ReadHtmlCacheBehavior [ RunTime:0.002494s ]
INFO: [ app_begin ] --END-- [ RunTime:0.004144s ]
INFO: [ app_end ] --START--
INFO: Run Behavior\ShowPageTraceBehavior [ RunTime:0.001147s ]
INFO: [ app_end ] --END-- [ RunTime:0.001286s ]

[ 2016-03-03T14:10:10+08:00 ] 119.129.209.201 /admin.php/Home/Common/getTree
INFO: [ app_begin ] --START--
INFO: Run Behavior\ReadHtmlCacheBehavior [ RunTime:0.004886s ]
INFO: [ app_begin ] --END-- [ RunTime:0.009086s ]
INFO: [ app_end ] --START--
INFO: Run Behavior\ShowPageTraceBehavior [ RunTime:0.007123s ]
INFO: [ app_end ] --END-- [ RunTime:0.008308s ]

[ 2016-03-03T14:10:28+08:00 ] 119.129.209.201 /admin.php/Home/Common/getTree
INFO: [ app_begin ] --START--
INFO: Run Behavior\ReadHtmlCacheBehavior [ RunTime:0.005706s ]
INFO: [ app_begin ] --END-- [ RunTime:0.006541s ]
INFO: [ app_end ] --START--
INFO: Run Behavior\ShowPageTraceBehavior [ RunTime:0.001561s ]
INFO: [ app_end ] --END-- [ RunTime:0.002444s ]

[ 2016-03-03T14:10:34+08:00 ] 119.129.209.201 /admin.php/Home/Common/getTree
INFO: [ app_begin ] --START--
INFO: Run Behavior\ReadHtmlCacheBehavior [ RunTime:0.000820s ]
INFO: [ app_begin ] --END-- [ RunTime:0.010865s ]
INFO: [ app_end ] --START--
INFO: Run Behavior\ShowPageTraceBehavior [ RunTime:0.003148s ]
INFO: [ app_end ] --END-- [ RunTime:0.003316s ]

[ 2016-03-03T14:20:06+08:00 ] 175.43.242.34 /admin.php/Home/Common/getTree
INFO: [ app_begin ] --START--
INFO: Run Behavior\ReadHtmlCacheBehavior [ RunTime:0.006287s ]
INFO: [ app_begin ] --END-- [ RunTime:0.009100s ]
INFO: [ app_end ] --START--
INFO: Run Behavior\ShowPageTraceBehavior [ RunTime:0.010397s ]
INFO: [ app_end ] --END-- [ RunTime:0.014149s ]

[ 2016-03-03T14:20:09+08:00 ] 175.43.242.34 /admin.php/Home/Common/getTree
INFO: [ app_begin ] --START--
INFO: Run Behavior\ReadHtmlCacheBehavior [ RunTime:0.000980s ]
INFO: [ app_begin ] --END-- [ RunTime:0.006115s ]
INFO: [ app_end ] --START--
INFO: Run Behavior\ShowPageTraceBehavior [ RunTime:0.000908s ]
INFO: [ app_end ] --END-- [ RunTime:0.001009s ]

[ 2016-03-03T14:35:09+08:00 ] 175.43.242.34 /admin.php/Home/Common/getTree
INFO: [ app_begin ] --START--
INFO: Run Behavior\ReadHtmlCacheBehavior [ RunTime:0.000820s ]
INFO: [ app_begin ] --END-- [ RunTime:0.009394s ]
INFO: [ app_end ] --START--
INFO: Run Behavior\ShowPageTraceBehavior [ RunTime:0.001017s ]
INFO: [ app_end ] --END-- [ RunTime:0.001148s ]

[ 2016-03-03T14:43:45+08:00 ] 175.43.242.34 /admin.php/Home/Index/jbzs
ERR: 2006:MySQL server has gone away
 [ SQL语句 ] : SELECT * FROM `ot_userget` WHERE `UG_dataType` = 'xtzs' ORDER BY UG_ID DESC LIMIT 0,20  

[ 2016-03-03T14:44:19+08:00 ] 175.43.242.34 /admin.php/Home/Common/getTree
INFO: [ app_begin ] --START--
INFO: Run Behavior\ReadHtmlCacheBehavior [ RunTime:0.003327s ]
INFO: [ app_begin ] --END-- [ RunTime:0.004251s ]
INFO: [ app_end ] --START--
INFO: Run Behavior\ShowPageTraceBehavior [ RunTime:0.002422s ]
INFO: [ app_end ] --END-- [ RunTime:0.002599s ]

[ 2016-03-03T14:44:31+08:00 ] 175.43.242.34 /admin.php/Home/Common/getTree
INFO: [ app_begin ] --START--
INFO: Run Behavior\ReadHtmlCacheBehavior [ RunTime:0.007215s ]
INFO: [ app_begin ] --END-- [ RunTime:0.015245s ]
INFO: [ app_end ] --START--
INFO: Run Behavior\ShowPageTraceBehavior [ RunTime:0.002249s ]
INFO: [ app_end ] --END-- [ RunTime:0.002382s ]

[ 2016-03-03T14:54:16+08:00 ] 175.43.242.34 /admin.php/Home/Common/getTree
INFO: [ app_begin ] --START--
INFO: Run Behavior\ReadHtmlCacheBehavior [ RunTime:0.000899s ]
INFO: [ app_begin ] --END-- [ RunTime:0.001527s ]
INFO: [ app_end ] --START--
INFO: Run Behavior\ShowPageTraceBehavior [ RunTime:0.006751s ]
INFO: [ app_end ] --END-- [ RunTime:0.006913s ]

[ 2016-03-03T14:54:18+08:00 ] 175.43.242.34 /admin.php/Home/Common/getTree
INFO: [ app_begin ] --START--
INFO: Run Behavior\ReadHtmlCacheBehavior [ RunTime:0.010491s ]
INFO: [ app_begin ] --END-- [ RunTime:0.016323s ]
INFO: [ app_end ] --START--
INFO: Run Behavior\ShowPageTraceBehavior [ RunTime:0.012122s ]
INFO: [ app_end ] --END-- [ RunTime:0.012332s ]

[ 2016-03-03T14:54:25+08:00 ] 175.43.242.34 /admin.php/Home/Common/getTree
INFO: [ app_begin ] --START--
INFO: Run Behavior\ReadHtmlCacheBehavior [ RunTime:0.000675s ]
INFO: [ app_begin ] --END-- [ RunTime:0.001191s ]
INFO: [ app_end ] --START--
INFO: Run Behavior\ShowPageTraceBehavior [ RunTime:0.001522s ]
INFO: [ app_end ] --END-- [ RunTime:0.001728s ]

[ 2016-03-03T15:09:59+08:00 ] 175.43.242.34 /admin.php/Home/Common/getTree
INFO: [ app_begin ] --START--
INFO: Run Behavior\ReadHtmlCacheBehavior [ RunTime:0.007973s ]
INFO: [ app_begin ] --END-- [ RunTime:0.008752s ]
INFO: [ app_end ] --START--
INFO: Run Behavior\ShowPageTraceBehavior [ RunTime:0.003661s ]
INFO: [ app_end ] --END-- [ RunTime:0.003937s ]

[ 2016-03-03T15:09:59+08:00 ] 175.43.242.34 /admin.php/Home/Shop/
ERR: 非法操作:index

[ 2016-03-03T15:15:33+08:00 ] 175.43.242.34 /admin.php/Home/Common/getTree
INFO: [ app_begin ] --START--
INFO: Run Behavior\ReadHtmlCacheBehavior [ RunTime:0.000956s ]
INFO: [ app_begin ] --END-- [ RunTime:0.001681s ]
SQL: SHOW COLUMNS FROM `ot_user` [ RunTime:0.0099s ]
SQL: SELECT * FROM `ot_user` WHERE `UE_account` = 'admin@qq.com' LIMIT 1   [ RunTime:0.0006s ]
SQL: SELECT `UE_account` FROM `ot_user` WHERE `UE_accName` = 'admin@qq.com'  [ RunTime:0.0110s ]
SQL: SELECT * FROM `ot_user` WHERE `UE_account` = 'a1@qq.com' LIMIT 1   [ RunTime:0.0038s ]
SQL: SELECT `UE_account` FROM `ot_user` WHERE `UE_accName` = 'a1@qq.com'  [ RunTime:0.0121s ]
SQL: SELECT * FROM `ot_user` WHERE `UE_account` = 'a2@qq.com' LIMIT 1   [ RunTime:0.0018s ]
SQL: SELECT `UE_account` FROM `ot_user` WHERE `UE_accName` = 'a2@qq.com'  [ RunTime:0.0061s ]
SQL: SELECT * FROM `ot_user` WHERE `UE_account` = 'a3@qq.com' LIMIT 1   [ RunTime:0.0078s ]
SQL: SELECT `UE_account` FROM `ot_user` WHERE `UE_accName` = 'a3@qq.com'  [ RunTime:0.0036s ]
SQL: SELECT * FROM `ot_user` WHERE `UE_account` = 'a4@qq.com' LIMIT 1   [ RunTime:0.0033s ]
SQL: SELECT `UE_account` FROM `ot_user` WHERE `UE_accName` = 'a4@qq.com'  [ RunTime:0.0060s ]
SQL: SELECT * FROM `ot_user` WHERE `UE_account` = 'vip1' LIMIT 1   [ RunTime:0.0004s ]
SQL: SELECT `UE_account` FROM `ot_user` WHERE `UE_accName` = 'vip1'  [ RunTime:0.0004s ]
SQL: SELECT * FROM `ot_user` WHERE `UE_account` = 'vip2' LIMIT 1   [ RunTime:0.0015s ]
SQL: SELECT `UE_account` FROM `ot_user` WHERE `UE_accName` = 'vip2'  [ RunTime:0.0020s ]
SQL: SELECT * FROM `ot_user` WHERE `UE_account` = 'vip3' LIMIT 1   [ RunTime:0.0115s ]
SQL: SELECT `UE_account` FROM `ot_user` WHERE `UE_accName` = 'vip3'  [ RunTime:0.0013s ]
SQL: SELECT * FROM `ot_user` WHERE `UE_account` = 'lj6978' LIMIT 1   [ RunTime:0.0020s ]
SQL: SELECT `UE_account` FROM `ot_user` WHERE `UE_accName` = 'lj6978'  [ RunTime:0.0021s ]
SQL: SELECT * FROM `ot_user` WHERE `UE_account` = 'vip@vip.com' LIMIT 1   [ RunTime:0.0003s ]
SQL: SELECT `UE_account` FROM `ot_user` WHERE `UE_accName` = 'vip@vip.com'  [ RunTime:0.0023s ]
SQL: SELECT * FROM `ot_user` WHERE `UE_account` = 'vip8@qq.com' LIMIT 1   [ RunTime:0.0003s ]
SQL: SELECT `UE_account` FROM `ot_user` WHERE `UE_accName` = 'vip8@qq.com'  [ RunTime:0.0019s ]
INFO: [ app_end ] --START--
INFO: Run Behavior\ShowPageTraceBehavior [ RunTime:0.003262s ]
INFO: [ app_end ] --END-- [ RunTime:0.003424s ]

[ 2016-03-03T15:16:37+08:00 ] 175.43.242.34 /admin.php/Home/Common/getTree
INFO: [ app_begin ] --START--
INFO: Run Behavior\ReadHtmlCacheBehavior [ RunTime:0.008455s ]
INFO: [ app_begin ] --END-- [ RunTime:0.009605s ]
INFO: [ app_end ] --START--
INFO: Run Behavior\ShowPageTraceBehavior [ RunTime:0.001308s ]
INFO: [ app_end ] --END-- [ RunTime:0.001481s ]

[ 2016-03-03T15:16:39+08:00 ] 175.43.242.34 /admin.php/Home/Shop/
ERR: 非法操作:index

[ 2016-03-03T19:53:09+08:00 ] 36.45.129.165 /admin.php/Home/Common/getTree
INFO: [ app_begin ] --START--
INFO: Run Behavior\ReadHtmlCacheBehavior [ RunTime:0.005219s ]
INFO: [ app_begin ] --END-- [ RunTime:0.012805s ]
INFO: [ app_end ] --START--
INFO: Run Behavior\ShowPageTraceBehavior [ RunTime:0.010407s ]
INFO: [ app_end ] --END-- [ RunTime:0.010610s ]

[ 2016-03-03T19:54:54+08:00 ] 14.151.128.4 /admin.php
ERR: 非法操作:index

[ 2016-03-03T19:54:56+08:00 ] 14.151.128.4 /admin.php
ERR: 非法操作:index

[ 2016-03-03T19:55:09+08:00 ] 14.151.128.4 /admin.php
ERR: 非法操作:index

[ 2016-03-03T19:55:21+08:00 ] 14.151.128.4 /admin.php
ERR: 非法操作:index

[ 2016-03-03T19:58:20+08:00 ] 119.129.209.201 /admin.php/Home/Common/getTree
INFO: [ app_begin ] --START--
INFO: Run Behavior\ReadHtmlCacheBehavior [ RunTime:0.000681s ]
INFO: [ app_begin ] --END-- [ RunTime:0.001243s ]
INFO: [ app_end ] --START--
INFO: Run Behavior\ShowPageTraceBehavior [ RunTime:0.001169s ]
INFO: [ app_end ] --END-- [ RunTime:0.001285s ]

[ 2016-03-03T19:58:36+08:00 ] 36.45.129.165 /admin.php/Home/Common/getTree
INFO: [ app_begin ] --START--
INFO: Run Behavior\ReadHtmlCacheBehavior [ RunTime:0.003303s ]
INFO: [ app_begin ] --END-- [ RunTime:0.004469s ]
INFO: [ app_end ] --START--
INFO: Run Behavior\ShowPageTraceBehavior [ RunTime:0.004700s ]
INFO: [ app_end ] --END-- [ RunTime:0.005261s ]

[ 2016-03-03T19:58:43+08:00 ] 119.129.209.201 /admin.php/Home/Common/getTree
INFO: [ app_begin ] --START--
INFO: Run Behavior\ReadHtmlCacheBehavior [ RunTime:0.001892s ]
INFO: [ app_begin ] --END-- [ RunTime:0.005308s ]
INFO: [ app_end ] --START--
INFO: Run Behavior\ShowPageTraceBehavior [ RunTime:0.001689s ]
INFO: [ app_end ] --END-- [ RunTime:0.004646s ]

[ 2016-03-03T19:59:17+08:00 ] 119.129.209.201 /admin.php/Home/Common/getTree
INFO: [ app_begin ] --START--
INFO: Run Behavior\ReadHtmlCacheBehavior [ RunTime:0.002361s ]
INFO: [ app_begin ] --END-- [ RunTime:0.006318s ]
INFO: [ app_end ] --START--
INFO: Run Behavior\ShowPageTraceBehavior [ RunTime:0.003287s ]
INFO: [ app_end ] --END-- [ RunTime:0.003451s ]

[ 2016-03-03T20:01:28+08:00 ] 36.45.129.165 /admin.php/Home/Common/getTree
INFO: [ app_begin ] --START--
INFO: Run Behavior\ReadHtmlCacheBehavior [ RunTime:0.001093s ]
INFO: [ app_begin ] --END-- [ RunTime:0.001950s ]
SQL: SHOW COLUMNS FROM `ot_user` [ RunTime:0.0965s ]
SQL: SELECT * FROM `ot_user` WHERE `UE_account` = 'admin@qq.com' LIMIT 1   [ RunTime:0.0142s ]
SQL: SELECT `UE_account` FROM `ot_user` WHERE `UE_accName` = 'admin@qq.com'  [ RunTime:0.0055s ]
SQL: SELECT * FROM `ot_user` WHERE `UE_account` = 'a1@qq.com' LIMIT 1   [ RunTime:0.0054s ]
SQL: SELECT `UE_account` FROM `ot_user` WHERE `UE_accName` = 'a1@qq.com'  [ RunTime:0.0032s ]
SQL: SELECT * FROM `ot_user` WHERE `UE_account` = 'a2@qq.com' LIMIT 1   [ RunTime:0.0069s ]
SQL: SELECT `UE_account` FROM `ot_user` WHERE `UE_accName` = 'a2@qq.com'  [ RunTime:0.0137s ]
SQL: SELECT * FROM `ot_user` WHERE `UE_account` = 'a3@qq.com' LIMIT 1   [ RunTime:0.0045s ]
SQL: SELECT `UE_account` FROM `ot_user` WHERE `UE_accName` = 'a3@qq.com'  [ RunTime:0.0024s ]
SQL: SELECT * FROM `ot_user` WHERE `UE_account` = 'a4@qq.com' LIMIT 1   [ RunTime:0.0020s ]
SQL: SELECT `UE_account` FROM `ot_user` WHERE `UE_accName` = 'a4@qq.com'  [ RunTime:0.0128s ]
SQL: SELECT * FROM `ot_user` WHERE `UE_account` = 'vip1' LIMIT 1   [ RunTime:0.0003s ]
SQL: SELECT `UE_account` FROM `ot_user` WHERE `UE_accName` = 'vip1'  [ RunTime:0.0035s ]
SQL: SELECT * FROM `ot_user` WHERE `UE_account` = 'vip2' LIMIT 1   [ RunTime:0.0130s ]
SQL: SELECT `UE_account` FROM `ot_user` WHERE `UE_accName` = 'vip2'  [ RunTime:0.0032s ]
SQL: SELECT * FROM `ot_user` WHERE `UE_account` = 'vip3' LIMIT 1   [ RunTime:0.0025s ]
SQL: SELECT `UE_account` FROM `ot_user` WHERE `UE_accName` = 'vip3'  [ RunTime:0.0045s ]
SQL: SELECT * FROM `ot_user` WHERE `UE_account` = 'lj6978' LIMIT 1   [ RunTime:0.0027s ]
SQL: SELECT `UE_account` FROM `ot_user` WHERE `UE_accName` = 'lj6978'  [ RunTime:0.0017s ]
SQL: SELECT * FROM `ot_user` WHERE `UE_account` = 'vip@vip.com' LIMIT 1   [ RunTime:0.0012s ]
SQL: SELECT `UE_account` FROM `ot_user` WHERE `UE_accName` = 'vip@vip.com'  [ RunTime:0.0010s ]
SQL: SELECT * FROM `ot_user` WHERE `UE_account` = 'vip8@qq.com' LIMIT 1   [ RunTime:0.0027s ]
SQL: SELECT `UE_account` FROM `ot_user` WHERE `UE_accName` = 'vip8@qq.com'  [ RunTime:0.0034s ]
INFO: [ app_end ] --START--
INFO: Run Behavior\ShowPageTraceBehavior [ RunTime:0.016649s ]
INFO: [ app_end ] --END-- [ RunTime:0.016808s ]

[ 2016-03-03T20:05:42+08:00 ] 36.45.129.165 /admin.php/Home/Common/getTree
INFO: [ app_begin ] --START--
INFO: Run Behavior\ReadHtmlCacheBehavior [ RunTime:0.004215s ]
INFO: [ app_begin ] --END-- [ RunTime:0.004829s ]
SQL: SHOW COLUMNS FROM `ot_user` [ RunTime:0.0144s ]
SQL: SELECT * FROM `ot_user` WHERE `UE_account` = 'vip1' LIMIT 1   [ RunTime:0.0016s ]
SQL: SELECT `UE_account` FROM `ot_user` WHERE `UE_accName` = 'vip1'  [ RunTime:0.0112s ]
SQL: SELECT * FROM `ot_user` WHERE `UE_account` = 'vip2' LIMIT 1   [ RunTime:0.0006s ]
SQL: SELECT `UE_account` FROM `ot_user` WHERE `UE_accName` = 'vip2'  [ RunTime:0.0024s ]
SQL: SELECT * FROM `ot_user` WHERE `UE_account` = 'vip3' LIMIT 1   [ RunTime:0.0003s ]
SQL: SELECT `UE_account` FROM `ot_user` WHERE `UE_accName` = 'vip3'  [ RunTime:0.0017s ]
INFO: [ app_end ] --START--
INFO: Run Behavior\ShowPageTraceBehavior [ RunTime:0.008735s ]
INFO: [ app_end ] --END-- [ RunTime:0.008905s ]

[ 2016-03-03T20:07:21+08:00 ] 14.151.128.4 /admin.php
ERR: 非法操作:index

[ 2016-03-03T20:07:32+08:00 ] 14.151.128.4 /admin.php
ERR: 非法操作:index

[ 2016-03-03T20:09:04+08:00 ] 14.151.128.4 /admin.php/Home/Common/getTree
INFO: [ app_begin ] --START--
INFO: Run Behavior\ReadHtmlCacheBehavior [ RunTime:0.012385s ]
INFO: [ app_begin ] --END-- [ RunTime:0.013803s ]
INFO: [ app_end ] --START--
INFO: Run Behavior\ShowPageTraceBehavior [ RunTime:0.004305s ]
INFO: [ app_end ] --END-- [ RunTime:0.004565s ]

[ 2016-03-03T20:10:09+08:00 ] 14.151.128.4 /admin.php/Home/Common/getTree
INFO: [ app_begin ] --START--
INFO: Run Behavior\ReadHtmlCacheBehavior [ RunTime:0.005967s ]
INFO: [ app_begin ] --END-- [ RunTime:0.006845s ]
INFO: [ app_end ] --START--
INFO: Run Behavior\ShowPageTraceBehavior [ RunTime:0.011103s ]
INFO: [ app_end ] --END-- [ RunTime:0.011466s ]

[ 2016-03-03T20:10:24+08:00 ] 14.151.128.4 /admin.php/Home/Common/getTree
INFO: [ app_begin ] --START--
INFO: Run Behavior\ReadHtmlCacheBehavior [ RunTime:0.008372s ]
INFO: [ app_begin ] --END-- [ RunTime:0.011745s ]
INFO: [ app_end ] --START--
INFO: Run Behavior\ShowPageTraceBehavior [ RunTime:0.005801s ]
INFO: [ app_end ] --END-- [ RunTime:0.007093s ]

[ 2016-03-03T20:10:35+08:00 ] 36.45.129.165 /admin.php/Home/Common/getTree
INFO: [ app_begin ] --START--
INFO: Run Behavior\ReadHtmlCacheBehavior [ RunTime:0.001043s ]
INFO: [ app_begin ] --END-- [ RunTime:0.001719s ]
INFO: [ app_end ] --START--
INFO: Run Behavior\ShowPageTraceBehavior [ RunTime:0.001324s ]
INFO: [ app_end ] --END-- [ RunTime:0.001447s ]

[ 2016-03-03T20:10:47+08:00 ] 14.151.128.4 /admin.php/Home/Common/getTree
INFO: [ app_begin ] --START--
INFO: Run Behavior\ReadHtmlCacheBehavior [ RunTime:0.013233s ]
INFO: [ app_begin ] --END-- [ RunTime:0.016591s ]
INFO: [ app_end ] --START--
INFO: Run Behavior\ShowPageTraceBehavior [ RunTime:0.011786s ]
INFO: [ app_end ] --END-- [ RunTime:0.013099s ]

[ 2016-03-03T20:11:08+08:00 ] 14.151.128.4 /admin.php/Home/Common/getTree
INFO: [ app_begin ] --START--
INFO: Run Behavior\ReadHtmlCacheBehavior [ RunTime:0.003524s ]
INFO: [ app_begin ] --END-- [ RunTime:0.004597s ]
INFO: [ app_end ] --START--
INFO: Run Behavior\ShowPageTraceBehavior [ RunTime:0.007395s ]
INFO: [ app_end ] --END-- [ RunTime:0.007655s ]

[ 2016-03-03T20:11:14+08:00 ] 14.151.128.4 /admin.php/Home/Common/getTree
INFO: [ app_begin ] --START--
INFO: Run Behavior\ReadHtmlCacheBehavior [ RunTime:0.003891s ]
INFO: [ app_begin ] --END-- [ RunTime:0.004577s ]
INFO: [ app_end ] --START--
INFO: Run Behavior\ShowPageTraceBehavior [ RunTime:0.003122s ]
INFO: [ app_end ] --END-- [ RunTime:0.003279s ]

[ 2016-03-03T20:11:16+08:00 ] 14.151.128.4 /admin.php/Home/Common/getTree
INFO: [ app_begin ] --START--
INFO: Run Behavior\ReadHtmlCacheBehavior [ RunTime:0.005236s ]
INFO: [ app_begin ] --END-- [ RunTime:0.005976s ]
INFO: [ app_end ] --START--
INFO: Run Behavior\ShowPageTraceBehavior [ RunTime:0.005317s ]
INFO: [ app_end ] --END-- [ RunTime:0.005527s ]

[ 2016-03-03T20:11:40+08:00 ] 14.151.128.4 /admin.php/Home/Common/getTree
INFO: [ app_begin ] --START--
INFO: Run Behavior\ReadHtmlCacheBehavior [ RunTime:0.002956s ]
INFO: [ app_begin ] --END-- [ RunTime:0.004621s ]
INFO: [ app_end ] --START--
INFO: Run Behavior\ShowPageTraceBehavior [ RunTime:0.005071s ]
INFO: [ app_end ] --END-- [ RunTime:0.005254s ]

[ 2016-03-03T20:12:29+08:00 ] 119.129.209.201 /admin.php
ERR: 非法操作:index

[ 2016-03-03T20:18:44+08:00 ] 36.250.226.69 /admin.php
ERR: 非法操作:index

[ 2016-03-03T20:19:08+08:00 ] 111.3.25.100 /admin.php/Home/Common/getTree
INFO: [ app_begin ] --START--
INFO: Run Behavior\ReadHtmlCacheBehavior [ RunTime:0.006067s ]
INFO: [ app_begin ] --END-- [ RunTime:0.008023s ]
INFO: [ app_end ] --START--
INFO: Run Behavior\ShowPageTraceBehavior [ RunTime:0.009611s ]
INFO: [ app_end ] --END-- [ RunTime:0.009841s ]

[ 2016-03-03T20:19:12+08:00 ] 122.226.160.246 /admin.php/Home/Common/getTree
INFO: [ app_begin ] --START--
INFO: Run Behavior\ReadHtmlCacheBehavior [ RunTime:0.007362s ]
INFO: [ app_begin ] --END-- [ RunTime:0.008949s ]
INFO: [ app_end ] --START--
INFO: Run Behavior\ShowPageTraceBehavior [ RunTime:0.002257s ]
INFO: [ app_end ] --END-- [ RunTime:0.002386s ]

[ 2016-03-03T20:19:12+08:00 ] 125.39.170.232 /admin.php/Home/Common/getTree
INFO: [ app_begin ] --START--
INFO: Run Behavior\ReadHtmlCacheBehavior [ RunTime:0.001107s ]
INFO: [ app_begin ] --END-- [ RunTime:0.001864s ]
INFO: [ app_end ] --START--
INFO: Run Behavior\ShowPageTraceBehavior [ RunTime:0.000955s ]
INFO: [ app_end ] --END-- [ RunTime:0.001068s ]

[ 2016-03-03T20:20:46+08:00 ] 14.151.128.4 /admin.php/Home/Common/getTree
INFO: [ app_begin ] --START--
INFO: Run Behavior\ReadHtmlCacheBehavior [ RunTime:0.001406s ]
INFO: [ app_begin ] --END-- [ RunTime:0.002327s ]
INFO: [ app_end ] --START--
INFO: Run Behavior\ShowPageTraceBehavior [ RunTime:0.001654s ]
INFO: [ app_end ] --END-- [ RunTime:0.001795s ]

[ 2016-03-03T20:21:04+08:00 ] 14.151.128.4 /admin.php/Home/Common/getTree
INFO: [ app_begin ] --START--
INFO: Run Behavior\ReadHtmlCacheBehavior [ RunTime:0.002227s ]
INFO: [ app_begin ] --END-- [ RunTime:0.002877s ]
INFO: [ app_end ] --START--
INFO: Run Behavior\ShowPageTraceBehavior [ RunTime:0.006012s ]
INFO: [ app_end ] --END-- [ RunTime:0.006171s ]

[ 2016-03-03T20:22:24+08:00 ] 111.3.25.100 /admin.php/Home/Common/getTree
INFO: [ app_begin ] --START--
INFO: Run Behavior\ReadHtmlCacheBehavior [ RunTime:0.005321s ]
INFO: [ app_begin ] --END-- [ RunTime:0.006552s ]
INFO: [ app_end ] --START--
INFO: Run Behavior\ShowPageTraceBehavior [ RunTime:0.000938s ]
INFO: [ app_end ] --END-- [ RunTime:0.001042s ]

[ 2016-03-03T20:22:29+08:00 ] 111.3.25.100 /admin.php/Home/Common/getTree
INFO: [ app_begin ] --START--
INFO: Run Behavior\ReadHtmlCacheBehavior [ RunTime:0.006298s ]
INFO: [ app_begin ] --END-- [ RunTime:0.011286s ]
INFO: [ app_end ] --START--
INFO: Run Behavior\ShowPageTraceBehavior [ RunTime:0.009002s ]
INFO: [ app_end ] --END-- [ RunTime:0.009178s ]

[ 2016-03-03T20:24:38+08:00 ] 122.226.160.246 /admin.php/Home/Common/getTree
INFO: [ app_begin ] --START--
INFO: Run Behavior\ReadHtmlCacheBehavior [ RunTime:0.003803s ]
INFO: [ app_begin ] --END-- [ RunTime:0.004802s ]
SQL: SHOW COLUMNS FROM `ot_user` [ RunTime:0.0102s ]
SQL: SELECT * FROM `ot_user` WHERE `UE_account` = 'admin@qq.com' LIMIT 1   [ RunTime:0.0046s ]
SQL: SELECT `UE_account` FROM `ot_user` WHERE `UE_accName` = 'admin@qq.com'  [ RunTime:0.0017s ]
SQL: SELECT * FROM `ot_user` WHERE `UE_account` = 'a1@qq.com' LIMIT 1   [ RunTime:0.0003s ]
SQL: SELECT `UE_account` FROM `ot_user` WHERE `UE_accName` = 'a1@qq.com'  [ RunTime:0.0040s ]
SQL: SELECT * FROM `ot_user` WHERE `UE_account` = 'a2@qq.com' LIMIT 1   [ RunTime:0.0032s ]
SQL: SELECT `UE_account` FROM `ot_user` WHERE `UE_accName` = 'a2@qq.com'  [ RunTime:0.0031s ]
SQL: SELECT * FROM `ot_user` WHERE `UE_account` = 'a3@qq.com' LIMIT 1   [ RunTime:0.0033s ]
SQL: SELECT `UE_account` FROM `ot_user` WHERE `UE_accName` = 'a3@qq.com'  [ RunTime:0.0021s ]
SQL: SELECT * FROM `ot_user` WHERE `UE_account` = 'a4@qq.com' LIMIT 1   [ RunTime:0.0020s ]
SQL: SELECT `UE_account` FROM `ot_user` WHERE `UE_accName` = 'a4@qq.com'  [ RunTime:0.0008s ]
SQL: SELECT * FROM `ot_user` WHERE `UE_account` = 'vip1' LIMIT 1   [ RunTime:0.0002s ]
SQL: SELECT `UE_account` FROM `ot_user` WHERE `UE_accName` = 'vip1'  [ RunTime:0.0221s ]
SQL: SELECT * FROM `ot_user` WHERE `UE_account` = 'vip2' LIMIT 1   [ RunTime:0.0038s ]
SQL: SELECT `UE_account` FROM `ot_user` WHERE `UE_accName` = 'vip2'  [ RunTime:0.0008s ]
SQL: SELECT * FROM `ot_user` WHERE `UE_account` = 'vip3' LIMIT 1   [ RunTime:0.0064s ]
SQL: SELECT `UE_account` FROM `ot_user` WHERE `UE_accName` = 'vip3'  [ RunTime:0.0016s ]
SQL: SELECT * FROM `ot_user` WHERE `UE_account` = 'lj6978' LIMIT 1   [ RunTime:0.0027s ]
SQL: SELECT `UE_account` FROM `ot_user` WHERE `UE_accName` = 'lj6978'  [ RunTime:0.0011s ]
SQL: SELECT * FROM `ot_user` WHERE `UE_account` = 'vip@vip.com' LIMIT 1   [ RunTime:0.0019s ]
SQL: SELECT `UE_account` FROM `ot_user` WHERE `UE_accName` = 'vip@vip.com'  [ RunTime:0.0007s ]
SQL: SELECT * FROM `ot_user` WHERE `UE_account` = 'vip8@qq.com' LIMIT 1   [ RunTime:0.0073s ]
SQL: SELECT `UE_account` FROM `ot_user` WHERE `UE_accName` = 'vip8@qq.com'  [ RunTime:0.0012s ]
INFO: [ app_end ] --START--
INFO: Run Behavior\ShowPageTraceBehavior [ RunTime:0.006762s ]
INFO: [ app_end ] --END-- [ RunTime:0.007038s ]

[ 2016-03-03T20:24:43+08:00 ] 122.226.160.246 /admin.php/Home/Common/getTree
INFO: [ app_begin ] --START--
INFO: Run Behavior\ReadHtmlCacheBehavior [ RunTime:0.017796s ]
INFO: [ app_begin ] --END-- [ RunTime:0.025362s ]
INFO: [ app_end ] --START--
INFO: Run Behavior\ShowPageTraceBehavior [ RunTime:0.003561s ]
INFO: [ app_end ] --END-- [ RunTime:0.005159s ]

[ 2016-03-03T20:24:47+08:00 ] 36.250.226.69 /admin.php/Home/Common/getTree
INFO: [ app_begin ] --START--
INFO: Run Behavior\ReadHtmlCacheBehavior [ RunTime:0.022539s ]
INFO: [ app_begin ] --END-- [ RunTime:0.026007s ]
INFO: [ app_end ] --START--
INFO: Run Behavior\ShowPageTraceBehavior [ RunTime:0.010632s ]
INFO: [ app_end ] --END-- [ RunTime:0.010766s ]

[ 2016-03-03T20:26:34+08:00 ] 111.3.25.100 /admin.php/Home/Common/getTree
INFO: [ app_begin ] --START--
INFO: Run Behavior\ReadHtmlCacheBehavior [ RunTime:0.000889s ]
INFO: [ app_begin ] --END-- [ RunTime:0.001565s ]
INFO: [ app_end ] --START--
INFO: Run Behavior\ShowPageTraceBehavior [ RunTime:0.003004s ]
INFO: [ app_end ] --END-- [ RunTime:0.003257s ]

[ 2016-03-03T20:27:19+08:00 ] 42.81.70.81 /admin.php/Home/Common/getTree
INFO: [ app_begin ] --START--
INFO: Run Behavior\ReadHtmlCacheBehavior [ RunTime:0.004930s ]
INFO: [ app_begin ] --END-- [ RunTime:0.006011s ]
INFO: [ app_end ] --START--
INFO: Run Behavior\ShowPageTraceBehavior [ RunTime:0.001986s ]
INFO: [ app_end ] --END-- [ RunTime:0.002137s ]

[ 2016-03-03T20:28:56+08:00 ] 125.39.170.232 /admin.php/Home/Common/getTree
INFO: [ app_begin ] --START--
INFO: Run Behavior\ReadHtmlCacheBehavior [ RunTime:0.000830s ]
INFO: [ app_begin ] --END-- [ RunTime:0.001534s ]
INFO: [ app_end ] --START--
INFO: Run Behavior\ShowPageTraceBehavior [ RunTime:0.001144s ]
INFO: [ app_end ] --END-- [ RunTime:0.001248s ]

[ 2016-03-03T20:29:07+08:00 ] 36.250.226.69 /admin.php/Home/Common/getTree
INFO: [ app_begin ] --START--
INFO: Run Behavior\ReadHtmlCacheBehavior [ RunTime:0.000689s ]
INFO: [ app_begin ] --END-- [ RunTime:0.001161s ]
INFO: [ app_end ] --START--
INFO: Run Behavior\ShowPageTraceBehavior [ RunTime:0.000785s ]
INFO: [ app_end ] --END-- [ RunTime:0.000878s ]

[ 2016-03-03T20:29:28+08:00 ] 36.250.226.69 /admin.php/Home/Common/getTree
INFO: [ app_begin ] --START--
INFO: Run Behavior\ReadHtmlCacheBehavior [ RunTime:0.003898s ]
INFO: [ app_begin ] --END-- [ RunTime:0.005321s ]
INFO: [ app_end ] --START--
INFO: Run Behavior\ShowPageTraceBehavior [ RunTime:0.005434s ]
INFO: [ app_end ] --END-- [ RunTime:0.005590s ]

[ 2016-03-03T20:29:38+08:00 ] 111.3.25.100 /admin.php/Home/Common/getTree
INFO: [ app_begin ] --START--
INFO: Run Behavior\ReadHtmlCacheBehavior [ RunTime:0.012368s ]
INFO: [ app_begin ] --END-- [ RunTime:0.013446s ]
INFO: [ app_end ] --START--
INFO: Run Behavior\ShowPageTraceBehavior [ RunTime:0.012143s ]
INFO: [ app_end ] --END-- [ RunTime:0.013242s ]

[ 2016-03-03T20:29:39+08:00 ] 42.81.64.111 /admin.php/Home/Common/getTree
INFO: [ app_begin ] --START--
INFO: Run Behavior\ReadHtmlCacheBehavior [ RunTime:0.009949s ]
INFO: [ app_begin ] --END-- [ RunTime:0.010675s ]
INFO: [ app_end ] --START--
INFO: Run Behavior\ShowPageTraceBehavior [ RunTime:0.004676s ]
INFO: [ app_end ] --END-- [ RunTime:0.005358s ]

[ 2016-03-03T20:29:45+08:00 ] 111.3.25.100 /admin.php/Home/Common/getTree
INFO: [ app_begin ] --START--
INFO: Run Behavior\ReadHtmlCacheBehavior [ RunTime:0.004556s ]
INFO: [ app_begin ] --END-- [ RunTime:0.008204s ]
INFO: [ app_end ] --START--
INFO: Run Behavior\ShowPageTraceBehavior [ RunTime:0.004955s ]
INFO: [ app_end ] --END-- [ RunTime:0.005871s ]

[ 2016-03-03T20:30:48+08:00 ] 111.3.25.100 /admin.php/Home/Common/getTree
INFO: [ app_begin ] --START--
INFO: Run Behavior\ReadHtmlCacheBehavior [ RunTime:0.003530s ]
INFO: [ app_begin ] --END-- [ RunTime:0.004658s ]
INFO: [ app_end ] --START--
INFO: Run Behavior\ShowPageTraceBehavior [ RunTime:0.005000s ]
INFO: [ app_end ] --END-- [ RunTime:0.005298s ]

[ 2016-03-03T20:32:22+08:00 ] 122.226.160.246 /admin.php/Home/Common/getTree
INFO: [ app_begin ] --START--
INFO: Run Behavior\ReadHtmlCacheBehavior [ RunTime:0.012513s ]
INFO: [ app_begin ] --END-- [ RunTime:0.014021s ]
INFO: [ app_end ] --START--
INFO: Run Behavior\ShowPageTraceBehavior [ RunTime:0.004920s ]
INFO: [ app_end ] --END-- [ RunTime:0.005472s ]

[ 2016-03-03T20:39:28+08:00 ] 36.250.226.69 /admin.php/Home/Shop/
ERR: 非法操作:index

[ 2016-03-03T20:40:58+08:00 ] 122.226.160.246 /admin.php/Home/Shop/
ERR: 非法操作:index

[ 2016-03-03T20:41:12+08:00 ] 125.39.170.232 /admin.php/Home/Shop/
ERR: 非法操作:index

[ 2016-03-03T20:41:56+08:00 ] 36.250.226.69 /admin.php/Home/Shop/
ERR: 非法操作:index

[ 2016-03-03T20:42:47+08:00 ] 42.81.64.8 /admin.php/Home/Shop/
ERR: 非法操作:index

[ 2016-03-03T20:43:04+08:00 ] 122.226.160.246 /admin.php/Home/Common/getTree
INFO: [ app_begin ] --START--
INFO: Run Behavior\ReadHtmlCacheBehavior [ RunTime:0.003731s ]
INFO: [ app_begin ] --END-- [ RunTime:0.005407s ]
INFO: [ app_end ] --START--
INFO: Run Behavior\ShowPageTraceBehavior [ RunTime:0.003192s ]
INFO: [ app_end ] --END-- [ RunTime:0.006453s ]

[ 2016-03-03T20:43:06+08:00 ] 42.81.64.111 /admin.php/Home/Common/getTree
INFO: [ app_begin ] --START--
INFO: Run Behavior\ReadHtmlCacheBehavior [ RunTime:0.007823s ]
INFO: [ app_begin ] --END-- [ RunTime:0.008609s ]
INFO: [ app_end ] --START--
INFO: Run Behavior\ShowPageTraceBehavior [ RunTime:0.004587s ]
INFO: [ app_end ] --END-- [ RunTime:0.004767s ]

[ 2016-03-03T20:43:09+08:00 ] 42.81.70.81 /admin.php/Home/Shop/
ERR: 非法操作:index

[ 2016-03-03T20:44:22+08:00 ] 125.39.170.232 /admin.php/Home/Common/getTree
INFO: [ app_begin ] --START--
INFO: Run Behavior\ReadHtmlCacheBehavior [ RunTime:0.007458s ]
INFO: [ app_begin ] --END-- [ RunTime:0.008643s ]
INFO: [ app_end ] --START--
INFO: Run Behavior\ShowPageTraceBehavior [ RunTime:0.005198s ]
INFO: [ app_end ] --END-- [ RunTime:0.006550s ]

[ 2016-03-03T20:44:24+08:00 ] 42.81.64.111 /admin.php/Home/Shop/
ERR: 非法操作:index

[ 2016-03-03T21:02:27+08:00 ] 125.39.170.232 /admin.php/Home/Common/getTree
INFO: [ app_begin ] --START--
INFO: Run Behavior\ReadHtmlCacheBehavior [ RunTime:0.006860s ]
INFO: [ app_begin ] --END-- [ RunTime:0.007690s ]
INFO: [ app_end ] --START--
INFO: Run Behavior\ShowPageTraceBehavior [ RunTime:0.006387s ]
INFO: [ app_end ] --END-- [ RunTime:0.006555s ]

[ 2016-03-03T21:02:37+08:00 ] 42.81.70.81 /admin.php/Home/Common/getTree
INFO: [ app_begin ] --START--
INFO: Run Behavior\ReadHtmlCacheBehavior [ RunTime:0.009382s ]
INFO: [ app_begin ] --END-- [ RunTime:0.013331s ]
INFO: [ app_end ] --START--
INFO: Run Behavior\ShowPageTraceBehavior [ RunTime:0.008304s ]
INFO: [ app_end ] --END-- [ RunTime:0.008499s ]

[ 2016-03-03T21:20:49+08:00 ] 14.151.128.4 /admin.php/Home/Common/getTree
INFO: [ app_begin ] --START--
INFO: Run Behavior\ReadHtmlCacheBehavior [ RunTime:0.007701s ]
INFO: [ app_begin ] --END-- [ RunTime:0.008485s ]
INFO: [ app_end ] --START--
INFO: Run Behavior\ShowPageTraceBehavior [ RunTime:0.001215s ]
INFO: [ app_end ] --END-- [ RunTime:0.001388s ]

[ 2016-03-03T21:21:02+08:00 ] 14.151.128.4 /admin.php/Home/Common/getTree
INFO: [ app_begin ] --START--
INFO: Run Behavior\ReadHtmlCacheBehavior [ RunTime:0.004466s ]
INFO: [ app_begin ] --END-- [ RunTime:0.005441s ]
INFO: [ app_end ] --START--
INFO: Run Behavior\ShowPageTraceBehavior [ RunTime:0.005583s ]
INFO: [ app_end ] --END-- [ RunTime:0.005787s ]

[ 2016-03-03T21:24:27+08:00 ] 14.151.128.4 /admin.php/Home/Common/getTree
INFO: [ app_begin ] --START--
INFO: Run Behavior\ReadHtmlCacheBehavior [ RunTime:0.003387s ]
INFO: [ app_begin ] --END-- [ RunTime:0.004022s ]
INFO: [ app_end ] --START--
INFO: Run Behavior\ShowPageTraceBehavior [ RunTime:0.002631s ]
INFO: [ app_end ] --END-- [ RunTime:0.002775s ]

[ 2016-03-03T21:27:25+08:00 ] 122.226.160.246 /admin.php/Home/Common/getTree
INFO: [ app_begin ] --START--
INFO: Run Behavior\ReadHtmlCacheBehavior [ RunTime:0.007569s ]
INFO: [ app_begin ] --END-- [ RunTime:0.016769s ]
INFO: [ app_end ] --START--
INFO: Run Behavior\ShowPageTraceBehavior [ RunTime:0.002235s ]
INFO: [ app_end ] --END-- [ RunTime:0.002420s ]

[ 2016-03-03T21:32:06+08:00 ] 36.45.129.165 /admin.php/Home/Common/getTree
INFO: [ app_begin ] --START--
INFO: Run Behavior\ReadHtmlCacheBehavior [ RunTime:0.003186s ]
INFO: [ app_begin ] --END-- [ RunTime:0.004594s ]
INFO: [ app_end ] --START--
INFO: Run Behavior\ShowPageTraceBehavior [ RunTime:0.004299s ]
INFO: [ app_end ] --END-- [ RunTime:0.004505s ]

[ 2016-03-03T21:32:46+08:00 ] 36.45.129.165 /admin.php/Home/Common/getTree
INFO: [ app_begin ] --START--
INFO: Run Behavior\ReadHtmlCacheBehavior [ RunTime:0.004151s ]
INFO: [ app_begin ] --END-- [ RunTime:0.005935s ]
INFO: [ app_end ] --START--
INFO: Run Behavior\ShowPageTraceBehavior [ RunTime:0.003399s ]
INFO: [ app_end ] --END-- [ RunTime:0.005054s ]

[ 2016-03-03T21:32:58+08:00 ] 36.45.129.165 /admin.php/Home/Common/getTree
INFO: [ app_begin ] --START--
INFO: Run Behavior\ReadHtmlCacheBehavior [ RunTime:0.000802s ]
INFO: [ app_begin ] --END-- [ RunTime:0.001422s ]
INFO: [ app_end ] --START--
INFO: Run Behavior\ShowPageTraceBehavior [ RunTime:0.002129s ]
INFO: [ app_end ] --END-- [ RunTime:0.002270s ]

[ 2016-03-03T21:33:45+08:00 ] 36.45.129.165 /admin.php/Home/Common/getTree
INFO: [ app_begin ] --START--
INFO: Run Behavior\ReadHtmlCacheBehavior [ RunTime:0.004049s ]
INFO: [ app_begin ] --END-- [ RunTime:0.005612s ]
INFO: [ app_end ] --START--
INFO: Run Behavior\ShowPageTraceBehavior [ RunTime:0.005521s ]
INFO: [ app_end ] --END-- [ RunTime:0.005894s ]

[ 2016-03-03T21:33:56+08:00 ] 36.45.129.165 /admin.php/Home/Common/getTree
INFO: [ app_begin ] --START--
INFO: Run Behavior\ReadHtmlCacheBehavior [ RunTime:0.003660s ]
INFO: [ app_begin ] --END-- [ RunTime:0.005711s ]
INFO: [ app_end ] --START--
INFO: Run Behavior\ShowPageTraceBehavior [ RunTime:0.002986s ]
INFO: [ app_end ] --END-- [ RunTime:0.003152s ]

[ 2016-03-03T21:36:27+08:00 ] 36.45.129.165 /admin.php/Home/Common/getTree
INFO: [ app_begin ] --START--
INFO: Run Behavior\ReadHtmlCacheBehavior [ RunTime:0.003037s ]
INFO: [ app_begin ] --END-- [ RunTime:0.003735s ]
INFO: [ app_end ] --START--
INFO: Run Behavior\ShowPageTraceBehavior [ RunTime:0.002276s ]
INFO: [ app_end ] --END-- [ RunTime:0.002452s ]

[ 2016-03-03T21:36:31+08:00 ] 36.45.129.165 /admin.php/Home/Common/getTree
INFO: [ app_begin ] --START--
INFO: Run Behavior\ReadHtmlCacheBehavior [ RunTime:0.004717s ]
INFO: [ app_begin ] --END-- [ RunTime:0.005540s ]
INFO: [ app_end ] --START--
INFO: Run Behavior\ShowPageTraceBehavior [ RunTime:0.008687s ]
INFO: [ app_end ] --END-- [ RunTime:0.009924s ]

[ 2016-03-03T21:36:33+08:00 ] 36.45.129.165 /admin.php/Home/Common/getTree
INFO: [ app_begin ] --START--
INFO: Run Behavior\ReadHtmlCacheBehavior [ RunTime:0.009742s ]
INFO: [ app_begin ] --END-- [ RunTime:0.011341s ]
INFO: [ app_end ] --START--
INFO: Run Behavior\ShowPageTraceBehavior [ RunTime:0.006175s ]
INFO: [ app_end ] --END-- [ RunTime:0.006447s ]

[ 2016-03-03T21:37:02+08:00 ] 36.45.129.165 /admin.php/Home/Common/getTree
INFO: [ app_begin ] --START--
INFO: Run Behavior\ReadHtmlCacheBehavior [ RunTime:0.002415s ]
INFO: [ app_begin ] --END-- [ RunTime:0.003297s ]
INFO: [ app_end ] --START--
INFO: Run Behavior\ShowPageTraceBehavior [ RunTime:0.011176s ]
INFO: [ app_end ] --END-- [ RunTime:0.011444s ]

[ 2016-03-03T21:37:21+08:00 ] 36.45.129.165 /admin.php/Home/Common/getTree
INFO: [ app_begin ] --START--
INFO: Run Behavior\ReadHtmlCacheBehavior [ RunTime:0.000962s ]
INFO: [ app_begin ] --END-- [ RunTime:0.001592s ]
INFO: [ app_end ] --START--
INFO: Run Behavior\ShowPageTraceBehavior [ RunTime:0.000916s ]
INFO: [ app_end ] --END-- [ RunTime:0.001026s ]

[ 2016-03-03T21:38:27+08:00 ] 36.45.129.165 /admin.php/Home/Common/getTree
INFO: [ app_begin ] --START--
INFO: Run Behavior\ReadHtmlCacheBehavior [ RunTime:0.000884s ]
INFO: [ app_begin ] --END-- [ RunTime:0.001478s ]
INFO: [ app_end ] --START--
INFO: Run Behavior\ShowPageTraceBehavior [ RunTime:0.001004s ]
INFO: [ app_end ] --END-- [ RunTime:0.001127s ]

[ 2016-03-03T21:38:49+08:00 ] 36.45.129.165 /admin.php/Home/Common/getTree
INFO: [ app_begin ] --START--
INFO: Run Behavior\ReadHtmlCacheBehavior [ RunTime:0.004641s ]
INFO: [ app_begin ] --END-- [ RunTime:0.005450s ]
INFO: [ app_end ] --START--
INFO: Run Behavior\ShowPageTraceBehavior [ RunTime:0.005238s ]
INFO: [ app_end ] --END-- [ RunTime:0.005383s ]

[ 2016-03-03T21:39:06+08:00 ] 36.45.129.165 /admin.php/Home/Common/getTree
INFO: [ app_begin ] --START--
INFO: Run Behavior\ReadHtmlCacheBehavior [ RunTime:0.002204s ]
INFO: [ app_begin ] --END-- [ RunTime:0.003082s ]
INFO: [ app_end ] --START--
INFO: Run Behavior\ShowPageTraceBehavior [ RunTime:0.003570s ]
INFO: [ app_end ] --END-- [ RunTime:0.003692s ]

[ 2016-03-03T21:39:31+08:00 ] 36.45.129.165 /admin.php/Home/Common/getTree
INFO: [ app_begin ] --START--
INFO: Run Behavior\ReadHtmlCacheBehavior [ RunTime:0.005820s ]
INFO: [ app_begin ] --END-- [ RunTime:0.006505s ]
INFO: [ app_end ] --START--
INFO: Run Behavior\ShowPageTraceBehavior [ RunTime:0.005516s ]
INFO: [ app_end ] --END-- [ RunTime:0.005646s ]

[ 2016-03-03T21:41:26+08:00 ] 36.45.129.165 /admin.php/Home/Common/getTree
INFO: [ app_begin ] --START--
INFO: Run Behavior\ReadHtmlCacheBehavior [ RunTime:0.015427s ]
INFO: [ app_begin ] --END-- [ RunTime:0.016171s ]
INFO: [ app_end ] --START--
INFO: Run Behavior\ShowPageTraceBehavior [ RunTime:0.003554s ]
INFO: [ app_end ] --END-- [ RunTime:0.004028s ]

[ 2016-03-03T21:42:31+08:00 ] 36.45.129.165 /admin.php/Home/Common/getTree
INFO: [ app_begin ] --START--
INFO: Run Behavior\ReadHtmlCacheBehavior [ RunTime:0.012404s ]
INFO: [ app_begin ] --END-- [ RunTime:0.013717s ]
INFO: [ app_end ] --START--
INFO: Run Behavior\ShowPageTraceBehavior [ RunTime:0.007202s ]
INFO: [ app_end ] --END-- [ RunTime:0.007412s ]

[ 2016-03-03T21:42:33+08:00 ] 36.45.129.165 /admin.php/Home/Common/getTree
INFO: [ app_begin ] --START--
INFO: Run Behavior\ReadHtmlCacheBehavior [ RunTime:0.009032s ]
INFO: [ app_begin ] --END-- [ RunTime:0.010432s ]
INFO: [ app_end ] --START--
INFO: Run Behavior\ShowPageTraceBehavior [ RunTime:0.006301s ]
INFO: [ app_end ] --END-- [ RunTime:0.010726s ]

[ 2016-03-03T21:42:50+08:00 ] 36.45.129.165 /admin.php/Home/Common/getTree
INFO: [ app_begin ] --START--
INFO: Run Behavior\ReadHtmlCacheBehavior [ RunTime:0.003813s ]
INFO: [ app_begin ] --END-- [ RunTime:0.004980s ]
INFO: [ app_end ] --START--
INFO: Run Behavior\ShowPageTraceBehavior [ RunTime:0.004269s ]
INFO: [ app_end ] --END-- [ RunTime:0.004452s ]

[ 2016-03-03T21:42:54+08:00 ] 36.45.129.165 /admin.php/Home/Common/getTree
INFO: [ app_begin ] --START--
INFO: Run Behavior\ReadHtmlCacheBehavior [ RunTime:0.008844s ]
INFO: [ app_begin ] --END-- [ RunTime:0.009790s ]
INFO: [ app_end ] --START--
INFO: Run Behavior\ShowPageTraceBehavior [ RunTime:0.010390s ]
INFO: [ app_end ] --END-- [ RunTime:0.010600s ]

[ 2016-03-03T21:43:26+08:00 ] 36.45.129.165 /admin.php/Home/Common/getTree
INFO: [ app_begin ] --START--
INFO: Run Behavior\ReadHtmlCacheBehavior [ RunTime:0.010439s ]
INFO: [ app_begin ] --END-- [ RunTime:0.011919s ]
INFO: [ app_end ] --START--
INFO: Run Behavior\ShowPageTraceBehavior [ RunTime:0.009254s ]
INFO: [ app_end ] --END-- [ RunTime:0.009437s ]

[ 2016-03-03T21:48:25+08:00 ] 36.45.129.165 /admin.php/Home/Common/getTree
INFO: [ app_begin ] --START--
INFO: Run Behavior\ReadHtmlCacheBehavior [ RunTime:0.014214s ]
INFO: [ app_begin ] --END-- [ RunTime:0.014985s ]
INFO: [ app_end ] --START--
INFO: Run Behavior\ShowPageTraceBehavior [ RunTime:0.005515s ]
INFO: [ app_end ] --END-- [ RunTime:0.005743s ]

[ 2016-03-03T21:50:25+08:00 ] 36.45.129.165 /admin.php/Home/Common/getTree
INFO: [ app_begin ] --START--
INFO: Run Behavior\ReadHtmlCacheBehavior [ RunTime:0.004598s ]
INFO: [ app_begin ] --END-- [ RunTime:0.013312s ]
INFO: [ app_end ] --START--
INFO: Run Behavior\ShowPageTraceBehavior [ RunTime:0.002834s ]
INFO: [ app_end ] --END-- [ RunTime:0.003026s ]

[ 2016-03-03T21:50:43+08:00 ] 36.45.129.165 /admin.php/Home/Common/getTree
INFO: [ app_begin ] --START--
INFO: Run Behavior\ReadHtmlCacheBehavior [ RunTime:0.004655s ]
INFO: [ app_begin ] --END-- [ RunTime:0.014122s ]
INFO: [ app_end ] --START--
INFO: Run Behavior\ShowPageTraceBehavior [ RunTime:0.004537s ]
INFO: [ app_end ] --END-- [ RunTime:0.004900s ]

[ 2016-03-03T21:50:59+08:00 ] 36.45.129.165 /admin.php/Home/Common/getTree
INFO: [ app_begin ] --START--
INFO: Run Behavior\ReadHtmlCacheBehavior [ RunTime:0.001138s ]
INFO: [ app_begin ] --END-- [ RunTime:0.007904s ]
INFO: [ app_end ] --START--
INFO: Run Behavior\ShowPageTraceBehavior [ RunTime:0.006529s ]
INFO: [ app_end ] --END-- [ RunTime:0.006664s ]

[ 2016-03-03T21:58:25+08:00 ] 42.81.64.111 /admin.php/Home/Common/getTree
INFO: [ app_begin ] --START--
INFO: Run Behavior\ReadHtmlCacheBehavior [ RunTime:0.005078s ]
INFO: [ app_begin ] --END-- [ RunTime:0.012154s ]
INFO: [ app_end ] --START--
INFO: Run Behavior\ShowPageTraceBehavior [ RunTime:0.004561s ]
INFO: [ app_end ] --END-- [ RunTime:0.004731s ]

[ 2016-03-03T22:05:39+08:00 ] 36.250.226.69 /admin.php/Home/Common/getTree
INFO: [ app_begin ] --START--
INFO: Run Behavior\ReadHtmlCacheBehavior [ RunTime:0.002340s ]
INFO: [ app_begin ] --END-- [ RunTime:0.003264s ]
INFO: [ app_end ] --START--
INFO: Run Behavior\ShowPageTraceBehavior [ RunTime:0.001256s ]
INFO: [ app_end ] --END-- [ RunTime:0.001546s ]

[ 2016-03-03T22:05:44+08:00 ] 42.81.64.111 /admin.php/Home/Common/getTree
INFO: [ app_begin ] --START--
INFO: Run Behavior\ReadHtmlCacheBehavior [ RunTime:0.006847s ]
INFO: [ app_begin ] --END-- [ RunTime:0.009507s ]
INFO: [ app_end ] --START--
INFO: Run Behavior\ShowPageTraceBehavior [ RunTime:0.010523s ]
INFO: [ app_end ] --END-- [ RunTime:0.010762s ]

[ 2016-03-03T22:05:46+08:00 ] 36.250.226.69 /admin.php/Home/Common/getTree
INFO: [ app_begin ] --START--
INFO: Run Behavior\ReadHtmlCacheBehavior [ RunTime:0.002844s ]
INFO: [ app_begin ] --END-- [ RunTime:0.003588s ]
INFO: [ app_end ] --START--
INFO: Run Behavior\ShowPageTraceBehavior [ RunTime:0.004332s ]
INFO: [ app_end ] --END-- [ RunTime:0.004558s ]

[ 2016-03-03T22:05:53+08:00 ] 42.81.64.111 /admin.php/Home/Common/getTree
INFO: [ app_begin ] --START--
INFO: Run Behavior\ReadHtmlCacheBehavior [ RunTime:0.007260s ]
INFO: [ app_begin ] --END-- [ RunTime:0.008045s ]
INFO: [ app_end ] --START--
INFO: Run Behavior\ShowPageTraceBehavior [ RunTime:0.001106s ]
INFO: [ app_end ] --END-- [ RunTime:0.001231s ]

[ 2016-03-03T22:05:54+08:00 ] 122.226.160.246 /admin.php/Home/Common/getTree
INFO: [ app_begin ] --START--
INFO: Run Behavior\ReadHtmlCacheBehavior [ RunTime:0.010855s ]
INFO: [ app_begin ] --END-- [ RunTime:0.011849s ]
INFO: [ app_end ] --START--
INFO: Run Behavior\ShowPageTraceBehavior [ RunTime:0.012838s ]
INFO: [ app_end ] --END-- [ RunTime:0.013043s ]

[ 2016-03-03T22:06:39+08:00 ] 42.81.70.81 /admin.php/Home/Common/getTree
INFO: [ app_begin ] --START--
INFO: Run Behavior\ReadHtmlCacheBehavior [ RunTime:0.000893s ]
INFO: [ app_begin ] --END-- [ RunTime:0.001514s ]
SQL: SHOW COLUMNS FROM `ot_user` [ RunTime:0.0152s ]
SQL: SELECT * FROM `ot_user` WHERE `UE_account` = 'admin@qq.com' LIMIT 1   [ RunTime:0.0006s ]
SQL: SELECT `UE_account` FROM `ot_user` WHERE `UE_accName` = 'admin@qq.com'  [ RunTime:0.0047s ]
NOTIC: [8] Undefined index: user_jb /www/web/qijingong/public_html/snadmin/Home/Controller/CommonController.class.php 第 112 行.
SQL: SELECT * FROM `ot_user` WHERE `UE_account` = 'a1@qq.com' LIMIT 1   [ RunTime:0.0117s ]
SQL: SELECT `UE_account` FROM `ot_user` WHERE `UE_accName` = 'a1@qq.com'  [ RunTime:0.0032s ]
SQL: SELECT * FROM `ot_user` WHERE `UE_account` = 'a2@qq.com' LIMIT 1   [ RunTime:0.0025s ]
SQL: SELECT `UE_account` FROM `ot_user` WHERE `UE_accName` = 'a2@qq.com'  [ RunTime:0.0015s ]
SQL: SELECT * FROM `ot_user` WHERE `UE_account` = 'a3@qq.com' LIMIT 1   [ RunTime:0.0015s ]
SQL: SELECT `UE_account` FROM `ot_user` WHERE `UE_accName` = 'a3@qq.com'  [ RunTime:0.0012s ]
SQL: SELECT * FROM `ot_user` WHERE `UE_account` = 'a4@qq.com' LIMIT 1   [ RunTime:0.0089s ]
SQL: SELECT `UE_account` FROM `ot_user` WHERE `UE_accName` = 'a4@qq.com'  [ RunTime:0.0022s ]
SQL: SELECT * FROM `ot_user` WHERE `UE_account` = 'vip1' LIMIT 1   [ RunTime:0.0035s ]
SQL: SELECT `UE_account` FROM `ot_user` WHERE `UE_accName` = 'vip1'  [ RunTime:0.0004s ]
SQL: SELECT * FROM `ot_user` WHERE `UE_account` = 'vip2' LIMIT 1   [ RunTime:0.0090s ]
SQL: SELECT `UE_account` FROM `ot_user` WHERE `UE_accName` = 'vip2'  [ RunTime:0.0015s ]
SQL: SELECT * FROM `ot_user` WHERE `UE_account` = 'vip3' LIMIT 1   [ RunTime:0.0030s ]
SQL: SELECT `UE_account` FROM `ot_user` WHERE `UE_accName` = 'vip3'  [ RunTime:0.0101s ]
SQL: SELECT * FROM `ot_user` WHERE `UE_account` = 'lj6978' LIMIT 1   [ RunTime:0.0033s ]
SQL: SELECT `UE_account` FROM `ot_user` WHERE `UE_accName` = 'lj6978'  [ RunTime:0.0022s ]
SQL: SELECT * FROM `ot_user` WHERE `UE_account` = 'vip@vip.com' LIMIT 1   [ RunTime:0.0141s ]
SQL: SELECT `UE_account` FROM `ot_user` WHERE `UE_accName` = 'vip@vip.com'  [ RunTime:0.0036s ]
SQL: SELECT * FROM `ot_user` WHERE `UE_account` = 'vip8@qq.com' LIMIT 1   [ RunTime:0.0021s ]
SQL: SELECT `UE_account` FROM `ot_user` WHERE `UE_accName` = 'vip8@qq.com'  [ RunTime:0.0095s ]
INFO: [ app_end ] --START--
INFO: Run Behavior\ShowPageTraceBehavior [ RunTime:0.002910s ]
INFO: [ app_end ] --END-- [ RunTime:0.003004s ]

[ 2016-03-03T22:06:44+08:00 ] 125.39.170.232 /admin.php/Home/Common/getTree
INFO: [ app_begin ] --START--
INFO: Run Behavior\ReadHtmlCacheBehavior [ RunTime:0.015111s ]
INFO: [ app_begin ] --END-- [ RunTime:0.020590s ]
SQL: SHOW COLUMNS FROM `ot_user` [ RunTime:0.0218s ]
SQL: SELECT * FROM `ot_user` WHERE `UE_account` = 'admin@qq.com' LIMIT 1   [ RunTime:0.0011s ]
SQL: SELECT `UE_account` FROM `ot_user` WHERE `UE_accName` = 'admin@qq.com'  [ RunTime:0.0002s ]
SQL: SELECT * FROM `ot_user` WHERE `UE_account` = 'a1@qq.com' LIMIT 1   [ RunTime:0.0004s ]
SQL: SELECT `UE_account` FROM `ot_user` WHERE `UE_accName` = 'a1@qq.com'  [ RunTime:0.0002s ]
SQL: SELECT * FROM `ot_user` WHERE `UE_account` = 'a2@qq.com' LIMIT 1   [ RunTime:0.0004s ]
SQL: SELECT `UE_account` FROM `ot_user` WHERE `UE_accName` = 'a2@qq.com'  [ RunTime:0.0003s ]
SQL: SELECT * FROM `ot_user` WHERE `UE_account` = 'a3@qq.com' LIMIT 1   [ RunTime:0.0002s ]
SQL: SELECT `UE_account` FROM `ot_user` WHERE `UE_accName` = 'a3@qq.com'  [ RunTime:0.0002s ]
SQL: SELECT * FROM `ot_user` WHERE `UE_account` = 'a4@qq.com' LIMIT 1   [ RunTime:0.0006s ]
SQL: SELECT `UE_account` FROM `ot_user` WHERE `UE_accName` = 'a4@qq.com'  [ RunTime:0.0013s ]
SQL: SELECT * FROM `ot_user` WHERE `UE_account` = 'vip1' LIMIT 1   [ RunTime:0.0003s ]
SQL: SELECT `UE_account` FROM `ot_user` WHERE `UE_accName` = 'vip1'  [ RunTime:0.0001s ]
SQL: SELECT * FROM `ot_user` WHERE `UE_account` = 'vip2' LIMIT 1   [ RunTime:0.0003s ]
SQL: SELECT `UE_account` FROM `ot_user` WHERE `UE_accName` = 'vip2'  [ RunTime:0.0001s ]
SQL: SELECT * FROM `ot_user` WHERE `UE_account` = 'vip3' LIMIT 1   [ RunTime:0.0003s ]
SQL: SELECT `UE_account` FROM `ot_user` WHERE `UE_accName` = 'vip3'  [ RunTime:0.0001s ]
SQL: SELECT * FROM `ot_user` WHERE `UE_account` = 'lj6978' LIMIT 1   [ RunTime:0.0003s ]
SQL: SELECT `UE_account` FROM `ot_user` WHERE `UE_accName` = 'lj6978'  [ RunTime:0.0002s ]
SQL: SELECT * FROM `ot_user` WHERE `UE_account` = 'vip@vip.com' LIMIT 1   [ RunTime:0.0004s ]
SQL: SELECT `UE_account` FROM `ot_user` WHERE `UE_accName` = 'vip@vip.com'  [ RunTime:0.0002s ]
SQL: SELECT * FROM `ot_user` WHERE `UE_account` = 'vip8@qq.com' LIMIT 1   [ RunTime:0.0003s ]
SQL: SELECT `UE_account` FROM `ot_user` WHERE `UE_accName` = 'vip8@qq.com'  [ RunTime:0.0002s ]
INFO: [ app_end ] --START--
INFO: Run Behavior\ShowPageTraceBehavior [ RunTime:0.014864s ]
INFO: [ app_end ] --END-- [ RunTime:0.015018s ]

[ 2016-03-03T22:07:38+08:00 ] 118.194.238.17 /admin.php/Home/Common/getTree
INFO: [ app_begin ] --START--
INFO: Run Behavior\ReadHtmlCacheBehavior [ RunTime:0.006822s ]
INFO: [ app_begin ] --END-- [ RunTime:0.007658s ]
INFO: [ app_end ] --START--
INFO: Run Behavior\ShowPageTraceBehavior [ RunTime:0.004826s ]
INFO: [ app_end ] --END-- [ RunTime:0.005510s ]

[ 2016-03-03T22:08:30+08:00 ] 14.151.128.4 /admin.php/Home/Common/getTree
INFO: [ app_begin ] --START--
INFO: Run Behavior\ReadHtmlCacheBehavior [ RunTime:0.005152s ]
INFO: [ app_begin ] --END-- [ RunTime:0.005839s ]
INFO: [ app_end ] --START--
INFO: Run Behavior\ShowPageTraceBehavior [ RunTime:0.006810s ]
INFO: [ app_end ] --END-- [ RunTime:0.009774s ]

[ 2016-03-03T22:08:33+08:00 ] 14.151.128.4 /admin.php/Home/Common/getTree
INFO: [ app_begin ] --START--
INFO: Run Behavior\ReadHtmlCacheBehavior [ RunTime:0.004028s ]
INFO: [ app_begin ] --END-- [ RunTime:0.004789s ]
INFO: [ app_end ] --START--
INFO: Run Behavior\ShowPageTraceBehavior [ RunTime:0.006835s ]
INFO: [ app_end ] --END-- [ RunTime:0.007002s ]

[ 2016-03-03T22:08:43+08:00 ] 14.151.128.4 /admin.php/Home/Common/getTree
INFO: [ app_begin ] --START--
INFO: Run Behavior\ReadHtmlCacheBehavior [ RunTime:0.010571s ]
INFO: [ app_begin ] --END-- [ RunTime:0.011806s ]
INFO: [ app_end ] --START--
INFO: Run Behavior\ShowPageTraceBehavior [ RunTime:0.008574s ]
INFO: [ app_end ] --END-- [ RunTime:0.008771s ]

[ 2016-03-03T22:08:50+08:00 ] 14.151.128.4 /admin.php/Home/Common/getTree
INFO: [ app_begin ] --START--
INFO: Run Behavior\ReadHtmlCacheBehavior [ RunTime:0.002663s ]
INFO: [ app_begin ] --END-- [ RunTime:0.003282s ]
INFO: [ app_end ] --START--
INFO: Run Behavior\ShowPageTraceBehavior [ RunTime:0.003093s ]
INFO: [ app_end ] --END-- [ RunTime:0.003226s ]

[ 2016-03-03T22:09:12+08:00 ] 14.151.128.4 /admin.php/Home/Common/getTree
INFO: [ app_begin ] --START--
INFO: Run Behavior\ReadHtmlCacheBehavior [ RunTime:0.003368s ]
INFO: [ app_begin ] --END-- [ RunTime:0.004942s ]
INFO: [ app_end ] --START--
INFO: Run Behavior\ShowPageTraceBehavior [ RunTime:0.008643s ]
INFO: [ app_end ] --END-- [ RunTime:0.008815s ]

[ 2016-03-03T22:09:17+08:00 ] 14.151.128.4 /admin.php/Home/Common/getTree
INFO: [ app_begin ] --START--
INFO: Run Behavior\ReadHtmlCacheBehavior [ RunTime:0.001203s ]
INFO: [ app_begin ] --END-- [ RunTime:0.002001s ]
INFO: [ app_end ] --START--
INFO: Run Behavior\ShowPageTraceBehavior [ RunTime:0.001103s ]
INFO: [ app_end ] --END-- [ RunTime:0.001214s ]

[ 2016-03-03T22:10:31+08:00 ] 14.151.128.4 /admin.php/Home/Common/getTree
INFO: [ app_begin ] --START--
INFO: Run Behavior\ReadHtmlCacheBehavior [ RunTime:0.001157s ]
INFO: [ app_begin ] --END-- [ RunTime:0.002308s ]
INFO: [ app_end ] --START--
INFO: Run Behavior\ShowPageTraceBehavior [ RunTime:0.002006s ]
INFO: [ app_end ] --END-- [ RunTime:0.002198s ]

[ 2016-03-03T22:12:21+08:00 ] 36.45.129.165 /admin.php/Home/Common/getTree
INFO: [ app_begin ] --START--
INFO: Run Behavior\ReadHtmlCacheBehavior [ RunTime:0.002580s ]
INFO: [ app_begin ] --END-- [ RunTime:0.003431s ]
INFO: [ app_end ] --START--
INFO: Run Behavior\ShowPageTraceBehavior [ RunTime:0.001573s ]
INFO: [ app_end ] --END-- [ RunTime:0.001738s ]

[ 2016-03-03T22:12:34+08:00 ] 36.45.129.165 /admin.php/Home/Common/getTree
INFO: [ app_begin ] --START--
INFO: Run Behavior\ReadHtmlCacheBehavior [ RunTime:0.001786s ]
INFO: [ app_begin ] --END-- [ RunTime:0.002575s ]
INFO: [ app_end ] --START--
INFO: Run Behavior\ShowPageTraceBehavior [ RunTime:0.001917s ]
INFO: [ app_end ] --END-- [ RunTime:0.002094s ]

[ 2016-03-03T22:13:47+08:00 ] 36.250.226.69 /admin.php/Home/Common/getTree
INFO: [ app_begin ] --START--
INFO: Run Behavior\ReadHtmlCacheBehavior [ RunTime:0.007719s ]
INFO: [ app_begin ] --END-- [ RunTime:0.008615s ]
INFO: [ app_end ] --START--
INFO: Run Behavior\ShowPageTraceBehavior [ RunTime:0.001839s ]
INFO: [ app_end ] --END-- [ RunTime:0.001966s ]

[ 2016-03-03T22:18:35+08:00 ] 36.45.129.165 /admin.php/Home/Common/getTree
INFO: [ app_begin ] --START--
INFO: Run Behavior\ReadHtmlCacheBehavior [ RunTime:0.006994s ]
INFO: [ app_begin ] --END-- [ RunTime:0.008940s ]
INFO: [ app_end ] --START--
INFO: Run Behavior\ShowPageTraceBehavior [ RunTime:0.003230s ]
INFO: [ app_end ] --END-- [ RunTime:0.003474s ]

