[ 2016-04-22T14:16:23+08:00 ] 127.0.0.1 /admin.php/Home/Common/getTree
INFO: [ app_begin ] --START--
INFO: Run Behavior\ReadHtmlCacheBehavior [ RunTime:0.000000s ]
INFO: [ app_begin ] --END-- [ RunTime:0.000000s ]
INFO: [ app_end ] --START--
INFO: Run Behavior\ShowPageTraceBehavior [ RunTime:0.000000s ]
INFO: [ app_end ] --END-- [ RunTime:0.000000s ]

[ 2016-04-22T14:16:40+08:00 ] 127.0.0.1 /admin.php/Home/Common/getTree
INFO: [ app_begin ] --START--
INFO: Run Behavior\ReadHtmlCacheBehavior [ RunTime:0.000000s ]
INFO: [ app_begin ] --END-- [ RunTime:0.000000s ]
INFO: [ app_end ] --START--
INFO: Run Behavior\ShowPageTraceBehavior [ RunTime:0.000000s ]
INFO: [ app_end ] --END-- [ RunTime:0.000000s ]

[ 2016-04-22T14:16:41+08:00 ] 127.0.0.1 /admin.php/Home/Common/getTree
INFO: [ app_begin ] --START--
INFO: Run Behavior\ReadHtmlCacheBehavior [ RunTime:0.000000s ]
INFO: [ app_begin ] --END-- [ RunTime:0.000000s ]
INFO: [ app_end ] --START--
INFO: Run Behavior\ShowPageTraceBehavior [ RunTime:0.000000s ]
INFO: [ app_end ] --END-- [ RunTime:0.000000s ]

[ 2016-04-22T14:58:22+08:00 ] 127.0.0.1 /admin.php/Home/Common/getTree
INFO: [ app_begin ] --START--
INFO: Run Behavior\ReadHtmlCacheBehavior [ RunTime:0.000000s ]
INFO: [ app_begin ] --END-- [ RunTime:0.000000s ]
INFO: [ app_end ] --START--
INFO: Run Behavior\ShowPageTraceBehavior [ RunTime:0.000000s ]
INFO: [ app_end ] --END-- [ RunTime:0.000000s ]

[ 2016-04-22T14:58:36+08:00 ] 127.0.0.1 /admin.php/Home/Common/getTree
INFO: [ app_begin ] --START--
INFO: Run Behavior\ReadHtmlCacheBehavior [ RunTime:0.000000s ]
INFO: [ app_begin ] --END-- [ RunTime:0.000000s ]
INFO: [ app_end ] --START--
INFO: Run Behavior\ShowPageTraceBehavior [ RunTime:0.000000s ]
INFO: [ app_end ] --END-- [ RunTime:0.000000s ]

[ 2016-04-22T15:58:21+08:00 ] 127.0.0.1 /admin.php/Home/Index/js/pie.htc
ERR: 非法操作:js

[ 2016-04-22T15:58:26+08:00 ] 127.0.0.1 /admin.php/Home/Common/getTree
INFO: [ app_begin ] --START--
INFO: Run Behavior\ReadHtmlCacheBehavior [ RunTime:0.000000s ]
INFO: [ app_begin ] --END-- [ RunTime:0.000000s ]
SQL: SHOW COLUMNS FROM `ot_user` [ RunTime:0.0156s ]
SQL: SELECT * FROM `ot_user` WHERE `UE_account` = 'admin@qq.com' LIMIT 1   [ RunTime:0.0000s ]
SQL: SELECT `UE_account` FROM `ot_user` WHERE `UE_accName` = 'admin@qq.com'  [ RunTime:0.0000s ]
SQL: SELECT * FROM `ot_user` WHERE `UE_account` = 'a1@qq.com' LIMIT 1   [ RunTime:0.0000s ]
SQL: SELECT `UE_account` FROM `ot_user` WHERE `UE_accName` = 'a1@qq.com'  [ RunTime:0.0000s ]
SQL: SELECT * FROM `ot_user` WHERE `UE_account` = 'a2@qq.com' LIMIT 1   [ RunTime:0.0000s ]
SQL: SELECT `UE_account` FROM `ot_user` WHERE `UE_accName` = 'a2@qq.com'  [ RunTime:0.0000s ]
SQL: SELECT * FROM `ot_user` WHERE `UE_account` = 'a3@qq.com' LIMIT 1   [ RunTime:0.0000s ]
SQL: SELECT `UE_account` FROM `ot_user` WHERE `UE_accName` = 'a3@qq.com'  [ RunTime:0.0000s ]
SQL: SELECT * FROM `ot_user` WHERE `UE_account` = 'a4@qq.com' LIMIT 1   [ RunTime:0.0000s ]
SQL: SELECT `UE_account` FROM `ot_user` WHERE `UE_accName` = 'a4@qq.com'  [ RunTime:0.0000s ]
INFO: [ app_end ] --START--
INFO: Run Behavior\ShowPageTraceBehavior [ RunTime:0.000000s ]
INFO: [ app_end ] --END-- [ RunTime:0.000000s ]

[ 2016-04-22T15:58:27+08:00 ] 127.0.0.1 /admin.php/Home/Index/js/pie.htc
ERR: 非法操作:js

[ 2016-04-22T15:58:29+08:00 ] 127.0.0.1 /admin.php/Home/Shop/js/pie.htc
ERR: 非法操作:js

[ 2016-04-22T15:58:30+08:00 ] 127.0.0.1 /admin.php/Home/Shop/
ERR: 非法操作:index

[ 2016-04-22T15:58:30+08:00 ] 127.0.0.1 /admin.php/Home/Shop/
ERR: 非法操作:index

[ 2016-04-22T15:58:31+08:00 ] 127.0.0.1 /admin.php/Home/Common/getTree
INFO: [ app_begin ] --START--
INFO: Run Behavior\ReadHtmlCacheBehavior [ RunTime:0.000000s ]
INFO: [ app_begin ] --END-- [ RunTime:0.000000s ]
INFO: [ app_end ] --START--
INFO: Run Behavior\ShowPageTraceBehavior [ RunTime:0.000000s ]
INFO: [ app_end ] --END-- [ RunTime:0.000000s ]

[ 2016-04-22T15:58:32+08:00 ] 127.0.0.1 /admin.php/Home/Shop/
ERR: 非法操作:index

[ 2016-04-22T15:58:32+08:00 ] 127.0.0.1 /admin.php/Home/Shop/
ERR: 非法操作:index

[ 2016-04-22T15:58:33+08:00 ] 127.0.0.1 /admin.php/Home/Shop/js/pie.htc
ERR: 非法操作:js

[ 2016-04-22T15:58:41+08:00 ] 127.0.0.1 /admin.php/Home/Shop/
ERR: 非法操作:index

[ 2016-04-22T15:58:41+08:00 ] 127.0.0.1 /admin.php/Home/Shop/
ERR: 非法操作:index

[ 2016-04-22T15:58:42+08:00 ] 127.0.0.1 /admin.php/Home/Common/getTree
INFO: [ app_begin ] --START--
INFO: Run Behavior\ReadHtmlCacheBehavior [ RunTime:0.000000s ]
INFO: [ app_begin ] --END-- [ RunTime:0.000000s ]
INFO: [ app_end ] --START--
INFO: Run Behavior\ShowPageTraceBehavior [ RunTime:0.000000s ]
INFO: [ app_end ] --END-- [ RunTime:0.000000s ]

[ 2016-04-22T15:58:54+08:00 ] 127.0.0.1 /admin.php/Home/Common/getTree
INFO: [ app_begin ] --START--
INFO: Run Behavior\ReadHtmlCacheBehavior [ RunTime:0.000000s ]
INFO: [ app_begin ] --END-- [ RunTime:0.000000s ]
INFO: [ app_end ] --START--
INFO: Run Behavior\ShowPageTraceBehavior [ RunTime:0.000000s ]
INFO: [ app_end ] --END-- [ RunTime:0.000000s ]

[ 2016-04-22T16:12:41+08:00 ] 127.0.0.1 /admin.php/Home/Common/getTree
INFO: [ app_begin ] --START--
INFO: Run Behavior\ReadHtmlCacheBehavior [ RunTime:0.000000s ]
INFO: [ app_begin ] --END-- [ RunTime:0.015625s ]
INFO: [ app_end ] --START--
INFO: Run Behavior\ShowPageTraceBehavior [ RunTime:0.000000s ]
INFO: [ app_end ] --END-- [ RunTime:0.000000s ]

[ 2016-04-22T16:13:17+08:00 ] 127.0.0.1 /admin.php/Home/Index/js/pie.htc
ERR: 非法操作:js

[ 2016-04-22T16:13:20+08:00 ] 127.0.0.1 /admin.php/Home/Common/getTree
INFO: [ app_begin ] --START--
INFO: Run Behavior\ReadHtmlCacheBehavior [ RunTime:0.000000s ]
INFO: [ app_begin ] --END-- [ RunTime:0.000000s ]
INFO: [ app_end ] --START--
INFO: Run Behavior\ShowPageTraceBehavior [ RunTime:0.000000s ]
INFO: [ app_end ] --END-- [ RunTime:0.000000s ]

[ 2016-04-22T16:23:17+08:00 ] 127.0.0.1 /admin.php/Home/Index/js/pie.htc
ERR: 非法操作:js

[ 2016-04-22T16:24:14+08:00 ] 127.0.0.1 /admin.php/Home/Index/js/pie.htc
ERR: 非法操作:js

[ 2016-04-22T16:24:40+08:00 ] 127.0.0.1 /admin.php/Home/Index/js/pie.htc
ERR: 非法操作:js

[ 2016-04-22T16:27:43+08:00 ] 127.0.0.1 /admin.php/Home/Index/js/pie.htc
ERR: 非法操作:js

[ 2016-04-22T16:27:46+08:00 ] 127.0.0.1 /admin.php/Home/Common/getTree
INFO: [ app_begin ] --START--
INFO: Run Behavior\ReadHtmlCacheBehavior [ RunTime:0.000000s ]
INFO: [ app_begin ] --END-- [ RunTime:0.000000s ]
INFO: [ app_end ] --START--
INFO: Run Behavior\ShowPageTraceBehavior [ RunTime:0.000000s ]
INFO: [ app_end ] --END-- [ RunTime:0.000000s ]

[ 2016-04-22T16:27:50+08:00 ] 127.0.0.1 /admin.php/Home/Common/getTree
INFO: [ app_begin ] --START--
INFO: Run Behavior\ReadHtmlCacheBehavior [ RunTime:0.000000s ]
INFO: [ app_begin ] --END-- [ RunTime:0.000000s ]
INFO: [ app_end ] --START--
INFO: Run Behavior\ShowPageTraceBehavior [ RunTime:0.000000s ]
INFO: [ app_end ] --END-- [ RunTime:0.000000s ]

[ 2016-04-22T16:27:51+08:00 ] 127.0.0.1 /admin.php/Home/Common/getTree
INFO: [ app_begin ] --START--
INFO: Run Behavior\ReadHtmlCacheBehavior [ RunTime:0.015625s ]
INFO: [ app_begin ] --END-- [ RunTime:0.015625s ]
INFO: [ app_end ] --START--
INFO: Run Behavior\ShowPageTraceBehavior [ RunTime:0.000000s ]
INFO: [ app_end ] --END-- [ RunTime:0.000000s ]

[ 2016-04-22T16:27:58+08:00 ] 127.0.0.1 /admin.php/Home/Index/js/pie.htc
ERR: 非法操作:js

[ 2016-04-22T16:27:59+08:00 ] 127.0.0.1 /admin.php/Home/Index/js/pie.htc
ERR: 非法操作:js

[ 2016-04-22T16:28:00+08:00 ] 127.0.0.1 /admin.php/Home/Index/js/pie.htc
ERR: 非法操作:js

[ 2016-04-22T16:28:02+08:00 ] 127.0.0.1 /admin.php/Home/Index/js/pie.htc
ERR: 非法操作:js

[ 2016-04-22T16:28:02+08:00 ] 127.0.0.1 /admin.php/Home/Index/js/pie.htc
ERR: 非法操作:js

[ 2016-04-22T16:28:03+08:00 ] 127.0.0.1 /admin.php/Home/Index/js/pie.htc
ERR: 非法操作:js

[ 2016-04-22T16:28:12+08:00 ] 127.0.0.1 /admin.php/Home/Index/js/pie.htc
ERR: 非法操作:js

[ 2016-04-22T16:28:13+08:00 ] 127.0.0.1 /admin.php/Home/Common/getTree
INFO: [ app_begin ] --START--
INFO: Run Behavior\ReadHtmlCacheBehavior [ RunTime:0.000000s ]
INFO: [ app_begin ] --END-- [ RunTime:0.000000s ]
SQL: SHOW COLUMNS FROM `ot_user` [ RunTime:0.0156s ]
SQL: SELECT * FROM `ot_user` WHERE `UE_account` = 'admin@qq.com' LIMIT 1   [ RunTime:0.0000s ]
SQL: SELECT `UE_account` FROM `ot_user` WHERE `UE_accName` = 'admin@qq.com'  [ RunTime:0.0000s ]
SQL: SELECT * FROM `ot_user` WHERE `UE_account` = 'a1@qq.com' LIMIT 1   [ RunTime:0.0000s ]
SQL: SELECT `UE_account` FROM `ot_user` WHERE `UE_accName` = 'a1@qq.com'  [ RunTime:0.0000s ]
SQL: SELECT * FROM `ot_user` WHERE `UE_account` = 'a2@qq.com' LIMIT 1   [ RunTime:0.0000s ]
SQL: SELECT `UE_account` FROM `ot_user` WHERE `UE_accName` = 'a2@qq.com'  [ RunTime:0.0000s ]
SQL: SELECT * FROM `ot_user` WHERE `UE_account` = 'a3@qq.com' LIMIT 1   [ RunTime:0.0000s ]
SQL: SELECT `UE_account` FROM `ot_user` WHERE `UE_accName` = 'a3@qq.com'  [ RunTime:0.0000s ]
SQL: SELECT * FROM `ot_user` WHERE `UE_account` = 'a4@qq.com' LIMIT 1   [ RunTime:0.0000s ]
SQL: SELECT `UE_account` FROM `ot_user` WHERE `UE_accName` = 'a4@qq.com'  [ RunTime:0.0000s ]
INFO: [ app_end ] --START--
INFO: Run Behavior\ShowPageTraceBehavior [ RunTime:0.000000s ]
INFO: [ app_end ] --END-- [ RunTime:0.000000s ]

[ 2016-04-22T16:28:15+08:00 ] 127.0.0.1 /admin.php/Home/Index/js/pie.htc
ERR: 非法操作:js

[ 2016-04-22T16:28:21+08:00 ] 127.0.0.1 /admin.php/Home/Common/getTree
INFO: [ app_begin ] --START--
INFO: Run Behavior\ReadHtmlCacheBehavior [ RunTime:0.000000s ]
INFO: [ app_begin ] --END-- [ RunTime:0.000000s ]
INFO: [ app_end ] --START--
INFO: Run Behavior\ShowPageTraceBehavior [ RunTime:0.000000s ]
INFO: [ app_end ] --END-- [ RunTime:0.000000s ]

[ 2016-04-22T16:42:22+08:00 ] 127.0.0.1 /admin.php/Home/Common/getTree
INFO: [ app_begin ] --START--
INFO: Run Behavior\ReadHtmlCacheBehavior [ RunTime:0.000000s ]
INFO: [ app_begin ] --END-- [ RunTime:0.000000s ]
INFO: [ app_end ] --START--
INFO: Run Behavior\ShowPageTraceBehavior [ RunTime:0.000000s ]
INFO: [ app_end ] --END-- [ RunTime:0.000000s ]

[ 2016-04-22T16:42:26+08:00 ] 127.0.0.1 /admin.php/Home/Common/getTree
INFO: [ app_begin ] --START--
INFO: Run Behavior\ReadHtmlCacheBehavior [ RunTime:0.000000s ]
INFO: [ app_begin ] --END-- [ RunTime:0.000000s ]
INFO: [ app_end ] --START--
INFO: Run Behavior\ShowPageTraceBehavior [ RunTime:0.015625s ]
INFO: [ app_end ] --END-- [ RunTime:0.015625s ]

[ 2016-04-22T16:42:30+08:00 ] 127.0.0.1 /admin.php/Home/Common/getTree
INFO: [ app_begin ] --START--
INFO: Run Behavior\ReadHtmlCacheBehavior [ RunTime:0.000000s ]
INFO: [ app_begin ] --END-- [ RunTime:0.000000s ]
INFO: [ app_end ] --START--
INFO: Run Behavior\ShowPageTraceBehavior [ RunTime:0.000000s ]
INFO: [ app_end ] --END-- [ RunTime:0.000000s ]

[ 2016-04-22T16:42:32+08:00 ] 127.0.0.1 /admin.php/Home/Common/getTree
INFO: [ app_begin ] --START--
INFO: Run Behavior\ReadHtmlCacheBehavior [ RunTime:0.000000s ]
INFO: [ app_begin ] --END-- [ RunTime:0.000000s ]
INFO: [ app_end ] --START--
INFO: Run Behavior\ShowPageTraceBehavior [ RunTime:0.000000s ]
INFO: [ app_end ] --END-- [ RunTime:0.000000s ]

[ 2016-04-22T16:43:20+08:00 ] 127.0.0.1 /admin.php/Home/Common/getTree
INFO: [ app_begin ] --START--
INFO: Run Behavior\ReadHtmlCacheBehavior [ RunTime:0.000000s ]
INFO: [ app_begin ] --END-- [ RunTime:0.000000s ]
INFO: [ app_end ] --START--
INFO: Run Behavior\ShowPageTraceBehavior [ RunTime:0.000000s ]
INFO: [ app_end ] --END-- [ RunTime:0.000000s ]

[ 2016-04-22T16:43:26+08:00 ] 127.0.0.1 /admin.php/Home/Common/getTree
INFO: [ app_begin ] --START--
INFO: Run Behavior\ReadHtmlCacheBehavior [ RunTime:0.000000s ]
INFO: [ app_begin ] --END-- [ RunTime:0.015625s ]
INFO: [ app_end ] --START--
INFO: Run Behavior\ShowPageTraceBehavior [ RunTime:0.000000s ]
INFO: [ app_end ] --END-- [ RunTime:0.000000s ]

[ 2016-04-22T16:43:27+08:00 ] 127.0.0.1 /admin.php/Home/Common/getTree
INFO: [ app_begin ] --START--
INFO: Run Behavior\ReadHtmlCacheBehavior [ RunTime:0.000000s ]
INFO: [ app_begin ] --END-- [ RunTime:0.000000s ]
INFO: [ app_end ] --START--
INFO: Run Behavior\ShowPageTraceBehavior [ RunTime:0.000000s ]
INFO: [ app_end ] --END-- [ RunTime:0.000000s ]

[ 2016-04-22T16:48:48+08:00 ] 127.0.0.1 /admin.php/Home/Index/js/pie.htc
ERR: 非法操作:js

[ 2016-04-22T16:50:10+08:00 ] 127.0.0.1 /admin.php/Home/Common/getTree
INFO: [ app_begin ] --START--
INFO: Run Behavior\ReadHtmlCacheBehavior [ RunTime:0.000000s ]
INFO: [ app_begin ] --END-- [ RunTime:0.000000s ]
INFO: [ app_end ] --START--
INFO: Run Behavior\ShowPageTraceBehavior [ RunTime:0.000000s ]
INFO: [ app_end ] --END-- [ RunTime:0.000000s ]

[ 2016-04-22T16:50:14+08:00 ] 127.0.0.1 /admin.php/Home/Index/js/pie.htc
ERR: 非法操作:js

[ 2016-04-22T16:50:16+08:00 ] 127.0.0.1 /admin.php/Home/Common/getTree
INFO: [ app_begin ] --START--
INFO: Run Behavior\ReadHtmlCacheBehavior [ RunTime:0.000000s ]
INFO: [ app_begin ] --END-- [ RunTime:0.000000s ]
INFO: [ app_end ] --START--
INFO: Run Behavior\ShowPageTraceBehavior [ RunTime:0.000000s ]
INFO: [ app_end ] --END-- [ RunTime:0.000000s ]

[ 2016-04-22T16:50:17+08:00 ] 127.0.0.1 /admin.php/Home/Common/getTree
INFO: [ app_begin ] --START--
INFO: Run Behavior\ReadHtmlCacheBehavior [ RunTime:0.000000s ]
INFO: [ app_begin ] --END-- [ RunTime:0.000000s ]
INFO: [ app_end ] --START--
INFO: Run Behavior\ShowPageTraceBehavior [ RunTime:0.000000s ]
INFO: [ app_end ] --END-- [ RunTime:0.000000s ]

[ 2016-04-22T16:50:18+08:00 ] 127.0.0.1 /admin.php/Home/Common/getTree
INFO: [ app_begin ] --START--
INFO: Run Behavior\ReadHtmlCacheBehavior [ RunTime:0.000000s ]
INFO: [ app_begin ] --END-- [ RunTime:0.000000s ]
INFO: [ app_end ] --START--
INFO: Run Behavior\ShowPageTraceBehavior [ RunTime:0.000000s ]
INFO: [ app_end ] --END-- [ RunTime:0.000000s ]

[ 2016-04-22T16:50:20+08:00 ] 127.0.0.1 /admin.php/Home/Index/js/pie.htc
ERR: 非法操作:js

[ 2016-04-22T16:50:21+08:00 ] 127.0.0.1 /admin.php/Home/Index/js/pie.htc
ERR: 非法操作:js

[ 2016-04-22T16:50:22+08:00 ] 127.0.0.1 /admin.php/Home/Index/js/pie.htc
ERR: 非法操作:js

[ 2016-04-22T16:50:23+08:00 ] 127.0.0.1 /admin.php/Home/Index/js/pie.htc
ERR: 非法操作:js

[ 2016-04-22T16:50:23+08:00 ] 127.0.0.1 /admin.php/Home/Index/js/pie.htc
ERR: 非法操作:js

[ 2016-04-22T16:50:26+08:00 ] 127.0.0.1 /admin.php/Home/Index/js/pie.htc
ERR: 非法操作:js

[ 2016-04-22T16:50:33+08:00 ] 127.0.0.1 /admin.php/Home/Index/js/pie.htc
ERR: 非法操作:js

[ 2016-04-22T16:50:35+08:00 ] 127.0.0.1 /admin.php/Home/Common/getTree
INFO: [ app_begin ] --START--
INFO: Run Behavior\ReadHtmlCacheBehavior [ RunTime:0.000000s ]
INFO: [ app_begin ] --END-- [ RunTime:0.000000s ]
SQL: SHOW COLUMNS FROM `ot_user` [ RunTime:0.0000s ]
SQL: SELECT * FROM `ot_user` WHERE `UE_account` = 'admin@qq.com' LIMIT 1   [ RunTime:0.0000s ]
SQL: SELECT `UE_account` FROM `ot_user` WHERE `UE_accName` = 'admin@qq.com'  [ RunTime:0.0000s ]
SQL: SELECT * FROM `ot_user` WHERE `UE_account` = 'a1@qq.com' LIMIT 1   [ RunTime:0.0000s ]
SQL: SELECT `UE_account` FROM `ot_user` WHERE `UE_accName` = 'a1@qq.com'  [ RunTime:0.0000s ]
SQL: SELECT * FROM `ot_user` WHERE `UE_account` = 'a2@qq.com' LIMIT 1   [ RunTime:0.0000s ]
SQL: SELECT `UE_account` FROM `ot_user` WHERE `UE_accName` = 'a2@qq.com'  [ RunTime:0.0000s ]
SQL: SELECT * FROM `ot_user` WHERE `UE_account` = 'a3@qq.com' LIMIT 1   [ RunTime:0.0000s ]
SQL: SELECT `UE_account` FROM `ot_user` WHERE `UE_accName` = 'a3@qq.com'  [ RunTime:0.0000s ]
SQL: SELECT * FROM `ot_user` WHERE `UE_account` = 'a4@qq.com' LIMIT 1   [ RunTime:0.0000s ]
SQL: SELECT `UE_account` FROM `ot_user` WHERE `UE_accName` = 'a4@qq.com'  [ RunTime:0.0000s ]
INFO: [ app_end ] --START--
INFO: Run Behavior\ShowPageTraceBehavior [ RunTime:0.000000s ]
INFO: [ app_end ] --END-- [ RunTime:0.000000s ]

[ 2016-04-22T16:50:36+08:00 ] 127.0.0.1 /admin.php/Home/Index/js/pie.htc
ERR: 非法操作:js

[ 2016-04-22T16:55:35+08:00 ] 127.0.0.1 /admin.php/Home/Index/js/pie.htc
ERR: 非法操作:js

[ 2016-04-22T16:55:38+08:00 ] 127.0.0.1 /admin.php/Home/Common/getTree
INFO: [ app_begin ] --START--
INFO: Run Behavior\ReadHtmlCacheBehavior [ RunTime:0.000000s ]
INFO: [ app_begin ] --END-- [ RunTime:0.000000s ]
SQL: SHOW COLUMNS FROM `ot_user` [ RunTime:0.0000s ]
SQL: SELECT * FROM `ot_user` WHERE `UE_account` = 'admin@qq.com' LIMIT 1   [ RunTime:0.0000s ]
SQL: SELECT `UE_account` FROM `ot_user` WHERE `UE_accName` = 'admin@qq.com'  [ RunTime:0.0000s ]
SQL: SELECT * FROM `ot_user` WHERE `UE_account` = 'a1@qq.com' LIMIT 1   [ RunTime:0.0000s ]
SQL: SELECT `UE_account` FROM `ot_user` WHERE `UE_accName` = 'a1@qq.com'  [ RunTime:0.0000s ]
SQL: SELECT * FROM `ot_user` WHERE `UE_account` = 'a2@qq.com' LIMIT 1   [ RunTime:0.0000s ]
SQL: SELECT `UE_account` FROM `ot_user` WHERE `UE_accName` = 'a2@qq.com'  [ RunTime:0.0000s ]
SQL: SELECT * FROM `ot_user` WHERE `UE_account` = 'a3@qq.com' LIMIT 1   [ RunTime:0.0000s ]
SQL: SELECT `UE_account` FROM `ot_user` WHERE `UE_accName` = 'a3@qq.com'  [ RunTime:0.0000s ]
SQL: SELECT * FROM `ot_user` WHERE `UE_account` = 'a4@qq.com' LIMIT 1   [ RunTime:0.0000s ]
SQL: SELECT `UE_account` FROM `ot_user` WHERE `UE_accName` = 'a4@qq.com'  [ RunTime:0.0000s ]
INFO: [ app_end ] --START--
INFO: Run Behavior\ShowPageTraceBehavior [ RunTime:0.000000s ]
INFO: [ app_end ] --END-- [ RunTime:0.000000s ]

[ 2016-04-22T16:55:39+08:00 ] 127.0.0.1 /admin.php/Home/Index/js/pie.htc
ERR: 非法操作:js

[ 2016-04-22T16:55:47+08:00 ] 127.0.0.1 /admin.php/Home/Index/js/pie.htc
ERR: 非法操作:js

[ 2016-04-22T16:55:49+08:00 ] 127.0.0.1 /admin.php/Home/Common/getTree
INFO: [ app_begin ] --START--
INFO: Run Behavior\ReadHtmlCacheBehavior [ RunTime:0.000000s ]
INFO: [ app_begin ] --END-- [ RunTime:0.000000s ]
INFO: [ app_end ] --START--
INFO: Run Behavior\ShowPageTraceBehavior [ RunTime:0.000000s ]
INFO: [ app_end ] --END-- [ RunTime:0.000000s ]

[ 2016-04-22T16:56:50+08:00 ] 127.0.0.1 /admin.php/Home/Index/js/pie.htc
ERR: 非法操作:js

[ 2016-04-22T16:56:58+08:00 ] 127.0.0.1 /admin.php/Home/Common/getTree
INFO: [ app_begin ] --START--
INFO: Run Behavior\ReadHtmlCacheBehavior [ RunTime:0.000000s ]
INFO: [ app_begin ] --END-- [ RunTime:0.000000s ]
INFO: [ app_end ] --START--
INFO: Run Behavior\ShowPageTraceBehavior [ RunTime:0.000000s ]
INFO: [ app_end ] --END-- [ RunTime:0.000000s ]

[ 2016-04-22T16:58:20+08:00 ] 127.0.0.1 /admin.php/Home/Index/js/pie.htc
ERR: 非法操作:js

[ 2016-04-22T16:58:25+08:00 ] 127.0.0.1 /admin.php/Home/Common/getTree
INFO: [ app_begin ] --START--
INFO: Run Behavior\ReadHtmlCacheBehavior [ RunTime:0.000000s ]
INFO: [ app_begin ] --END-- [ RunTime:0.000000s ]
INFO: [ app_end ] --START--
INFO: Run Behavior\ShowPageTraceBehavior [ RunTime:0.000000s ]
INFO: [ app_end ] --END-- [ RunTime:0.000000s ]

[ 2016-04-22T17:03:32+08:00 ] 127.0.0.1 /admin.php/Home/Index/js/pie.htc
ERR: 非法操作:js

[ 2016-04-22T17:03:38+08:00 ] 127.0.0.1 /admin.php/Home/Index/js/pie.htc
ERR: 非法操作:js

[ 2016-04-22T17:03:39+08:00 ] 127.0.0.1 /admin.php/Home/Index/js/pie.htc
ERR: 非法操作:js

[ 2016-04-22T17:03:41+08:00 ] 127.0.0.1 /admin.php/Home/Index/js/pie.htc
ERR: 非法操作:js

[ 2016-04-22T18:58:10+08:00 ] 127.0.0.1 /admin.php/Home/Common/getTree
INFO: [ app_begin ] --START--
INFO: Run Behavior\ReadHtmlCacheBehavior [ RunTime:0.000000s ]
INFO: [ app_begin ] --END-- [ RunTime:0.015625s ]
INFO: [ app_end ] --START--
INFO: Run Behavior\ShowPageTraceBehavior [ RunTime:0.000000s ]
INFO: [ app_end ] --END-- [ RunTime:0.000000s ]

[ 2016-04-22T19:03:38+08:00 ] 127.0.0.1 /admin.php/Home/Common/getTree
INFO: [ app_begin ] --START--
INFO: Run Behavior\ReadHtmlCacheBehavior [ RunTime:0.000000s ]
INFO: [ app_begin ] --END-- [ RunTime:0.000000s ]
INFO: [ app_end ] --START--
INFO: Run Behavior\ShowPageTraceBehavior [ RunTime:0.000000s ]
INFO: [ app_end ] --END-- [ RunTime:0.000000s ]

[ 2016-04-22T19:06:15+08:00 ] 127.0.0.1 /admin.php/Home/Common/getTree
INFO: [ app_begin ] --START--
INFO: Run Behavior\ReadHtmlCacheBehavior [ RunTime:0.000000s ]
INFO: [ app_begin ] --END-- [ RunTime:0.000000s ]
INFO: [ app_end ] --START--
INFO: Run Behavior\ShowPageTraceBehavior [ RunTime:0.000000s ]
INFO: [ app_end ] --END-- [ RunTime:0.000000s ]

[ 2016-04-22T19:10:12+08:00 ] 127.0.0.1 /admin.php/Home/Common/getTree
INFO: [ app_begin ] --START--
INFO: Run Behavior\ReadHtmlCacheBehavior [ RunTime:0.000000s ]
INFO: [ app_begin ] --END-- [ RunTime:0.000000s ]
INFO: [ app_end ] --START--
INFO: Run Behavior\ShowPageTraceBehavior [ RunTime:0.000000s ]
INFO: [ app_end ] --END-- [ RunTime:0.000000s ]

[ 2016-04-22T19:12:05+08:00 ] 127.0.0.1 /admin.php/Home/Common/getTree
INFO: [ app_begin ] --START--
INFO: Run Behavior\ReadHtmlCacheBehavior [ RunTime:0.000000s ]
INFO: [ app_begin ] --END-- [ RunTime:0.000000s ]
INFO: [ app_end ] --START--
INFO: Run Behavior\ShowPageTraceBehavior [ RunTime:0.015625s ]
INFO: [ app_end ] --END-- [ RunTime:0.015625s ]

[ 2016-04-22T19:29:57+08:00 ] 127.0.0.1 /admin.php/Home/Common/getTree
INFO: [ app_begin ] --START--
INFO: Run Behavior\ReadHtmlCacheBehavior [ RunTime:0.000000s ]
INFO: [ app_begin ] --END-- [ RunTime:0.000000s ]
INFO: [ app_end ] --START--
INFO: Run Behavior\ShowPageTraceBehavior [ RunTime:0.000000s ]
INFO: [ app_end ] --END-- [ RunTime:0.000000s ]

[ 2016-04-22T19:30:03+08:00 ] 127.0.0.1 /admin.php/Home/Common/getTree
INFO: [ app_begin ] --START--
INFO: Run Behavior\ReadHtmlCacheBehavior [ RunTime:0.000000s ]
INFO: [ app_begin ] --END-- [ RunTime:0.000000s ]
INFO: [ app_end ] --START--
INFO: Run Behavior\ShowPageTraceBehavior [ RunTime:0.000000s ]
INFO: [ app_end ] --END-- [ RunTime:0.000000s ]

[ 2016-04-22T19:33:49+08:00 ] 127.0.0.1 /admin.php/Home/Common/getTree
INFO: [ app_begin ] --START--
INFO: Run Behavior\ReadHtmlCacheBehavior [ RunTime:0.000000s ]
INFO: [ app_begin ] --END-- [ RunTime:0.000000s ]
INFO: [ app_end ] --START--
INFO: Run Behavior\ShowPageTraceBehavior [ RunTime:0.000000s ]
INFO: [ app_end ] --END-- [ RunTime:0.000000s ]

[ 2016-04-22T19:34:16+08:00 ] 127.0.0.1 /admin.php/Home/Common/getTree
INFO: [ app_begin ] --START--
INFO: Run Behavior\ReadHtmlCacheBehavior [ RunTime:0.000000s ]
INFO: [ app_begin ] --END-- [ RunTime:0.015625s ]
INFO: [ app_end ] --START--
INFO: Run Behavior\ShowPageTraceBehavior [ RunTime:0.000000s ]
INFO: [ app_end ] --END-- [ RunTime:0.000000s ]

[ 2016-04-22T19:34:37+08:00 ] 127.0.0.1 /admin.php/Home/Common/getTree
INFO: [ app_begin ] --START--
INFO: Run Behavior\ReadHtmlCacheBehavior [ RunTime:0.000000s ]
INFO: [ app_begin ] --END-- [ RunTime:0.000000s ]
INFO: [ app_end ] --START--
INFO: Run Behavior\ShowPageTraceBehavior [ RunTime:0.000000s ]
INFO: [ app_end ] --END-- [ RunTime:0.000000s ]

[ 2016-04-22T19:35:46+08:00 ] 127.0.0.1 /admin.php/Home/Common/getTree
INFO: [ app_begin ] --START--
INFO: Run Behavior\ReadHtmlCacheBehavior [ RunTime:0.000000s ]
INFO: [ app_begin ] --END-- [ RunTime:0.000000s ]
INFO: [ app_end ] --START--
INFO: Run Behavior\ShowPageTraceBehavior [ RunTime:0.000000s ]
INFO: [ app_end ] --END-- [ RunTime:0.000000s ]

[ 2016-04-22T19:36:50+08:00 ] 127.0.0.1 /admin.php/Home/Common/getTree
INFO: [ app_begin ] --START--
INFO: Run Behavior\ReadHtmlCacheBehavior [ RunTime:0.000000s ]
INFO: [ app_begin ] --END-- [ RunTime:0.000000s ]
INFO: [ app_end ] --START--
INFO: Run Behavior\ShowPageTraceBehavior [ RunTime:0.000000s ]
INFO: [ app_end ] --END-- [ RunTime:0.000000s ]

[ 2016-04-22T19:38:51+08:00 ] 127.0.0.1 /admin.php/Home/Common/getTree
INFO: [ app_begin ] --START--
INFO: Run Behavior\ReadHtmlCacheBehavior [ RunTime:0.000000s ]
INFO: [ app_begin ] --END-- [ RunTime:0.000000s ]
INFO: [ app_end ] --START--
INFO: Run Behavior\ShowPageTraceBehavior [ RunTime:0.000000s ]
INFO: [ app_end ] --END-- [ RunTime:0.000000s ]

[ 2016-04-22T19:40:49+08:00 ] 127.0.0.1 /admin.php/Home/Common/getTree
INFO: [ app_begin ] --START--
INFO: Run Behavior\ReadHtmlCacheBehavior [ RunTime:0.000000s ]
INFO: [ app_begin ] --END-- [ RunTime:0.000000s ]
INFO: [ app_end ] --START--
INFO: Run Behavior\ShowPageTraceBehavior [ RunTime:0.000000s ]
INFO: [ app_end ] --END-- [ RunTime:0.000000s ]

[ 2016-04-22T19:41:24+08:00 ] 127.0.0.1 /admin.php/Home/Common/getTree
INFO: [ app_begin ] --START--
INFO: Run Behavior\ReadHtmlCacheBehavior [ RunTime:0.000000s ]
INFO: [ app_begin ] --END-- [ RunTime:0.000000s ]
INFO: [ app_end ] --START--
INFO: Run Behavior\ShowPageTraceBehavior [ RunTime:0.000000s ]
INFO: [ app_end ] --END-- [ RunTime:0.000000s ]

[ 2016-04-22T19:46:02+08:00 ] 127.0.0.1 /admin.php/Home/Common/getTree
INFO: [ app_begin ] --START--
INFO: Run Behavior\ReadHtmlCacheBehavior [ RunTime:0.000000s ]
INFO: [ app_begin ] --END-- [ RunTime:0.000000s ]
INFO: [ app_end ] --START--
INFO: Run Behavior\ShowPageTraceBehavior [ RunTime:0.000000s ]
INFO: [ app_end ] --END-- [ RunTime:0.000000s ]

[ 2016-04-22T19:46:09+08:00 ] 127.0.0.1 /admin.php/Home/Common/getTree
INFO: [ app_begin ] --START--
INFO: Run Behavior\ReadHtmlCacheBehavior [ RunTime:0.000000s ]
INFO: [ app_begin ] --END-- [ RunTime:0.015625s ]
INFO: [ app_end ] --START--
INFO: Run Behavior\ShowPageTraceBehavior [ RunTime:0.000000s ]
INFO: [ app_end ] --END-- [ RunTime:0.000000s ]

[ 2016-04-22T19:47:17+08:00 ] 127.0.0.1 /admin.php/Home/Common/getTree
INFO: [ app_begin ] --START--
INFO: Run Behavior\ReadHtmlCacheBehavior [ RunTime:0.000000s ]
INFO: [ app_begin ] --END-- [ RunTime:0.000000s ]
INFO: [ app_end ] --START--
INFO: Run Behavior\ShowPageTraceBehavior [ RunTime:0.000000s ]
INFO: [ app_end ] --END-- [ RunTime:0.000000s ]

[ 2016-04-22T19:56:17+08:00 ] 127.0.0.1 /admin.php/Home/Common/getTree
INFO: [ app_begin ] --START--
INFO: Run Behavior\ReadHtmlCacheBehavior [ RunTime:0.000000s ]
INFO: [ app_begin ] --END-- [ RunTime:0.000000s ]
INFO: [ app_end ] --START--
INFO: Run Behavior\ShowPageTraceBehavior [ RunTime:0.000000s ]
INFO: [ app_end ] --END-- [ RunTime:0.000000s ]

[ 2016-04-22T20:03:42+08:00 ] 127.0.0.1 /admin.php/Home/Common/getTree
INFO: [ app_begin ] --START--
INFO: Run Behavior\ReadHtmlCacheBehavior [ RunTime:0.000000s ]
INFO: [ app_begin ] --END-- [ RunTime:0.000000s ]
INFO: [ app_end ] --START--
INFO: Run Behavior\ShowPageTraceBehavior [ RunTime:0.000000s ]
INFO: [ app_end ] --END-- [ RunTime:0.000000s ]

[ 2016-04-22T20:05:52+08:00 ] 127.0.0.1 /admin.php/Home/Common/getTree
INFO: [ app_begin ] --START--
INFO: Run Behavior\ReadHtmlCacheBehavior [ RunTime:0.000000s ]
INFO: [ app_begin ] --END-- [ RunTime:0.000000s ]
INFO: [ app_end ] --START--
INFO: Run Behavior\ShowPageTraceBehavior [ RunTime:0.000000s ]
INFO: [ app_end ] --END-- [ RunTime:0.000000s ]

[ 2016-04-22T20:05:53+08:00 ] 127.0.0.1 /admin.php/Home/Common/getTree
INFO: [ app_begin ] --START--
INFO: Run Behavior\ReadHtmlCacheBehavior [ RunTime:0.000000s ]
INFO: [ app_begin ] --END-- [ RunTime:0.015625s ]
INFO: [ app_end ] --START--
INFO: Run Behavior\ShowPageTraceBehavior [ RunTime:0.000000s ]
INFO: [ app_end ] --END-- [ RunTime:0.000000s ]

[ 2016-04-22T20:06:02+08:00 ] 127.0.0.1 /admin.php/Home/Common/getTree
INFO: [ app_begin ] --START--
INFO: Run Behavior\ReadHtmlCacheBehavior [ RunTime:0.000000s ]
INFO: [ app_begin ] --END-- [ RunTime:0.000000s ]
INFO: [ app_end ] --START--
INFO: Run Behavior\ShowPageTraceBehavior [ RunTime:0.000000s ]
INFO: [ app_end ] --END-- [ RunTime:0.000000s ]

[ 2016-04-22T20:10:36+08:00 ] 127.0.0.1 /admin.php/Home/Common/getTree
INFO: [ app_begin ] --START--
INFO: Run Behavior\ReadHtmlCacheBehavior [ RunTime:0.000000s ]
INFO: [ app_begin ] --END-- [ RunTime:0.000000s ]
INFO: [ app_end ] --START--
INFO: Run Behavior\ShowPageTraceBehavior [ RunTime:0.000000s ]
INFO: [ app_end ] --END-- [ RunTime:0.000000s ]

[ 2016-04-22T20:10:46+08:00 ] 127.0.0.1 /admin.php/Home/Common/getTree
INFO: [ app_begin ] --START--
INFO: Run Behavior\ReadHtmlCacheBehavior [ RunTime:0.000000s ]
INFO: [ app_begin ] --END-- [ RunTime:0.000000s ]
INFO: [ app_end ] --START--
INFO: Run Behavior\ShowPageTraceBehavior [ RunTime:0.000000s ]
INFO: [ app_end ] --END-- [ RunTime:0.000000s ]

[ 2016-04-22T20:11:32+08:00 ] 127.0.0.1 /admin.php/Home/Common/getTree
INFO: [ app_begin ] --START--
INFO: Run Behavior\ReadHtmlCacheBehavior [ RunTime:0.000000s ]
INFO: [ app_begin ] --END-- [ RunTime:0.015625s ]
INFO: [ app_end ] --START--
INFO: Run Behavior\ShowPageTraceBehavior [ RunTime:0.000000s ]
INFO: [ app_end ] --END-- [ RunTime:0.000000s ]

[ 2016-04-22T20:11:38+08:00 ] 127.0.0.1 /admin.php/Home/Common/getTree
INFO: [ app_begin ] --START--
INFO: Run Behavior\ReadHtmlCacheBehavior [ RunTime:0.000000s ]
INFO: [ app_begin ] --END-- [ RunTime:0.000000s ]
INFO: [ app_end ] --START--
INFO: Run Behavior\ShowPageTraceBehavior [ RunTime:0.000000s ]
INFO: [ app_end ] --END-- [ RunTime:0.000000s ]

[ 2016-04-22T20:19:06+08:00 ] 127.0.0.1 /admin.php/Home/Common/getTree
INFO: [ app_begin ] --START--
INFO: Run Behavior\ReadHtmlCacheBehavior [ RunTime:0.000000s ]
INFO: [ app_begin ] --END-- [ RunTime:0.000000s ]
INFO: [ app_end ] --START--
INFO: Run Behavior\ShowPageTraceBehavior [ RunTime:0.000000s ]
INFO: [ app_end ] --END-- [ RunTime:0.000000s ]

[ 2016-04-22T20:25:23+08:00 ] 127.0.0.1 /admin.php/Home/Common/getTree
INFO: [ app_begin ] --START--
INFO: Run Behavior\ReadHtmlCacheBehavior [ RunTime:0.000000s ]
INFO: [ app_begin ] --END-- [ RunTime:0.000000s ]
INFO: [ app_end ] --START--
INFO: Run Behavior\ShowPageTraceBehavior [ RunTime:0.000000s ]
INFO: [ app_end ] --END-- [ RunTime:0.000000s ]

[ 2016-04-22T20:27:10+08:00 ] 127.0.0.1 /admin.php/Home/Common/getTree
INFO: [ app_begin ] --START--
INFO: Run Behavior\ReadHtmlCacheBehavior [ RunTime:0.000000s ]
INFO: [ app_begin ] --END-- [ RunTime:0.000000s ]
INFO: [ app_end ] --START--
INFO: Run Behavior\ShowPageTraceBehavior [ RunTime:0.000000s ]
INFO: [ app_end ] --END-- [ RunTime:0.000000s ]

[ 2016-04-22T20:27:21+08:00 ] 127.0.0.1 /admin.php/Home/Common/getTree
INFO: [ app_begin ] --START--
INFO: Run Behavior\ReadHtmlCacheBehavior [ RunTime:0.000000s ]
INFO: [ app_begin ] --END-- [ RunTime:0.000000s ]
INFO: [ app_end ] --START--
INFO: Run Behavior\ShowPageTraceBehavior [ RunTime:0.000000s ]
INFO: [ app_end ] --END-- [ RunTime:0.000000s ]

[ 2016-04-22T20:33:13+08:00 ] 127.0.0.1 /admin.php/Home/Common/getTree
INFO: [ app_begin ] --START--
INFO: Run Behavior\ReadHtmlCacheBehavior [ RunTime:0.000000s ]
INFO: [ app_begin ] --END-- [ RunTime:0.000000s ]
INFO: [ app_end ] --START--
INFO: Run Behavior\ShowPageTraceBehavior [ RunTime:0.000000s ]
INFO: [ app_end ] --END-- [ RunTime:0.000000s ]

[ 2016-04-22T20:33:32+08:00 ] 127.0.0.1 /admin.php/Home/Common/getTree
INFO: [ app_begin ] --START--
INFO: Run Behavior\ReadHtmlCacheBehavior [ RunTime:0.000000s ]
INFO: [ app_begin ] --END-- [ RunTime:0.000000s ]
INFO: [ app_end ] --START--
INFO: Run Behavior\ShowPageTraceBehavior [ RunTime:0.000000s ]
INFO: [ app_end ] --END-- [ RunTime:0.000000s ]

[ 2016-04-22T20:33:38+08:00 ] 127.0.0.1 /admin.php/Home/Common/getTree
INFO: [ app_begin ] --START--
INFO: Run Behavior\ReadHtmlCacheBehavior [ RunTime:0.000000s ]
INFO: [ app_begin ] --END-- [ RunTime:0.000000s ]
INFO: [ app_end ] --START--
INFO: Run Behavior\ShowPageTraceBehavior [ RunTime:0.000000s ]
INFO: [ app_end ] --END-- [ RunTime:0.000000s ]

[ 2016-04-22T20:33:40+08:00 ] 127.0.0.1 /admin.php/Home/Common/getTree
INFO: [ app_begin ] --START--
INFO: Run Behavior\ReadHtmlCacheBehavior [ RunTime:0.000000s ]
INFO: [ app_begin ] --END-- [ RunTime:0.000000s ]
INFO: [ app_end ] --START--
INFO: Run Behavior\ShowPageTraceBehavior [ RunTime:0.000000s ]
INFO: [ app_end ] --END-- [ RunTime:0.000000s ]

