[ 2016-03-04T20:50:51+08:00 ] ::1 /admin.php/Home/Common/getTree
INFO: [ app_begin ] --START--
INFO: Run Behavior\ReadHtmlCacheBehavior [ RunTime:0.001000s ]
INFO: [ app_begin ] --END-- [ RunTime:0.001000s ]
INFO: [ app_end ] --START--
INFO: Run Behavior\ShowPageTraceBehavior [ RunTime:0.000000s ]
INFO: [ app_end ] --END-- [ RunTime:0.000000s ]

[ 2016-03-04T20:51:11+08:00 ] ::1 /admin.php/Home/Common/getTree
INFO: [ app_begin ] --START--
INFO: Run Behavior\ReadHtmlCacheBehavior [ RunTime:0.005000s ]
INFO: [ app_begin ] --END-- [ RunTime:0.008000s ]
INFO: [ app_end ] --START--
INFO: Run Behavior\ShowPageTraceBehavior [ RunTime:0.002000s ]
INFO: [ app_end ] --END-- [ RunTime:0.002000s ]

[ 2016-03-04T20:51:20+08:00 ] ::1 /admin.php/Home/Common/getTree
INFO: [ app_begin ] --START--
INFO: Run Behavior\ReadHtmlCacheBehavior [ RunTime:0.000000s ]
INFO: [ app_begin ] --END-- [ RunTime:0.001001s ]
INFO: [ app_end ] --START--
INFO: Run Behavior\ShowPageTraceBehavior [ RunTime:0.000000s ]
INFO: [ app_end ] --END-- [ RunTime:0.000000s ]

[ 2016-03-04T20:51:31+08:00 ] ::1 /admin.php/Home/Common/getTree
INFO: [ app_begin ] --START--
INFO: Run Behavior\ReadHtmlCacheBehavior [ RunTime:0.001000s ]
INFO: [ app_begin ] --END-- [ RunTime:0.001000s ]
INFO: [ app_end ] --START--
INFO: Run Behavior\ShowPageTraceBehavior [ RunTime:0.000000s ]
INFO: [ app_end ] --END-- [ RunTime:0.000000s ]

[ 2016-03-04T00:07:06+08:00 ] 182.35.227.122 /admin.php/Home/Shop/
ERR: 非法操作:index

[ 2016-03-04T00:08:40+08:00 ] 182.35.227.122 /admin.php/Home/Common/getTree
INFO: [ app_begin ] --START--
INFO: Run Behavior\ReadHtmlCacheBehavior [ RunTime:0.010185s ]
INFO: [ app_begin ] --END-- [ RunTime:0.011066s ]
INFO: [ app_end ] --START--
INFO: Run Behavior\ShowPageTraceBehavior [ RunTime:0.004507s ]
INFO: [ app_end ] --END-- [ RunTime:0.005300s ]

[ 2016-03-04T00:08:52+08:00 ] 182.35.227.122 /admin.php/Home/Common/getTree
INFO: [ app_begin ] --START--
INFO: Run Behavior\ReadHtmlCacheBehavior [ RunTime:0.000855s ]
INFO: [ app_begin ] --END-- [ RunTime:0.001368s ]
INFO: [ app_end ] --START--
INFO: Run Behavior\ShowPageTraceBehavior [ RunTime:0.002676s ]
INFO: [ app_end ] --END-- [ RunTime:0.002855s ]

[ 2016-03-04T00:09:05+08:00 ] 182.35.227.122 /admin.php/Home/Common/getTree
INFO: [ app_begin ] --START--
INFO: Run Behavior\ReadHtmlCacheBehavior [ RunTime:0.006793s ]
INFO: [ app_begin ] --END-- [ RunTime:0.011210s ]
INFO: [ app_end ] --START--
INFO: Run Behavior\ShowPageTraceBehavior [ RunTime:0.010778s ]
INFO: [ app_end ] --END-- [ RunTime:0.010956s ]

[ 2016-03-04T00:10:07+08:00 ] 182.35.227.122 /admin.php/Home/Shop/
ERR: 非法操作:index

[ 2016-03-04T00:10:33+08:00 ] 182.35.227.122 /admin.php/Home/Shop/
ERR: 非法操作:index

[ 2016-03-04T00:10:34+08:00 ] 182.35.227.122 /admin.php/Home/Common/getTree
INFO: [ app_begin ] --START--
INFO: Run Behavior\ReadHtmlCacheBehavior [ RunTime:0.001572s ]
INFO: [ app_begin ] --END-- [ RunTime:0.008334s ]
INFO: [ app_end ] --START--
INFO: Run Behavior\ShowPageTraceBehavior [ RunTime:0.000884s ]
INFO: [ app_end ] --END-- [ RunTime:0.001004s ]

[ 2016-03-04T08:12:28+08:00 ] 182.41.17.46 /admin.php/Home/Index/js/pie.htc
ERR: 非法操作:js

[ 2016-03-04T08:12:29+08:00 ] 182.41.17.46 /admin.php/Home/Common/getTree
INFO: [ app_begin ] --START--
INFO: Run Behavior\ReadHtmlCacheBehavior [ RunTime:0.003671s ]
INFO: [ app_begin ] --END-- [ RunTime:0.009982s ]
SQL: SHOW COLUMNS FROM `ot_user` [ RunTime:0.0234s ]
SQL: SELECT * FROM `ot_user` WHERE `UE_account` = 'admin@qq.com' LIMIT 1   [ RunTime:0.0021s ]
SQL: SELECT `UE_account` FROM `ot_user` WHERE `UE_accName` = 'admin@qq.com'  [ RunTime:0.0116s ]
NOTIC: [8] Undefined index: user_jb /www/web/qijingong/public_html/snadmin/Home/Controller/CommonController.class.php 第 112 行.
SQL: SELECT * FROM `ot_user` WHERE `UE_account` = 'a1@qq.com' LIMIT 1   [ RunTime:0.0056s ]
SQL: SELECT `UE_account` FROM `ot_user` WHERE `UE_accName` = 'a1@qq.com'  [ RunTime:0.0048s ]
SQL: SELECT * FROM `ot_user` WHERE `UE_account` = 'a2@qq.com' LIMIT 1   [ RunTime:0.0018s ]
SQL: SELECT `UE_account` FROM `ot_user` WHERE `UE_accName` = 'a2@qq.com'  [ RunTime:0.0038s ]
SQL: SELECT * FROM `ot_user` WHERE `UE_account` = 'a3@qq.com' LIMIT 1   [ RunTime:0.0062s ]
SQL: SELECT `UE_account` FROM `ot_user` WHERE `UE_accName` = 'a3@qq.com'  [ RunTime:0.0063s ]
SQL: SELECT * FROM `ot_user` WHERE `UE_account` = 'a4@qq.com' LIMIT 1   [ RunTime:0.0033s ]
SQL: SELECT `UE_account` FROM `ot_user` WHERE `UE_accName` = 'a4@qq.com'  [ RunTime:0.0026s ]
SQL: SELECT * FROM `ot_user` WHERE `UE_account` = 'vip1' LIMIT 1   [ RunTime:0.0019s ]
SQL: SELECT `UE_account` FROM `ot_user` WHERE `UE_accName` = 'vip1'  [ RunTime:0.0039s ]
SQL: SELECT * FROM `ot_user` WHERE `UE_account` = 'vip2' LIMIT 1   [ RunTime:0.0189s ]
SQL: SELECT `UE_account` FROM `ot_user` WHERE `UE_accName` = 'vip2'  [ RunTime:0.0028s ]
SQL: SELECT * FROM `ot_user` WHERE `UE_account` = 'vip3' LIMIT 1   [ RunTime:0.0056s ]
SQL: SELECT `UE_account` FROM `ot_user` WHERE `UE_accName` = 'vip3'  [ RunTime:0.0019s ]
SQL: SELECT * FROM `ot_user` WHERE `UE_account` = 'lj6978' LIMIT 1   [ RunTime:0.0028s ]
SQL: SELECT `UE_account` FROM `ot_user` WHERE `UE_accName` = 'lj6978'  [ RunTime:0.0011s ]
SQL: SELECT * FROM `ot_user` WHERE `UE_account` = 'vip@vip.com' LIMIT 1   [ RunTime:0.0017s ]
SQL: SELECT `UE_account` FROM `ot_user` WHERE `UE_accName` = 'vip@vip.com'  [ RunTime:0.0019s ]
SQL: SELECT * FROM `ot_user` WHERE `UE_account` = 'vip8@qq.com' LIMIT 1   [ RunTime:0.0015s ]
SQL: SELECT `UE_account` FROM `ot_user` WHERE `UE_accName` = 'vip8@qq.com'  [ RunTime:0.0003s ]
INFO: [ app_end ] --START--
INFO: Run Behavior\ShowPageTraceBehavior [ RunTime:0.001886s ]
INFO: [ app_end ] --END-- [ RunTime:0.002002s ]

[ 2016-03-04T08:12:33+08:00 ] 182.41.17.46 /admin.php/Home/Common/getTree
INFO: [ app_begin ] --START--
INFO: Run Behavior\ReadHtmlCacheBehavior [ RunTime:0.011500s ]
INFO: [ app_begin ] --END-- [ RunTime:0.013659s ]
SQL: SHOW COLUMNS FROM `ot_user` [ RunTime:0.0243s ]
SQL: SELECT * FROM `ot_user` WHERE `UE_account` = 'admin@qq.com' LIMIT 1   [ RunTime:0.0007s ]
SQL: SELECT `UE_account` FROM `ot_user` WHERE `UE_accName` = 'admin@qq.com'  [ RunTime:0.0002s ]
SQL: SELECT * FROM `ot_user` WHERE `UE_account` = 'a1@qq.com' LIMIT 1   [ RunTime:0.0003s ]
SQL: SELECT `UE_account` FROM `ot_user` WHERE `UE_accName` = 'a1@qq.com'  [ RunTime:0.0002s ]
SQL: SELECT * FROM `ot_user` WHERE `UE_account` = 'a2@qq.com' LIMIT 1   [ RunTime:0.0003s ]
SQL: SELECT `UE_account` FROM `ot_user` WHERE `UE_accName` = 'a2@qq.com'  [ RunTime:0.0001s ]
SQL: SELECT * FROM `ot_user` WHERE `UE_account` = 'a3@qq.com' LIMIT 1   [ RunTime:0.0002s ]
SQL: SELECT `UE_account` FROM `ot_user` WHERE `UE_accName` = 'a3@qq.com'  [ RunTime:0.0001s ]
SQL: SELECT * FROM `ot_user` WHERE `UE_account` = 'a4@qq.com' LIMIT 1   [ RunTime:0.0002s ]
SQL: SELECT `UE_account` FROM `ot_user` WHERE `UE_accName` = 'a4@qq.com'  [ RunTime:0.0001s ]
SQL: SELECT * FROM `ot_user` WHERE `UE_account` = 'vip1' LIMIT 1   [ RunTime:0.0002s ]
SQL: SELECT `UE_account` FROM `ot_user` WHERE `UE_accName` = 'vip1'  [ RunTime:0.0002s ]
SQL: SELECT * FROM `ot_user` WHERE `UE_account` = 'vip2' LIMIT 1   [ RunTime:0.0040s ]
SQL: SELECT `UE_account` FROM `ot_user` WHERE `UE_accName` = 'vip2'  [ RunTime:0.0020s ]
SQL: SELECT * FROM `ot_user` WHERE `UE_account` = 'vip3' LIMIT 1   [ RunTime:0.0003s ]
SQL: SELECT `UE_account` FROM `ot_user` WHERE `UE_accName` = 'vip3'  [ RunTime:0.0003s ]
SQL: SELECT * FROM `ot_user` WHERE `UE_account` = 'lj6978' LIMIT 1   [ RunTime:0.0002s ]
SQL: SELECT `UE_account` FROM `ot_user` WHERE `UE_accName` = 'lj6978'  [ RunTime:0.0002s ]
SQL: SELECT * FROM `ot_user` WHERE `UE_account` = 'vip@vip.com' LIMIT 1   [ RunTime:0.0002s ]
SQL: SELECT `UE_account` FROM `ot_user` WHERE `UE_accName` = 'vip@vip.com'  [ RunTime:0.0001s ]
SQL: SELECT * FROM `ot_user` WHERE `UE_account` = 'vip8@qq.com' LIMIT 1   [ RunTime:0.0002s ]
SQL: SELECT `UE_account` FROM `ot_user` WHERE `UE_accName` = 'vip8@qq.com'  [ RunTime:0.0064s ]
INFO: [ app_end ] --START--
INFO: Run Behavior\ShowPageTraceBehavior [ RunTime:0.004925s ]
INFO: [ app_end ] --END-- [ RunTime:0.005159s ]

[ 2016-03-04T08:12:35+08:00 ] 182.41.17.46 /admin.php/Home/Common/getTree
INFO: [ app_begin ] --START--
INFO: Run Behavior\ReadHtmlCacheBehavior [ RunTime:0.002143s ]
INFO: [ app_begin ] --END-- [ RunTime:0.002787s ]
SQL: SHOW COLUMNS FROM `ot_user` [ RunTime:0.0288s ]
SQL: SELECT * FROM `ot_user` WHERE `UE_account` = 'admin@qq.com' LIMIT 1   [ RunTime:0.0013s ]
SQL: SELECT `UE_account` FROM `ot_user` WHERE `UE_accName` = 'admin@qq.com'  [ RunTime:0.0002s ]
SQL: SELECT * FROM `ot_user` WHERE `UE_account` = 'a1@qq.com' LIMIT 1   [ RunTime:0.0004s ]
SQL: SELECT `UE_account` FROM `ot_user` WHERE `UE_accName` = 'a1@qq.com'  [ RunTime:0.0002s ]
SQL: SELECT * FROM `ot_user` WHERE `UE_account` = 'a2@qq.com' LIMIT 1   [ RunTime:0.0003s ]
SQL: SELECT `UE_account` FROM `ot_user` WHERE `UE_accName` = 'a2@qq.com'  [ RunTime:0.0001s ]
SQL: SELECT * FROM `ot_user` WHERE `UE_account` = 'a3@qq.com' LIMIT 1   [ RunTime:0.0003s ]
SQL: SELECT `UE_account` FROM `ot_user` WHERE `UE_accName` = 'a3@qq.com'  [ RunTime:0.0002s ]
SQL: SELECT * FROM `ot_user` WHERE `UE_account` = 'a4@qq.com' LIMIT 1   [ RunTime:0.0063s ]
SQL: SELECT `UE_account` FROM `ot_user` WHERE `UE_accName` = 'a4@qq.com'  [ RunTime:0.0003s ]
SQL: SELECT * FROM `ot_user` WHERE `UE_account` = 'vip1' LIMIT 1   [ RunTime:0.0003s ]
SQL: SELECT `UE_account` FROM `ot_user` WHERE `UE_accName` = 'vip1'  [ RunTime:0.0008s ]
SQL: SELECT * FROM `ot_user` WHERE `UE_account` = 'vip2' LIMIT 1   [ RunTime:0.0003s ]
SQL: SELECT `UE_account` FROM `ot_user` WHERE `UE_accName` = 'vip2'  [ RunTime:0.0002s ]
SQL: SELECT * FROM `ot_user` WHERE `UE_account` = 'vip3' LIMIT 1   [ RunTime:0.0003s ]
SQL: SELECT `UE_account` FROM `ot_user` WHERE `UE_accName` = 'vip3'  [ RunTime:0.0002s ]
SQL: SELECT * FROM `ot_user` WHERE `UE_account` = 'lj6978' LIMIT 1   [ RunTime:0.0004s ]
SQL: SELECT `UE_account` FROM `ot_user` WHERE `UE_accName` = 'lj6978'  [ RunTime:0.0002s ]
SQL: SELECT * FROM `ot_user` WHERE `UE_account` = 'vip@vip.com' LIMIT 1   [ RunTime:0.0003s ]
SQL: SELECT `UE_account` FROM `ot_user` WHERE `UE_accName` = 'vip@vip.com'  [ RunTime:0.0002s ]
SQL: SELECT * FROM `ot_user` WHERE `UE_account` = 'vip8@qq.com' LIMIT 1   [ RunTime:0.0003s ]
SQL: SELECT `UE_account` FROM `ot_user` WHERE `UE_accName` = 'vip8@qq.com'  [ RunTime:0.0001s ]
INFO: [ app_end ] --START--
INFO: Run Behavior\ShowPageTraceBehavior [ RunTime:0.011134s ]
INFO: [ app_end ] --END-- [ RunTime:0.011279s ]

[ 2016-03-04T08:13:07+08:00 ] 182.41.17.46 /admin.php/Home/Index/js/pie.htc
ERR: 非法操作:js

[ 2016-03-04T08:13:17+08:00 ] 182.41.17.46 /admin.php/Home/Index/js/pie.htc
ERR: 非法操作:js

[ 2016-03-04T08:13:27+08:00 ] 182.41.17.46 /admin.php/Home/Index/js/pie.htc
ERR: 非法操作:js

[ 2016-03-04T08:13:30+08:00 ] 182.41.17.46 /admin.php/Home/Index/js/pie.htc
ERR: 非法操作:js

[ 2016-03-04T08:13:33+08:00 ] 182.41.17.46 /admin.php/Home/Index/js/pie.htc
ERR: 非法操作:js

[ 2016-03-04T08:14:01+08:00 ] 182.41.17.46 /admin.php/Home/Common/getTree
INFO: [ app_begin ] --START--
INFO: Run Behavior\ReadHtmlCacheBehavior [ RunTime:0.011374s ]
INFO: [ app_begin ] --END-- [ RunTime:0.012584s ]
INFO: [ app_end ] --START--
INFO: Run Behavior\ShowPageTraceBehavior [ RunTime:0.003276s ]
INFO: [ app_end ] --END-- [ RunTime:0.003546s ]

[ 2016-03-04T08:14:43+08:00 ] 182.41.17.46 /admin.php/Home/Common/getTree
INFO: [ app_begin ] --START--
INFO: Run Behavior\ReadHtmlCacheBehavior [ RunTime:0.001856s ]
INFO: [ app_begin ] --END-- [ RunTime:0.002458s ]
SQL: SHOW COLUMNS FROM `ot_user` [ RunTime:0.0432s ]
SQL: SELECT * FROM `ot_user` WHERE `UE_account` = 'admin@qq.com' LIMIT 1   [ RunTime:0.0063s ]
SQL: SELECT `UE_account` FROM `ot_user` WHERE `UE_accName` = 'admin@qq.com'  [ RunTime:0.0019s ]
SQL: SELECT * FROM `ot_user` WHERE `UE_account` = 'a1@qq.com' LIMIT 1   [ RunTime:0.0020s ]
SQL: SELECT `UE_account` FROM `ot_user` WHERE `UE_accName` = 'a1@qq.com'  [ RunTime:0.0001s ]
SQL: SELECT * FROM `ot_user` WHERE `UE_account` = 'a2@qq.com' LIMIT 1   [ RunTime:0.0019s ]
SQL: SELECT `UE_account` FROM `ot_user` WHERE `UE_accName` = 'a2@qq.com'  [ RunTime:0.0003s ]
SQL: SELECT * FROM `ot_user` WHERE `UE_account` = 'a3@qq.com' LIMIT 1   [ RunTime:0.0019s ]
SQL: SELECT `UE_account` FROM `ot_user` WHERE `UE_accName` = 'a3@qq.com'  [ RunTime:0.0002s ]
SQL: SELECT * FROM `ot_user` WHERE `UE_account` = 'a4@qq.com' LIMIT 1   [ RunTime:0.0021s ]
SQL: SELECT `UE_account` FROM `ot_user` WHERE `UE_accName` = 'a4@qq.com'  [ RunTime:0.0003s ]
SQL: SELECT * FROM `ot_user` WHERE `UE_account` = 'vip1' LIMIT 1   [ RunTime:0.0004s ]
SQL: SELECT `UE_account` FROM `ot_user` WHERE `UE_accName` = 'vip1'  [ RunTime:0.0002s ]
SQL: SELECT * FROM `ot_user` WHERE `UE_account` = 'vip2' LIMIT 1   [ RunTime:0.0003s ]
SQL: SELECT `UE_account` FROM `ot_user` WHERE `UE_accName` = 'vip2'  [ RunTime:0.0002s ]
SQL: SELECT * FROM `ot_user` WHERE `UE_account` = 'vip3' LIMIT 1   [ RunTime:0.0004s ]
SQL: SELECT `UE_account` FROM `ot_user` WHERE `UE_accName` = 'vip3'  [ RunTime:0.0007s ]
SQL: SELECT * FROM `ot_user` WHERE `UE_account` = 'lj6978' LIMIT 1   [ RunTime:0.0063s ]
SQL: SELECT `UE_account` FROM `ot_user` WHERE `UE_accName` = 'lj6978'  [ RunTime:0.0001s ]
SQL: SELECT * FROM `ot_user` WHERE `UE_account` = 'vip@vip.com' LIMIT 1   [ RunTime:0.0003s ]
SQL: SELECT `UE_account` FROM `ot_user` WHERE `UE_accName` = 'vip@vip.com'  [ RunTime:0.0001s ]
SQL: SELECT * FROM `ot_user` WHERE `UE_account` = 'vip8@qq.com' LIMIT 1   [ RunTime:0.0003s ]
SQL: SELECT `UE_account` FROM `ot_user` WHERE `UE_accName` = 'vip8@qq.com'  [ RunTime:0.0001s ]
INFO: [ app_end ] --START--
INFO: Run Behavior\ShowPageTraceBehavior [ RunTime:0.004696s ]
INFO: [ app_end ] --END-- [ RunTime:0.004791s ]

[ 2016-03-04T08:15:11+08:00 ] 182.41.17.46 /admin.php/Home/Index/js/pie.htc
ERR: 非法操作:js

[ 2016-03-04T08:15:33+08:00 ] 182.41.17.46 /admin.php/Home/Index/js/pie.htc
ERR: 非法操作:js

[ 2016-03-04T08:15:39+08:00 ] 182.41.17.46 /admin.php/Home/Index/js/pie.htc
ERR: 非法操作:js

[ 2016-03-04T08:15:49+08:00 ] 182.41.17.46 /admin.php/Home/Common/getTree
INFO: [ app_begin ] --START--
INFO: Run Behavior\ReadHtmlCacheBehavior [ RunTime:0.006239s ]
INFO: [ app_begin ] --END-- [ RunTime:0.006978s ]
INFO: [ app_end ] --START--
INFO: Run Behavior\ShowPageTraceBehavior [ RunTime:0.005161s ]
INFO: [ app_end ] --END-- [ RunTime:0.005729s ]

[ 2016-03-04T08:16:06+08:00 ] 182.41.17.46 /admin.php/Home/Shop/
ERR: 非法操作:index

[ 2016-03-04T08:16:07+08:00 ] 182.41.17.46 /admin.php/Home/Shop/
ERR: 非法操作:index

[ 2016-03-04T08:16:10+08:00 ] 182.41.17.46 /admin.php/Home/Common/getTree
INFO: [ app_begin ] --START--
INFO: Run Behavior\ReadHtmlCacheBehavior [ RunTime:0.004032s ]
INFO: [ app_begin ] --END-- [ RunTime:0.006264s ]
INFO: [ app_end ] --START--
INFO: Run Behavior\ShowPageTraceBehavior [ RunTime:0.008962s ]
INFO: [ app_end ] --END-- [ RunTime:0.009140s ]

[ 2016-03-04T08:19:48+08:00 ] 182.41.17.46 /admin.php/Home/Index/js/pie.htc
ERR: 非法操作:js

[ 2016-03-04T08:20:22+08:00 ] 182.41.17.46 /admin.php/Home/Index/js/pie.htc
ERR: 非法操作:js

[ 2016-03-04T09:42:46+08:00 ] 182.41.17.46 /admin.php/Home/Index/js/pie.htc
ERR: 非法操作:js

[ 2016-03-04T09:43:16+08:00 ] 182.41.17.46 /admin.php/Home/Index/js/pie.htc
ERR: 非法操作:js

[ 2016-03-04T09:48:54+08:00 ] 182.41.17.46 /admin.php/Home/Index/js/pie.htc
ERR: 非法操作:js

[ 2016-03-04T09:48:55+08:00 ] 182.41.17.46 /admin.php/Home/Common/getTree
INFO: [ app_begin ] --START--
INFO: Run Behavior\ReadHtmlCacheBehavior [ RunTime:0.002526s ]
INFO: [ app_begin ] --END-- [ RunTime:0.008900s ]
SQL: SHOW COLUMNS FROM `ot_user` [ RunTime:0.0198s ]
SQL: SELECT * FROM `ot_user` WHERE `UE_account` = 'admin@qq.com' LIMIT 1   [ RunTime:0.0005s ]
SQL: SELECT `UE_account` FROM `ot_user` WHERE `UE_accName` = 'admin@qq.com'  [ RunTime:0.0042s ]
SQL: SELECT * FROM `ot_user` WHERE `UE_account` = 'a1@qq.com' LIMIT 1   [ RunTime:0.0020s ]
SQL: SELECT `UE_account` FROM `ot_user` WHERE `UE_accName` = 'a1@qq.com'  [ RunTime:0.0042s ]
SQL: SELECT * FROM `ot_user` WHERE `UE_account` = 'a2@qq.com' LIMIT 1   [ RunTime:0.0018s ]
SQL: SELECT `UE_account` FROM `ot_user` WHERE `UE_accName` = 'a2@qq.com'  [ RunTime:0.0014s ]
SQL: SELECT * FROM `ot_user` WHERE `UE_account` = 'a3@qq.com' LIMIT 1   [ RunTime:0.0022s ]
SQL: SELECT `UE_account` FROM `ot_user` WHERE `UE_accName` = 'a3@qq.com'  [ RunTime:0.0011s ]
SQL: SELECT * FROM `ot_user` WHERE `UE_account` = 'a4@qq.com' LIMIT 1   [ RunTime:0.0007s ]
SQL: SELECT `UE_account` FROM `ot_user` WHERE `UE_accName` = 'a4@qq.com'  [ RunTime:0.0018s ]
SQL: SELECT * FROM `ot_user` WHERE `UE_account` = 'vip1' LIMIT 1   [ RunTime:0.0004s ]
SQL: SELECT `UE_account` FROM `ot_user` WHERE `UE_accName` = 'vip1'  [ RunTime:0.0087s ]
SQL: SELECT * FROM `ot_user` WHERE `UE_account` = 'vip2' LIMIT 1   [ RunTime:0.0009s ]
SQL: SELECT `UE_account` FROM `ot_user` WHERE `UE_accName` = 'vip2'  [ RunTime:0.0002s ]
SQL: SELECT * FROM `ot_user` WHERE `UE_account` = 'vip3' LIMIT 1   [ RunTime:0.0008s ]
SQL: SELECT `UE_account` FROM `ot_user` WHERE `UE_accName` = 'vip3'  [ RunTime:0.0001s ]
SQL: SELECT * FROM `ot_user` WHERE `UE_account` = 'lj6978' LIMIT 1   [ RunTime:0.0006s ]
SQL: SELECT `UE_account` FROM `ot_user` WHERE `UE_accName` = 'lj6978'  [ RunTime:0.0001s ]
SQL: SELECT * FROM `ot_user` WHERE `UE_account` = 'vip@vip.com' LIMIT 1   [ RunTime:0.0063s ]
SQL: SELECT `UE_account` FROM `ot_user` WHERE `UE_accName` = 'vip@vip.com'  [ RunTime:0.0004s ]
SQL: SELECT * FROM `ot_user` WHERE `UE_account` = 'vip8@qq.com' LIMIT 1   [ RunTime:0.0004s ]
SQL: SELECT `UE_account` FROM `ot_user` WHERE `UE_accName` = 'vip8@qq.com'  [ RunTime:0.0001s ]
INFO: [ app_end ] --START--
INFO: Run Behavior\ShowPageTraceBehavior [ RunTime:0.001510s ]
INFO: [ app_end ] --END-- [ RunTime:0.001617s ]

[ 2016-03-04T09:48:55+08:00 ] 182.41.17.46 /admin.php/Home/Common/getTree
INFO: [ app_begin ] --START--
INFO: Run Behavior\ReadHtmlCacheBehavior [ RunTime:0.004663s ]
INFO: [ app_begin ] --END-- [ RunTime:0.006382s ]
SQL: SHOW COLUMNS FROM `ot_user` [ RunTime:0.0136s ]
SQL: SELECT * FROM `ot_user` WHERE `UE_account` = 'admin@qq.com' LIMIT 1   [ RunTime:0.0005s ]
SQL: SELECT `UE_account` FROM `ot_user` WHERE `UE_accName` = 'admin@qq.com'  [ RunTime:0.0001s ]
SQL: SELECT * FROM `ot_user` WHERE `UE_account` = 'a1@qq.com' LIMIT 1   [ RunTime:0.0003s ]
SQL: SELECT `UE_account` FROM `ot_user` WHERE `UE_accName` = 'a1@qq.com'  [ RunTime:0.0002s ]
SQL: SELECT * FROM `ot_user` WHERE `UE_account` = 'a2@qq.com' LIMIT 1   [ RunTime:0.0003s ]
SQL: SELECT `UE_account` FROM `ot_user` WHERE `UE_accName` = 'a2@qq.com'  [ RunTime:0.0008s ]
SQL: SELECT * FROM `ot_user` WHERE `UE_account` = 'a3@qq.com' LIMIT 1   [ RunTime:0.0005s ]
SQL: SELECT `UE_account` FROM `ot_user` WHERE `UE_accName` = 'a3@qq.com'  [ RunTime:0.0001s ]
SQL: SELECT * FROM `ot_user` WHERE `UE_account` = 'a4@qq.com' LIMIT 1   [ RunTime:0.0003s ]
SQL: SELECT `UE_account` FROM `ot_user` WHERE `UE_accName` = 'a4@qq.com'  [ RunTime:0.0061s ]
SQL: SELECT * FROM `ot_user` WHERE `UE_account` = 'vip1' LIMIT 1   [ RunTime:0.0004s ]
SQL: SELECT `UE_account` FROM `ot_user` WHERE `UE_accName` = 'vip1'  [ RunTime:0.0001s ]
SQL: SELECT * FROM `ot_user` WHERE `UE_account` = 'vip2' LIMIT 1   [ RunTime:0.0003s ]
SQL: SELECT `UE_account` FROM `ot_user` WHERE `UE_accName` = 'vip2'  [ RunTime:0.0001s ]
SQL: SELECT * FROM `ot_user` WHERE `UE_account` = 'vip3' LIMIT 1   [ RunTime:0.0003s ]
SQL: SELECT `UE_account` FROM `ot_user` WHERE `UE_accName` = 'vip3'  [ RunTime:0.0001s ]
SQL: SELECT * FROM `ot_user` WHERE `UE_account` = 'lj6978' LIMIT 1   [ RunTime:0.0003s ]
SQL: SELECT `UE_account` FROM `ot_user` WHERE `UE_accName` = 'lj6978'  [ RunTime:0.0001s ]
SQL: SELECT * FROM `ot_user` WHERE `UE_account` = 'vip@vip.com' LIMIT 1   [ RunTime:0.0044s ]
SQL: SELECT `UE_account` FROM `ot_user` WHERE `UE_accName` = 'vip@vip.com'  [ RunTime:0.0003s ]
SQL: SELECT * FROM `ot_user` WHERE `UE_account` = 'vip8@qq.com' LIMIT 1   [ RunTime:0.0003s ]
SQL: SELECT `UE_account` FROM `ot_user` WHERE `UE_accName` = 'vip8@qq.com'  [ RunTime:0.0002s ]
INFO: [ app_end ] --START--
INFO: Run Behavior\ShowPageTraceBehavior [ RunTime:0.007456s ]
INFO: [ app_end ] --END-- [ RunTime:0.007575s ]

[ 2016-03-04T09:49:45+08:00 ] 182.41.17.46 /admin.php/Home/Index/js/pie.htc
ERR: 非法操作:js

[ 2016-03-04T09:49:55+08:00 ] 182.41.17.46 /admin.php/Home/Common/getTree
INFO: [ app_begin ] --START--
INFO: Run Behavior\ReadHtmlCacheBehavior [ RunTime:0.009173s ]
INFO: [ app_begin ] --END-- [ RunTime:0.010081s ]
INFO: [ app_end ] --START--
INFO: Run Behavior\ShowPageTraceBehavior [ RunTime:0.005392s ]
INFO: [ app_end ] --END-- [ RunTime:0.005581s ]

[ 2016-03-04T09:51:15+08:00 ] 182.41.17.46 /admin.php/Home/Index/js/pie.htc
ERR: 非法操作:js

[ 2016-03-04T10:00:09+08:00 ] 182.33.35.252 /admin.php/Home/Common/getTree
INFO: [ app_begin ] --START--
INFO: Run Behavior\ReadHtmlCacheBehavior [ RunTime:0.000855s ]
INFO: [ app_begin ] --END-- [ RunTime:0.001547s ]
SQL: SHOW COLUMNS FROM `ot_user` [ RunTime:0.0202s ]
SQL: SELECT * FROM `ot_user` WHERE `UE_account` = 'admin@qq.com' LIMIT 1   [ RunTime:0.0052s ]
SQL: SELECT `UE_account` FROM `ot_user` WHERE `UE_accName` = 'admin@qq.com'  [ RunTime:0.0174s ]
SQL: SELECT * FROM `ot_user` WHERE `UE_account` = 'a1@qq.com' LIMIT 1   [ RunTime:0.0019s ]
SQL: SELECT `UE_account` FROM `ot_user` WHERE `UE_accName` = 'a1@qq.com'  [ RunTime:0.0020s ]
SQL: SELECT * FROM `ot_user` WHERE `UE_account` = 'a2@qq.com' LIMIT 1   [ RunTime:0.0003s ]
SQL: SELECT `UE_account` FROM `ot_user` WHERE `UE_accName` = 'a2@qq.com'  [ RunTime:0.0002s ]
SQL: SELECT * FROM `ot_user` WHERE `UE_account` = 'a3@qq.com' LIMIT 1   [ RunTime:0.0030s ]
SQL: SELECT `UE_account` FROM `ot_user` WHERE `UE_accName` = 'a3@qq.com'  [ RunTime:0.0012s ]
SQL: SELECT * FROM `ot_user` WHERE `UE_account` = 'a4@qq.com' LIMIT 1   [ RunTime:0.0102s ]
SQL: SELECT `UE_account` FROM `ot_user` WHERE `UE_accName` = 'a4@qq.com'  [ RunTime:0.0004s ]
SQL: SELECT * FROM `ot_user` WHERE `UE_account` = 'vip1' LIMIT 1   [ RunTime:0.0005s ]
SQL: SELECT `UE_account` FROM `ot_user` WHERE `UE_accName` = 'vip1'  [ RunTime:0.0083s ]
SQL: SELECT * FROM `ot_user` WHERE `UE_account` = 'vip2' LIMIT 1   [ RunTime:0.0013s ]
SQL: SELECT `UE_account` FROM `ot_user` WHERE `UE_accName` = 'vip2'  [ RunTime:0.0002s ]
SQL: SELECT * FROM `ot_user` WHERE `UE_account` = 'vip3' LIMIT 1   [ RunTime:0.0003s ]
SQL: SELECT `UE_account` FROM `ot_user` WHERE `UE_accName` = 'vip3'  [ RunTime:0.0002s ]
SQL: SELECT * FROM `ot_user` WHERE `UE_account` = 'lj6978' LIMIT 1   [ RunTime:0.0010s ]
SQL: SELECT `UE_account` FROM `ot_user` WHERE `UE_accName` = 'lj6978'  [ RunTime:0.0089s ]
SQL: SELECT * FROM `ot_user` WHERE `UE_account` = 'vip@vip.com' LIMIT 1   [ RunTime:0.0005s ]
SQL: SELECT `UE_account` FROM `ot_user` WHERE `UE_accName` = 'vip@vip.com'  [ RunTime:0.0010s ]
SQL: SELECT * FROM `ot_user` WHERE `UE_account` = 'vip8@qq.com' LIMIT 1   [ RunTime:0.0015s ]
SQL: SELECT `UE_account` FROM `ot_user` WHERE `UE_accName` = 'vip8@qq.com'  [ RunTime:0.0002s ]
INFO: [ app_end ] --START--
INFO: Run Behavior\ShowPageTraceBehavior [ RunTime:0.001658s ]
INFO: [ app_end ] --END-- [ RunTime:0.001820s ]

[ 2016-03-04T10:02:27+08:00 ] 182.33.35.252 /admin.php/Home/Common/getTree
INFO: [ app_begin ] --START--
INFO: Run Behavior\ReadHtmlCacheBehavior [ RunTime:0.005916s ]
INFO: [ app_begin ] --END-- [ RunTime:0.013817s ]
INFO: [ app_end ] --START--
INFO: Run Behavior\ShowPageTraceBehavior [ RunTime:0.004666s ]
INFO: [ app_end ] --END-- [ RunTime:0.005156s ]

[ 2016-03-04T10:02:29+08:00 ] 182.33.35.252 /admin.php/Home/Common/getTree
INFO: [ app_begin ] --START--
INFO: Run Behavior\ReadHtmlCacheBehavior [ RunTime:0.006555s ]
INFO: [ app_begin ] --END-- [ RunTime:0.007337s ]
INFO: [ app_end ] --START--
INFO: Run Behavior\ShowPageTraceBehavior [ RunTime:0.001497s ]
INFO: [ app_end ] --END-- [ RunTime:0.001614s ]

[ 2016-03-04T10:02:30+08:00 ] 182.33.35.252 /admin.php/Home/Common/getTree
INFO: [ app_begin ] --START--
INFO: Run Behavior\ReadHtmlCacheBehavior [ RunTime:0.003474s ]
INFO: [ app_begin ] --END-- [ RunTime:0.004574s ]
INFO: [ app_end ] --START--
INFO: Run Behavior\ShowPageTraceBehavior [ RunTime:0.001103s ]
INFO: [ app_end ] --END-- [ RunTime:0.001204s ]

[ 2016-03-04T10:02:33+08:00 ] 182.33.35.252 /admin.php/Home/Common/getTree
INFO: [ app_begin ] --START--
INFO: Run Behavior\ReadHtmlCacheBehavior [ RunTime:0.004641s ]
INFO: [ app_begin ] --END-- [ RunTime:0.009200s ]
INFO: [ app_end ] --START--
INFO: Run Behavior\ShowPageTraceBehavior [ RunTime:0.006710s ]
INFO: [ app_end ] --END-- [ RunTime:0.006851s ]

[ 2016-03-04T10:02:50+08:00 ] 182.33.35.252 /admin.php/Home/Common/getTree
INFO: [ app_begin ] --START--
INFO: Run Behavior\ReadHtmlCacheBehavior [ RunTime:0.022596s ]
INFO: [ app_begin ] --END-- [ RunTime:0.023360s ]
INFO: [ app_end ] --START--
INFO: Run Behavior\ShowPageTraceBehavior [ RunTime:0.003977s ]
INFO: [ app_end ] --END-- [ RunTime:0.005830s ]

[ 2016-03-04T10:02:52+08:00 ] 182.33.35.252 /admin.php/Home/Common/getTree
INFO: [ app_begin ] --START--
INFO: Run Behavior\ReadHtmlCacheBehavior [ RunTime:0.010835s ]
INFO: [ app_begin ] --END-- [ RunTime:0.014831s ]
INFO: [ app_end ] --START--
INFO: Run Behavior\ShowPageTraceBehavior [ RunTime:0.008518s ]
INFO: [ app_end ] --END-- [ RunTime:0.010486s ]

[ 2016-03-04T10:03:02+08:00 ] 182.33.35.252 /admin.php/Home/Common/getTree
INFO: [ app_begin ] --START--
INFO: Run Behavior\ReadHtmlCacheBehavior [ RunTime:0.000946s ]
INFO: [ app_begin ] --END-- [ RunTime:0.007311s ]
INFO: [ app_end ] --START--
INFO: Run Behavior\ShowPageTraceBehavior [ RunTime:0.001470s ]
INFO: [ app_end ] --END-- [ RunTime:0.001546s ]

[ 2016-03-04T10:34:49+08:00 ] 36.250.226.71 /admin.php
ERR: 非法操作:index

[ 2016-03-04T10:34:53+08:00 ] 122.226.160.160 /admin.php
ERR: 非法操作:index

[ 2016-03-04T11:25:40+08:00 ] 113.17.43.243 /admin.php/Home/Common/getTree
INFO: [ app_begin ] --START--
INFO: Run Behavior\ReadHtmlCacheBehavior [ RunTime:0.000952s ]
INFO: [ app_begin ] --END-- [ RunTime:0.001591s ]
INFO: [ app_end ] --START--
INFO: Run Behavior\ShowPageTraceBehavior [ RunTime:0.000969s ]
INFO: [ app_end ] --END-- [ RunTime:0.001100s ]

[ 2016-03-04T12:03:04+08:00 ] 113.17.43.243 /admin.php/Home/Common/getTree
INFO: [ app_begin ] --START--
INFO: Run Behavior\ReadHtmlCacheBehavior [ RunTime:0.001879s ]
INFO: [ app_begin ] --END-- [ RunTime:0.002907s ]
INFO: [ app_end ] --START--
INFO: Run Behavior\ShowPageTraceBehavior [ RunTime:0.001294s ]
INFO: [ app_end ] --END-- [ RunTime:0.001528s ]

[ 2016-03-04T12:03:22+08:00 ] 113.17.43.243 /admin.php/Home/Common/getTree
INFO: [ app_begin ] --START--
INFO: Run Behavior\ReadHtmlCacheBehavior [ RunTime:0.001021s ]
INFO: [ app_begin ] --END-- [ RunTime:0.002075s ]
INFO: [ app_end ] --START--
INFO: Run Behavior\ShowPageTraceBehavior [ RunTime:0.001046s ]
INFO: [ app_end ] --END-- [ RunTime:0.001153s ]

[ 2016-03-04T12:03:36+08:00 ] 113.17.43.243 /admin.php/Home/Common/getTree
INFO: [ app_begin ] --START--
INFO: Run Behavior\ReadHtmlCacheBehavior [ RunTime:0.000992s ]
INFO: [ app_begin ] --END-- [ RunTime:0.001740s ]
INFO: [ app_end ] --START--
INFO: Run Behavior\ShowPageTraceBehavior [ RunTime:0.001846s ]
INFO: [ app_end ] --END-- [ RunTime:0.001993s ]

[ 2016-03-04T13:27:20+08:00 ] 122.226.160.160 /admin.php/Home/Common/getTree
INFO: [ app_begin ] --START--
INFO: Run Behavior\ReadHtmlCacheBehavior [ RunTime:0.001116s ]
INFO: [ app_begin ] --END-- [ RunTime:0.002533s ]
INFO: [ app_end ] --START--
INFO: Run Behavior\ShowPageTraceBehavior [ RunTime:0.000883s ]
INFO: [ app_end ] --END-- [ RunTime:0.000976s ]

[ 2016-03-04T17:17:25+08:00 ] 119.129.209.222 /admin.php/Home/Common/getTree
INFO: [ app_begin ] --START--
INFO: Run Behavior\ReadHtmlCacheBehavior [ RunTime:0.010448s ]
INFO: [ app_begin ] --END-- [ RunTime:0.012647s ]
INFO: [ app_end ] --START--
INFO: Run Behavior\ShowPageTraceBehavior [ RunTime:0.003033s ]
INFO: [ app_end ] --END-- [ RunTime:0.003199s ]

[ 2016-03-04T17:17:36+08:00 ] 119.129.209.222 /admin.php/Home/Common/getTree
INFO: [ app_begin ] --START--
INFO: Run Behavior\ReadHtmlCacheBehavior [ RunTime:0.006886s ]
INFO: [ app_begin ] --END-- [ RunTime:0.007500s ]
INFO: [ app_end ] --START--
INFO: Run Behavior\ShowPageTraceBehavior [ RunTime:0.003411s ]
INFO: [ app_end ] --END-- [ RunTime:0.003524s ]

[ 2016-03-04T17:29:38+08:00 ] 119.129.209.222 /admin.php/Home/Common/getTree
INFO: [ app_begin ] --START--
INFO: Run Behavior\ReadHtmlCacheBehavior [ RunTime:0.002244s ]
INFO: [ app_begin ] --END-- [ RunTime:0.009031s ]
INFO: [ app_end ] --START--
INFO: Run Behavior\ShowPageTraceBehavior [ RunTime:0.003064s ]
INFO: [ app_end ] --END-- [ RunTime:0.003302s ]

[ 2016-03-04T17:38:32+08:00 ] 119.129.209.222 /admin.php
ERR: 非法操作:index

[ 2016-03-04T17:38:47+08:00 ] 119.129.209.222 /admin.php/
ERR: 非法操作:index

[ 2016-03-04T17:39:12+08:00 ] 119.129.209.222 /admin.php
ERR: 非法操作:index

[ 2016-03-04T17:40:42+08:00 ] 119.129.209.222 /admin.php/Home/Common/getTree
INFO: [ app_begin ] --START--
INFO: Run Behavior\ReadHtmlCacheBehavior [ RunTime:0.001030s ]
INFO: [ app_begin ] --END-- [ RunTime:0.001956s ]
INFO: [ app_end ] --START--
INFO: Run Behavior\ShowPageTraceBehavior [ RunTime:0.003058s ]
INFO: [ app_end ] --END-- [ RunTime:0.003208s ]

[ 2016-03-04T17:42:42+08:00 ] 119.129.209.222 /admin.php/Home/Common/getTree
INFO: [ app_begin ] --START--
INFO: Run Behavior\ReadHtmlCacheBehavior [ RunTime:0.000872s ]
INFO: [ app_begin ] --END-- [ RunTime:0.001535s ]
INFO: [ app_end ] --START--
INFO: Run Behavior\ShowPageTraceBehavior [ RunTime:0.001082s ]
INFO: [ app_end ] --END-- [ RunTime:0.001231s ]

[ 2016-03-04T17:44:40+08:00 ] 119.129.209.222 /admin.php/Home/Common/getTree
INFO: [ app_begin ] --START--
INFO: Run Behavior\ReadHtmlCacheBehavior [ RunTime:0.001226s ]
INFO: [ app_begin ] --END-- [ RunTime:0.003356s ]
INFO: [ app_end ] --START--
INFO: Run Behavior\ShowPageTraceBehavior [ RunTime:0.001085s ]
INFO: [ app_end ] --END-- [ RunTime:0.001301s ]

[ 2016-03-04T18:43:46+08:00 ] 60.52.118.157 /admin.php/Home/Common/getTree
INFO: [ app_begin ] --START--
INFO: Run Behavior\ReadHtmlCacheBehavior [ RunTime:0.000949s ]
INFO: [ app_begin ] --END-- [ RunTime:0.001624s ]
SQL: SHOW COLUMNS FROM `ot_user` [ RunTime:0.0219s ]
SQL: SELECT * FROM `ot_user` WHERE `UE_account` = 'admin@qq.com' LIMIT 1   [ RunTime:0.0023s ]
SQL: SELECT `UE_account` FROM `ot_user` WHERE `UE_accName` = 'admin@qq.com'  [ RunTime:0.0319s ]
SQL: SELECT * FROM `ot_user` WHERE `UE_account` = 'a1@qq.com' LIMIT 1   [ RunTime:0.0065s ]
SQL: SELECT `UE_account` FROM `ot_user` WHERE `UE_accName` = 'a1@qq.com'  [ RunTime:0.0028s ]
SQL: SELECT * FROM `ot_user` WHERE `UE_account` = 'a2@qq.com' LIMIT 1   [ RunTime:0.0014s ]
SQL: SELECT `UE_account` FROM `ot_user` WHERE `UE_accName` = 'a2@qq.com'  [ RunTime:0.0030s ]
SQL: SELECT * FROM `ot_user` WHERE `UE_account` = 'a3@qq.com' LIMIT 1   [ RunTime:0.0079s ]
SQL: SELECT `UE_account` FROM `ot_user` WHERE `UE_accName` = 'a3@qq.com'  [ RunTime:0.0037s ]
SQL: SELECT * FROM `ot_user` WHERE `UE_account` = 'a4@qq.com' LIMIT 1   [ RunTime:0.0035s ]
SQL: SELECT `UE_account` FROM `ot_user` WHERE `UE_accName` = 'a4@qq.com'  [ RunTime:0.0023s ]
SQL: SELECT * FROM `ot_user` WHERE `UE_account` = 'vip1' LIMIT 1   [ RunTime:0.0018s ]
SQL: SELECT `UE_account` FROM `ot_user` WHERE `UE_accName` = 'vip1'  [ RunTime:0.0021s ]
SQL: SELECT * FROM `ot_user` WHERE `UE_account` = 'vip2' LIMIT 1   [ RunTime:0.0037s ]
SQL: SELECT `UE_account` FROM `ot_user` WHERE `UE_accName` = 'vip2'  [ RunTime:0.0056s ]
SQL: SELECT * FROM `ot_user` WHERE `UE_account` = 'vip3' LIMIT 1   [ RunTime:0.0026s ]
SQL: SELECT `UE_account` FROM `ot_user` WHERE `UE_accName` = 'vip3'  [ RunTime:0.0078s ]
SQL: SELECT * FROM `ot_user` WHERE `UE_account` = 'lj6978' LIMIT 1   [ RunTime:0.0028s ]
SQL: SELECT `UE_account` FROM `ot_user` WHERE `UE_accName` = 'lj6978'  [ RunTime:0.0004s ]
SQL: SELECT * FROM `ot_user` WHERE `UE_account` = 'vip@vip.com' LIMIT 1   [ RunTime:0.0038s ]
SQL: SELECT `UE_account` FROM `ot_user` WHERE `UE_accName` = 'vip@vip.com'  [ RunTime:0.0031s ]
SQL: SELECT * FROM `ot_user` WHERE `UE_account` = 'vip8@qq.com' LIMIT 1   [ RunTime:0.0063s ]
SQL: SELECT `UE_account` FROM `ot_user` WHERE `UE_accName` = 'vip8@qq.com'  [ RunTime:0.0042s ]
INFO: [ app_end ] --START--
INFO: Run Behavior\ShowPageTraceBehavior [ RunTime:0.000996s ]
INFO: [ app_end ] --END-- [ RunTime:0.001111s ]

[ 2016-03-04T18:43:52+08:00 ] 60.52.118.157 /admin.php/Home/Common/getTree
INFO: [ app_begin ] --START--
INFO: Run Behavior\ReadHtmlCacheBehavior [ RunTime:0.006961s ]
INFO: [ app_begin ] --END-- [ RunTime:0.010520s ]
INFO: [ app_end ] --START--
INFO: Run Behavior\ShowPageTraceBehavior [ RunTime:0.018838s ]
INFO: [ app_end ] --END-- [ RunTime:0.020976s ]

[ 2016-03-04T18:43:54+08:00 ] 60.52.118.157 /admin.php/Home/Common/getTree
INFO: [ app_begin ] --START--
INFO: Run Behavior\ReadHtmlCacheBehavior [ RunTime:0.001054s ]
INFO: [ app_begin ] --END-- [ RunTime:0.002548s ]
INFO: [ app_end ] --START--
INFO: Run Behavior\ShowPageTraceBehavior [ RunTime:0.000916s ]
INFO: [ app_end ] --END-- [ RunTime:0.001055s ]

[ 2016-03-04T18:43:56+08:00 ] 60.52.118.157 /admin.php/Home/Common/getTree
INFO: [ app_begin ] --START--
INFO: Run Behavior\ReadHtmlCacheBehavior [ RunTime:0.001587s ]
INFO: [ app_begin ] --END-- [ RunTime:0.006922s ]
INFO: [ app_end ] --START--
INFO: Run Behavior\ShowPageTraceBehavior [ RunTime:0.003636s ]
INFO: [ app_end ] --END-- [ RunTime:0.003785s ]

[ 2016-03-04T18:59:25+08:00 ] 119.129.209.222 /admin.php/Home/Common/getTree
INFO: [ app_begin ] --START--
INFO: Run Behavior\ReadHtmlCacheBehavior [ RunTime:0.003865s ]
INFO: [ app_begin ] --END-- [ RunTime:0.006974s ]
INFO: [ app_end ] --START--
INFO: Run Behavior\ShowPageTraceBehavior [ RunTime:0.002171s ]
INFO: [ app_end ] --END-- [ RunTime:0.002364s ]

[ 2016-03-04T18:59:34+08:00 ] 119.129.209.222 /admin.php/Home/Common/getTree
INFO: [ app_begin ] --START--
INFO: Run Behavior\ReadHtmlCacheBehavior [ RunTime:0.004303s ]
INFO: [ app_begin ] --END-- [ RunTime:0.005262s ]
INFO: [ app_end ] --START--
INFO: Run Behavior\ShowPageTraceBehavior [ RunTime:0.009732s ]
INFO: [ app_end ] --END-- [ RunTime:0.010059s ]

