[ 2016-03-14T10:35:14+08:00 ] 61.160.224.138 /admin.php/Home/Common/getTree
INFO: [ app_begin ] --START--
INFO: Run Behavior\ReadHtmlCacheBehavior [ RunTime:0.000254s ]
INFO: [ app_begin ] --END-- [ RunTime:0.000445s ]
SQL: SHOW COLUMNS FROM `ot_user` [ RunTime:0.0009s ]
SQL: SELECT * FROM `ot_user` WHERE `UE_account` = 'admin@qq.com' LIMIT 1   [ RunTime:0.0002s ]
SQL: SELECT `UE_account` FROM `ot_user` WHERE `UE_accName` = 'admin@qq.com'  [ RunTime:0.0001s ]
SQL: SELECT * FROM `ot_user` WHERE `UE_account` = 'a1@qq.com' LIMIT 1   [ RunTime:0.0001s ]
SQL: SELECT `UE_account` FROM `ot_user` WHERE `UE_accName` = 'a1@qq.com'  [ RunTime:0.0001s ]
SQL: SELECT * FROM `ot_user` WHERE `UE_account` = 'a2@qq.com' LIMIT 1   [ RunTime:0.0001s ]
SQL: SELECT `UE_account` FROM `ot_user` WHERE `UE_accName` = 'a2@qq.com'  [ RunTime:0.0001s ]
SQL: SELECT * FROM `ot_user` WHERE `UE_account` = 'admin22@163.com' LIMIT 1   [ RunTime:0.0001s ]
SQL: SELECT `UE_account` FROM `ot_user` WHERE `UE_accName` = 'admin22@163.com'  [ RunTime:0.0001s ]
SQL: SELECT * FROM `ot_user` WHERE `UE_account` = 'a3@qq.com' LIMIT 1   [ RunTime:0.0001s ]
SQL: SELECT `UE_account` FROM `ot_user` WHERE `UE_accName` = 'a3@qq.com'  [ RunTime:0.0001s ]
SQL: SELECT * FROM `ot_user` WHERE `UE_account` = 'a4@qq.com' LIMIT 1   [ RunTime:0.0001s ]
SQL: SELECT `UE_account` FROM `ot_user` WHERE `UE_accName` = 'a4@qq.com'  [ RunTime:0.0001s ]
SQL: SELECT * FROM `ot_user` WHERE `UE_account` = 'admin11' LIMIT 1   [ RunTime:0.0002s ]
SQL: SELECT `UE_account` FROM `ot_user` WHERE `UE_accName` = 'admin11'  [ RunTime:0.0001s ]
SQL: SELECT * FROM `ot_user` WHERE `UE_account` = 'admin22' LIMIT 1   [ RunTime:0.0001s ]
SQL: SELECT `UE_account` FROM `ot_user` WHERE `UE_accName` = 'admin22'  [ RunTime:0.0001s ]
SQL: SELECT * FROM `ot_user` WHERE `UE_account` = 'admin332' LIMIT 1   [ RunTime:0.0001s ]
SQL: SELECT `UE_account` FROM `ot_user` WHERE `UE_accName` = 'admin332'  [ RunTime:0.0001s ]
SQL: SELECT * FROM `ot_user` WHERE `UE_account` = 'adminss' LIMIT 1   [ RunTime:0.0001s ]
SQL: SELECT `UE_account` FROM `ot_user` WHERE `UE_accName` = 'adminss'  [ RunTime:0.0001s ]
INFO: [ app_end ] --START--
INFO: Run Behavior\ShowPageTraceBehavior [ RunTime:0.000327s ]
INFO: [ app_end ] --END-- [ RunTime:0.000364s ]

[ 2016-03-14T10:35:18+08:00 ] 61.160.224.138 /admin.php/Home/Common/getTree
INFO: [ app_begin ] --START--
INFO: Run Behavior\ReadHtmlCacheBehavior [ RunTime:0.000245s ]
INFO: [ app_begin ] --END-- [ RunTime:0.000433s ]
SQL: SHOW COLUMNS FROM `ot_user` [ RunTime:0.0009s ]
SQL: SELECT * FROM `ot_user` WHERE `UE_account` = 'admin@qq.com' LIMIT 1   [ RunTime:0.0002s ]
SQL: SELECT `UE_account` FROM `ot_user` WHERE `UE_accName` = 'admin@qq.com'  [ RunTime:0.0001s ]
SQL: SELECT * FROM `ot_user` WHERE `UE_account` = 'a1@qq.com' LIMIT 1   [ RunTime:0.0001s ]
SQL: SELECT `UE_account` FROM `ot_user` WHERE `UE_accName` = 'a1@qq.com'  [ RunTime:0.0001s ]
SQL: SELECT * FROM `ot_user` WHERE `UE_account` = 'a2@qq.com' LIMIT 1   [ RunTime:0.0001s ]
SQL: SELECT `UE_account` FROM `ot_user` WHERE `UE_accName` = 'a2@qq.com'  [ RunTime:0.0001s ]
SQL: SELECT * FROM `ot_user` WHERE `UE_account` = 'admin22@163.com' LIMIT 1   [ RunTime:0.0001s ]
SQL: SELECT `UE_account` FROM `ot_user` WHERE `UE_accName` = 'admin22@163.com'  [ RunTime:0.0001s ]
SQL: SELECT * FROM `ot_user` WHERE `UE_account` = 'a3@qq.com' LIMIT 1   [ RunTime:0.0001s ]
SQL: SELECT `UE_account` FROM `ot_user` WHERE `UE_accName` = 'a3@qq.com'  [ RunTime:0.0001s ]
SQL: SELECT * FROM `ot_user` WHERE `UE_account` = 'a4@qq.com' LIMIT 1   [ RunTime:0.0001s ]
SQL: SELECT `UE_account` FROM `ot_user` WHERE `UE_accName` = 'a4@qq.com'  [ RunTime:0.0001s ]
SQL: SELECT * FROM `ot_user` WHERE `UE_account` = 'admin11' LIMIT 1   [ RunTime:0.0001s ]
SQL: SELECT `UE_account` FROM `ot_user` WHERE `UE_accName` = 'admin11'  [ RunTime:0.0001s ]
SQL: SELECT * FROM `ot_user` WHERE `UE_account` = 'admin22' LIMIT 1   [ RunTime:0.0001s ]
SQL: SELECT `UE_account` FROM `ot_user` WHERE `UE_accName` = 'admin22'  [ RunTime:0.0001s ]
SQL: SELECT * FROM `ot_user` WHERE `UE_account` = 'admin332' LIMIT 1   [ RunTime:0.0002s ]
SQL: SELECT `UE_account` FROM `ot_user` WHERE `UE_accName` = 'admin332'  [ RunTime:0.0001s ]
SQL: SELECT * FROM `ot_user` WHERE `UE_account` = 'adminss' LIMIT 1   [ RunTime:0.0001s ]
SQL: SELECT `UE_account` FROM `ot_user` WHERE `UE_accName` = 'adminss'  [ RunTime:0.0001s ]
INFO: [ app_end ] --START--
INFO: Run Behavior\ShowPageTraceBehavior [ RunTime:0.000287s ]
INFO: [ app_end ] --END-- [ RunTime:0.000323s ]

