[ 2016-03-02T20:45:07+08:00 ] ::1 /admin.php/Home/Common/getTree
INFO: [ app_begin ] --START--
INFO: Run Behavior\ReadHtmlCacheBehavior [ RunTime:0.001000s ]
INFO: [ app_begin ] --END-- [ RunTime:0.001000s ]
INFO: [ app_end ] --START--
INFO: Run Behavior\ShowPageTraceBehavior [ RunTime:0.001000s ]
INFO: [ app_end ] --END-- [ RunTime:0.001000s ]

[ 2016-03-02T20:45:24+08:00 ] ::1 /admin.php/Home/Common/getTree
INFO: [ app_begin ] --START--
INFO: Run Behavior\ReadHtmlCacheBehavior [ RunTime:0.001000s ]
INFO: [ app_begin ] --END-- [ RunTime:0.001000s ]
INFO: [ app_end ] --START--
INFO: Run Behavior\ShowPageTraceBehavior [ RunTime:0.000000s ]
INFO: [ app_end ] --END-- [ RunTime:0.000000s ]

[ 2016-03-02T20:46:38+08:00 ] ::1 /admin.php/Home/Common/getTree
INFO: [ app_begin ] --START--
INFO: Run Behavior\ReadHtmlCacheBehavior [ RunTime:0.000000s ]
INFO: [ app_begin ] --END-- [ RunTime:0.001000s ]
INFO: [ app_end ] --START--
INFO: Run Behavior\ShowPageTraceBehavior [ RunTime:0.001000s ]
INFO: [ app_end ] --END-- [ RunTime:0.001000s ]

[ 2016-03-02T20:47:04+08:00 ] ::1 /admin.php/Home/Common/getTree
INFO: [ app_begin ] --START--
INFO: Run Behavior\ReadHtmlCacheBehavior [ RunTime:0.000000s ]
INFO: [ app_begin ] --END-- [ RunTime:0.001000s ]
INFO: [ app_end ] --START--
INFO: Run Behavior\ShowPageTraceBehavior [ RunTime:0.001000s ]
INFO: [ app_end ] --END-- [ RunTime:0.001000s ]

[ 2016-03-02T20:48:18+08:00 ] ::1 /admin.php/Home/Common/getTree
INFO: [ app_begin ] --START--
INFO: Run Behavior\ReadHtmlCacheBehavior [ RunTime:0.000000s ]
INFO: [ app_begin ] --END-- [ RunTime:0.001000s ]
INFO: [ app_end ] --START--
INFO: Run Behavior\ShowPageTraceBehavior [ RunTime:0.000000s ]
INFO: [ app_end ] --END-- [ RunTime:0.000000s ]

[ 2016-03-02T23:31:54+08:00 ] ::1 /admin.php/Home/Common/getTree
INFO: [ app_begin ] --START--
INFO: Run Behavior\ReadHtmlCacheBehavior [ RunTime:0.001000s ]
INFO: [ app_begin ] --END-- [ RunTime:0.002000s ]
INFO: [ app_end ] --START--
INFO: Run Behavior\ShowPageTraceBehavior [ RunTime:0.001000s ]
INFO: [ app_end ] --END-- [ RunTime:0.001000s ]

[ 2016-03-02T23:32:05+08:00 ] ::1 /admin.php/Home/Common/getTree
INFO: [ app_begin ] --START--
INFO: Run Behavior\ReadHtmlCacheBehavior [ RunTime:0.001000s ]
INFO: [ app_begin ] --END-- [ RunTime:0.001000s ]
INFO: [ app_end ] --START--
INFO: Run Behavior\ShowPageTraceBehavior [ RunTime:0.000000s ]
INFO: [ app_end ] --END-- [ RunTime:0.001000s ]

[ 2016-03-02T14:44:44+08:00 ] 119.129.209.201 /admin.php/Home/Common/getTree
INFO: [ app_begin ] --START--
INFO: Run Behavior\ReadHtmlCacheBehavior [ RunTime:0.006977s ]
INFO: [ app_begin ] --END-- [ RunTime:0.007884s ]
INFO: [ app_end ] --START--
INFO: Run Behavior\ShowPageTraceBehavior [ RunTime:0.001050s ]
INFO: [ app_end ] --END-- [ RunTime:0.001194s ]

[ 2016-03-02T14:44:45+08:00 ] 119.129.209.201 /admin.php/Home/Common/getTree
INFO: [ app_begin ] --START--
INFO: Run Behavior\ReadHtmlCacheBehavior [ RunTime:0.007020s ]
INFO: [ app_begin ] --END-- [ RunTime:0.007766s ]
INFO: [ app_end ] --START--
INFO: Run Behavior\ShowPageTraceBehavior [ RunTime:0.001101s ]
INFO: [ app_end ] --END-- [ RunTime:0.001229s ]

[ 2016-03-02T16:06:32+08:00 ] 14.120.162.202 /admin.php/Home/Common/getTree
INFO: [ app_begin ] --START--
INFO: Run Behavior\ReadHtmlCacheBehavior [ RunTime:0.001985s ]
INFO: [ app_begin ] --END-- [ RunTime:0.003246s ]
SQL: SHOW COLUMNS FROM `ot_user` [ RunTime:0.0125s ]
SQL: SELECT * FROM `ot_user` WHERE `UE_account` = 'admin@qq.com' LIMIT 1   [ RunTime:0.0055s ]
SQL: SELECT `UE_account` FROM `ot_user` WHERE `UE_accName` = 'admin@qq.com'  [ RunTime:0.0046s ]
NOTIC: [8] Undefined index: user_jb /www/web/qijingong/public_html/snadmin/Home/Controller/CommonController.class.php 第 112 行.
SQL: SELECT * FROM `ot_user` WHERE `UE_account` = 'a1@qq.com' LIMIT 1   [ RunTime:0.0042s ]
SQL: SELECT `UE_account` FROM `ot_user` WHERE `UE_accName` = 'a1@qq.com'  [ RunTime:0.0009s ]
SQL: SELECT * FROM `ot_user` WHERE `UE_account` = 'a2@qq.com' LIMIT 1   [ RunTime:0.0009s ]
SQL: SELECT `UE_account` FROM `ot_user` WHERE `UE_accName` = 'a2@qq.com'  [ RunTime:0.0013s ]
SQL: SELECT * FROM `ot_user` WHERE `UE_account` = 'a3@qq.com' LIMIT 1   [ RunTime:0.0018s ]
SQL: SELECT `UE_account` FROM `ot_user` WHERE `UE_accName` = 'a3@qq.com'  [ RunTime:0.0073s ]
SQL: SELECT * FROM `ot_user` WHERE `UE_account` = 'a4@qq.com' LIMIT 1   [ RunTime:0.0038s ]
SQL: SELECT `UE_account` FROM `ot_user` WHERE `UE_accName` = 'a4@qq.com'  [ RunTime:0.0018s ]
SQL: SELECT * FROM `ot_user` WHERE `UE_account` = 'vip1' LIMIT 1   [ RunTime:0.0014s ]
SQL: SELECT `UE_account` FROM `ot_user` WHERE `UE_accName` = 'vip1'  [ RunTime:0.0003s ]
SQL: SELECT * FROM `ot_user` WHERE `UE_account` = 'vip2' LIMIT 1   [ RunTime:0.0091s ]
SQL: SELECT `UE_account` FROM `ot_user` WHERE `UE_accName` = 'vip2'  [ RunTime:0.0035s ]
SQL: SELECT * FROM `ot_user` WHERE `UE_account` = 'vip3' LIMIT 1   [ RunTime:0.0034s ]
SQL: SELECT `UE_account` FROM `ot_user` WHERE `UE_accName` = 'vip3'  [ RunTime:0.0021s ]
SQL: SELECT * FROM `ot_user` WHERE `UE_account` = 'lp8011' LIMIT 1   [ RunTime:0.0010s ]
SQL: SELECT `UE_account` FROM `ot_user` WHERE `UE_accName` = 'lp8011'  [ RunTime:0.0015s ]
SQL: SELECT * FROM `ot_user` WHERE `UE_account` = 'lj6978' LIMIT 1   [ RunTime:0.0028s ]
SQL: SELECT `UE_account` FROM `ot_user` WHERE `UE_accName` = 'lj6978'  [ RunTime:0.0037s ]
INFO: [ app_end ] --START--
INFO: Run Behavior\ShowPageTraceBehavior [ RunTime:0.002205s ]
INFO: [ app_end ] --END-- [ RunTime:0.002304s ]

[ 2016-03-02T16:22:24+08:00 ] 14.120.162.202 /admin.php/Home/Common/getTree
INFO: [ app_begin ] --START--
INFO: Run Behavior\ReadHtmlCacheBehavior [ RunTime:0.006453s ]
INFO: [ app_begin ] --END-- [ RunTime:0.007126s ]
SQL: SHOW COLUMNS FROM `ot_user` [ RunTime:0.0159s ]
SQL: SELECT * FROM `ot_user` WHERE `UE_account` = 'admin@qq.com' LIMIT 1   [ RunTime:0.0019s ]
SQL: SELECT `UE_account` FROM `ot_user` WHERE `UE_accName` = 'admin@qq.com'  [ RunTime:0.0094s ]
SQL: SELECT * FROM `ot_user` WHERE `UE_account` = 'a1@qq.com' LIMIT 1   [ RunTime:0.0012s ]
SQL: SELECT `UE_account` FROM `ot_user` WHERE `UE_accName` = 'a1@qq.com'  [ RunTime:0.0010s ]
SQL: SELECT * FROM `ot_user` WHERE `UE_account` = 'a2@qq.com' LIMIT 1   [ RunTime:0.0004s ]
SQL: SELECT `UE_account` FROM `ot_user` WHERE `UE_accName` = 'a2@qq.com'  [ RunTime:0.0002s ]
SQL: SELECT * FROM `ot_user` WHERE `UE_account` = 'a3@qq.com' LIMIT 1   [ RunTime:0.0003s ]
SQL: SELECT `UE_account` FROM `ot_user` WHERE `UE_accName` = 'a3@qq.com'  [ RunTime:0.0001s ]
SQL: SELECT * FROM `ot_user` WHERE `UE_account` = 'a4@qq.com' LIMIT 1   [ RunTime:0.0004s ]
SQL: SELECT `UE_account` FROM `ot_user` WHERE `UE_accName` = 'a4@qq.com'  [ RunTime:0.0001s ]
SQL: SELECT * FROM `ot_user` WHERE `UE_account` = 'vip1' LIMIT 1   [ RunTime:0.0014s ]
SQL: SELECT `UE_account` FROM `ot_user` WHERE `UE_accName` = 'vip1'  [ RunTime:0.0001s ]
SQL: SELECT * FROM `ot_user` WHERE `UE_account` = 'vip2' LIMIT 1   [ RunTime:0.0022s ]
SQL: SELECT `UE_account` FROM `ot_user` WHERE `UE_accName` = 'vip2'  [ RunTime:0.0003s ]
SQL: SELECT * FROM `ot_user` WHERE `UE_account` = 'vip3' LIMIT 1   [ RunTime:0.0011s ]
SQL: SELECT `UE_account` FROM `ot_user` WHERE `UE_accName` = 'vip3'  [ RunTime:0.0001s ]
SQL: SELECT * FROM `ot_user` WHERE `UE_account` = 'lp8011' LIMIT 1   [ RunTime:0.0003s ]
SQL: SELECT `UE_account` FROM `ot_user` WHERE `UE_accName` = 'lp8011'  [ RunTime:0.0002s ]
SQL: SELECT * FROM `ot_user` WHERE `UE_account` = 'lj6978' LIMIT 1   [ RunTime:0.0069s ]
SQL: SELECT `UE_account` FROM `ot_user` WHERE `UE_accName` = 'lj6978'  [ RunTime:0.0001s ]
INFO: [ app_end ] --START--
INFO: Run Behavior\ShowPageTraceBehavior [ RunTime:0.001610s ]
INFO: [ app_end ] --END-- [ RunTime:0.001869s ]

[ 2016-03-02T16:32:17+08:00 ] 14.120.162.202 /admin.php/Home/Common/getTree
INFO: [ app_begin ] --START--
INFO: Run Behavior\ReadHtmlCacheBehavior [ RunTime:0.005561s ]
INFO: [ app_begin ] --END-- [ RunTime:0.006875s ]
INFO: [ app_end ] --START--
INFO: Run Behavior\ShowPageTraceBehavior [ RunTime:0.000895s ]
INFO: [ app_end ] --END-- [ RunTime:0.000984s ]

[ 2016-03-02T16:32:28+08:00 ] 14.120.162.202 /admin.php/Home/Common/getTree
INFO: [ app_begin ] --START--
INFO: Run Behavior\ReadHtmlCacheBehavior [ RunTime:0.000836s ]
INFO: [ app_begin ] --END-- [ RunTime:0.001511s ]
INFO: [ app_end ] --START--
INFO: Run Behavior\ShowPageTraceBehavior [ RunTime:0.001284s ]
INFO: [ app_end ] --END-- [ RunTime:0.001424s ]

[ 2016-03-02T17:23:51+08:00 ] 14.120.162.202 /admin.php
ERR: 非法操作:index

[ 2016-03-02T18:55:12+08:00 ] 175.43.242.1 /admin.php/Home/Common/getTree
INFO: [ app_begin ] --START--
INFO: Run Behavior\ReadHtmlCacheBehavior [ RunTime:0.007227s ]
INFO: [ app_begin ] --END-- [ RunTime:0.008000s ]
INFO: [ app_end ] --START--
INFO: Run Behavior\ShowPageTraceBehavior [ RunTime:0.008045s ]
INFO: [ app_end ] --END-- [ RunTime:0.008186s ]

[ 2016-03-02T20:07:55+08:00 ] 175.43.242.1 /admin.php
ERR: 非法操作:index

[ 2016-03-02T20:07:58+08:00 ] 175.43.242.1 /admin.php
ERR: 非法操作:index

[ 2016-03-02T20:09:21+08:00 ] 175.43.242.1 /admin.php
ERR: 非法操作:index

[ 2016-03-02T20:09:23+08:00 ] 175.43.242.1 /admin.php
ERR: 非法操作:index

[ 2016-03-02T20:16:10+08:00 ] 175.43.242.1 /admin.php
ERR: 非法操作:index

[ 2016-03-02T20:22:03+08:00 ] 175.43.242.1 /admin.php
ERR: 非法操作:index

